/usr/local/miniconda3/envs/py312/lib/python3.12/site-packages/torch/optim/lr_scheduler.py:1343: UserWarning: Converting a tensor with requires_grad=True to a scalar may lead to unexpected behavior.
Consider using tensor.detach() first. (Triggered internally at /pytorch/torch/csrc/autograd/generated/python_variable_methods.cpp:836.)
  current = float(metrics)

--- Training on Task 1 (Timesteps: 0 to 0) ---
🔧 Task 1 动态权重: 110.96 -> 截断为: 20.00
   -> Focal Loss Alpha: 0.9524
📉 Snapshot 节点数: 189571 (仅当前任务)

--- [CL Evaluation] Evaluating on all seen tasks (0 to 0) ---
*** CL Metrics @ Task 1 [WARM-UP, 仅供参考] ***
  [Binary]  F1: 0.0000 | Precision: 0.0000 | Recall: 0.0000
  [Macro]   Macro-F1: 0.4980 | Macro-Recall: 0.5000
  [Ranking] AUC-ROC: 0.5000 | AUC-PR: 0.0081
  [Balance] G-Mean: 0.0000 | Specificity: 1.0000 | MCC: 0.0000

--- Training on Task 2 (Timesteps: 1 to 1) ---
🔧 Task 2 动态权重: 21.43 -> 截断为: 10.00
   -> Focal Loss Alpha: 0.9091
📉 Snapshot 节点数: 160370 (仅当前任务)
   [EWC] Updating Fisher Matrix...

--- [CL Evaluation] Evaluating on all seen tasks (0 to 1) ---
*** CL Metrics @ Task 2 ***
  [Binary]  F1: 0.1219 | Precision: 0.0732 | Recall: 0.4583
  [Macro]   Macro-F1: 0.5058 | Macro-Recall: 0.6352
  [Ranking] AUC-ROC: 0.6383 | AUC-PR: 0.0556
  [Balance] G-Mean: 0.6022 | Specificity: 0.8120 | MCC: 0.1197

--- Training on Task 3 (Timesteps: 2 to 2) ---
🔧 Task 3 动态权重: 12.37 -> 截断为: 10.00
   -> Focal Loss Alpha: 0.9091
📉 Snapshot 节点数: 100261 (仅当前任务)
   [EWC] Updating Fisher Matrix...

--- [CL Evaluation] Evaluating on all seen tasks (0 to 2) ---
*** CL Metrics @ Task 3 ***
  [Binary]  F1: 0.2119 | Precision: 0.1418 | Recall: 0.5248
  [Macro]   Macro-F1: 0.5530 | Macro-Recall: 0.6744
  [Ranking] AUC-ROC: 0.6803 | AUC-PR: 0.1102
  [Balance] G-Mean: 0.6504 | Specificity: 0.8240 | MCC: 0.1969

--- Training on Task 4 (Timesteps: 3 to 3) ---
🔧 Task 4 动态权重: 7.97 -> 截断为: 7.97
   -> Focal Loss Alpha: 0.8885
📉 Snapshot 节点数: 96398 (仅当前任务)
   [EWC] Updating Fisher Matrix...

--- [CL Evaluation] Evaluating on all seen tasks (0 to 3) ---
*** CL Metrics @ Task 4 ***
  [Binary]  F1: 0.2506 | Precision: 0.1709 | Recall: 0.5519
  [Macro]   Macro-F1: 0.5664 | Macro-Recall: 0.6809
  [Ranking] AUC-ROC: 0.6864 | AUC-PR: 0.1350
  [Balance] G-Mean: 0.6621 | Specificity: 0.8099 | MCC: 0.2186

--- Training on Task 5 (Timesteps: 4 to 4) ---
🔧 Task 5 动态权重: 6.70 -> 截断为: 6.70
   -> Focal Loss Alpha: 0.8702
📉 Snapshot 节点数: 148489 (仅当前任务)
   [EWC] Updating Fisher Matrix...

--- [CL Evaluation] Evaluating on all seen tasks (0 to 4) ---
*** CL Metrics @ Task 5 ***
  [Binary]  F1: 0.2833 | Precision: 0.1996 | Recall: 0.5632
  [Macro]   Macro-F1: 0.5804 | Macro-Recall: 0.6852
  [Ranking] AUC-ROC: 0.6898 | AUC-PR: 0.1573
  [Balance] G-Mean: 0.6689 | Specificity: 0.8073 | MCC: 0.2378

--- Training on Task 6 (Timesteps: 5 to 5) ---
🔧 Task 6 动态权重: 3.81 -> 截断为: 3.81
   -> Focal Loss Alpha: 0.7919
📉 Snapshot 节点数: 72045 (仅当前任务)
   [EWC] Updating Fisher Matrix...

--- [CL Evaluation] Evaluating on all seen tasks (0 to 5) ---
*** CL Metrics @ Task 6 ***
  [Binary]  F1: 0.3167 | Precision: 0.2337 | Recall: 0.5695
  [Macro]   Macro-F1: 0.5919 | Macro-Recall: 0.6847
  [Ranking] AUC-ROC: 0.6884 | AUC-PR: 0.1861
  [Balance] G-Mean: 0.6703 | Specificity: 0.7999 | MCC: 0.2515

--- Training on Task 7 (Timesteps: 6 to 6) ---
🔧 Task 7 动态权重: 6.63 -> 截断为: 6.63
   -> Focal Loss Alpha: 0.8690
📉 Snapshot 节点数: 106824 (仅当前任务)
   [EWC] Updating Fisher Matrix...

--- [CL Evaluation] Evaluating on all seen tasks (0 to 6) ---
*** CL Metrics @ Task 7 ***
  [Binary]  F1: 0.3285 | Precision: 0.2418 | Recall: 0.5794
  [Macro]   Macro-F1: 0.5957 | Macro-Recall: 0.6869
  [Ranking] AUC-ROC: 0.6900 | AUC-PR: 0.1933
  [Balance] G-Mean: 0.6742 | Specificity: 0.7943 | MCC: 0.2582

--- Training on Task 8 (Timesteps: 7 to 7) ---
🔧 Task 8 动态权重: 9.60 -> 截断为: 9.60
   -> Focal Loss Alpha: 0.9057
📉 Snapshot 节点数: 138779 (仅当前任务)
   [EWC] Updating Fisher Matrix...

--- [CL Evaluation] Evaluating on all seen tasks (0 to 7) ---
*** CL Metrics @ Task 8 ***
  [Binary]  F1: 0.3202 | Precision: 0.2332 | Recall: 0.5747
  [Macro]   Macro-F1: 0.5889 | Macro-Recall: 0.6804
  [Ranking] AUC-ROC: 0.6825 | AUC-PR: 0.1863
  [Balance] G-Mean: 0.6685 | Specificity: 0.7862 | MCC: 0.2476

--- Training on Task 9 (Timesteps: 8 to 8) ---
🔧 Task 9 动态权重: 22.55 -> 截断为: 10.00
   -> Focal Loss Alpha: 0.9091
📉 Snapshot 节点数: 166309 (仅当前任务)
   [EWC] Updating Fisher Matrix...

--- [CL Evaluation] Evaluating on all seen tasks (0 to 8) ---
*** CL Metrics @ Task 9 ***
  [Binary]  F1: 0.3025 | Precision: 0.2176 | Recall: 0.5769
  [Macro]   Macro-F1: 0.5788 | Macro-Recall: 0.6784
  [Ranking] AUC-ROC: 0.6801 | AUC-PR: 0.1739
  [Balance] G-Mean: 0.6673 | Specificity: 0.7798 | MCC: 0.2366

--- Training on Task 10 (Timesteps: 9 to 9) ---
🔧 Task 10 动态权重: 12.37 -> 截断为: 10.00
   -> Focal Loss Alpha: 0.9091
📉 Snapshot 节点数: 89214 (仅当前任务)
   [EWC] Updating Fisher Matrix...

--- [CL Evaluation] Evaluating on all seen tasks (0 to 9) ---
*** CL Metrics @ Task 10 ***
  [Binary]  F1: 0.2832 | Precision: 0.2037 | Recall: 0.5373
  [Macro]   Macro-F1: 0.5701 | Macro-Recall: 0.6610
  [Ranking] AUC-ROC: 0.6609 | AUC-PR: 0.1641
  [Balance] G-Mean: 0.6392 | Specificity: 0.7847 | MCC: 0.2135
All tasks trained.
Total time: 90.54s
