/usr/local/miniconda3/envs/py312/lib/python3.12/site-packages/torch/optim/lr_scheduler.py:1343: UserWarning: Converting a tensor with requires_grad=True to a scalar may lead to unexpected behavior.
Consider using tensor.detach() first. (Triggered internally at /pytorch/torch/csrc/autograd/generated/python_variable_methods.cpp:836.)
  current = float(metrics)

--- Training on Task 1 (Timesteps: 0 to 0) ---
🔧 Task 1 动态权重: 110.96 -> 截断为: 20.00
   -> Focal Loss Alpha: 0.9524
📉 Snapshot 节点数: 189571 (仅当前任务)

--- [CL Evaluation] Evaluating on all seen tasks (0 to 0) ---
*** CL Metrics @ Task 1 [WARM-UP, 仅供参考] ***
  [Binary]  F1: 0.0000 | Precision: 0.0000 | Recall: 0.0000
  [Macro]   Macro-F1: 0.4976 | Macro-Recall: 0.4993
  [Ranking] AUC-ROC: 0.4991 | AUC-PR: 0.0081
  [Balance] G-Mean: 0.0000 | Specificity: 0.9985 | MCC: -0.0034

--- Training on Task 2 (Timesteps: 1 to 1) ---
🔧 Task 2 动态权重: 21.43 -> 截断为: 10.00
   -> Focal Loss Alpha: 0.9091
📉 Snapshot 节点数: 160370 (仅当前任务)

--- [CL Evaluation] Evaluating on all seen tasks (0 to 1) ---
*** CL Metrics @ Task 2 ***
  [Binary]  F1: 0.0118 | Precision: 0.0806 | Recall: 0.0064
  [Macro]   Macro-F1: 0.4982 | Macro-Recall: 0.5020
  [Ranking] AUC-ROC: 0.5025 | AUC-PR: 0.0293
  [Balance] G-Mean: 0.0564 | Specificity: 0.9976 | MCC: 0.0146

--- Training on Task 3 (Timesteps: 2 to 2) ---
🔧 Task 3 动态权重: 12.37 -> 截断为: 10.00
   -> Focal Loss Alpha: 0.9091
📉 Snapshot 节点数: 100261 (仅当前任务)

--- [CL Evaluation] Evaluating on all seen tasks (0 to 2) ---
*** CL Metrics @ Task 3 ***
  [Binary]  F1: 0.0152 | Precision: 0.2621 | Recall: 0.0080
  [Macro]   Macro-F1: 0.4953 | Macro-Recall: 0.5031
  [Ranking] AUC-ROC: 0.5034 | AUC-PR: 0.0488
  [Balance] G-Mean: 0.0728 | Specificity: 0.9982 | MCC: 0.0349

--- Training on Task 4 (Timesteps: 3 to 3) ---
🔧 Task 4 动态权重: 7.97 -> 截断为: 7.97
   -> Focal Loss Alpha: 0.8885
📉 Snapshot 节点数: 96398 (仅当前任务)

--- [CL Evaluation] Evaluating on all seen tasks (0 to 3) ---
*** CL Metrics @ Task 4 ***
  [Binary]  F1: 0.0147 | Precision: 0.2591 | Recall: 0.0077
  [Macro]   Macro-F1: 0.4905 | Macro-Recall: 0.5028
  [Ranking] AUC-ROC: 0.5031 | AUC-PR: 0.0652
  [Balance] G-Mean: 0.0750 | Specificity: 0.9980 | MCC: 0.0321

--- Training on Task 5 (Timesteps: 4 to 4) ---
🔧 Task 5 动态权重: 6.70 -> 截断为: 6.70
   -> Focal Loss Alpha: 0.8702
📉 Snapshot 节点数: 148489 (仅当前任务)

--- [CL Evaluation] Evaluating on all seen tasks (0 to 4) ---
*** CL Metrics @ Task 5 ***
  [Binary]  F1: 0.0129 | Precision: 0.2573 | Recall: 0.0067
  [Macro]   Macro-F1: 0.4858 | Macro-Recall: 0.5024
  [Ranking] AUC-ROC: 0.5033 | AUC-PR: 0.0792
  [Balance] G-Mean: 0.0708 | Specificity: 0.9981 | MCC: 0.0284

--- Training on Task 6 (Timesteps: 5 to 5) ---
🔧 Task 6 动态权重: 3.81 -> 截断为: 3.81
   -> Focal Loss Alpha: 0.7919
📉 Snapshot 节点数: 72045 (仅当前任务)

--- [CL Evaluation] Evaluating on all seen tasks (0 to 5) ---
*** CL Metrics @ Task 6 ***
  [Binary]  F1: 0.0126 | Precision: 0.3021 | Recall: 0.0066
  [Macro]   Macro-F1: 0.4793 | Macro-Recall: 0.5024
  [Ranking] AUC-ROC: 0.5066 | AUC-PR: 0.1039
  [Balance] G-Mean: 0.0705 | Specificity: 0.9983 | MCC: 0.0295

--- Training on Task 7 (Timesteps: 6 to 6) ---
🔧 Task 7 动态权重: 6.63 -> 截断为: 6.63
   -> Focal Loss Alpha: 0.8690
📉 Snapshot 节点数: 106824 (仅当前任务)

--- [CL Evaluation] Evaluating on all seen tasks (0 to 6) ---
*** CL Metrics @ Task 7 ***
  [Binary]  F1: 0.0157 | Precision: 0.3665 | Recall: 0.0081
  [Macro]   Macro-F1: 0.4796 | Macro-Recall: 0.5032
  [Ranking] AUC-ROC: 0.5086 | AUC-PR: 0.1114
  [Balance] G-Mean: 0.0797 | Specificity: 0.9983 | MCC: 0.0395

--- Training on Task 8 (Timesteps: 7 to 7) ---
🔧 Task 8 动态权重: 9.60 -> 截断为: 9.60
   -> Focal Loss Alpha: 0.9057
📉 Snapshot 节点数: 138779 (仅当前任务)

--- [CL Evaluation] Evaluating on all seen tasks (0 to 7) ---
*** CL Metrics @ Task 8 ***
  [Binary]  F1: 0.0152 | Precision: 0.3522 | Recall: 0.0079
  [Macro]   Macro-F1: 0.4798 | Macro-Recall: 0.5031
  [Ranking] AUC-ROC: 0.5080 | AUC-PR: 0.1097
  [Balance] G-Mean: 0.0792 | Specificity: 0.9983 | MCC: 0.0382

--- Training on Task 9 (Timesteps: 8 to 8) ---
🔧 Task 9 动态权重: 22.55 -> 截断为: 10.00
   -> Focal Loss Alpha: 0.9091
📉 Snapshot 节点数: 166309 (仅当前任务)

--- [CL Evaluation] Evaluating on all seen tasks (0 to 8) ---
*** CL Metrics @ Task 9 ***
  [Binary]  F1: 0.0163 | Precision: 0.3286 | Recall: 0.0085
  [Macro]   Macro-F1: 0.4820 | Macro-Recall: 0.5033
  [Ranking] AUC-ROC: 0.5085 | AUC-PR: 0.1030
  [Balance] G-Mean: 0.0833 | Specificity: 0.9981 | MCC: 0.0373

--- Training on Task 10 (Timesteps: 9 to 9) ---
🔧 Task 10 动态权重: 12.37 -> 截断为: 10.00
   -> Focal Loss Alpha: 0.9091
📉 Snapshot 节点数: 89214 (仅当前任务)

--- [CL Evaluation] Evaluating on all seen tasks (0 to 9) ---
*** CL Metrics @ Task 10 ***
  [Binary]  F1: 0.0146 | Precision: 0.2888 | Recall: 0.0076
  [Macro]   Macro-F1: 0.4818 | Macro-Recall: 0.5029
  [Ranking] AUC-ROC: 0.5075 | AUC-PR: 0.1002
  [Balance] G-Mean: 0.0750 | Specificity: 0.9981 | MCC: 0.0319
All tasks trained.
Total time: 339.46s
