/usr/local/miniconda3/envs/py312/lib/python3.12/site-packages/torch/optim/lr_scheduler.py:1343: UserWarning: Converting a tensor with requires_grad=True to a scalar may lead to unexpected behavior.
Consider using tensor.detach() first. (Triggered internally at /pytorch/torch/csrc/autograd/generated/python_variable_methods.cpp:836.)
  current = float(metrics)

--- Training on Task 1 (Timesteps: 0 to 0) ---
🔧 Task 1 动态权重: 110.96 -> 截断为: 20.00
   -> Focal Loss Alpha: 0.9524
📉 Snapshot 节点数: 189571 (仅当前任务)

--- [CL Evaluation] Evaluating on all seen tasks (0 to 0) ---
*** CL Metrics @ Task 1 [WARM-UP, 仅供参考] ***
  [Binary]  F1: 0.0000 | Precision: 0.0000 | Recall: 0.0000
  [Macro]   Macro-F1: 0.4980 | Macro-Recall: 0.5000
  [Ranking] AUC-ROC: 0.5859 | AUC-PR: 0.0095
  [Balance] G-Mean: 0.0000 | Specificity: 1.0000 | MCC: 0.0000

--- Training on Task 2 (Timesteps: 1 to 1) ---
🔧 Task 2 动态权重: 21.43 -> 截断为: 10.00
   -> Focal Loss Alpha: 0.9091
📉 Snapshot 节点数: 160370 (仅当前任务)
   [EWC] Updating Fisher Matrix...
   [SPC] Task 2 子空间原型已更新 | 欺诈: 1436, 正常: 30774

--- [CL Evaluation] Evaluating on all seen tasks (0 to 1) ---
*** CL Metrics @ Task 2 ***
  [Binary]  F1: 0.1428 | Precision: 0.0906 | Recall: 0.4297
  [Macro]   Macro-F1: 0.5289 | Macro-Recall: 0.6425
  [Ranking] AUC-ROC: 0.6370 | AUC-PR: 0.0928
  [Balance] G-Mean: 0.5993 | Specificity: 0.8553 | MCC: 0.1396

--- Training on Task 3 (Timesteps: 2 to 2) ---
🔧 Task 3 动态权重: 12.37 -> 截断为: 10.00
   -> Focal Loss Alpha: 0.9091
📉 Snapshot 节点数: 100261 (仅当前任务)
   [EWC] Updating Fisher Matrix...
   [SPC] Task 3 子空间原型已更新 | 欺诈: 1642, 正常: 20312

--- [CL Evaluation] Evaluating on all seen tasks (0 to 2) ---
*** CL Metrics @ Task 3 ***
  [Binary]  F1: 0.2461 | Precision: 0.1764 | Recall: 0.5020
  [Macro]   Macro-F1: 0.5826 | Macro-Recall: 0.6847
  [Ranking] AUC-ROC: 0.7025 | AUC-PR: 0.1639
  [Balance] G-Mean: 0.6527 | Specificity: 0.8675 | MCC: 0.2301

--- Training on Task 4 (Timesteps: 3 to 3) ---
🔧 Task 4 动态权重: 7.97 -> 截断为: 7.97
   -> Focal Loss Alpha: 0.8885
📉 Snapshot 节点数: 96398 (仅当前任务)
   [EWC] Updating Fisher Matrix...
   [SPC] Task 4 子空间原型已更新 | 欺诈: 1760, 正常: 14031

--- [CL Evaluation] Evaluating on all seen tasks (0 to 3) ---
*** CL Metrics @ Task 4 ***
  [Binary]  F1: 0.2886 | Precision: 0.2114 | Recall: 0.5286
  [Macro]   Macro-F1: 0.5995 | Macro-Recall: 0.6936
  [Ranking] AUC-ROC: 0.7162 | AUC-PR: 0.1941
  [Balance] G-Mean: 0.6674 | Specificity: 0.8586 | MCC: 0.2571

--- Training on Task 5 (Timesteps: 4 to 4) ---
🔧 Task 5 动态权重: 6.70 -> 截断为: 6.70
   -> Focal Loss Alpha: 0.8702
📉 Snapshot 节点数: 148489 (仅当前任务)
   [EWC] Updating Fisher Matrix...
   [SPC] Task 5 子空间原型已更新 | 欺诈: 5421, 正常: 36346

--- [CL Evaluation] Evaluating on all seen tasks (0 to 4) ---
*** CL Metrics @ Task 5 ***
  [Binary]  F1: 0.3294 | Precision: 0.2536 | Recall: 0.5411
  [Macro]   Macro-F1: 0.6193 | Macro-Recall: 0.7016
  [Ranking] AUC-ROC: 0.7161 | AUC-PR: 0.2392
  [Balance] G-Mean: 0.6779 | Specificity: 0.8622 | MCC: 0.2872

--- Training on Task 6 (Timesteps: 5 to 5) ---
🔧 Task 6 动态权重: 3.81 -> 截断为: 3.81
   -> Focal Loss Alpha: 0.7919
📉 Snapshot 节点数: 72045 (仅当前任务)
   [EWC] Updating Fisher Matrix...
   [SPC] Task 6 子空间原型已更新 | 欺诈: 2319, 正常: 8825

--- [CL Evaluation] Evaluating on all seen tasks (0 to 5) ---
*** CL Metrics @ Task 6 ***
  [Binary]  F1: 0.3644 | Precision: 0.2954 | Recall: 0.5474
  [Macro]   Macro-F1: 0.6330 | Macro-Recall: 0.7036
  [Ranking] AUC-ROC: 0.7178 | AUC-PR: 0.2673
  [Balance] G-Mean: 0.6816 | Specificity: 0.8597 | MCC: 0.3071

--- Training on Task 7 (Timesteps: 6 to 6) ---
🔧 Task 7 动态权重: 6.63 -> 截断为: 6.63
   -> Focal Loss Alpha: 0.8690
📉 Snapshot 节点数: 106824 (仅当前任务)
   [EWC] Updating Fisher Matrix...
   [SPC] Task 7 子空间原型已更新 | 欺诈: 3553, 正常: 23563

--- [CL Evaluation] Evaluating on all seen tasks (0 to 6) ---
*** CL Metrics @ Task 7 ***
  [Binary]  F1: 0.3759 | Precision: 0.3028 | Recall: 0.5577
  [Macro]   Macro-F1: 0.6368 | Macro-Recall: 0.7060
  [Ranking] AUC-ROC: 0.7215 | AUC-PR: 0.2758
  [Balance] G-Mean: 0.6862 | Specificity: 0.8543 | MCC: 0.3135

--- Training on Task 8 (Timesteps: 7 to 7) ---
🔧 Task 8 动态权重: 9.60 -> 截断为: 9.60
   -> Focal Loss Alpha: 0.9057
📉 Snapshot 节点数: 138779 (仅当前任务)
   [EWC] Updating Fisher Matrix...
   [SPC] Task 8 子空间原型已更新 | 欺诈: 2811, 正常: 26989

--- [CL Evaluation] Evaluating on all seen tasks (0 to 7) ---
*** CL Metrics @ Task 8 ***
  [Binary]  F1: 0.3657 | Precision: 0.2904 | Recall: 0.5544
  [Macro]   Macro-F1: 0.6291 | Macro-Recall: 0.6999
  [Ranking] AUC-ROC: 0.7138 | AUC-PR: 0.2627
  [Balance] G-Mean: 0.6811 | Specificity: 0.8455 | MCC: 0.3011

--- Training on Task 9 (Timesteps: 8 to 8) ---
🔧 Task 9 动态权重: 22.55 -> 截断为: 10.00
   -> Focal Loss Alpha: 0.9091
📉 Snapshot 节点数: 166309 (仅当前任务)
   [EWC] Updating Fisher Matrix...
   [SPC] Task 9 子空间原型已更新 | 欺诈: 1674, 正常: 37750

--- [CL Evaluation] Evaluating on all seen tasks (0 to 8) ---
*** CL Metrics @ Task 9 ***
  [Binary]  F1: 0.3441 | Precision: 0.2694 | Recall: 0.5554
  [Macro]   Macro-F1: 0.6163 | Macro-Recall: 0.6959
  [Ranking] AUC-ROC: 0.7104 | AUC-PR: 0.2426
  [Balance] G-Mean: 0.6783 | Specificity: 0.8365 | MCC: 0.2850

--- Training on Task 10 (Timesteps: 9 to 9) ---
🔧 Task 10 动态权重: 12.37 -> 截断为: 10.00
   -> Focal Loss Alpha: 0.9091
📉 Snapshot 节点数: 89214 (仅当前任务)
   [EWC] Updating Fisher Matrix...
   [SPC] Task 10 子空间原型已更新 | 欺诈: 1682, 正常: 20798

--- [CL Evaluation] Evaluating on all seen tasks (0 to 9) ---
*** CL Metrics @ Task 10 ***
  [Binary]  F1: 0.3230 | Precision: 0.2530 | Recall: 0.5179
  [Macro]   Macro-F1: 0.6064 | Macro-Recall: 0.6791
  [Ranking] AUC-ROC: 0.6787 | AUC-PR: 0.2259
  [Balance] G-Mean: 0.6502 | Specificity: 0.8404 | MCC: 0.2609
All tasks trained.
Total time: 137.18s
