/usr/local/miniconda3/envs/py312/lib/python3.12/site-packages/torch/optim/lr_scheduler.py:1343: UserWarning: Converting a tensor with requires_grad=True to a scalar may lead to unexpected behavior.
Consider using tensor.detach() first. (Triggered internally at /pytorch/torch/csrc/autograd/generated/python_variable_methods.cpp:836.)
  current = float(metrics)

--- Training on Task 1 (Timesteps: 0 to 0) ---
🔧 Task 1 动态权重: 110.96 -> 截断为: 20.00
   -> Focal Loss Alpha: 0.9524
📉 Snapshot 节点数: 189571 (仅当前任务)

--- [CL Evaluation] Evaluating on all seen tasks (0 to 0) ---
*** CL Metrics @ Task 1 [WARM-UP, 仅供参考] ***
  [Binary]  F1: 0.0000 | Precision: 0.0000 | Recall: 0.0000
  [Macro]   Macro-F1: 0.4980 | Macro-Recall: 0.5000
  [Ranking] AUC-ROC: 0.6914 | AUC-PR: 0.0157
  [Balance] G-Mean: 0.0000 | Specificity: 1.0000 | MCC: 0.0000

--- Training on Task 2 (Timesteps: 1 to 1) ---
🔧 Task 2 动态权重: 21.43 -> 截断为: 10.00
   -> Focal Loss Alpha: 0.9091
📉 Snapshot 节点数: 160370 (仅当前任务)
   [EWC] Updating Fisher Matrix...

--- [CL Evaluation] Evaluating on all seen tasks (0 to 1) ---
*** CL Metrics @ Task 2 ***
  [Binary]  F1: 0.1388 | Precision: 0.0870 | Recall: 0.4336
  [Macro]   Macro-F1: 0.5249 | Macro-Recall: 0.6409
  [Ranking] AUC-ROC: 0.6534 | AUC-PR: 0.0879
  [Balance] G-Mean: 0.5991 | Specificity: 0.8482 | MCC: 0.1357

--- Training on Task 3 (Timesteps: 2 to 2) ---
🔧 Task 3 动态权重: 12.37 -> 截断为: 10.00
   -> Focal Loss Alpha: 0.9091
📉 Snapshot 节点数: 100261 (仅当前任务)
   [EWC] Updating Fisher Matrix...

--- [CL Evaluation] Evaluating on all seen tasks (0 to 2) ---
*** CL Metrics @ Task 3 ***
  [Binary]  F1: 0.2405 | Precision: 0.1707 | Recall: 0.5046
  [Macro]   Macro-F1: 0.5780 | Macro-Recall: 0.6828
  [Ranking] AUC-ROC: 0.7169 | AUC-PR: 0.1596
  [Balance] G-Mean: 0.6518 | Specificity: 0.8611 | MCC: 0.2246

--- Training on Task 4 (Timesteps: 3 to 3) ---
🔧 Task 4 动态权重: 7.97 -> 截断为: 7.97
   -> Focal Loss Alpha: 0.8885
📉 Snapshot 节点数: 96398 (仅当前任务)
   [EWC] Updating Fisher Matrix...

--- [CL Evaluation] Evaluating on all seen tasks (0 to 3) ---
*** CL Metrics @ Task 4 ***
  [Binary]  F1: 0.2821 | Precision: 0.2043 | Recall: 0.5311
  [Macro]   Macro-F1: 0.5942 | Macro-Recall: 0.6913
  [Ranking] AUC-ROC: 0.7295 | AUC-PR: 0.1897
  [Balance] G-Mean: 0.6660 | Specificity: 0.8514 | MCC: 0.2504

--- Training on Task 5 (Timesteps: 4 to 4) ---
🔧 Task 5 动态权重: 6.70 -> 截断为: 6.70
   -> Focal Loss Alpha: 0.8702
📉 Snapshot 节点数: 148489 (仅当前任务)
   [EWC] Updating Fisher Matrix...

--- [CL Evaluation] Evaluating on all seen tasks (0 to 4) ---
*** CL Metrics @ Task 5 ***
  [Binary]  F1: 0.3233 | Precision: 0.2461 | Recall: 0.5442
  [Macro]   Macro-F1: 0.6143 | Macro-Recall: 0.6997
  [Ranking] AUC-ROC: 0.7374 | AUC-PR: 0.2348
  [Balance] G-Mean: 0.6770 | Specificity: 0.8552 | MCC: 0.2808

--- Training on Task 6 (Timesteps: 5 to 5) ---
🔧 Task 6 动态权重: 3.81 -> 截断为: 3.81
   -> Focal Loss Alpha: 0.7919
📉 Snapshot 节点数: 72045 (仅当前任务)
   [EWC] Updating Fisher Matrix...

--- [CL Evaluation] Evaluating on all seen tasks (0 to 5) ---
*** CL Metrics @ Task 6 ***
  [Binary]  F1: 0.3577 | Precision: 0.2864 | Recall: 0.5500
  [Macro]   Macro-F1: 0.6276 | Macro-Recall: 0.7011
  [Ranking] AUC-ROC: 0.7380 | AUC-PR: 0.2633
  [Balance] G-Mean: 0.6802 | Specificity: 0.8522 | MCC: 0.2993

--- Training on Task 7 (Timesteps: 6 to 6) ---
🔧 Task 7 动态权重: 6.63 -> 截断为: 6.63
   -> Focal Loss Alpha: 0.8690
📉 Snapshot 节点数: 106824 (仅当前任务)
   [EWC] Updating Fisher Matrix...

--- [CL Evaluation] Evaluating on all seen tasks (0 to 6) ---
*** CL Metrics @ Task 7 ***
  [Binary]  F1: 0.3694 | Precision: 0.2941 | Recall: 0.5601
  [Macro]   Macro-F1: 0.6315 | Macro-Recall: 0.7035
  [Ranking] AUC-ROC: 0.7413 | AUC-PR: 0.2713
  [Balance] G-Mean: 0.6846 | Specificity: 0.8470 | MCC: 0.3060

--- Training on Task 8 (Timesteps: 7 to 7) ---
🔧 Task 8 动态权重: 9.60 -> 截断为: 9.60
   -> Focal Loss Alpha: 0.9057
📉 Snapshot 节点数: 138779 (仅当前任务)
   [EWC] Updating Fisher Matrix...

--- [CL Evaluation] Evaluating on all seen tasks (0 to 7) ---
*** CL Metrics @ Task 8 ***
  [Binary]  F1: 0.3598 | Precision: 0.2825 | Recall: 0.5565
  [Macro]   Macro-F1: 0.6242 | Macro-Recall: 0.6976
  [Ranking] AUC-ROC: 0.7336 | AUC-PR: 0.2593
  [Balance] G-Mean: 0.6796 | Specificity: 0.8387 | MCC: 0.2941

--- Training on Task 9 (Timesteps: 8 to 8) ---
🔧 Task 9 动态权重: 22.55 -> 截断为: 10.00
   -> Focal Loss Alpha: 0.9091
📉 Snapshot 节点数: 166309 (仅当前任务)
   [EWC] Updating Fisher Matrix...

--- [CL Evaluation] Evaluating on all seen tasks (0 to 8) ---
*** CL Metrics @ Task 9 ***
  [Binary]  F1: 0.3386 | Precision: 0.2622 | Recall: 0.5572
  [Macro]   Macro-F1: 0.6117 | Macro-Recall: 0.6937
  [Ranking] AUC-ROC: 0.7296 | AUC-PR: 0.2390
  [Balance] G-Mean: 0.6768 | Specificity: 0.8301 | MCC: 0.2786

--- Training on Task 10 (Timesteps: 9 to 9) ---
🔧 Task 10 动态权重: 12.37 -> 截断为: 10.00
   -> Focal Loss Alpha: 0.9091
📉 Snapshot 节点数: 89214 (仅当前任务)
   [EWC] Updating Fisher Matrix...

--- [CL Evaluation] Evaluating on all seen tasks (0 to 9) ---
*** CL Metrics @ Task 10 ***
  [Binary]  F1: 0.3177 | Precision: 0.2462 | Recall: 0.5195
  [Macro]   Macro-F1: 0.6020 | Macro-Recall: 0.6768
  [Ranking] AUC-ROC: 0.6972 | AUC-PR: 0.2224
  [Balance] G-Mean: 0.6487 | Specificity: 0.8342 | MCC: 0.2547
All tasks trained.
Total time: 137.00s
