/usr/local/miniconda3/envs/py312/lib/python3.12/site-packages/torch/optim/lr_scheduler.py:1343: UserWarning: Converting a tensor with requires_grad=True to a scalar may lead to unexpected behavior.
Consider using tensor.detach() first. (Triggered internally at /pytorch/torch/csrc/autograd/generated/python_variable_methods.cpp:836.)
  current = float(metrics)

--- Training on Task 1 (Timesteps: 0 to 0) ---
[INFO] Task 1 class weight: 110.96 -> clipped: 20.00
   -> Focal Loss Alpha: 0.9524
[INFO] Snapshot nodes: 189571 (current task only)

--- [CL Evaluation] Evaluating on all seen tasks (0 to 0) ---
*** CL Metrics @ Task 1 [WARM-UP, 仅供参考] ***
  [Binary]  F1: 0.0000 | Precision: 0.0000 | Recall: 0.0000
  [Macro]   Macro-F1: 0.4980 | Macro-Recall: 0.5000
  [Ranking] AUC-ROC: 0.4990 | AUC-PR: 0.0081
  [Balance] G-Mean: 0.0000 | Specificity: 1.0000 | MCC: 0.0000

--- Training on Task 2 (Timesteps: 1 to 1) ---
[INFO] Task 2 class weight: 21.43 -> clipped: 10.00
   -> Focal Loss Alpha: 0.9091
[INFO] Snapshot nodes: 160370 (current task only)
   [EWC] Updating Fisher Matrix...

--- [CL Evaluation] Evaluating on all seen tasks (0 to 1) ---
*** CL Metrics @ Task 2 ***
  [Binary]  F1: 0.0000 | Precision: 0.0000 | Recall: 0.0000
  [Macro]   Macro-F1: 0.4928 | Macro-Recall: 0.5000
  [Ranking] AUC-ROC: 0.6426 | AUC-PR: 0.0844
  [Balance] G-Mean: 0.0000 | Specificity: 1.0000 | MCC: 0.0000

--- Training on Task 3 (Timesteps: 2 to 2) ---
[INFO] Task 3 class weight: 12.37 -> clipped: 10.00
   -> Focal Loss Alpha: 0.9091
[INFO] Snapshot nodes: 100261 (current task only)
   [EWC] Updating Fisher Matrix...

--- [CL Evaluation] Evaluating on all seen tasks (0 to 2) ---
*** CL Metrics @ Task 3 ***
  [Binary]  F1: 0.2981 | Precision: 0.2367 | Recall: 0.4881
  [Macro]   Macro-F1: 0.6205 | Macro-Recall: 0.6993
  [Ranking] AUC-ROC: 0.7239 | AUC-PR: 0.1747
  [Balance] G-Mean: 0.6602 | Specificity: 0.9106 | MCC: 0.2815

--- Training on Task 4 (Timesteps: 3 to 3) ---
[INFO] Task 4 class weight: 7.97 -> clipped: 7.97
   -> Focal Loss Alpha: 0.8885
[INFO] Snapshot nodes: 96398 (current task only)
   [EWC] Updating Fisher Matrix...

--- [CL Evaluation] Evaluating on all seen tasks (0 to 3) ---
*** CL Metrics @ Task 4 ***
  [Binary]  F1: 0.3411 | Precision: 0.2751 | Recall: 0.5137
  [Macro]   Macro-F1: 0.6382 | Macro-Recall: 0.7086
  [Ranking] AUC-ROC: 0.7356 | AUC-PR: 0.2089
  [Balance] G-Mean: 0.6756 | Specificity: 0.9036 | MCC: 0.3106

--- Training on Task 5 (Timesteps: 4 to 4) ---
[INFO] Task 5 class weight: 6.70 -> clipped: 6.70
   -> Focal Loss Alpha: 0.8702
[INFO] Snapshot nodes: 148489 (current task only)
   [EWC] Updating Fisher Matrix...

--- [CL Evaluation] Evaluating on all seen tasks (0 to 4) ---
*** CL Metrics @ Task 5 ***
  [Binary]  F1: 0.3834 | Precision: 0.3279 | Recall: 0.5244
  [Macro]   Macro-F1: 0.6587 | Macro-Recall: 0.7162
  [Ranking] AUC-ROC: 0.7374 | AUC-PR: 0.2589
  [Balance] G-Mean: 0.6854 | Specificity: 0.9080 | MCC: 0.3449

--- Training on Task 6 (Timesteps: 5 to 5) ---
[INFO] Task 6 class weight: 3.81 -> clipped: 3.81
   -> Focal Loss Alpha: 0.7919
[INFO] Snapshot nodes: 72045 (current task only)
   [EWC] Updating Fisher Matrix...

--- [CL Evaluation] Evaluating on all seen tasks (0 to 5) ---
*** CL Metrics @ Task 6 ***
  [Binary]  F1: 0.4068 | Precision: 0.3682 | Recall: 0.5176
  [Macro]   Macro-F1: 0.6663 | Macro-Recall: 0.7123
  [Ranking] AUC-ROC: 0.7407 | AUC-PR: 0.3054
  [Balance] G-Mean: 0.6813 | Specificity: 0.9070 | MCC: 0.3559

--- Training on Task 7 (Timesteps: 6 to 6) ---
[INFO] Task 7 class weight: 6.63 -> clipped: 6.63
   -> Focal Loss Alpha: 0.8690
[INFO] Snapshot nodes: 106824 (current task only)
   [EWC] Updating Fisher Matrix...

--- [CL Evaluation] Evaluating on all seen tasks (0 to 6) ---
*** CL Metrics @ Task 7 ***
  [Binary]  F1: 0.4165 | Precision: 0.3739 | Recall: 0.5249
  [Macro]   Macro-F1: 0.6694 | Macro-Recall: 0.7136
  [Ranking] AUC-ROC: 0.7435 | AUC-PR: 0.3100
  [Balance] G-Mean: 0.6846 | Specificity: 0.9023 | MCC: 0.3603

--- Training on Task 8 (Timesteps: 7 to 7) ---
[INFO] Task 8 class weight: 9.60 -> clipped: 9.60
   -> Focal Loss Alpha: 0.9057
[INFO] Snapshot nodes: 138779 (current task only)
   [EWC] Updating Fisher Matrix...

--- [CL Evaluation] Evaluating on all seen tasks (0 to 7) ---
*** CL Metrics @ Task 8 ***
  [Binary]  F1: 0.4064 | Precision: 0.3587 | Recall: 0.5216
  [Macro]   Macro-F1: 0.6624 | Macro-Recall: 0.7084
  [Ranking] AUC-ROC: 0.7369 | AUC-PR: 0.3096
  [Balance] G-Mean: 0.6802 | Specificity: 0.8953 | MCC: 0.3476

--- Training on Task 9 (Timesteps: 8 to 8) ---
[INFO] Task 9 class weight: 22.55 -> clipped: 10.00
   -> Focal Loss Alpha: 0.9091
[INFO] Snapshot nodes: 166309 (current task only)
   [EWC] Updating Fisher Matrix...

--- [CL Evaluation] Evaluating on all seen tasks (0 to 8) ---
*** CL Metrics @ Task 9 ***
  [Binary]  F1: 0.3833 | Precision: 0.3325 | Recall: 0.5225
  [Macro]   Macro-F1: 0.6494 | Macro-Recall: 0.7048
  [Ranking] AUC-ROC: 0.7355 | AUC-PR: 0.2903
  [Balance] G-Mean: 0.6780 | Specificity: 0.8871 | MCC: 0.3294

--- Training on Task 10 (Timesteps: 9 to 9) ---
[INFO] Task 10 class weight: 12.37 -> clipped: 10.00
   -> Focal Loss Alpha: 0.9091
[INFO] Snapshot nodes: 89214 (current task only)
   [EWC] Updating Fisher Matrix...

--- [CL Evaluation] Evaluating on all seen tasks (0 to 9) ---
*** CL Metrics @ Task 10 ***
  [Binary]  F1: 0.3619 | Precision: 0.3158 | Recall: 0.4875
  [Macro]   Macro-F1: 0.6394 | Macro-Recall: 0.6894
  [Ranking] AUC-ROC: 0.7035 | AUC-PR: 0.2698
  [Balance] G-Mean: 0.6503 | Specificity: 0.8914 | MCC: 0.3065
All tasks trained.
Total time: 111.14s
