/usr/local/miniconda3/envs/py312/lib/python3.12/site-packages/torch/optim/lr_scheduler.py:1343: UserWarning: Converting a tensor with requires_grad=True to a scalar may lead to unexpected behavior.
Consider using tensor.detach() first. (Triggered internally at /pytorch/torch/csrc/autograd/generated/python_variable_methods.cpp:836.)
  current = float(metrics)

--- Training on Task 1 (Timesteps: 0 to 0) ---
🔧 Task 1 动态权重: 110.96 -> 截断为: 20.00
   -> Focal Loss Alpha: 0.9524
📉 Snapshot 节点数: 189571 (仅当前任务)

--- [CL Evaluation] Evaluating on all seen tasks (0 to 0) ---
*** CL Metrics @ Task 1 [WARM-UP, 仅供参考] ***
  [Binary]  F1: 0.0000 | Precision: 0.0000 | Recall: 0.0000
  [Macro]   Macro-F1: 0.4980 | Macro-Recall: 0.5000
  [Ranking] AUC-ROC: 0.5000 | AUC-PR: 0.0081
  [Balance] G-Mean: 0.0000 | Specificity: 1.0000 | MCC: 0.0000

--- Training on Task 2 (Timesteps: 1 to 1) ---
🔧 Task 2 动态权重: 21.43 -> 截断为: 10.00
   -> Focal Loss Alpha: 0.9091
📉 Snapshot 节点数: 160370 (仅当前任务)

--- [CL Evaluation] Evaluating on all seen tasks (0 to 1) ---
*** CL Metrics @ Task 2 ***
  [Binary]  F1: 0.1313 | Precision: 0.0808 | Recall: 0.4425
  [Macro]   Macro-F1: 0.5161 | Macro-Recall: 0.6366
  [Ranking] AUC-ROC: 0.6397 | AUC-PR: 0.0584
  [Balance] G-Mean: 0.5982 | Specificity: 0.8307 | MCC: 0.1281

--- Training on Task 3 (Timesteps: 2 to 2) ---
🔧 Task 3 动态权重: 12.37 -> 截断为: 10.00
   -> Focal Loss Alpha: 0.9091
📉 Snapshot 节点数: 100261 (仅当前任务)

--- [CL Evaluation] Evaluating on all seen tasks (0 to 2) ---
*** CL Metrics @ Task 3 ***
  [Binary]  F1: 0.2210 | Precision: 0.1497 | Recall: 0.5143
  [Macro]   Macro-F1: 0.5619 | Macro-Recall: 0.6764
  [Ranking] AUC-ROC: 0.6784 | AUC-PR: 0.1123
  [Balance] G-Mean: 0.6487 | Specificity: 0.8386 | MCC: 0.2055

--- Training on Task 4 (Timesteps: 3 to 3) ---
🔧 Task 4 动态权重: 7.97 -> 截断为: 7.97
   -> Focal Loss Alpha: 0.8885
📉 Snapshot 节点数: 96398 (仅当前任务)

--- [CL Evaluation] Evaluating on all seen tasks (0 to 3) ---
*** CL Metrics @ Task 4 ***
  [Binary]  F1: 0.2593 | Precision: 0.1788 | Recall: 0.5434
  [Macro]   Macro-F1: 0.5747 | Macro-Recall: 0.6834
  [Ranking] AUC-ROC: 0.6848 | AUC-PR: 0.1370
  [Balance] G-Mean: 0.6616 | Specificity: 0.8233 | MCC: 0.2271

--- Training on Task 5 (Timesteps: 4 to 4) ---
🔧 Task 5 动态权重: 6.70 -> 截断为: 6.70
   -> Focal Loss Alpha: 0.8702
📉 Snapshot 节点数: 148489 (仅当前任务)

--- [CL Evaluation] Evaluating on all seen tasks (0 to 4) ---
*** CL Metrics @ Task 5 ***
  [Binary]  F1: 0.2970 | Precision: 0.2143 | Recall: 0.5555
  [Macro]   Macro-F1: 0.5925 | Macro-Recall: 0.6904
  [Ranking] AUC-ROC: 0.6917 | AUC-PR: 0.1640
  [Balance] G-Mean: 0.6711 | Specificity: 0.8252 | MCC: 0.2527

--- Training on Task 6 (Timesteps: 5 to 5) ---
🔧 Task 6 动态权重: 3.81 -> 截断为: 3.81
   -> Focal Loss Alpha: 0.7919
📉 Snapshot 节点数: 72045 (仅当前任务)

--- [CL Evaluation] Evaluating on all seen tasks (0 to 5) ---
*** CL Metrics @ Task 6 ***
  [Binary]  F1: 0.3287 | Precision: 0.2468 | Recall: 0.5631
  [Macro]   Macro-F1: 0.6026 | Macro-Recall: 0.6894
  [Ranking] AUC-ROC: 0.6907 | AUC-PR: 0.1926
  [Balance] G-Mean: 0.6725 | Specificity: 0.8157 | MCC: 0.2648

--- Training on Task 7 (Timesteps: 6 to 6) ---
🔧 Task 7 动态权重: 6.63 -> 截断为: 6.63
   -> Focal Loss Alpha: 0.8690
📉 Snapshot 节点数: 106824 (仅当前任务)

--- [CL Evaluation] Evaluating on all seen tasks (0 to 6) ---
*** CL Metrics @ Task 7 ***
  [Binary]  F1: 0.3411 | Precision: 0.2557 | Recall: 0.5735
  [Macro]   Macro-F1: 0.6070 | Macro-Recall: 0.6922
  [Ranking] AUC-ROC: 0.6932 | AUC-PR: 0.2001
  [Balance] G-Mean: 0.6772 | Specificity: 0.8108 | MCC: 0.2724

--- Training on Task 8 (Timesteps: 7 to 7) ---
🔧 Task 8 动态权重: 9.60 -> 截断为: 9.60
   -> Focal Loss Alpha: 0.9057
📉 Snapshot 节点数: 138779 (仅当前任务)

--- [CL Evaluation] Evaluating on all seen tasks (0 to 7) ---
*** CL Metrics @ Task 8 ***
  [Binary]  F1: 0.3310 | Precision: 0.2452 | Recall: 0.5691
  [Macro]   Macro-F1: 0.5987 | Macro-Recall: 0.6849
  [Ranking] AUC-ROC: 0.6857 | AUC-PR: 0.1921
  [Balance] G-Mean: 0.6709 | Specificity: 0.8007 | MCC: 0.2598

--- Training on Task 9 (Timesteps: 8 to 8) ---
🔧 Task 9 动态权重: 22.55 -> 截断为: 10.00
   -> Focal Loss Alpha: 0.9091
📉 Snapshot 节点数: 166309 (仅当前任务)

--- [CL Evaluation] Evaluating on all seen tasks (0 to 8) ---
*** CL Metrics @ Task 9 ***
  [Binary]  F1: 0.3122 | Precision: 0.2284 | Recall: 0.5715
  [Macro]   Macro-F1: 0.5876 | Macro-Recall: 0.6823
  [Ranking] AUC-ROC: 0.6830 | AUC-PR: 0.1790
  [Balance] G-Mean: 0.6694 | Specificity: 0.7930 | MCC: 0.2474

--- Training on Task 10 (Timesteps: 9 to 9) ---
🔧 Task 10 动态权重: 12.37 -> 截断为: 10.00
   -> Focal Loss Alpha: 0.9091
📉 Snapshot 节点数: 89214 (仅当前任务)

--- [CL Evaluation] Evaluating on all seen tasks (0 to 9) ---
*** CL Metrics @ Task 10 ***
  [Binary]  F1: 0.2917 | Precision: 0.2131 | Recall: 0.5324
  [Macro]   Macro-F1: 0.5777 | Macro-Recall: 0.6641
  [Ranking] AUC-ROC: 0.6646 | AUC-PR: 0.1686
  [Balance] G-Mean: 0.6409 | Specificity: 0.7959 | MCC: 0.2228
All tasks trained.
Total time: 97.99s
