/usr/local/miniconda3/envs/py312/lib/python3.12/site-packages/torch/optim/lr_scheduler.py:1343: UserWarning: Converting a tensor with requires_grad=True to a scalar may lead to unexpected behavior.
Consider using tensor.detach() first. (Triggered internally at /pytorch/torch/csrc/autograd/generated/python_variable_methods.cpp:836.)
  current = float(metrics)

--- Training on Task 1 (Timesteps: 0 to 0) ---
🔧 Task 1 动态权重: 110.96 -> 截断为: 20.00
   -> Focal Loss Alpha: 0.9524
📉 Snapshot 节点数: 189571 (仅当前任务)

--- [CL Evaluation] Evaluating on all seen tasks (0 to 0) ---
*** CL Metrics @ Task 1 [WARM-UP, 仅供参考] ***
  [Binary]  F1: 0.0000 | Precision: 0.0000 | Recall: 0.0000
  [Macro]   Macro-F1: 0.4980 | Macro-Recall: 0.5000
  [Ranking] AUC-ROC: 0.5000 | AUC-PR: 0.0081
  [Balance] G-Mean: 0.0000 | Specificity: 1.0000 | MCC: 0.0000

--- Training on Task 2 (Timesteps: 1 to 1) ---
🔧 Task 2 动态权重: 21.43 -> 截断为: 10.00
   -> Focal Loss Alpha: 0.9091
📉 Snapshot 节点数: 160370 (仅当前任务)

--- [CL Evaluation] Evaluating on all seen tasks (0 to 1) ---
*** CL Metrics @ Task 2 ***
  [Binary]  F1: 0.1347 | Precision: 0.0827 | Recall: 0.4571
  [Macro]   Macro-F1: 0.5189 | Macro-Recall: 0.6456
  [Ranking] AUC-ROC: 0.6456 | AUC-PR: 0.0595
  [Balance] G-Mean: 0.6100 | Specificity: 0.8342 | MCC: 0.1343

--- Training on Task 3 (Timesteps: 2 to 2) ---
🔧 Task 3 动态权重: 12.37 -> 截断为: 10.00
   -> Focal Loss Alpha: 0.9091
📉 Snapshot 节点数: 100261 (仅当前任务)

--- [CL Evaluation] Evaluating on all seen tasks (0 to 2) ---
*** CL Metrics @ Task 3 ***
  [Binary]  F1: 0.2301 | Precision: 0.1573 | Recall: 0.5284
  [Macro]   Macro-F1: 0.5682 | Macro-Recall: 0.6863
  [Ranking] AUC-ROC: 0.6863 | AUC-PR: 0.1172
  [Balance] G-Mean: 0.6606 | Specificity: 0.8443 | MCC: 0.2172

--- Training on Task 4 (Timesteps: 3 to 3) ---
🔧 Task 4 动态权重: 7.97 -> 截断为: 7.97
   -> Focal Loss Alpha: 0.8885
📉 Snapshot 节点数: 96398 (仅当前任务)

--- [CL Evaluation] Evaluating on all seen tasks (0 to 3) ---
*** CL Metrics @ Task 4 ***
  [Binary]  F1: 0.2724 | Precision: 0.1911 | Recall: 0.5540
  [Macro]   Macro-F1: 0.5848 | Macro-Recall: 0.6942
  [Ranking] AUC-ROC: 0.6942 | AUC-PR: 0.1445
  [Balance] G-Mean: 0.6736 | Specificity: 0.8344 | MCC: 0.2432

--- Training on Task 5 (Timesteps: 4 to 4) ---
🔧 Task 5 动态权重: 6.70 -> 截断为: 6.70
   -> Focal Loss Alpha: 0.8702
📉 Snapshot 节点数: 148489 (仅当前任务)

--- [CL Evaluation] Evaluating on all seen tasks (0 to 4) ---
*** CL Metrics @ Task 5 ***
  [Binary]  F1: 0.3089 | Precision: 0.2263 | Recall: 0.5628
  [Macro]   Macro-F1: 0.6018 | Macro-Recall: 0.6994
  [Ranking] AUC-ROC: 0.6994 | AUC-PR: 0.1702
  [Balance] G-Mean: 0.6808 | Specificity: 0.8359 | MCC: 0.2671

--- Training on Task 6 (Timesteps: 5 to 5) ---
🔧 Task 6 动态权重: 3.81 -> 截断为: 3.81
   -> Focal Loss Alpha: 0.7919
📉 Snapshot 节点数: 72045 (仅当前任务)

--- [CL Evaluation] Evaluating on all seen tasks (0 to 5) ---
*** CL Metrics @ Task 6 ***
  [Binary]  F1: 0.3445 | Precision: 0.2663 | Recall: 0.5681
  [Macro]   Macro-F1: 0.6158 | Macro-Recall: 0.7005
  [Ranking] AUC-ROC: 0.7005 | AUC-PR: 0.2024
  [Balance] G-Mean: 0.6835 | Specificity: 0.8329 | MCC: 0.2858

--- Training on Task 7 (Timesteps: 6 to 6) ---
🔧 Task 7 动态权重: 6.63 -> 截断为: 6.63
   -> Focal Loss Alpha: 0.8690
📉 Snapshot 节点数: 106824 (仅当前任务)

--- [CL Evaluation] Evaluating on all seen tasks (0 to 6) ---
*** CL Metrics @ Task 7 ***
  [Binary]  F1: 0.3534 | Precision: 0.2716 | Recall: 0.5752
  [Macro]   Macro-F1: 0.6176 | Macro-Recall: 0.7005
  [Ranking] AUC-ROC: 0.7005 | AUC-PR: 0.2074
  [Balance] G-Mean: 0.6852 | Specificity: 0.8257 | MCC: 0.2887

--- Training on Task 8 (Timesteps: 7 to 7) ---
🔧 Task 8 动态权重: 9.60 -> 截断为: 9.60
   -> Focal Loss Alpha: 0.9057
📉 Snapshot 节点数: 138779 (仅当前任务)

--- [CL Evaluation] Evaluating on all seen tasks (0 to 7) ---
*** CL Metrics @ Task 8 ***
  [Binary]  F1: 0.3439 | Precision: 0.2612 | Recall: 0.5687
  [Macro]   Macro-F1: 0.6104 | Macro-Recall: 0.6934
  [Ranking] AUC-ROC: 0.6934 | AUC-PR: 0.1995
  [Balance] G-Mean: 0.6787 | Specificity: 0.8182 | MCC: 0.2766

--- Training on Task 9 (Timesteps: 8 to 8) ---
🔧 Task 9 动态权重: 22.55 -> 截断为: 10.00
   -> Focal Loss Alpha: 0.9091
📉 Snapshot 节点数: 166309 (仅当前任务)

--- [CL Evaluation] Evaluating on all seen tasks (0 to 8) ---
*** CL Metrics @ Task 9 ***
  [Binary]  F1: 0.3237 | Precision: 0.2427 | Recall: 0.5693
  [Macro]   Macro-F1: 0.5983 | Macro-Recall: 0.6895
  [Ranking] AUC-ROC: 0.6895 | AUC-PR: 0.1855
  [Balance] G-Mean: 0.6757 | Specificity: 0.8096 | MCC: 0.2621

--- Training on Task 10 (Timesteps: 9 to 9) ---
🔧 Task 10 动态权重: 12.37 -> 截断为: 10.00
   -> Focal Loss Alpha: 0.9091
📉 Snapshot 节点数: 89214 (仅当前任务)

--- [CL Evaluation] Evaluating on all seen tasks (0 to 9) ---
*** CL Metrics @ Task 10 ***
  [Binary]  F1: 0.3045 | Precision: 0.2288 | Recall: 0.5304
  [Macro]   Macro-F1: 0.5901 | Macro-Recall: 0.6732
  [Ranking] AUC-ROC: 0.6732 | AUC-PR: 0.1749
  [Balance] G-Mean: 0.6478 | Specificity: 0.8160 | MCC: 0.2401
All tasks trained.
Total time: 44.89s
