/usr/local/miniconda3/envs/py312/lib/python3.12/site-packages/torch/optim/lr_scheduler.py:1343: UserWarning: Converting a tensor with requires_grad=True to a scalar may lead to unexpected behavior.
Consider using tensor.detach() first. (Triggered internally at /pytorch/torch/csrc/autograd/generated/python_variable_methods.cpp:836.)
  current = float(metrics)

--- Training on Task 1 (Timesteps: 0 to 0) ---
🔧 Task 1 动态权重: 110.96 -> 截断为: 20.00
   -> Focal Loss Alpha: 0.9524
📉 Snapshot 节点数: 189571 (仅当前任务)

--- [CL Evaluation] Evaluating on all seen tasks (0 to 0) ---
*** CL Metrics @ Task 1 [WARM-UP, 仅供参考] ***
  [Binary]  F1: 0.0000 | Precision: 0.0000 | Recall: 0.0000
  [Macro]   Macro-F1: 0.4980 | Macro-Recall: 0.5000
  [Ranking] AUC-ROC: 0.6417 | AUC-PR: 0.0110
  [Balance] G-Mean: 0.0000 | Specificity: 1.0000 | MCC: 0.0000

--- Training on Task 2 (Timesteps: 1 to 1) ---
🔧 Task 2 动态权重: 21.43 -> 截断为: 10.00
   -> Focal Loss Alpha: 0.9091
📉 Snapshot 节点数: 160370 (仅当前任务)
   [EWC] Updating Fisher Matrix...

--- [CL Evaluation] Evaluating on all seen tasks (0 to 1) ---
*** CL Metrics @ Task 2 ***
  [Binary]  F1: 0.1487 | Precision: 0.0950 | Recall: 0.4348
  [Macro]   Macro-F1: 0.5331 | Macro-Recall: 0.6471
  [Ranking] AUC-ROC: 0.6513 | AUC-PR: 0.1040
  [Balance] G-Mean: 0.6041 | Specificity: 0.8594 | MCC: 0.1464

--- Training on Task 3 (Timesteps: 2 to 2) ---
🔧 Task 3 动态权重: 12.37 -> 截断为: 10.00
   -> Focal Loss Alpha: 0.9091
📉 Snapshot 节点数: 100261 (仅当前任务)
   [EWC] Updating Fisher Matrix...

--- [CL Evaluation] Evaluating on all seen tasks (0 to 2) ---
*** CL Metrics @ Task 3 ***
  [Binary]  F1: 0.2886 | Precision: 0.2240 | Recall: 0.4915
  [Macro]   Macro-F1: 0.6138 | Macro-Recall: 0.6975
  [Ranking] AUC-ROC: 0.7377 | AUC-PR: 0.1733
  [Balance] G-Mean: 0.6598 | Specificity: 0.9034 | MCC: 0.2721

--- Training on Task 4 (Timesteps: 3 to 3) ---
🔧 Task 4 动态权重: 7.97 -> 截断为: 7.97
   -> Focal Loss Alpha: 0.8885
📉 Snapshot 节点数: 96398 (仅当前任务)
   [EWC] Updating Fisher Matrix...

--- [CL Evaluation] Evaluating on all seen tasks (0 to 3) ---
*** CL Metrics @ Task 4 ***
  [Binary]  F1: 0.3308 | Precision: 0.2613 | Recall: 0.5163
  [Macro]   Macro-F1: 0.6308 | Macro-Recall: 0.7059
  [Ranking] AUC-ROC: 0.7469 | AUC-PR: 0.2083
  [Balance] G-Mean: 0.6742 | Specificity: 0.8956 | MCC: 0.2997

--- Training on Task 5 (Timesteps: 4 to 4) ---
🔧 Task 5 动态权重: 6.70 -> 截断为: 6.70
   -> Focal Loss Alpha: 0.8702
📉 Snapshot 节点数: 148489 (仅当前任务)
   [EWC] Updating Fisher Matrix...

--- [CL Evaluation] Evaluating on all seen tasks (0 to 4) ---
*** CL Metrics @ Task 5 ***
  [Binary]  F1: 0.3725 | Precision: 0.3114 | Recall: 0.5269
  [Macro]   Macro-F1: 0.6511 | Macro-Recall: 0.7134
  [Ranking] AUC-ROC: 0.7494 | AUC-PR: 0.2657
  [Balance] G-Mean: 0.6839 | Specificity: 0.8999 | MCC: 0.3328

--- Training on Task 6 (Timesteps: 5 to 5) ---
🔧 Task 6 动态权重: 3.81 -> 截断为: 3.81
   -> Focal Loss Alpha: 0.7919
📉 Snapshot 节点数: 72045 (仅当前任务)
   [EWC] Updating Fisher Matrix...

--- [CL Evaluation] Evaluating on all seen tasks (0 to 5) ---
*** CL Metrics @ Task 6 ***
  [Binary]  F1: 0.3974 | Precision: 0.3529 | Recall: 0.5206
  [Macro]   Macro-F1: 0.6596 | Macro-Recall: 0.7100
  [Ranking] AUC-ROC: 0.7507 | AUC-PR: 0.2966
  [Balance] G-Mean: 0.6803 | Specificity: 0.8994 | MCC: 0.3451

--- Training on Task 7 (Timesteps: 6 to 6) ---
🔧 Task 7 动态权重: 6.63 -> 截断为: 6.63
   -> Focal Loss Alpha: 0.8690
📉 Snapshot 节点数: 106824 (仅当前任务)
   [EWC] Updating Fisher Matrix...

--- [CL Evaluation] Evaluating on all seen tasks (0 to 6) ---
*** CL Metrics @ Task 7 ***
  [Binary]  F1: 0.4073 | Precision: 0.3585 | Recall: 0.5286
  [Macro]   Macro-F1: 0.6626 | Macro-Recall: 0.7114
  [Ranking] AUC-ROC: 0.7537 | AUC-PR: 0.3046
  [Balance] G-Mean: 0.6839 | Specificity: 0.8942 | MCC: 0.3495

--- Training on Task 8 (Timesteps: 7 to 7) ---
🔧 Task 8 动态权重: 9.60 -> 截断为: 9.60
   -> Focal Loss Alpha: 0.9057
📉 Snapshot 节点数: 138779 (仅当前任务)
   [EWC] Updating Fisher Matrix...

--- [CL Evaluation] Evaluating on all seen tasks (0 to 7) ---
*** CL Metrics @ Task 8 ***
  [Binary]  F1: 0.3959 | Precision: 0.3423 | Recall: 0.5260
  [Macro]   Macro-F1: 0.6544 | Macro-Recall: 0.7056
  [Ranking] AUC-ROC: 0.7460 | AUC-PR: 0.2908
  [Balance] G-Mean: 0.6792 | Specificity: 0.8852 | MCC: 0.3355

--- Training on Task 9 (Timesteps: 8 to 8) ---
🔧 Task 9 动态权重: 22.55 -> 截断为: 10.00
   -> Focal Loss Alpha: 0.9091
📉 Snapshot 节点数: 166309 (仅当前任务)
   [EWC] Updating Fisher Matrix...

--- [CL Evaluation] Evaluating on all seen tasks (0 to 8) ---
*** CL Metrics @ Task 9 ***
  [Binary]  F1: 0.3727 | Precision: 0.3168 | Recall: 0.5278
  [Macro]   Macro-F1: 0.6408 | Macro-Recall: 0.7018
  [Ranking] AUC-ROC: 0.7421 | AUC-PR: 0.2676
  [Balance] G-Mean: 0.6769 | Specificity: 0.8757 | MCC: 0.3174

--- Training on Task 10 (Timesteps: 9 to 9) ---
🔧 Task 10 动态权重: 12.37 -> 截断为: 10.00
   -> Focal Loss Alpha: 0.9091
📉 Snapshot 节点数: 89214 (仅当前任务)
   [EWC] Updating Fisher Matrix...

--- [CL Evaluation] Evaluating on all seen tasks (0 to 9) ---
*** CL Metrics @ Task 10 ***
  [Binary]  F1: 0.3502 | Precision: 0.2979 | Recall: 0.4926
  [Macro]   Macro-F1: 0.6300 | Macro-Recall: 0.6855
  [Ranking] AUC-ROC: 0.7108 | AUC-PR: 0.2485
  [Balance] G-Mean: 0.6490 | Specificity: 0.8784 | MCC: 0.2924
All tasks trained.
Total time: 90.72s
