/usr/local/miniconda3/envs/py312/lib/python3.12/site-packages/torch/optim/lr_scheduler.py:1343: UserWarning: Converting a tensor with requires_grad=True to a scalar may lead to unexpected behavior.
Consider using tensor.detach() first. (Triggered internally at /pytorch/torch/csrc/autograd/generated/python_variable_methods.cpp:836.)
  current = float(metrics)

--- Training on Task 1 (Timesteps: 0 to 0) ---
🔧 Task 1 动态权重: 110.96 -> 截断为: 20.00
   -> Focal Loss Alpha: 0.9524
📉 Snapshot 节点数: 189571 (仅当前任务)

--- [CL Evaluation] Evaluating on all seen tasks (0 to 0) ---
*** CL Metrics @ Task 1 [WARM-UP, 仅供参考] ***
  [Binary]  F1: 0.0000 | Precision: 0.0000 | Recall: 0.0000
  [Macro]   Macro-F1: 0.4980 | Macro-Recall: 0.5000
  [Ranking] AUC-ROC: 0.4988 | AUC-PR: 0.0081
  [Balance] G-Mean: 0.0000 | Specificity: 1.0000 | MCC: 0.0000

--- Training on Task 2 (Timesteps: 1 to 1) ---
🔧 Task 2 动态权重: 21.43 -> 截断为: 10.00
   -> Focal Loss Alpha: 0.9091
📉 Snapshot 节点数: 160370 (仅当前任务)
   [EWC] Updating Fisher Matrix...

--- [CL Evaluation] Evaluating on all seen tasks (0 to 1) ---
*** CL Metrics @ Task 2 ***
  [Binary]  F1: 0.1381 | Precision: 0.0860 | Recall: 0.4412
  [Macro]   Macro-F1: 0.5230 | Macro-Recall: 0.6419
  [Ranking] AUC-ROC: 0.6568 | AUC-PR: 0.0859
  [Balance] G-Mean: 0.6017 | Specificity: 0.8425 | MCC: 0.1358

--- Training on Task 3 (Timesteps: 2 to 2) ---
🔧 Task 3 动态权重: 12.37 -> 截断为: 10.00
   -> Focal Loss Alpha: 0.9091
📉 Snapshot 节点数: 100261 (仅当前任务)
   [EWC] Updating Fisher Matrix...

--- [CL Evaluation] Evaluating on all seen tasks (0 to 2) ---
*** CL Metrics @ Task 3 ***
  [Binary]  F1: 0.1338 | Precision: 0.0753 | Recall: 0.7344
  [Macro]   Macro-F1: 0.4000 | Macro-Recall: 0.6206
  [Ranking] AUC-ROC: 0.7087 | AUC-PR: 0.1207
  [Balance] G-Mean: 0.6060 | Specificity: 0.5069 | MCC: 0.1187

--- Training on Task 4 (Timesteps: 3 to 3) ---
🔧 Task 4 动态权重: 7.97 -> 截断为: 7.97
   -> Focal Loss Alpha: 0.8885
📉 Snapshot 节点数: 96398 (仅当前任务)
   [EWC] Updating Fisher Matrix...

--- [CL Evaluation] Evaluating on all seen tasks (0 to 3) ---
*** CL Metrics @ Task 4 ***
  [Binary]  F1: 0.1717 | Precision: 0.0990 | Recall: 0.7712
  [Macro]   Macro-F1: 0.4126 | Macro-Recall: 0.6321
  [Ranking] AUC-ROC: 0.7184 | AUC-PR: 0.1489
  [Balance] G-Mean: 0.6122 | Specificity: 0.4930 | MCC: 0.1426

--- Training on Task 5 (Timesteps: 4 to 4) ---
🔧 Task 5 动态权重: 6.70 -> 截断为: 6.70
   -> Focal Loss Alpha: 0.8702
📉 Snapshot 节点数: 148489 (仅当前任务)
   [EWC] Updating Fisher Matrix...

--- [CL Evaluation] Evaluating on all seen tasks (0 to 4) ---
*** CL Metrics @ Task 5 ***
  [Binary]  F1: 0.2021 | Precision: 0.1183 | Recall: 0.8060
  [Macro]   Macro-F1: 0.4198 | Macro-Recall: 0.6407
  [Ranking] AUC-ROC: 0.7367 | AUC-PR: 0.1823
  [Balance] G-Mean: 0.6135 | Specificity: 0.4754 | MCC: 0.1636

--- Training on Task 6 (Timesteps: 5 to 5) ---
🔧 Task 6 动态权重: 3.81 -> 截断为: 3.81
   -> Focal Loss Alpha: 0.7919
📉 Snapshot 节点数: 72045 (仅当前任务)
   [EWC] Updating Fisher Matrix...

--- [CL Evaluation] Evaluating on all seen tasks (0 to 5) ---
*** CL Metrics @ Task 6 ***
  [Binary]  F1: 0.2477 | Precision: 0.1526 | Recall: 0.8205
  [Macro]   Macro-F1: 0.4440 | Macro-Recall: 0.6500
  [Ranking] AUC-ROC: 0.7393 | AUC-PR: 0.2144
  [Balance] G-Mean: 0.6226 | Specificity: 0.4795 | MCC: 0.1906

--- Training on Task 7 (Timesteps: 6 to 6) ---
🔧 Task 7 动态权重: 6.63 -> 截断为: 6.63
   -> Focal Loss Alpha: 0.8690
📉 Snapshot 节点数: 106824 (仅当前任务)
   [EWC] Updating Fisher Matrix...

--- [CL Evaluation] Evaluating on all seen tasks (0 to 6) ---
*** CL Metrics @ Task 7 ***
  [Binary]  F1: 0.2556 | Precision: 0.1568 | Recall: 0.8327
  [Macro]   Macro-F1: 0.4407 | Macro-Recall: 0.6486
  [Ranking] AUC-ROC: 0.7308 | AUC-PR: 0.2126
  [Balance] G-Mean: 0.6170 | Specificity: 0.4646 | MCC: 0.1922

--- Training on Task 8 (Timesteps: 7 to 7) ---
🔧 Task 8 动态权重: 9.60 -> 截断为: 9.60
   -> Focal Loss Alpha: 0.9057
📉 Snapshot 节点数: 138779 (仅当前任务)
   [EWC] Updating Fisher Matrix...

--- [CL Evaluation] Evaluating on all seen tasks (0 to 7) ---
*** CL Metrics @ Task 8 ***
  [Binary]  F1: 0.2564 | Precision: 0.1563 | Recall: 0.8429
  [Macro]   Macro-F1: 0.4420 | Macro-Recall: 0.6543
  [Ranking] AUC-ROC: 0.7304 | AUC-PR: 0.2075
  [Balance] G-Mean: 0.6221 | Specificity: 0.4658 | MCC: 0.1968

--- Training on Task 9 (Timesteps: 8 to 8) ---
🔧 Task 9 动态权重: 22.55 -> 截断为: 10.00
   -> Focal Loss Alpha: 0.9091
📉 Snapshot 节点数: 166309 (仅当前任务)
   [EWC] Updating Fisher Matrix...

--- [CL Evaluation] Evaluating on all seen tasks (0 to 8) ---
*** CL Metrics @ Task 9 ***
  [Binary]  F1: 0.2416 | Precision: 0.1463 | Recall: 0.8480
  [Macro]   Macro-F1: 0.4319 | Macro-Recall: 0.6538
  [Ranking] AUC-ROC: 0.7281 | AUC-PR: 0.1936
  [Balance] G-Mean: 0.6201 | Specificity: 0.4595 | MCC: 0.1889

--- Training on Task 10 (Timesteps: 9 to 9) ---
🔧 Task 10 动态权重: 12.37 -> 截断为: 10.00
   -> Focal Loss Alpha: 0.9091
📉 Snapshot 节点数: 89214 (仅当前任务)
   [EWC] Updating Fisher Matrix...

--- [CL Evaluation] Evaluating on all seen tasks (0 to 9) ---
*** CL Metrics @ Task 10 ***
  [Binary]  F1: 0.2259 | Precision: 0.1366 | Recall: 0.7959
  [Macro]   Macro-F1: 0.4245 | Macro-Recall: 0.6290
  [Ranking] AUC-ROC: 0.6983 | AUC-PR: 0.1811
  [Balance] G-Mean: 0.5979 | Specificity: 0.4621 | MCC: 0.1601
All tasks trained.
Total time: 90.11s
