/usr/local/miniconda3/envs/py312/lib/python3.12/site-packages/torch/optim/lr_scheduler.py:1343: UserWarning: Converting a tensor with requires_grad=True to a scalar may lead to unexpected behavior.
Consider using tensor.detach() first. (Triggered internally at /pytorch/torch/csrc/autograd/generated/python_variable_methods.cpp:836.)
  current = float(metrics)

--- Training on Task 1 (Timesteps: 0 to 0) ---
🔧 Task 1 动态权重: 110.96 -> 截断为: 20.00
   -> Focal Loss Alpha: 0.9524
📉 Snapshot 节点数: 189571 (仅当前任务)

--- [CL Evaluation] Evaluating on all seen tasks (0 to 0) ---
*** CL Metrics @ Task 1 [WARM-UP, 仅供参考] ***
  [Binary]  F1: 0.0000 | Precision: 0.0000 | Recall: 0.0000
  [Macro]   Macro-F1: 0.4977 | Macro-Recall: 0.4994
  [Ranking] AUC-ROC: 0.4994 | AUC-PR: 0.0081
  [Balance] G-Mean: 0.0000 | Specificity: 0.9988 | MCC: -0.0031

--- Training on Task 2 (Timesteps: 1 to 1) ---
🔧 Task 2 动态权重: 21.43 -> 截断为: 10.00
   -> Focal Loss Alpha: 0.9091
📉 Snapshot 节点数: 160370 (仅当前任务)

--- [CL Evaluation] Evaluating on all seen tasks (0 to 1) ---
*** CL Metrics @ Task 2 ***
  [Binary]  F1: 0.1112 | Precision: 0.1096 | Recall: 0.1470
  [Macro]   Macro-F1: 0.5397 | Macro-Recall: 0.5542
  [Ranking] AUC-ROC: 0.6843 | AUC-PR: 0.0737
  [Balance] G-Mean: 0.3747 | Specificity: 0.9615 | MCC: 0.0903

--- Training on Task 3 (Timesteps: 2 to 2) ---
🔧 Task 3 动态权重: 12.37 -> 截断为: 10.00
   -> Focal Loss Alpha: 0.9091
📉 Snapshot 节点数: 100261 (仅当前任务)

--- [CL Evaluation] Evaluating on all seen tasks (0 to 2) ---
*** CL Metrics @ Task 3 ***
  [Binary]  F1: 0.1498 | Precision: 0.2057 | Recall: 0.1513
  [Macro]   Macro-F1: 0.5564 | Macro-Recall: 0.5590
  [Ranking] AUC-ROC: 0.7291 | AUC-PR: 0.1599
  [Balance] G-Mean: 0.3816 | Specificity: 0.9668 | MCC: 0.1307

--- Training on Task 4 (Timesteps: 3 to 3) ---
🔧 Task 4 动态权重: 7.97 -> 截断为: 7.97
   -> Focal Loss Alpha: 0.8885
📉 Snapshot 节点数: 96398 (仅当前任务)

--- [CL Evaluation] Evaluating on all seen tasks (0 to 3) ---
*** CL Metrics @ Task 4 ***
  [Binary]  F1: 0.1750 | Precision: 0.2406 | Recall: 0.1627
  [Macro]   Macro-F1: 0.5645 | Macro-Recall: 0.5629
  [Ranking] AUC-ROC: 0.7383 | AUC-PR: 0.1914
  [Balance] G-Mean: 0.3944 | Specificity: 0.9631 | MCC: 0.1461

--- Training on Task 5 (Timesteps: 4 to 4) ---
🔧 Task 5 动态权重: 6.70 -> 截断为: 6.70
   -> Focal Loss Alpha: 0.8702
📉 Snapshot 节点数: 148489 (仅当前任务)

--- [CL Evaluation] Evaluating on all seen tasks (0 to 4) ---
*** CL Metrics @ Task 5 ***
  [Binary]  F1: 0.2066 | Precision: 0.3168 | Recall: 0.1758
  [Macro]   Macro-F1: 0.5782 | Macro-Recall: 0.5710
  [Ranking] AUC-ROC: 0.7585 | AUC-PR: 0.2590
  [Balance] G-Mean: 0.4101 | Specificity: 0.9662 | MCC: 0.1820

--- Training on Task 6 (Timesteps: 5 to 5) ---
🔧 Task 6 动态权重: 3.81 -> 截断为: 3.81
   -> Focal Loss Alpha: 0.7919
📉 Snapshot 节点数: 72045 (仅当前任务)

--- [CL Evaluation] Evaluating on all seen tasks (0 to 5) ---
*** CL Metrics @ Task 6 ***
  [Binary]  F1: 0.3793 | Precision: 0.3611 | Recall: 0.4594
  [Macro]   Macro-F1: 0.6532 | Macro-Recall: 0.6864
  [Ranking] AUC-ROC: 0.7590 | AUC-PR: 0.2902
  [Balance] G-Mean: 0.6438 | Specificity: 0.9134 | MCC: 0.3254

--- Training on Task 7 (Timesteps: 6 to 6) ---
🔧 Task 7 动态权重: 6.63 -> 截断为: 6.63
   -> Focal Loss Alpha: 0.8690
📉 Snapshot 节点数: 106824 (仅当前任务)

--- [CL Evaluation] Evaluating on all seen tasks (0 to 6) ---
*** CL Metrics @ Task 7 ***
  [Binary]  F1: 0.4250 | Precision: 0.3691 | Recall: 0.5666
  [Macro]   Macro-F1: 0.6722 | Macro-Recall: 0.7294
  [Ranking] AUC-ROC: 0.7650 | AUC-PR: 0.3081
  [Balance] G-Mean: 0.7084 | Specificity: 0.8922 | MCC: 0.3717

--- Training on Task 8 (Timesteps: 7 to 7) ---
🔧 Task 8 动态权重: 9.60 -> 截断为: 9.60
   -> Focal Loss Alpha: 0.9057
📉 Snapshot 节点数: 138779 (仅当前任务)

--- [CL Evaluation] Evaluating on all seen tasks (0 to 7) ---
*** CL Metrics @ Task 8 ***
  [Binary]  F1: 0.4258 | Precision: 0.3583 | Recall: 0.5912
  [Macro]   Macro-F1: 0.6704 | Macro-Recall: 0.7367
  [Ranking] AUC-ROC: 0.7663 | AUC-PR: 0.3080
  [Balance] G-Mean: 0.7195 | Specificity: 0.8822 | MCC: 0.3735

--- Training on Task 9 (Timesteps: 8 to 8) ---
🔧 Task 9 动态权重: 22.55 -> 截断为: 10.00
   -> Focal Loss Alpha: 0.9091
📉 Snapshot 节点数: 166309 (仅当前任务)

--- [CL Evaluation] Evaluating on all seen tasks (0 to 8) ---
*** CL Metrics @ Task 9 ***
  [Binary]  F1: 0.4005 | Precision: 0.3344 | Recall: 0.5797
  [Macro]   Macro-F1: 0.6570 | Macro-Recall: 0.7288
  [Ranking] AUC-ROC: 0.7627 | AUC-PR: 0.2884
  [Balance] G-Mean: 0.7110 | Specificity: 0.8780 | MCC: 0.3525

--- Training on Task 10 (Timesteps: 9 to 9) ---
🔧 Task 10 动态权重: 12.37 -> 截断为: 10.00
   -> Focal Loss Alpha: 0.9091
📉 Snapshot 节点数: 89214 (仅当前任务)

--- [CL Evaluation] Evaluating on all seen tasks (0 to 9) ---
*** CL Metrics @ Task 10 ***
  [Binary]  F1: 0.3822 | Precision: 0.3173 | Recall: 0.5588
  [Macro]   Macro-F1: 0.6475 | Macro-Recall: 0.7181
  [Ranking] AUC-ROC: 0.7436 | AUC-PR: 0.2694
  [Balance] G-Mean: 0.6924 | Specificity: 0.8774 | MCC: 0.3332
All tasks trained.
Total time: 176.25s
