nohup: ignoring input

╔══════════════════════════════════════════════════════════╗
║  Elliptic++ Actor 第三轮调参 (nospc 系列)               ║
║  2026-04-07 07:23:38                                     ║
╚══════════════════════════════════════════════════════════╝

  ── TASD-CL nospc 系列 ─────────────────────────────

  ┌──────────────────────────────────────────────────────┐
  │ RUN: actor_tune_TASDCL_nospc_ewc2                     │
  └──────────────────────────────────────────────────────┘
  [DONE] actor_tune_TASDCL_nospc_ewc2                 1m37s

  ┌──────────────────────────────────────────────────────┐
  │ RUN: actor_tune_TASDCL_nospc_ewc3                     │
  └──────────────────────────────────────────────────────┘
  [DONE] actor_tune_TASDCL_nospc_ewc3                 1m37s

  ┌──────────────────────────────────────────────────────┐
  │ RUN: actor_tune_TASDCL_nospc_scd1                     │
  └──────────────────────────────────────────────────────┘
  [DONE] actor_tune_TASDCL_nospc_scd1                 1m37s

  ┌──────────────────────────────────────────────────────┐
  │ RUN: actor_tune_TASDCL_nospc_scd02                    │
  └──────────────────────────────────────────────────────┘
  [DONE] actor_tune_TASDCL_nospc_scd02                1m37s

  ┌──────────────────────────────────────────────────────┐
  │ RUN: actor_tune_TASDCL_nospc_ewc2_scd1                │
  └──────────────────────────────────────────────────────┘
  [DONE] actor_tune_TASDCL_nospc_ewc2_scd1            1m37s

  ┌──────────────────────────────────────────────────────┐
  │ RUN: actor_tune_TASDCL_nospc_lr5                      │
  └──────────────────────────────────────────────────────┘
  [DONE] actor_tune_TASDCL_nospc_lr5                  1m37s

  ┌──────────────────────────────────────────────────────┐
  │ RUN: actor_tune_TASDCL_nospc_e40                      │
  └──────────────────────────────────────────────────────┘
  [DONE] actor_tune_TASDCL_nospc_e40                  2m00s

══════════════════════════════════════════════════════════
  完成: 07:35:20 | 耗时: 0h11m42s
  ✅ 已完成: 7  ⏭ 已跳过: 0  ❌ 失败: 0
══════════════════════════════════════════════════════════
