/usr/local/miniconda3/envs/py312/lib/python3.12/site-packages/torch/optim/lr_scheduler.py:1343: UserWarning: Converting a tensor with requires_grad=True to a scalar may lead to unexpected behavior.
Consider using tensor.detach() first. (Triggered internally at /pytorch/torch/csrc/autograd/generated/python_variable_methods.cpp:836.)
  current = float(metrics)

--- Training on Task 1 (Timesteps: 0 to 0) ---
[INFO] Task 1 class weight: 110.96 -> clipped: 20.00
   -> Focal Loss Alpha: 0.9524
[INFO] Snapshot nodes: 189571 (current task only)

--- [CL Evaluation] Evaluating on all seen tasks (0 to 0) ---
*** CL Metrics @ Task 1 [WARM-UP, 仅供参考] ***
  [Binary]  F1: 0.0000 | Precision: 0.0000 | Recall: 0.0000
  [Macro]   Macro-F1: 0.4979 | Macro-Recall: 0.5000
  [Ranking] AUC-ROC: 0.4999 | AUC-PR: 0.0081
  [Balance] G-Mean: 0.0000 | Specificity: 0.9999 | MCC: -0.0008

--- Training on Task 2 (Timesteps: 1 to 1) ---
[INFO] Task 2 class weight: 21.43 -> clipped: 10.00
   -> Focal Loss Alpha: 0.9091
[INFO] Snapshot nodes: 160370 (current task only)

--- [CL Evaluation] Evaluating on all seen tasks (0 to 1) ---
*** CL Metrics @ Task 2 ***
  [Binary]  F1: 0.1609 | Precision: 0.1064 | Recall: 0.4246
  [Macro]   Macro-F1: 0.5441 | Macro-Recall: 0.6508
  [Ranking] AUC-ROC: 0.5850 | AUC-PR: 0.0741
  [Balance] G-Mean: 0.6040 | Specificity: 0.8769 | MCC: 0.1577

--- Training on Task 3 (Timesteps: 2 to 2) ---
[INFO] Task 3 class weight: 12.37 -> clipped: 10.00
   -> Focal Loss Alpha: 0.9091
[INFO] Snapshot nodes: 100261 (current task only)

--- [CL Evaluation] Evaluating on all seen tasks (0 to 2) ---
*** CL Metrics @ Task 3 ***
  [Binary]  F1: 0.2651 | Precision: 0.1825 | Recall: 0.6279
  [Macro]   Macro-F1: 0.5871 | Macro-Recall: 0.7369
  [Ranking] AUC-ROC: 0.6981 | AUC-PR: 0.1522
  [Balance] G-Mean: 0.7266 | Specificity: 0.8459 | MCC: 0.2662

--- Training on Task 4 (Timesteps: 3 to 3) ---
[INFO] Task 4 class weight: 7.97 -> clipped: 7.97
   -> Focal Loss Alpha: 0.8885
[INFO] Snapshot nodes: 96398 (current task only)

--- [CL Evaluation] Evaluating on all seen tasks (0 to 3) ---
*** CL Metrics @ Task 4 ***
  [Binary]  F1: 0.1883 | Precision: 0.1125 | Recall: 0.7271
  [Macro]   Macro-F1: 0.4508 | Macro-Recall: 0.6464
  [Ranking] AUC-ROC: 0.7295 | AUC-PR: 0.2093
  [Balance] G-Mean: 0.6405 | Specificity: 0.5658 | MCC: 0.1588

--- Training on Task 5 (Timesteps: 4 to 4) ---
[INFO] Task 5 class weight: 6.70 -> clipped: 6.70
   -> Focal Loss Alpha: 0.8702
[INFO] Snapshot nodes: 148489 (current task only)

--- [CL Evaluation] Evaluating on all seen tasks (0 to 4) ---
*** CL Metrics @ Task 5 ***
  [Binary]  F1: 0.2219 | Precision: 0.1343 | Recall: 0.7631
  [Macro]   Macro-F1: 0.4634 | Macro-Recall: 0.6591
  [Ranking] AUC-ROC: 0.7589 | AUC-PR: 0.2689
  [Balance] G-Mean: 0.6488 | Specificity: 0.5551 | MCC: 0.1841

--- Training on Task 6 (Timesteps: 5 to 5) ---
[INFO] Task 6 class weight: 3.81 -> clipped: 3.81
   -> Focal Loss Alpha: 0.7919
[INFO] Snapshot nodes: 72045 (current task only)

--- [CL Evaluation] Evaluating on all seen tasks (0 to 5) ---
*** CL Metrics @ Task 6 ***
  [Binary]  F1: 0.2687 | Precision: 0.1724 | Recall: 0.7723
  [Macro]   Macro-F1: 0.4897 | Macro-Recall: 0.6687
  [Ranking] AUC-ROC: 0.7646 | AUC-PR: 0.3005
  [Balance] G-Mean: 0.6589 | Specificity: 0.5650 | MCC: 0.2125

--- Training on Task 7 (Timesteps: 6 to 6) ---
[INFO] Task 7 class weight: 6.63 -> clipped: 6.63
   -> Focal Loss Alpha: 0.8690
[INFO] Snapshot nodes: 106824 (current task only)

--- [CL Evaluation] Evaluating on all seen tasks (0 to 6) ---
*** CL Metrics @ Task 7 ***
  [Binary]  F1: 0.2855 | Precision: 0.1835 | Recall: 0.7837
  [Macro]   Macro-F1: 0.5006 | Macro-Recall: 0.6774
  [Ranking] AUC-ROC: 0.7705 | AUC-PR: 0.3023
  [Balance] G-Mean: 0.6676 | Specificity: 0.5712 | MCC: 0.2270

--- Training on Task 8 (Timesteps: 7 to 7) ---
[INFO] Task 8 class weight: 9.60 -> clipped: 9.60
   -> Focal Loss Alpha: 0.9057
[INFO] Snapshot nodes: 138779 (current task only)

--- [CL Evaluation] Evaluating on all seen tasks (0 to 7) ---
*** CL Metrics @ Task 8 ***
  [Binary]  F1: 0.2870 | Precision: 0.1831 | Recall: 0.7913
  [Macro]   Macro-F1: 0.5030 | Macro-Recall: 0.6831
  [Ranking] AUC-ROC: 0.7733 | AUC-PR: 0.2935
  [Balance] G-Mean: 0.6732 | Specificity: 0.5749 | MCC: 0.2314

--- Training on Task 9 (Timesteps: 8 to 8) ---
[INFO] Task 9 class weight: 22.55 -> clipped: 10.00
   -> Focal Loss Alpha: 0.9091
[INFO] Snapshot nodes: 166309 (current task only)

--- [CL Evaluation] Evaluating on all seen tasks (0 to 8) ---
*** CL Metrics @ Task 9 ***
  [Binary]  F1: 0.2704 | Precision: 0.1711 | Recall: 0.7939
  [Macro]   Macro-F1: 0.4931 | Macro-Recall: 0.6819
  [Ranking] AUC-ROC: 0.7683 | AUC-PR: 0.2709
  [Balance] G-Mean: 0.6714 | Specificity: 0.5700 | MCC: 0.2215

--- Training on Task 10 (Timesteps: 9 to 9) ---
[INFO] Task 10 class weight: 12.37 -> clipped: 10.00
   -> Focal Loss Alpha: 0.9091
[INFO] Snapshot nodes: 89214 (current task only)

--- [CL Evaluation] Evaluating on all seen tasks (0 to 9) ---
*** CL Metrics @ Task 10 ***
  [Binary]  F1: 0.2546 | Precision: 0.1607 | Recall: 0.7496
  [Macro]   Macro-F1: 0.4858 | Macro-Recall: 0.6614
  [Ranking] AUC-ROC: 0.7389 | AUC-PR: 0.2540
  [Balance] G-Mean: 0.6503 | Specificity: 0.5732 | MCC: 0.1969
All tasks trained.
Total time: 93.94s
