/usr/local/miniconda3/envs/py312/lib/python3.12/site-packages/torch/optim/lr_scheduler.py:1343: UserWarning: Converting a tensor with requires_grad=True to a scalar may lead to unexpected behavior.
Consider using tensor.detach() first. (Triggered internally at /pytorch/torch/csrc/autograd/generated/python_variable_methods.cpp:836.)
  current = float(metrics)

--- Training on Task 1 (Timesteps: 0 to 0) ---
🔧 Task 1 动态权重: 110.96 -> 截断为: 20.00
   -> Focal Loss Alpha: 0.9524
📉 Snapshot 节点数: 189571 (仅当前任务)

--- [CL Evaluation] Evaluating on all seen tasks (0 to 0) ---
*** CL Metrics @ Task 1 [WARM-UP, 仅供参考] ***
  [Binary]  F1: 0.0000 | Precision: 0.0000 | Recall: 0.0000
  [Macro]   Macro-F1: 0.4980 | Macro-Recall: 0.5000
  [Ranking] AUC-ROC: 0.5811 | AUC-PR: 0.0107
  [Balance] G-Mean: 0.0000 | Specificity: 1.0000 | MCC: 0.0000

--- Training on Task 2 (Timesteps: 1 to 1) ---
🔧 Task 2 动态权重: 21.43 -> 截断为: 10.00
   -> Focal Loss Alpha: 0.9091
📉 Snapshot 节点数: 160370 (仅当前任务)

--- [CL Evaluation] Evaluating on all seen tasks (0 to 1) ---
*** CL Metrics @ Task 2 ***
  [Binary]  F1: 0.1284 | Precision: 0.0776 | Recall: 0.4651
  [Macro]   Macro-F1: 0.5103 | Macro-Recall: 0.6403
  [Ranking] AUC-ROC: 0.7053 | AUC-PR: 0.0678
  [Balance] G-Mean: 0.6066 | Specificity: 0.8154 | MCC: 0.1277

--- Training on Task 3 (Timesteps: 2 to 2) ---
🔧 Task 3 动态权重: 12.37 -> 截断为: 10.00
   -> Focal Loss Alpha: 0.9091
📉 Snapshot 节点数: 100261 (仅当前任务)

--- [CL Evaluation] Evaluating on all seen tasks (0 to 2) ---
*** CL Metrics @ Task 3 ***
  [Binary]  F1: 0.2170 | Precision: 0.1435 | Recall: 0.5412
  [Macro]   Macro-F1: 0.5556 | Macro-Recall: 0.6819
  [Ranking] AUC-ROC: 0.7495 | AUC-PR: 0.1336
  [Balance] G-Mean: 0.6584 | Specificity: 0.8226 | MCC: 0.2050

--- Training on Task 4 (Timesteps: 3 to 3) ---
🔧 Task 4 动态权重: 7.97 -> 截断为: 7.97
   -> Focal Loss Alpha: 0.8885
📉 Snapshot 节点数: 96398 (仅当前任务)

--- [CL Evaluation] Evaluating on all seen tasks (0 to 3) ---
*** CL Metrics @ Task 4 ***
  [Binary]  F1: 0.2526 | Precision: 0.1692 | Recall: 0.5726
  [Macro]   Macro-F1: 0.5653 | Macro-Recall: 0.6872
  [Ranking] AUC-ROC: 0.7460 | AUC-PR: 0.1572
  [Balance] G-Mean: 0.6693 | Specificity: 0.8018 | MCC: 0.2235

--- Training on Task 5 (Timesteps: 4 to 4) ---
🔧 Task 5 动态权重: 6.70 -> 截断为: 6.70
   -> Focal Loss Alpha: 0.8702
📉 Snapshot 节点数: 148489 (仅当前任务)

--- [CL Evaluation] Evaluating on all seen tasks (0 to 4) ---
*** CL Metrics @ Task 5 ***
  [Binary]  F1: 0.2884 | Precision: 0.2012 | Recall: 0.5832
  [Macro]   Macro-F1: 0.5818 | Macro-Recall: 0.6928
  [Ranking] AUC-ROC: 0.7567 | AUC-PR: 0.1904
  [Balance] G-Mean: 0.6773 | Specificity: 0.8024 | MCC: 0.2460

--- Training on Task 6 (Timesteps: 5 to 5) ---
🔧 Task 6 动态权重: 3.81 -> 截断为: 3.81
   -> Focal Loss Alpha: 0.7919
📉 Snapshot 节点数: 72045 (仅当前任务)

--- [CL Evaluation] Evaluating on all seen tasks (0 to 5) ---
*** CL Metrics @ Task 6 ***
  [Binary]  F1: 0.3218 | Precision: 0.2350 | Recall: 0.5892
  [Macro]   Macro-F1: 0.5934 | Macro-Recall: 0.6919
  [Ranking] AUC-ROC: 0.7516 | AUC-PR: 0.2216
  [Balance] G-Mean: 0.6784 | Specificity: 0.7945 | MCC: 0.2595

--- Training on Task 7 (Timesteps: 6 to 6) ---
🔧 Task 7 动态权重: 6.63 -> 截断为: 6.63
   -> Focal Loss Alpha: 0.8690
📉 Snapshot 节点数: 106824 (仅当前任务)

--- [CL Evaluation] Evaluating on all seen tasks (0 to 6) ---
*** CL Metrics @ Task 7 ***
  [Binary]  F1: 0.3318 | Precision: 0.2414 | Recall: 0.5983
  [Macro]   Macro-F1: 0.5957 | Macro-Recall: 0.6927
  [Ranking] AUC-ROC: 0.7504 | AUC-PR: 0.2278
  [Balance] G-Mean: 0.6810 | Specificity: 0.7871 | MCC: 0.2639

--- Training on Task 8 (Timesteps: 7 to 7) ---
🔧 Task 8 动态权重: 9.60 -> 截断为: 9.60
   -> Focal Loss Alpha: 0.9057
📉 Snapshot 节点数: 138779 (仅当前任务)

--- [CL Evaluation] Evaluating on all seen tasks (0 to 7) ---
*** CL Metrics @ Task 8 ***
  [Binary]  F1: 0.3233 | Precision: 0.2329 | Recall: 0.5926
  [Macro]   Macro-F1: 0.5889 | Macro-Recall: 0.6860
  [Ranking] AUC-ROC: 0.7432 | AUC-PR: 0.2198
  [Balance] G-Mean: 0.6750 | Specificity: 0.7794 | MCC: 0.2531

--- Training on Task 9 (Timesteps: 8 to 8) ---
🔧 Task 9 动态权重: 22.55 -> 截断为: 10.00
   -> Focal Loss Alpha: 0.9091
📉 Snapshot 节点数: 166309 (仅当前任务)

--- [CL Evaluation] Evaluating on all seen tasks (0 to 8) ---
*** CL Metrics @ Task 9 ***
  [Binary]  F1: 0.3043 | Precision: 0.2166 | Recall: 0.5951
  [Macro]   Macro-F1: 0.5770 | Macro-Recall: 0.6826
  [Ranking] AUC-ROC: 0.7368 | AUC-PR: 0.2042
  [Balance] G-Mean: 0.6727 | Specificity: 0.7701 | MCC: 0.2403

--- Training on Task 10 (Timesteps: 9 to 9) ---
🔧 Task 10 动态权重: 12.37 -> 截断为: 10.00
   -> Focal Loss Alpha: 0.9091
📉 Snapshot 节点数: 89214 (仅当前任务)

--- [CL Evaluation] Evaluating on all seen tasks (0 to 9) ---
*** CL Metrics @ Task 10 ***
  [Binary]  F1: 0.2838 | Precision: 0.2018 | Recall: 0.5539
  [Macro]   Macro-F1: 0.5671 | Macro-Recall: 0.6634
  [Ranking] AUC-ROC: 0.7097 | AUC-PR: 0.1909
  [Balance] G-Mean: 0.6436 | Specificity: 0.7729 | MCC: 0.2150
All tasks trained.
Total time: 97.97s
