/usr/local/miniconda3/envs/py312/lib/python3.12/site-packages/torch/optim/lr_scheduler.py:1343: UserWarning: Converting a tensor with requires_grad=True to a scalar may lead to unexpected behavior.
Consider using tensor.detach() first. (Triggered internally at /pytorch/torch/csrc/autograd/generated/python_variable_methods.cpp:836.)
  current = float(metrics)

--- Training on Task 1 (Timesteps: 0 to 0) ---
🔧 Task 1 动态权重: 110.96 -> 截断为: 20.00
   -> Focal Loss Alpha: 0.9524
📉 Snapshot 节点数: 189571 (仅当前任务)

--- [CL Evaluation] Evaluating on all seen tasks (0 to 0) ---
*** CL Metrics @ Task 1 [WARM-UP, 仅供参考] ***
  [Binary]  F1: 0.0000 | Precision: 0.0000 | Recall: 0.0000
  [Macro]   Macro-F1: 0.4980 | Macro-Recall: 0.5000
  [Ranking] AUC-ROC: 0.4999 | AUC-PR: 0.0081
  [Balance] G-Mean: 0.0000 | Specificity: 1.0000 | MCC: 0.0000

--- Training on Task 2 (Timesteps: 1 to 1) ---
🔧 Task 2 动态权重: 21.43 -> 截断为: 10.00
   -> Focal Loss Alpha: 0.9091
📉 Snapshot 节点数: 160370 (仅当前任务)
   [EWC] Updating Fisher Matrix...
   [SPC] Task 2 子空间原型已更新 | 欺诈: 1436, 正常: 30774

--- [CL Evaluation] Evaluating on all seen tasks (0 to 1) ---
*** CL Metrics @ Task 2 ***
  [Binary]  F1: 0.1408 | Precision: 0.0888 | Recall: 0.4323
  [Macro]   Macro-F1: 0.5266 | Macro-Recall: 0.6415
  [Ranking] AUC-ROC: 0.7072 | AUC-PR: 0.0848
  [Balance] G-Mean: 0.5993 | Specificity: 0.8507 | MCC: 0.1376

--- Training on Task 3 (Timesteps: 2 to 2) ---
🔧 Task 3 动态权重: 12.37 -> 截断为: 10.00
   -> Focal Loss Alpha: 0.9091
📉 Snapshot 节点数: 100261 (仅当前任务)
   [EWC] Updating Fisher Matrix...
   [SPC] Task 3 子空间原型已更新 | 欺诈: 1642, 正常: 20312

--- [CL Evaluation] Evaluating on all seen tasks (0 to 2) ---
*** CL Metrics @ Task 3 ***
  [Binary]  F1: 0.0975 | Precision: 0.0526 | Recall: 0.9488
  [Macro]   Macro-F1: 0.2245 | Macro-Recall: 0.5824
  [Ranking] AUC-ROC: 0.7209 | AUC-PR: 0.1269
  [Balance] G-Mean: 0.4504 | Specificity: 0.2160 | MCC: 0.0650

--- Training on Task 4 (Timesteps: 3 to 3) ---
🔧 Task 4 动态权重: 7.97 -> 截断为: 7.97
   -> Focal Loss Alpha: 0.8885
📉 Snapshot 节点数: 96398 (仅当前任务)
   [EWC] Updating Fisher Matrix...
   [SPC] Task 4 子空间原型已更新 | 欺诈: 1760, 正常: 14031

--- [CL Evaluation] Evaluating on all seen tasks (0 to 3) ---
*** CL Metrics @ Task 4 ***
  [Binary]  F1: 0.1283 | Precision: 0.0708 | Recall: 0.9386
  [Macro]   Macro-F1: 0.2361 | Macro-Recall: 0.5745
  [Ranking] AUC-ROC: 0.7291 | AUC-PR: 0.1627
  [Balance] G-Mean: 0.4426 | Specificity: 0.2104 | MCC: 0.0696

--- Training on Task 5 (Timesteps: 4 to 4) ---
🔧 Task 5 动态权重: 6.70 -> 截断为: 6.70
   -> Focal Loss Alpha: 0.8702
📉 Snapshot 节点数: 148489 (仅当前任务)
   [EWC] Updating Fisher Matrix...
   [SPC] Task 5 子空间原型已更新 | 欺诈: 5421, 正常: 36346

--- [CL Evaluation] Evaluating on all seen tasks (0 to 4) ---
*** CL Metrics @ Task 5 ***
  [Binary]  F1: 0.1685 | Precision: 0.0964 | Recall: 0.9444
  [Macro]   Macro-F1: 0.2790 | Macro-Recall: 0.5966
  [Ranking] AUC-ROC: 0.7460 | AUC-PR: 0.1960
  [Balance] G-Mean: 0.4788 | Specificity: 0.2487 | MCC: 0.1081

--- Training on Task 6 (Timesteps: 5 to 5) ---
🔧 Task 6 动态权重: 3.81 -> 截断为: 3.81
   -> Focal Loss Alpha: 0.7919
📉 Snapshot 节点数: 72045 (仅当前任务)
   [EWC] Updating Fisher Matrix...
   [SPC] Task 6 子空间原型已更新 | 欺诈: 2319, 正常: 8825

--- [CL Evaluation] Evaluating on all seen tasks (0 to 5) ---
*** CL Metrics @ Task 6 ***
  [Binary]  F1: 0.2017 | Precision: 0.1188 | Recall: 0.9373
  [Macro]   Macro-F1: 0.2897 | Macro-Recall: 0.5885
  [Ranking] AUC-ROC: 0.7449 | AUC-PR: 0.2352
  [Balance] G-Mean: 0.4689 | Specificity: 0.2397 | MCC: 0.1074

--- Training on Task 7 (Timesteps: 6 to 6) ---
🔧 Task 7 动态权重: 6.63 -> 截断为: 6.63
   -> Focal Loss Alpha: 0.8690
📉 Snapshot 节点数: 106824 (仅当前任务)
   [EWC] Updating Fisher Matrix...
   [SPC] Task 7 子空间原型已更新 | 欺诈: 3553, 正常: 23563

--- [CL Evaluation] Evaluating on all seen tasks (0 to 6) ---
*** CL Metrics @ Task 7 ***
  [Binary]  F1: 0.2095 | Precision: 0.1230 | Recall: 0.9364
  [Macro]   Macro-F1: 0.2884 | Macro-Recall: 0.5839
  [Ranking] AUC-ROC: 0.7394 | AUC-PR: 0.2335
  [Balance] G-Mean: 0.4607 | Specificity: 0.2315 | MCC: 0.1068

--- Training on Task 8 (Timesteps: 7 to 7) ---
🔧 Task 8 动态权重: 9.60 -> 截断为: 9.60
   -> Focal Loss Alpha: 0.9057
📉 Snapshot 节点数: 138779 (仅当前任务)
   [EWC] Updating Fisher Matrix...
   [SPC] Task 8 子空间原型已更新 | 欺诈: 2811, 正常: 26989

--- [CL Evaluation] Evaluating on all seen tasks (0 to 7) ---
*** CL Metrics @ Task 8 ***
  [Binary]  F1: 0.2064 | Precision: 0.1204 | Recall: 0.9381
  [Macro]   Macro-F1: 0.2783 | Macro-Recall: 0.5785
  [Ranking] AUC-ROC: 0.7394 | AUC-PR: 0.2270
  [Balance] G-Mean: 0.4472 | Specificity: 0.2189 | MCC: 0.1024

--- Training on Task 9 (Timesteps: 8 to 8) ---
🔧 Task 9 动态权重: 22.55 -> 截断为: 10.00
   -> Focal Loss Alpha: 0.9091
📉 Snapshot 节点数: 166309 (仅当前任务)
   [EWC] Updating Fisher Matrix...
   [SPC] Task 9 子空间原型已更新 | 欺诈: 1674, 正常: 37750

--- [CL Evaluation] Evaluating on all seen tasks (0 to 8) ---
*** CL Metrics @ Task 9 ***
  [Binary]  F1: 0.1937 | Precision: 0.1125 | Recall: 0.9339
  [Macro]   Macro-F1: 0.2691 | Macro-Recall: 0.5741
  [Ranking] AUC-ROC: 0.7330 | AUC-PR: 0.2105
  [Balance] G-Mean: 0.4418 | Specificity: 0.2142 | MCC: 0.0957

--- Training on Task 10 (Timesteps: 9 to 9) ---
🔧 Task 10 动态权重: 12.37 -> 截断为: 10.00
   -> Focal Loss Alpha: 0.9091
📉 Snapshot 节点数: 89214 (仅当前任务)
   [EWC] Updating Fisher Matrix...
   [SPC] Task 10 子空间原型已更新 | 欺诈: 1682, 正常: 20798

--- [CL Evaluation] Evaluating on all seen tasks (0 to 9) ---
*** CL Metrics @ Task 10 ***
  [Binary]  F1: 0.1917 | Precision: 0.1107 | Recall: 0.9403
  [Macro]   Macro-F1: 0.2696 | Macro-Recall: 0.5780
  [Ranking] AUC-ROC: 0.7210 | AUC-PR: 0.1988
  [Balance] G-Mean: 0.4455 | Specificity: 0.2158 | MCC: 0.1008
All tasks trained.
Total time: 90.81s
