/usr/local/miniconda3/envs/py312/lib/python3.12/site-packages/torch/optim/lr_scheduler.py:1343: UserWarning: Converting a tensor with requires_grad=True to a scalar may lead to unexpected behavior.
Consider using tensor.detach() first. (Triggered internally at /pytorch/torch/csrc/autograd/generated/python_variable_methods.cpp:836.)
  current = float(metrics)

--- Training on Task 1 (Timesteps: 0 to 0) ---
🔧 Task 1 动态权重: 110.96 -> 截断为: 20.00
   -> Focal Loss Alpha: 0.9524
📉 Snapshot 节点数: 189571 (仅当前任务)

--- [CL Evaluation] Evaluating on all seen tasks (0 to 0) ---
*** CL Metrics @ Task 1 [WARM-UP, 仅供参考] ***
  [Binary]  F1: 0.0267 | Precision: 0.0186 | Recall: 0.0472
  [Macro]   Macro-F1: 0.5063 | Macro-Recall: 0.5134
  [Ranking] AUC-ROC: 0.5314 | AUC-PR: 0.0094
  [Balance] G-Mean: 0.2150 | Specificity: 0.9796 | MCC: 0.0169

--- Training on Task 2 (Timesteps: 1 to 1) ---
🔧 Task 2 动态权重: 21.43 -> 截断为: 10.00
   -> Focal Loss Alpha: 0.9091
📉 Snapshot 节点数: 160370 (仅当前任务)
   [EWC] Updating Fisher Matrix...

--- [CL Evaluation] Evaluating on all seen tasks (0 to 1) ---
*** CL Metrics @ Task 2 ***
  [Binary]  F1: 0.0000 | Precision: 0.0000 | Recall: 0.0000
  [Macro]   Macro-F1: 0.4928 | Macro-Recall: 0.5000
  [Ranking] AUC-ROC: 0.6518 | AUC-PR: 0.0870
  [Balance] G-Mean: 0.0000 | Specificity: 1.0000 | MCC: 0.0000

--- Training on Task 3 (Timesteps: 2 to 2) ---
🔧 Task 3 动态权重: 12.37 -> 截断为: 10.00
   -> Focal Loss Alpha: 0.9091
📉 Snapshot 节点数: 100261 (仅当前任务)
   [EWC] Updating Fisher Matrix...

--- [CL Evaluation] Evaluating on all seen tasks (0 to 2) ---
*** CL Metrics @ Task 3 ***
  [Binary]  F1: 0.2935 | Precision: 0.2314 | Recall: 0.4872
  [Macro]   Macro-F1: 0.6175 | Macro-Recall: 0.6976
  [Ranking] AUC-ROC: 0.7158 | AUC-PR: 0.1795
  [Balance] G-Mean: 0.6587 | Specificity: 0.9081 | MCC: 0.2768

--- Training on Task 4 (Timesteps: 3 to 3) ---
🔧 Task 4 动态权重: 7.97 -> 截断为: 7.97
   -> Focal Loss Alpha: 0.8885
📉 Snapshot 节点数: 96398 (仅当前任务)
   [EWC] Updating Fisher Matrix...

--- [CL Evaluation] Evaluating on all seen tasks (0 to 3) ---
*** CL Metrics @ Task 4 ***
  [Binary]  F1: 0.2798 | Precision: 0.2013 | Recall: 0.5316
  [Macro]   Macro-F1: 0.5926 | Macro-Recall: 0.6907
  [Ranking] AUC-ROC: 0.7244 | AUC-PR: 0.2063
  [Balance] G-Mean: 0.6656 | Specificity: 0.8499 | MCC: 0.2481

--- Training on Task 5 (Timesteps: 4 to 4) ---
🔧 Task 5 动态权重: 6.70 -> 截断为: 6.70
   -> Focal Loss Alpha: 0.8702
📉 Snapshot 节点数: 148489 (仅当前任务)
   [EWC] Updating Fisher Matrix...

--- [CL Evaluation] Evaluating on all seen tasks (0 to 4) ---
*** CL Metrics @ Task 5 ***
  [Binary]  F1: 0.3204 | Precision: 0.2420 | Recall: 0.5446
  [Macro]   Macro-F1: 0.6122 | Macro-Recall: 0.6988
  [Ranking] AUC-ROC: 0.7251 | AUC-PR: 0.2453
  [Balance] G-Mean: 0.6762 | Specificity: 0.8531 | MCC: 0.2776

--- Training on Task 6 (Timesteps: 5 to 5) ---
🔧 Task 6 动态权重: 3.81 -> 截断为: 3.81
   -> Focal Loss Alpha: 0.7919
📉 Snapshot 节点数: 72045 (仅当前任务)
   [EWC] Updating Fisher Matrix...

--- [CL Evaluation] Evaluating on all seen tasks (0 to 5) ---
*** CL Metrics @ Task 6 ***
  [Binary]  F1: 0.3548 | Precision: 0.2821 | Recall: 0.5506
  [Macro]   Macro-F1: 0.6254 | Macro-Recall: 0.7002
  [Ranking] AUC-ROC: 0.7260 | AUC-PR: 0.2763
  [Balance] G-Mean: 0.6794 | Specificity: 0.8497 | MCC: 0.2959

--- Training on Task 7 (Timesteps: 6 to 6) ---
🔧 Task 7 动态权重: 6.63 -> 截断为: 6.63
   -> Focal Loss Alpha: 0.8690
📉 Snapshot 节点数: 106824 (仅当前任务)
   [EWC] Updating Fisher Matrix...

--- [CL Evaluation] Evaluating on all seen tasks (0 to 6) ---
*** CL Metrics @ Task 7 ***
  [Binary]  F1: 0.3670 | Precision: 0.2904 | Recall: 0.5608
  [Macro]   Macro-F1: 0.6297 | Macro-Recall: 0.7028
  [Ranking] AUC-ROC: 0.7289 | AUC-PR: 0.2828
  [Balance] G-Mean: 0.6841 | Specificity: 0.8448 | MCC: 0.3031

--- Training on Task 8 (Timesteps: 7 to 7) ---
🔧 Task 8 动态权重: 9.60 -> 截断为: 9.60
   -> Focal Loss Alpha: 0.9057
📉 Snapshot 节点数: 138779 (仅当前任务)
   [EWC] Updating Fisher Matrix...

--- [CL Evaluation] Evaluating on all seen tasks (0 to 7) ---
*** CL Metrics @ Task 8 ***
  [Binary]  F1: 0.3576 | Precision: 0.2793 | Recall: 0.5571
  [Macro]   Macro-F1: 0.6226 | Macro-Recall: 0.6969
  [Ranking] AUC-ROC: 0.7200 | AUC-PR: 0.2680
  [Balance] G-Mean: 0.6791 | Specificity: 0.8368 | MCC: 0.2916

--- Training on Task 9 (Timesteps: 8 to 8) ---
🔧 Task 9 动态权重: 22.55 -> 截断为: 10.00
   -> Focal Loss Alpha: 0.9091
📉 Snapshot 节点数: 166309 (仅当前任务)
   [EWC] Updating Fisher Matrix...

--- [CL Evaluation] Evaluating on all seen tasks (0 to 8) ---
*** CL Metrics @ Task 9 ***
  [Binary]  F1: 0.3367 | Precision: 0.2594 | Recall: 0.5580
  [Macro]   Macro-F1: 0.6103 | Macro-Recall: 0.6932
  [Ranking] AUC-ROC: 0.7164 | AUC-PR: 0.2448
  [Balance] G-Mean: 0.6765 | Specificity: 0.8284 | MCC: 0.2764

--- Training on Task 10 (Timesteps: 9 to 9) ---
🔧 Task 10 动态权重: 12.37 -> 截断为: 10.00
   -> Focal Loss Alpha: 0.9091
📉 Snapshot 节点数: 89214 (仅当前任务)
   [EWC] Updating Fisher Matrix...

--- [CL Evaluation] Evaluating on all seen tasks (0 to 9) ---
*** CL Metrics @ Task 10 ***
  [Binary]  F1: 0.3161 | Precision: 0.2436 | Recall: 0.5202
  [Macro]   Macro-F1: 0.6007 | Macro-Recall: 0.6764
  [Ranking] AUC-ROC: 0.6850 | AUC-PR: 0.2289
  [Balance] G-Mean: 0.6485 | Specificity: 0.8326 | MCC: 0.2528
All tasks trained.
Total time: 86.62s
