/usr/local/miniconda3/envs/py312/lib/python3.12/site-packages/torch/optim/lr_scheduler.py:1343: UserWarning: Converting a tensor with requires_grad=True to a scalar may lead to unexpected behavior.
Consider using tensor.detach() first. (Triggered internally at /pytorch/torch/csrc/autograd/generated/python_variable_methods.cpp:836.)
  current = float(metrics)

--- Training on Task 1 (Timesteps: 0 to 0) ---
🔧 Task 1 动态权重: 110.96 -> 截断为: 20.00
   -> Focal Loss Alpha: 0.9524
📉 Snapshot 节点数: 189571 (仅当前任务)

--- [CL Evaluation] Evaluating on all seen tasks (0 to 0) ---
*** CL Metrics @ Task 1 [WARM-UP, 仅供参考] ***
  [Binary]  F1: 0.0000 | Precision: 0.0000 | Recall: 0.0000
  [Macro]   Macro-F1: 0.4980 | Macro-Recall: 0.5000
  [Ranking] AUC-ROC: 0.4975 | AUC-PR: 0.0081
  [Balance] G-Mean: 0.0000 | Specificity: 1.0000 | MCC: 0.0000

--- Training on Task 2 (Timesteps: 1 to 1) ---
🔧 Task 2 动态权重: 21.43 -> 截断为: 10.00
   -> Focal Loss Alpha: 0.9091
📉 Snapshot 节点数: 160370 (仅当前任务)
   [EWC] Updating Fisher Matrix...
   [SPC] Task 2 子空间原型已更新 | 欺诈: 1436, 正常: 30774

--- [CL Evaluation] Evaluating on all seen tasks (0 to 1) ---
*** CL Metrics @ Task 2 ***
  [Binary]  F1: 0.0000 | Precision: 0.0000 | Recall: 0.0000
  [Macro]   Macro-F1: 0.4928 | Macro-Recall: 0.5000
  [Ranking] AUC-ROC: 0.6400 | AUC-PR: 0.0818
  [Balance] G-Mean: 0.0000 | Specificity: 1.0000 | MCC: 0.0000

--- Training on Task 3 (Timesteps: 2 to 2) ---
🔧 Task 3 动态权重: 12.37 -> 截断为: 10.00
   -> Focal Loss Alpha: 0.9091
📉 Snapshot 节点数: 100261 (仅当前任务)
   [EWC] Updating Fisher Matrix...
   [SPC] Task 3 子空间原型已更新 | 欺诈: 1642, 正常: 20312

--- [CL Evaluation] Evaluating on all seen tasks (0 to 2) ---
*** CL Metrics @ Task 3 ***
  [Binary]  F1: 0.2794 | Precision: 0.2131 | Recall: 0.4932
  [Macro]   Macro-F1: 0.6074 | Macro-Recall: 0.6950
  [Ranking] AUC-ROC: 0.7221 | AUC-PR: 0.1759
  [Balance] G-Mean: 0.6584 | Specificity: 0.8968 | MCC: 0.2630

--- Training on Task 4 (Timesteps: 3 to 3) ---
🔧 Task 4 动态权重: 7.97 -> 截断为: 7.97
   -> Focal Loss Alpha: 0.8885
📉 Snapshot 节点数: 96398 (仅当前任务)
   [EWC] Updating Fisher Matrix...
   [SPC] Task 4 子空间原型已更新 | 欺诈: 1760, 正常: 14031

--- [CL Evaluation] Evaluating on all seen tasks (0 to 3) ---
*** CL Metrics @ Task 4 ***
  [Binary]  F1: 0.3199 | Precision: 0.2479 | Recall: 0.5176
  [Macro]   Macro-F1: 0.6232 | Macro-Recall: 0.7027
  [Ranking] AUC-ROC: 0.7342 | AUC-PR: 0.2097
  [Balance] G-Mean: 0.6721 | Specificity: 0.8879 | MCC: 0.2885

--- Training on Task 5 (Timesteps: 4 to 4) ---
🔧 Task 5 动态权重: 6.70 -> 截断为: 6.70
   -> Focal Loss Alpha: 0.8702
📉 Snapshot 节点数: 148489 (仅当前任务)
   [EWC] Updating Fisher Matrix...
   [SPC] Task 5 子空间原型已更新 | 欺诈: 5421, 正常: 36346

--- [CL Evaluation] Evaluating on all seen tasks (0 to 4) ---
*** CL Metrics @ Task 5 ***
  [Binary]  F1: 0.3629 | Precision: 0.2990 | Recall: 0.5282
  [Macro]   Macro-F1: 0.6444 | Macro-Recall: 0.7106
  [Ranking] AUC-ROC: 0.7362 | AUC-PR: 0.2519
  [Balance] G-Mean: 0.6821 | Specificity: 0.8931 | MCC: 0.3228

--- Training on Task 6 (Timesteps: 5 to 5) ---
🔧 Task 6 动态权重: 3.81 -> 截断为: 3.81
   -> Focal Loss Alpha: 0.7919
📉 Snapshot 节点数: 72045 (仅当前任务)
   [EWC] Updating Fisher Matrix...
   [SPC] Task 6 子空间原型已更新 | 欺诈: 2319, 正常: 8825

--- [CL Evaluation] Evaluating on all seen tasks (0 to 5) ---
*** CL Metrics @ Task 6 ***
  [Binary]  F1: 0.3890 | Precision: 0.3411 | Recall: 0.5219
  [Macro]   Macro-F1: 0.6536 | Macro-Recall: 0.7075
  [Ranking] AUC-ROC: 0.7372 | AUC-PR: 0.2808
  [Balance] G-Mean: 0.6788 | Specificity: 0.8931 | MCC: 0.3358

--- Training on Task 7 (Timesteps: 6 to 6) ---
🔧 Task 7 动态权重: 6.63 -> 截断为: 6.63
   -> Focal Loss Alpha: 0.8690
📉 Snapshot 节点数: 106824 (仅当前任务)
   [EWC] Updating Fisher Matrix...
   [SPC] Task 7 子空间原型已更新 | 欺诈: 3553, 正常: 23563

--- [CL Evaluation] Evaluating on all seen tasks (0 to 6) ---
*** CL Metrics @ Task 7 ***
  [Binary]  F1: 0.3994 | Precision: 0.3473 | Recall: 0.5301
  [Macro]   Macro-F1: 0.6570 | Macro-Recall: 0.7091
  [Ranking] AUC-ROC: 0.7410 | AUC-PR: 0.2874
  [Balance] G-Mean: 0.6825 | Specificity: 0.8881 | MCC: 0.3408

--- Training on Task 8 (Timesteps: 7 to 7) ---
🔧 Task 8 动态权重: 9.60 -> 截断为: 9.60
   -> Focal Loss Alpha: 0.9057
📉 Snapshot 节点数: 138779 (仅当前任务)
   [EWC] Updating Fisher Matrix...
   [SPC] Task 8 子空间原型已更新 | 欺诈: 2811, 正常: 26989

--- [CL Evaluation] Evaluating on all seen tasks (0 to 7) ---
*** CL Metrics @ Task 8 ***
  [Binary]  F1: 0.3882 | Precision: 0.3318 | Recall: 0.5273
  [Macro]   Macro-F1: 0.6489 | Macro-Recall: 0.7032
  [Ranking] AUC-ROC: 0.7333 | AUC-PR: 0.2722
  [Balance] G-Mean: 0.6776 | Specificity: 0.8791 | MCC: 0.3270

--- Training on Task 9 (Timesteps: 8 to 8) ---
🔧 Task 9 动态权重: 22.55 -> 截断为: 10.00
   -> Focal Loss Alpha: 0.9091
📉 Snapshot 节点数: 166309 (仅当前任务)
   [EWC] Updating Fisher Matrix...
   [SPC] Task 9 子空间原型已更新 | 欺诈: 1674, 正常: 37750

--- [CL Evaluation] Evaluating on all seen tasks (0 to 8) ---
*** CL Metrics @ Task 9 ***
  [Binary]  F1: 0.3653 | Precision: 0.3070 | Recall: 0.5293
  [Macro]   Macro-F1: 0.6354 | Macro-Recall: 0.6993
  [Ranking] AUC-ROC: 0.7298 | AUC-PR: 0.2509
  [Balance] G-Mean: 0.6753 | Specificity: 0.8693 | MCC: 0.3092

--- Training on Task 10 (Timesteps: 9 to 9) ---
🔧 Task 10 动态权重: 12.37 -> 截断为: 10.00
   -> Focal Loss Alpha: 0.9091
📉 Snapshot 节点数: 89214 (仅当前任务)
   [EWC] Updating Fisher Matrix...
   [SPC] Task 10 子空间原型已更新 | 欺诈: 1682, 正常: 20798

--- [CL Evaluation] Evaluating on all seen tasks (0 to 9) ---
*** CL Metrics @ Task 10 ***
  [Binary]  F1: 0.3432 | Precision: 0.2884 | Recall: 0.4941
  [Macro]   Macro-F1: 0.6247 | Macro-Recall: 0.6830
  [Ranking] AUC-ROC: 0.6978 | AUC-PR: 0.2333
  [Balance] G-Mean: 0.6476 | Specificity: 0.8719 | MCC: 0.2844
All tasks trained.
Total time: 92.14s
