/usr/local/miniconda3/envs/py312/lib/python3.12/site-packages/torch/optim/lr_scheduler.py:1343: UserWarning: Converting a tensor with requires_grad=True to a scalar may lead to unexpected behavior.
Consider using tensor.detach() first. (Triggered internally at /pytorch/torch/csrc/autograd/generated/python_variable_methods.cpp:836.)
  current = float(metrics)

--- Training on Task 1 (Timesteps: 0 to 0) ---
[INFO] Task 1 class weight: 110.96 -> clipped: 20.00
   -> Focal Loss Alpha: 0.9524
[INFO] Snapshot nodes: 189571 (current task only)

--- [CL Evaluation] Evaluating on all seen tasks (0 to 0) ---
*** CL Metrics @ Task 1 [WARM-UP, 仅供参考] ***
  [Binary]  F1: 0.0000 | Precision: 0.0000 | Recall: 0.0000
  [Macro]   Macro-F1: 0.4980 | Macro-Recall: 0.5000
  [Ranking] AUC-ROC: 0.4990 | AUC-PR: 0.0081
  [Balance] G-Mean: 0.0000 | Specificity: 1.0000 | MCC: 0.0000

--- Training on Task 2 (Timesteps: 1 to 1) ---
[INFO] Task 2 class weight: 21.43 -> clipped: 10.00
   -> Focal Loss Alpha: 0.9091
[INFO] Snapshot nodes: 160370 (current task only)

--- [CL Evaluation] Evaluating on all seen tasks (0 to 1) ---
*** CL Metrics @ Task 2 ***
  [Binary]  F1: 0.0965 | Precision: 0.0549 | Recall: 0.5146
  [Macro]   Macro-F1: 0.4313 | Macro-Recall: 0.5719
  [Ranking] AUC-ROC: 0.6197 | AUC-PR: 0.0637
  [Balance] G-Mean: 0.5630 | Specificity: 0.6293 | MCC: 0.0807

--- Training on Task 3 (Timesteps: 2 to 2) ---
[INFO] Task 3 class weight: 12.37 -> clipped: 10.00
   -> Focal Loss Alpha: 0.9091
[INFO] Snapshot nodes: 100261 (current task only)

--- [CL Evaluation] Evaluating on all seen tasks (0 to 2) ---
*** CL Metrics @ Task 3 ***
  [Binary]  F1: 0.1763 | Precision: 0.1091 | Recall: 0.5883
  [Macro]   Macro-F1: 0.4861 | Macro-Recall: 0.6314
  [Ranking] AUC-ROC: 0.6916 | AUC-PR: 0.1263
  [Balance] G-Mean: 0.6253 | Specificity: 0.6745 | MCC: 0.1559

--- Training on Task 4 (Timesteps: 3 to 3) ---
[INFO] Task 4 class weight: 7.97 -> clipped: 7.97
   -> Focal Loss Alpha: 0.8885
[INFO] Snapshot nodes: 96398 (current task only)

--- [CL Evaluation] Evaluating on all seen tasks (0 to 3) ---
*** CL Metrics @ Task 4 ***
  [Binary]  F1: 0.2033 | Precision: 0.1262 | Recall: 0.6207
  [Macro]   Macro-F1: 0.4893 | Macro-Recall: 0.6351
  [Ranking] AUC-ROC: 0.6953 | AUC-PR: 0.1467
  [Balance] G-Mean: 0.6296 | Specificity: 0.6496 | MCC: 0.1635

--- Training on Task 5 (Timesteps: 4 to 4) ---
[INFO] Task 5 class weight: 6.70 -> clipped: 6.70
   -> Focal Loss Alpha: 0.8702
[INFO] Snapshot nodes: 148489 (current task only)

--- [CL Evaluation] Evaluating on all seen tasks (0 to 4) ---
*** CL Metrics @ Task 5 ***
  [Binary]  F1: 0.2302 | Precision: 0.1466 | Recall: 0.6264
  [Macro]   Macro-F1: 0.5025 | Macro-Recall: 0.6394
  [Ranking] AUC-ROC: 0.6947 | AUC-PR: 0.1690
  [Balance] G-Mean: 0.6350 | Specificity: 0.6524 | MCC: 0.1746

--- Training on Task 6 (Timesteps: 5 to 5) ---
[INFO] Task 6 class weight: 3.81 -> clipped: 3.81
   -> Focal Loss Alpha: 0.7919
[INFO] Snapshot nodes: 72045 (current task only)

--- [CL Evaluation] Evaluating on all seen tasks (0 to 5) ---
*** CL Metrics @ Task 6 ***
  [Binary]  F1: 0.2625 | Precision: 0.1728 | Recall: 0.6386
  [Macro]   Macro-F1: 0.5117 | Macro-Recall: 0.6387
  [Ranking] AUC-ROC: 0.6958 | AUC-PR: 0.1991
  [Balance] G-Mean: 0.6345 | Specificity: 0.6389 | MCC: 0.1823

--- Training on Task 7 (Timesteps: 6 to 6) ---
[INFO] Task 7 class weight: 6.63 -> clipped: 6.63
   -> Focal Loss Alpha: 0.8690
[INFO] Snapshot nodes: 106824 (current task only)

--- [CL Evaluation] Evaluating on all seen tasks (0 to 6) ---
*** CL Metrics @ Task 7 ***
  [Binary]  F1: 0.2713 | Precision: 0.1782 | Recall: 0.6478
  [Macro]   Macro-F1: 0.5137 | Macro-Recall: 0.6403
  [Ranking] AUC-ROC: 0.6952 | AUC-PR: 0.2019
  [Balance] G-Mean: 0.6364 | Specificity: 0.6328 | MCC: 0.1855

--- Training on Task 8 (Timesteps: 7 to 7) ---
[INFO] Task 8 class weight: 9.60 -> clipped: 9.60
   -> Focal Loss Alpha: 0.9057
[INFO] Snapshot nodes: 138779 (current task only)

--- [CL Evaluation] Evaluating on all seen tasks (0 to 7) ---
*** CL Metrics @ Task 8 ***
  [Binary]  F1: 0.2636 | Precision: 0.1719 | Recall: 0.6414
  [Macro]   Macro-F1: 0.5071 | Macro-Recall: 0.6335
  [Ranking] AUC-ROC: 0.6863 | AUC-PR: 0.1935
  [Balance] G-Mean: 0.6300 | Specificity: 0.6256 | MCC: 0.1750

--- Training on Task 9 (Timesteps: 8 to 8) ---
[INFO] Task 9 class weight: 22.55 -> clipped: 10.00
   -> Focal Loss Alpha: 0.9091
[INFO] Snapshot nodes: 166309 (current task only)

--- [CL Evaluation] Evaluating on all seen tasks (0 to 8) ---
*** CL Metrics @ Task 9 ***
  [Binary]  F1: 0.2475 | Precision: 0.1600 | Recall: 0.6486
  [Macro]   Macro-F1: 0.4949 | Macro-Recall: 0.6312
  [Ranking] AUC-ROC: 0.6816 | AUC-PR: 0.1793
  [Balance] G-Mean: 0.6273 | Specificity: 0.6138 | MCC: 0.1659

--- Training on Task 10 (Timesteps: 9 to 9) ---
[INFO] Task 10 class weight: 12.37 -> clipped: 10.00
   -> Focal Loss Alpha: 0.9091
[INFO] Snapshot nodes: 89214 (current task only)

--- [CL Evaluation] Evaluating on all seen tasks (0 to 9) ---
*** CL Metrics @ Task 10 ***
  [Binary]  F1: 0.2282 | Precision: 0.1472 | Recall: 0.6019
  [Macro]   Macro-F1: 0.4828 | Macro-Recall: 0.6054
  [Ranking] AUC-ROC: 0.6535 | AUC-PR: 0.1677
  [Balance] G-Mean: 0.5966 | Specificity: 0.6088 | MCC: 0.1357
All tasks trained.
Total time: 83.61s
