/usr/local/miniconda3/envs/py312/lib/python3.12/site-packages/torch/optim/lr_scheduler.py:1343: UserWarning: Converting a tensor with requires_grad=True to a scalar may lead to unexpected behavior.
Consider using tensor.detach() first. (Triggered internally at /pytorch/torch/csrc/autograd/generated/python_variable_methods.cpp:836.)
  current = float(metrics)

--- Training on Task 1 (Timesteps: 0 to 0) ---
[INFO] Task 1 class weight: 110.96 -> clipped: 20.00
   -> Focal Loss Alpha: 0.9524
[INFO] Snapshot nodes: 189571 (current task only)

--- [CL Evaluation] Evaluating on all seen tasks (0 to 0) ---
*** CL Metrics @ Task 1 [WARM-UP, 仅供参考] ***
  [Binary]  F1: 0.0000 | Precision: 0.0000 | Recall: 0.0000
  [Macro]   Macro-F1: 0.4980 | Macro-Recall: 0.5000
  [Ranking] AUC-ROC: 0.5000 | AUC-PR: 0.0081
  [Balance] G-Mean: 0.0000 | Specificity: 1.0000 | MCC: 0.0000

--- Training on Task 2 (Timesteps: 1 to 1) ---
[INFO] Task 2 class weight: 21.43 -> clipped: 10.00
   -> Focal Loss Alpha: 0.9091
[INFO] Snapshot nodes: 160370 (current task only)

--- [CL Evaluation] Evaluating on all seen tasks (0 to 1) ---
*** CL Metrics @ Task 2 ***
  [Binary]  F1: 0.1157 | Precision: 0.0683 | Recall: 0.4746
  [Macro]   Macro-F1: 0.4960 | Macro-Recall: 0.6322
  [Ranking] AUC-ROC: 0.6238 | AUC-PR: 0.0611
  [Balance] G-Mean: 0.6040 | Specificity: 0.7898 | MCC: 0.1137

--- Training on Task 3 (Timesteps: 2 to 2) ---
[INFO] Task 3 class weight: 12.37 -> clipped: 10.00
   -> Focal Loss Alpha: 0.9091
[INFO] Snapshot nodes: 100261 (current task only)

--- [CL Evaluation] Evaluating on all seen tasks (0 to 2) ---
*** CL Metrics @ Task 3 ***
  [Binary]  F1: 0.1990 | Precision: 0.1283 | Recall: 0.5475
  [Macro]   Macro-F1: 0.5389 | Macro-Recall: 0.6726
  [Ranking] AUC-ROC: 0.6810 | AUC-PR: 0.1198
  [Balance] G-Mean: 0.6529 | Specificity: 0.7976 | MCC: 0.1860

--- Training on Task 4 (Timesteps: 3 to 3) ---
[INFO] Task 4 class weight: 7.97 -> clipped: 7.97
   -> Focal Loss Alpha: 0.8885
[INFO] Snapshot nodes: 96398 (current task only)

--- [CL Evaluation] Evaluating on all seen tasks (0 to 3) ---
*** CL Metrics @ Task 4 ***
  [Binary]  F1: 0.2352 | Precision: 0.1541 | Recall: 0.5778
  [Macro]   Macro-F1: 0.5490 | Macro-Recall: 0.6776
  [Ranking] AUC-ROC: 0.6933 | AUC-PR: 0.1453
  [Balance] G-Mean: 0.6628 | Specificity: 0.7773 | MCC: 0.2045

--- Training on Task 5 (Timesteps: 4 to 4) ---
[INFO] Task 5 class weight: 6.70 -> clipped: 6.70
   -> Focal Loss Alpha: 0.8702
[INFO] Snapshot nodes: 148489 (current task only)

--- [CL Evaluation] Evaluating on all seen tasks (0 to 4) ---
*** CL Metrics @ Task 5 ***
  [Binary]  F1: 0.2663 | Precision: 0.1800 | Recall: 0.5877
  [Macro]   Macro-F1: 0.5618 | Macro-Recall: 0.6805
  [Ranking] AUC-ROC: 0.6958 | AUC-PR: 0.1700
  [Balance] G-Mean: 0.6681 | Specificity: 0.7734 | MCC: 0.2210

--- Training on Task 6 (Timesteps: 5 to 5) ---
[INFO] Task 6 class weight: 3.81 -> clipped: 3.81
   -> Focal Loss Alpha: 0.7919
[INFO] Snapshot nodes: 72045 (current task only)

--- [CL Evaluation] Evaluating on all seen tasks (0 to 5) ---
*** CL Metrics @ Task 6 ***
  [Binary]  F1: 0.2986 | Precision: 0.2107 | Recall: 0.5936
  [Macro]   Macro-F1: 0.5718 | Macro-Recall: 0.6781
  [Ranking] AUC-ROC: 0.6978 | AUC-PR: 0.2005
  [Balance] G-Mean: 0.6675 | Specificity: 0.7626 | MCC: 0.2311

--- Training on Task 7 (Timesteps: 6 to 6) ---
[INFO] Task 7 class weight: 6.63 -> clipped: 6.63
   -> Focal Loss Alpha: 0.8690
[INFO] Snapshot nodes: 106824 (current task only)

--- [CL Evaluation] Evaluating on all seen tasks (0 to 6) ---
*** CL Metrics @ Task 7 ***
  [Binary]  F1: 0.3074 | Precision: 0.2161 | Recall: 0.6023
  [Macro]   Macro-F1: 0.5727 | Macro-Recall: 0.6777
  [Ranking] AUC-ROC: 0.7020 | AUC-PR: 0.2074
  [Balance] G-Mean: 0.6686 | Specificity: 0.7532 | MCC: 0.2338

--- Training on Task 8 (Timesteps: 7 to 7) ---
[INFO] Task 8 class weight: 9.60 -> clipped: 9.60
   -> Focal Loss Alpha: 0.9057
[INFO] Snapshot nodes: 138779 (current task only)

--- [CL Evaluation] Evaluating on all seen tasks (0 to 7) ---
*** CL Metrics @ Task 8 ***
  [Binary]  F1: 0.2990 | Precision: 0.2083 | Recall: 0.5963
  [Macro]   Macro-F1: 0.5655 | Macro-Recall: 0.6703
  [Ranking] AUC-ROC: 0.6992 | AUC-PR: 0.2005
  [Balance] G-Mean: 0.6619 | Specificity: 0.7443 | MCC: 0.2228

--- Training on Task 9 (Timesteps: 8 to 8) ---
[INFO] Task 9 class weight: 22.55 -> clipped: 10.00
   -> Focal Loss Alpha: 0.9091
[INFO] Snapshot nodes: 166309 (current task only)

--- [CL Evaluation] Evaluating on all seen tasks (0 to 8) ---
*** CL Metrics @ Task 9 ***
  [Binary]  F1: 0.2821 | Precision: 0.1944 | Recall: 0.5992
  [Macro]   Macro-F1: 0.5551 | Macro-Recall: 0.6680
  [Ranking] AUC-ROC: 0.6985 | AUC-PR: 0.1869
  [Balance] G-Mean: 0.6604 | Specificity: 0.7368 | MCC: 0.2126

--- Training on Task 10 (Timesteps: 9 to 9) ---
[INFO] Task 10 class weight: 12.37 -> clipped: 10.00
   -> Focal Loss Alpha: 0.9091
[INFO] Snapshot nodes: 89214 (current task only)

--- [CL Evaluation] Evaluating on all seen tasks (0 to 9) ---
*** CL Metrics @ Task 10 ***
  [Binary]  F1: 0.2627 | Precision: 0.1807 | Recall: 0.5577
  [Macro]   Macro-F1: 0.5455 | Macro-Recall: 0.6483
  [Ranking] AUC-ROC: 0.6671 | AUC-PR: 0.1753
  [Balance] G-Mean: 0.6318 | Specificity: 0.7388 | MCC: 0.1877
All tasks trained.
Total time: 83.54s
