/usr/local/miniconda3/envs/py312/lib/python3.12/site-packages/torch/optim/lr_scheduler.py:1343: UserWarning: Converting a tensor with requires_grad=True to a scalar may lead to unexpected behavior.
Consider using tensor.detach() first. (Triggered internally at /pytorch/torch/csrc/autograd/generated/python_variable_methods.cpp:836.)
  current = float(metrics)

--- Training on Task 1 (Timesteps: 0 to 0) ---
🔧 Task 1 动态权重: 110.96 -> 截断为: 20.00
   -> Focal Loss Alpha: 0.9524
📉 Snapshot 节点数: 189571 (仅当前任务)

--- [CL Evaluation] Evaluating on all seen tasks (0 to 0) ---
*** CL Metrics @ Task 1 [WARM-UP, 仅供参考] ***
  [Binary]  F1: 0.0000 | Precision: 0.0000 | Recall: 0.0000
  [Macro]   Macro-F1: 0.4980 | Macro-Recall: 0.5000
  [Ranking] AUC-ROC: 0.5017 | AUC-PR: 0.0082
  [Balance] G-Mean: 0.0000 | Specificity: 1.0000 | MCC: 0.0000

--- Training on Task 2 (Timesteps: 1 to 1) ---
🔧 Task 2 动态权重: 21.43 -> 截断为: 10.00
   -> Focal Loss Alpha: 0.9091
📉 Snapshot 节点数: 160370 (仅当前任务)
   [EWC] Updating Fisher Matrix...
   [SPC] Task 2 子空间原型已更新 | 欺诈: 1436, 正常: 30774

--- [CL Evaluation] Evaluating on all seen tasks (0 to 1) ---
*** CL Metrics @ Task 2 ***
  [Binary]  F1: 0.1571 | Precision: 0.1029 | Recall: 0.4259
  [Macro]   Macro-F1: 0.5412 | Macro-Recall: 0.6496
  [Ranking] AUC-ROC: 0.6411 | AUC-PR: 0.0974
  [Balance] G-Mean: 0.6035 | Specificity: 0.8732 | MCC: 0.1541

--- Training on Task 3 (Timesteps: 2 to 2) ---
🔧 Task 3 动态权重: 12.37 -> 截断为: 10.00
   -> Focal Loss Alpha: 0.9091
📉 Snapshot 节点数: 100261 (仅当前任务)
   [EWC] Updating Fisher Matrix...
   [SPC] Task 3 子空间原型已更新 | 欺诈: 1642, 正常: 20312

--- [CL Evaluation] Evaluating on all seen tasks (0 to 2) ---
*** CL Metrics @ Task 3 ***
  [Binary]  F1: 0.2618 | Precision: 0.1934 | Recall: 0.4958
  [Macro]   Macro-F1: 0.5950 | Macro-Recall: 0.6898
  [Ranking] AUC-ROC: 0.7066 | AUC-PR: 0.1681
  [Balance] G-Mean: 0.6551 | Specificity: 0.8839 | MCC: 0.2456

--- Training on Task 4 (Timesteps: 3 to 3) ---
🔧 Task 4 动态权重: 7.97 -> 截断为: 7.97
   -> Focal Loss Alpha: 0.8885
📉 Snapshot 节点数: 96398 (仅当前任务)
   [EWC] Updating Fisher Matrix...
   [SPC] Task 4 子空间原型已更新 | 欺诈: 1760, 正常: 14031

--- [CL Evaluation] Evaluating on all seen tasks (0 to 3) ---
*** CL Metrics @ Task 4 ***
  [Binary]  F1: 0.3035 | Precision: 0.2281 | Recall: 0.5228
  [Macro]   Macro-F1: 0.6113 | Macro-Recall: 0.6985
  [Ranking] AUC-ROC: 0.7196 | AUC-PR: 0.1994
  [Balance] G-Mean: 0.6699 | Specificity: 0.8741 | MCC: 0.2721

--- Training on Task 5 (Timesteps: 4 to 4) ---
🔧 Task 5 动态权重: 6.70 -> 截断为: 6.70
   -> Focal Loss Alpha: 0.8702
📉 Snapshot 节点数: 148489 (仅当前任务)
   [EWC] Updating Fisher Matrix...
   [SPC] Task 5 子空间原型已更新 | 欺诈: 5421, 正常: 36346

--- [CL Evaluation] Evaluating on all seen tasks (0 to 4) ---
*** CL Metrics @ Task 5 ***
  [Binary]  F1: 0.3478 | Precision: 0.2777 | Recall: 0.5352
  [Macro]   Macro-F1: 0.6333 | Macro-Recall: 0.7074
  [Ranking] AUC-ROC: 0.7211 | AUC-PR: 0.2439
  [Balance] G-Mean: 0.6811 | Specificity: 0.8796 | MCC: 0.3071

--- Training on Task 6 (Timesteps: 5 to 5) ---
🔧 Task 6 动态权重: 3.81 -> 截断为: 3.81
   -> Focal Loss Alpha: 0.7919
📉 Snapshot 节点数: 72045 (仅当前任务)
   [EWC] Updating Fisher Matrix...
   [SPC] Task 6 子空间原型已更新 | 欺诈: 2319, 正常: 8825

--- [CL Evaluation] Evaluating on all seen tasks (0 to 5) ---
*** CL Metrics @ Task 6 ***
  [Binary]  F1: 0.3834 | Precision: 0.3236 | Recall: 0.5410
  [Macro]   Macro-F1: 0.6479 | Macro-Recall: 0.7101
  [Ranking] AUC-ROC: 0.7229 | AUC-PR: 0.2735
  [Balance] G-Mean: 0.6854 | Specificity: 0.8791 | MCC: 0.3295

--- Training on Task 7 (Timesteps: 6 to 6) ---
🔧 Task 7 动态权重: 6.63 -> 截断为: 6.63
   -> Focal Loss Alpha: 0.8690
📉 Snapshot 节点数: 106824 (仅当前任务)
   [EWC] Updating Fisher Matrix...
   [SPC] Task 7 子空间原型已更新 | 欺诈: 3553, 正常: 23563

--- [CL Evaluation] Evaluating on all seen tasks (0 to 6) ---
*** CL Metrics @ Task 7 ***
  [Binary]  F1: 0.3958 | Precision: 0.3317 | Recall: 0.5516
  [Macro]   Macro-F1: 0.6524 | Macro-Recall: 0.7130
  [Ranking] AUC-ROC: 0.7269 | AUC-PR: 0.2809
  [Balance] G-Mean: 0.6906 | Specificity: 0.8745 | MCC: 0.3369

--- Training on Task 8 (Timesteps: 7 to 7) ---
🔧 Task 8 动态权重: 9.60 -> 截断为: 9.60
   -> Focal Loss Alpha: 0.9057
📉 Snapshot 节点数: 138779 (仅当前任务)
   [EWC] Updating Fisher Matrix...
   [SPC] Task 8 子空间原型已更新 | 欺诈: 2811, 正常: 26989

--- [CL Evaluation] Evaluating on all seen tasks (0 to 7) ---
*** CL Metrics @ Task 8 ***
  [Binary]  F1: 0.3834 | Precision: 0.3164 | Recall: 0.5466
  [Macro]   Macro-F1: 0.6434 | Macro-Recall: 0.7058
  [Ranking] AUC-ROC: 0.7191 | AUC-PR: 0.2670
  [Balance] G-Mean: 0.6842 | Specificity: 0.8650 | MCC: 0.3217

--- Training on Task 9 (Timesteps: 8 to 8) ---
🔧 Task 9 动态权重: 22.55 -> 截断为: 10.00
   -> Focal Loss Alpha: 0.9091
📉 Snapshot 节点数: 166309 (仅当前任务)
   [EWC] Updating Fisher Matrix...
   [SPC] Task 9 子空间原型已更新 | 欺诈: 1674, 正常: 37750

--- [CL Evaluation] Evaluating on all seen tasks (0 to 8) ---
*** CL Metrics @ Task 9 ***
  [Binary]  F1: 0.3603 | Precision: 0.2928 | Recall: 0.5474
  [Macro]   Macro-F1: 0.6295 | Macro-Recall: 0.7012
  [Ranking] AUC-ROC: 0.7154 | AUC-PR: 0.2458
  [Balance] G-Mean: 0.6810 | Specificity: 0.8550 | MCC: 0.3037

--- Training on Task 10 (Timesteps: 9 to 9) ---
🔧 Task 10 动态权重: 12.37 -> 截断为: 10.00
   -> Focal Loss Alpha: 0.9091
📉 Snapshot 节点数: 89214 (仅当前任务)
   [EWC] Updating Fisher Matrix...
   [SPC] Task 10 子空间原型已更新 | 欺诈: 1682, 正常: 20798

--- [CL Evaluation] Evaluating on all seen tasks (0 to 9) ---
*** CL Metrics @ Task 10 ***
  [Binary]  F1: 0.3379 | Precision: 0.2745 | Recall: 0.5107
  [Macro]   Macro-F1: 0.6187 | Macro-Recall: 0.6842
  [Ranking] AUC-ROC: 0.6826 | AUC-PR: 0.2288
  [Balance] G-Mean: 0.6527 | Specificity: 0.8577 | MCC: 0.2784
All tasks trained.
Total time: 139.93s
