/usr/local/miniconda3/envs/py312/lib/python3.12/site-packages/torch/optim/lr_scheduler.py:1343: UserWarning: Converting a tensor with requires_grad=True to a scalar may lead to unexpected behavior.
Consider using tensor.detach() first. (Triggered internally at /pytorch/torch/csrc/autograd/generated/python_variable_methods.cpp:836.)
  current = float(metrics)

--- Training on Task 1 (Timesteps: 0 to 0) ---
[INFO] Task 1 class weight: 110.96 -> clipped: 20.00
   -> Focal Loss Alpha: 0.9524
[INFO] Snapshot nodes: 189571 (current task only)

--- [CL Evaluation] Evaluating on all seen tasks (0 to 0) ---
*** CL Metrics @ Task 1 [WARM-UP, 仅供参考] ***
  [Binary]  F1: 0.0000 | Precision: 0.0000 | Recall: 0.0000
  [Macro]   Macro-F1: 0.4980 | Macro-Recall: 0.5000
  [Ranking] AUC-ROC: 0.5000 | AUC-PR: 0.0081
  [Balance] G-Mean: 0.0000 | Specificity: 1.0000 | MCC: 0.0000

--- Training on Task 2 (Timesteps: 1 to 1) ---
[INFO] Task 2 class weight: 21.43 -> clipped: 10.00
   -> Focal Loss Alpha: 0.9091
[INFO] Snapshot nodes: 160370 (current task only)
   [EWC] Updating Fisher Matrix...

--- [CL Evaluation] Evaluating on all seen tasks (0 to 1) ---
*** CL Metrics @ Task 2 ***
  [Binary]  F1: 0.0288 | Precision: 0.0209 | Recall: 0.0460
  [Macro]   Macro-F1: 0.4631 | Macro-Recall: 0.4418
  [Ranking] AUC-ROC: 0.5556 | AUC-PR: 0.0390
  [Balance] G-Mean: 0.1433 | Specificity: 0.8376 | MCC: -0.0291

--- Training on Task 3 (Timesteps: 2 to 2) ---
[INFO] Task 3 class weight: 12.37 -> clipped: 10.00
   -> Focal Loss Alpha: 0.9091
[INFO] Snapshot nodes: 100261 (current task only)
   [EWC] Updating Fisher Matrix...

--- [CL Evaluation] Evaluating on all seen tasks (0 to 2) ---
*** CL Metrics @ Task 3 ***
  [Binary]  F1: 0.0317 | Precision: 0.0251 | Recall: 0.0448
  [Macro]   Macro-F1: 0.4652 | Macro-Recall: 0.4500
  [Ranking] AUC-ROC: 0.6023 | AUC-PR: 0.0668
  [Balance] G-Mean: 0.1602 | Specificity: 0.8553 | MCC: -0.0395

--- Training on Task 4 (Timesteps: 3 to 3) ---
[INFO] Task 4 class weight: 7.97 -> clipped: 7.97
   -> Focal Loss Alpha: 0.8885
[INFO] Snapshot nodes: 96398 (current task only)
   [EWC] Updating Fisher Matrix...

--- [CL Evaluation] Evaluating on all seen tasks (0 to 3) ---
*** CL Metrics @ Task 4 ***
  [Binary]  F1: 0.0434 | Precision: 0.0386 | Recall: 0.0531
  [Macro]   Macro-F1: 0.4691 | Macro-Recall: 0.4577
  [Ranking] AUC-ROC: 0.6168 | AUC-PR: 0.0865
  [Balance] G-Mean: 0.1859 | Specificity: 0.8623 | MCC: -0.0392

--- Training on Task 5 (Timesteps: 4 to 4) ---
[INFO] Task 5 class weight: 6.70 -> clipped: 6.70
   -> Focal Loss Alpha: 0.8702
[INFO] Snapshot nodes: 148489 (current task only)
   [EWC] Updating Fisher Matrix...

--- [CL Evaluation] Evaluating on all seen tasks (0 to 4) ---
*** CL Metrics @ Task 5 ***
  [Binary]  F1: 0.0411 | Precision: 0.0379 | Recall: 0.0483
  [Macro]   Macro-F1: 0.4651 | Macro-Recall: 0.4569
  [Ranking] AUC-ROC: 0.5954 | AUC-PR: 0.0929
  [Balance] G-Mean: 0.1806 | Specificity: 0.8656 | MCC: -0.0515

--- Training on Task 6 (Timesteps: 5 to 5) ---
[INFO] Task 6 class weight: 3.81 -> clipped: 3.81
   -> Focal Loss Alpha: 0.7919
[INFO] Snapshot nodes: 72045 (current task only)
   [EWC] Updating Fisher Matrix...

--- [CL Evaluation] Evaluating on all seen tasks (0 to 5) ---
*** CL Metrics @ Task 6 ***
  [Binary]  F1: 0.0557 | Precision: 0.0617 | Recall: 0.0569
  [Macro]   Macro-F1: 0.4674 | Macro-Recall: 0.4623
  [Ranking] AUC-ROC: 0.6017 | AUC-PR: 0.1193
  [Balance] G-Mean: 0.1999 | Specificity: 0.8677 | MCC: -0.0475

--- Training on Task 7 (Timesteps: 6 to 6) ---
[INFO] Task 7 class weight: 6.63 -> clipped: 6.63
   -> Focal Loss Alpha: 0.8690
[INFO] Snapshot nodes: 106824 (current task only)
   [EWC] Updating Fisher Matrix...

--- [CL Evaluation] Evaluating on all seen tasks (0 to 6) ---
*** CL Metrics @ Task 7 ***
  [Binary]  F1: 0.0566 | Precision: 0.0614 | Recall: 0.0580
  [Macro]   Macro-F1: 0.4657 | Macro-Recall: 0.4611
  [Ranking] AUC-ROC: 0.6003 | AUC-PR: 0.1224
  [Balance] G-Mean: 0.2047 | Specificity: 0.8643 | MCC: -0.0534

--- Training on Task 8 (Timesteps: 7 to 7) ---
[INFO] Task 8 class weight: 9.60 -> clipped: 9.60
   -> Focal Loss Alpha: 0.9057
[INFO] Snapshot nodes: 138779 (current task only)
   [EWC] Updating Fisher Matrix...

--- [CL Evaluation] Evaluating on all seen tasks (0 to 7) ---
*** CL Metrics @ Task 8 ***
  [Binary]  F1: 0.0551 | Precision: 0.0588 | Recall: 0.0568
  [Macro]   Macro-F1: 0.4659 | Macro-Recall: 0.4616
  [Ranking] AUC-ROC: 0.5998 | AUC-PR: 0.1203
  [Balance] G-Mean: 0.2049 | Specificity: 0.8665 | MCC: -0.0548

--- Training on Task 9 (Timesteps: 8 to 8) ---
[INFO] Task 9 class weight: 22.55 -> clipped: 10.00
   -> Focal Loss Alpha: 0.9091
[INFO] Snapshot nodes: 166309 (current task only)
   [EWC] Updating Fisher Matrix...

--- [CL Evaluation] Evaluating on all seen tasks (0 to 8) ---
*** CL Metrics @ Task 9 ***
  [Binary]  F1: 0.0537 | Precision: 0.0553 | Recall: 0.0616
  [Macro]   Macro-F1: 0.4659 | Macro-Recall: 0.4621
  [Ranking] AUC-ROC: 0.5990 | AUC-PR: 0.1125
  [Balance] G-Mean: 0.2141 | Specificity: 0.8627 | MCC: -0.0529

--- Training on Task 10 (Timesteps: 9 to 9) ---
[INFO] Task 10 class weight: 12.37 -> clipped: 10.00
   -> Focal Loss Alpha: 0.9091
[INFO] Snapshot nodes: 89214 (current task only)
   [EWC] Updating Fisher Matrix...

--- [CL Evaluation] Evaluating on all seen tasks (0 to 9) ---
*** CL Metrics @ Task 10 ***
  [Binary]  F1: 0.0483 | Precision: 0.0498 | Recall: 0.0554
  [Macro]   Macro-F1: 0.4657 | Macro-Recall: 0.4628
  [Ranking] AUC-ROC: 0.5798 | AUC-PR: 0.1079
  [Balance] G-Mean: 0.1927 | Specificity: 0.8702 | MCC: -0.0547
All tasks trained.
Total time: 109.44s
