/usr/local/miniconda3/envs/py312/lib/python3.12/site-packages/torch/optim/lr_scheduler.py:1343: UserWarning: Converting a tensor with requires_grad=True to a scalar may lead to unexpected behavior.
Consider using tensor.detach() first. (Triggered internally at /pytorch/torch/csrc/autograd/generated/python_variable_methods.cpp:836.)
  current = float(metrics)

--- Training on Task 1 (Timesteps: 0 to 0) ---
🔧 Task 1 动态权重: 110.96 -> 截断为: 20.00
   -> Focal Loss Alpha: 0.9524
📉 Snapshot 节点数: 189571 (仅当前任务)

--- [CL Evaluation] Evaluating on all seen tasks (0 to 0) ---
*** CL Metrics @ Task 1 [WARM-UP, 仅供参考] ***
  [Binary]  F1: 0.0000 | Precision: 0.0000 | Recall: 0.0000
  [Macro]   Macro-F1: 0.4980 | Macro-Recall: 0.5000
  [Ranking] AUC-ROC: 0.5000 | AUC-PR: 0.0081
  [Balance] G-Mean: 0.0000 | Specificity: 1.0000 | MCC: 0.0000

--- Training on Task 2 (Timesteps: 1 to 1) ---
🔧 Task 2 动态权重: 21.43 -> 截断为: 10.00
   -> Focal Loss Alpha: 0.9091
📉 Snapshot 节点数: 160370 (仅当前任务)

--- [CL Evaluation] Evaluating on all seen tasks (0 to 1) ---
*** CL Metrics @ Task 2 ***
  [Binary]  F1: 0.1544 | Precision: 0.0997 | Recall: 0.4361
  [Macro]   Macro-F1: 0.5375 | Macro-Recall: 0.6504
  [Ranking] AUC-ROC: 0.6496 | AUC-PR: 0.0683
  [Balance] G-Mean: 0.6068 | Specificity: 0.8646 | MCC: 0.1524

--- Training on Task 3 (Timesteps: 2 to 2) ---
🔧 Task 3 动态权重: 12.37 -> 截断为: 10.00
   -> Focal Loss Alpha: 0.9091
📉 Snapshot 节点数: 100261 (仅当前任务)

--- [CL Evaluation] Evaluating on all seen tasks (0 to 2) ---
*** CL Metrics @ Task 3 ***
  [Binary]  F1: 0.2583 | Precision: 0.1881 | Recall: 0.5056
  [Macro]   Macro-F1: 0.5913 | Macro-Recall: 0.6909
  [Ranking] AUC-ROC: 0.6903 | AUC-PR: 0.1341
  [Balance] G-Mean: 0.6584 | Specificity: 0.8763 | MCC: 0.2430

--- Training on Task 4 (Timesteps: 3 to 3) ---
🔧 Task 4 动态权重: 7.97 -> 截断为: 7.97
   -> Focal Loss Alpha: 0.8885
📉 Snapshot 节点数: 96398 (仅当前任务)

--- [CL Evaluation] Evaluating on all seen tasks (0 to 3) ---
*** CL Metrics @ Task 4 ***
  [Binary]  F1: 0.2987 | Precision: 0.2211 | Recall: 0.5319
  [Macro]   Macro-F1: 0.6067 | Macro-Recall: 0.6988
  [Ranking] AUC-ROC: 0.6987 | AUC-PR: 0.1608
  [Balance] G-Mean: 0.6722 | Specificity: 0.8658 | MCC: 0.2679

--- Training on Task 5 (Timesteps: 4 to 4) ---
🔧 Task 5 动态权重: 6.70 -> 截断为: 6.70
   -> Focal Loss Alpha: 0.8702
📉 Snapshot 节点数: 148489 (仅当前任务)

--- [CL Evaluation] Evaluating on all seen tasks (0 to 4) ---
*** CL Metrics @ Task 5 ***
  [Binary]  F1: 0.3428 | Precision: 0.2703 | Recall: 0.5425
  [Macro]   Macro-F1: 0.6288 | Macro-Recall: 0.7074
  [Ranking] AUC-ROC: 0.7070 | AUC-PR: 0.1948
  [Balance] G-Mean: 0.6827 | Specificity: 0.8722 | MCC: 0.3023

--- Training on Task 6 (Timesteps: 5 to 5) ---
🔧 Task 6 动态权重: 3.81 -> 截断为: 3.81
   -> Focal Loss Alpha: 0.7919
📉 Snapshot 节点数: 72045 (仅当前任务)

--- [CL Evaluation] Evaluating on all seen tasks (0 to 5) ---
*** CL Metrics @ Task 6 ***
  [Binary]  F1: 0.3774 | Precision: 0.3113 | Recall: 0.5504
  [Macro]   Macro-F1: 0.6422 | Macro-Recall: 0.7096
  [Ranking] AUC-ROC: 0.7089 | AUC-PR: 0.2277
  [Balance] G-Mean: 0.6871 | Specificity: 0.8689 | MCC: 0.3221

--- Training on Task 7 (Timesteps: 6 to 6) ---
🔧 Task 7 动态权重: 6.63 -> 截断为: 6.63
   -> Focal Loss Alpha: 0.8690
📉 Snapshot 节点数: 106824 (仅当前任务)

--- [CL Evaluation] Evaluating on all seen tasks (0 to 6) ---
*** CL Metrics @ Task 7 ***
  [Binary]  F1: 0.3897 | Precision: 0.3200 | Recall: 0.5596
  [Macro]   Macro-F1: 0.6469 | Macro-Recall: 0.7123
  [Ranking] AUC-ROC: 0.7116 | AUC-PR: 0.2353
  [Balance] G-Mean: 0.6917 | Specificity: 0.8649 | MCC: 0.3296

--- Training on Task 8 (Timesteps: 7 to 7) ---
🔧 Task 8 动态权重: 9.60 -> 截断为: 9.60
   -> Focal Loss Alpha: 0.9057
📉 Snapshot 节点数: 138779 (仅当前任务)

--- [CL Evaluation] Evaluating on all seen tasks (0 to 7) ---
*** CL Metrics @ Task 8 ***
  [Binary]  F1: 0.3777 | Precision: 0.3056 | Recall: 0.5543
  [Macro]   Macro-F1: 0.6381 | Macro-Recall: 0.7050
  [Ranking] AUC-ROC: 0.7042 | AUC-PR: 0.2248
  [Balance] G-Mean: 0.6852 | Specificity: 0.8557 | MCC: 0.3148

--- Training on Task 9 (Timesteps: 8 to 8) ---
🔧 Task 9 动态权重: 22.55 -> 截断为: 10.00
   -> Focal Loss Alpha: 0.9091
📉 Snapshot 节点数: 166309 (仅当前任务)

--- [CL Evaluation] Evaluating on all seen tasks (0 to 8) ---
*** CL Metrics @ Task 9 ***
  [Binary]  F1: 0.3550 | Precision: 0.2831 | Recall: 0.5560
  [Macro]   Macro-F1: 0.6245 | Macro-Recall: 0.7009
  [Ranking] AUC-ROC: 0.7003 | AUC-PR: 0.2085
  [Balance] G-Mean: 0.6825 | Specificity: 0.8458 | MCC: 0.2977

--- Training on Task 10 (Timesteps: 9 to 9) ---
🔧 Task 10 动态权重: 12.37 -> 截断为: 10.00
   -> Focal Loss Alpha: 0.9091
📉 Snapshot 节点数: 89214 (仅当前任务)

--- [CL Evaluation] Evaluating on all seen tasks (0 to 9) ---
*** CL Metrics @ Task 10 ***
  [Binary]  F1: 0.3330 | Precision: 0.2655 | Recall: 0.5184
  [Macro]   Macro-F1: 0.6139 | Macro-Recall: 0.6838
  [Ranking] AUC-ROC: 0.6831 | AUC-PR: 0.1958
  [Balance] G-Mean: 0.6540 | Specificity: 0.8491 | MCC: 0.2726
All tasks trained.
Total time: 42.95s
