/usr/local/miniconda3/envs/py312/lib/python3.12/site-packages/torch/optim/lr_scheduler.py:1343: UserWarning: Converting a tensor with requires_grad=True to a scalar may lead to unexpected behavior.
Consider using tensor.detach() first. (Triggered internally at /pytorch/torch/csrc/autograd/generated/python_variable_methods.cpp:836.)
  current = float(metrics)

--- Training on Task 1 (Timesteps: 0 to 0) ---
[INFO] Task 1 class weight: 110.96 -> clipped: 20.00
   -> Focal Loss Alpha: 0.9524
[INFO] Snapshot nodes: 189571 (current task only)

--- [CL Evaluation] Evaluating on all seen tasks (0 to 0) ---
*** CL Metrics @ Task 1 [WARM-UP, 仅供参考] ***
  [Binary]  F1: 0.0000 | Precision: 0.0000 | Recall: 0.0000
  [Macro]   Macro-F1: 0.4980 | Macro-Recall: 0.5000
  [Ranking] AUC-ROC: 0.5000 | AUC-PR: 0.0081
  [Balance] G-Mean: 0.0000 | Specificity: 1.0000 | MCC: 0.0000

--- Training on Task 2 (Timesteps: 1 to 1) ---
[INFO] Task 2 class weight: 21.43 -> clipped: 10.00
   -> Focal Loss Alpha: 0.9091
[INFO] Snapshot nodes: 160370 (current task only)

--- [CL Evaluation] Evaluating on all seen tasks (0 to 1) ---
*** CL Metrics @ Task 2 ***
  [Binary]  F1: 0.1439 | Precision: 0.0900 | Recall: 0.4515
  [Macro]   Macro-F1: 0.5266 | Macro-Recall: 0.6479
  [Ranking] AUC-ROC: 0.6589 | AUC-PR: 0.0739
  [Balance] G-Mean: 0.6086 | Specificity: 0.8444 | MCC: 0.1433

--- Training on Task 3 (Timesteps: 2 to 2) ---
[INFO] Task 3 class weight: 12.37 -> clipped: 10.00
   -> Focal Loss Alpha: 0.9091
[INFO] Snapshot nodes: 100261 (current task only)

--- [CL Evaluation] Evaluating on all seen tasks (0 to 2) ---
*** CL Metrics @ Task 3 ***
  [Binary]  F1: 0.2383 | Precision: 0.1633 | Recall: 0.5385
  [Macro]   Macro-F1: 0.5735 | Macro-Recall: 0.6931
  [Ranking] AUC-ROC: 0.7179 | AUC-PR: 0.1445
  [Balance] G-Mean: 0.6678 | Specificity: 0.8476 | MCC: 0.2270

--- Training on Task 4 (Timesteps: 3 to 3) ---
[INFO] Task 4 class weight: 7.97 -> clipped: 7.97
   -> Focal Loss Alpha: 0.8885
[INFO] Snapshot nodes: 96398 (current task only)

--- [CL Evaluation] Evaluating on all seen tasks (0 to 3) ---
*** CL Metrics @ Task 4 ***
  [Binary]  F1: 0.2728 | Precision: 0.1888 | Recall: 0.5661
  [Macro]   Macro-F1: 0.5833 | Macro-Recall: 0.6972
  [Ranking] AUC-ROC: 0.7285 | AUC-PR: 0.1685
  [Balance] G-Mean: 0.6776 | Specificity: 0.8283 | MCC: 0.2445

--- Training on Task 5 (Timesteps: 4 to 4) ---
[INFO] Task 5 class weight: 6.70 -> clipped: 6.70
   -> Focal Loss Alpha: 0.8702
[INFO] Snapshot nodes: 148489 (current task only)

--- [CL Evaluation] Evaluating on all seen tasks (0 to 4) ---
*** CL Metrics @ Task 5 ***
  [Binary]  F1: 0.3118 | Precision: 0.2270 | Recall: 0.5746
  [Macro]   Macro-F1: 0.6023 | Macro-Recall: 0.7034
  [Ranking] AUC-ROC: 0.7472 | AUC-PR: 0.2041
  [Balance] G-Mean: 0.6858 | Specificity: 0.8322 | MCC: 0.2713

--- Training on Task 6 (Timesteps: 5 to 5) ---
[INFO] Task 6 class weight: 3.81 -> clipped: 3.81
   -> Focal Loss Alpha: 0.7919
[INFO] Snapshot nodes: 72045 (current task only)

--- [CL Evaluation] Evaluating on all seen tasks (0 to 5) ---
*** CL Metrics @ Task 6 ***
  [Binary]  F1: 0.3448 | Precision: 0.2621 | Recall: 0.5807
  [Macro]   Macro-F1: 0.6139 | Macro-Recall: 0.7029
  [Ranking] AUC-ROC: 0.7494 | AUC-PR: 0.2368
  [Balance] G-Mean: 0.6872 | Specificity: 0.8251 | MCC: 0.2858

--- Training on Task 7 (Timesteps: 6 to 6) ---
[INFO] Task 7 class weight: 6.63 -> clipped: 6.63
   -> Focal Loss Alpha: 0.8690
[INFO] Snapshot nodes: 106824 (current task only)

--- [CL Evaluation] Evaluating on all seen tasks (0 to 6) ---
*** CL Metrics @ Task 7 ***
  [Binary]  F1: 0.3546 | Precision: 0.2675 | Recall: 0.5921
  [Macro]   Macro-F1: 0.6158 | Macro-Recall: 0.7042
  [Ranking] AUC-ROC: 0.7494 | AUC-PR: 0.2414
  [Balance] G-Mean: 0.6905 | Specificity: 0.8164 | MCC: 0.2903

--- Training on Task 8 (Timesteps: 7 to 7) ---
[INFO] Task 8 class weight: 9.60 -> clipped: 9.60
   -> Focal Loss Alpha: 0.9057
[INFO] Snapshot nodes: 138779 (current task only)

--- [CL Evaluation] Evaluating on all seen tasks (0 to 7) ---
*** CL Metrics @ Task 8 ***
  [Binary]  F1: 0.3426 | Precision: 0.2554 | Recall: 0.5852
  [Macro]   Macro-F1: 0.6063 | Macro-Recall: 0.6953
  [Ranking] AUC-ROC: 0.7452 | AUC-PR: 0.2314
  [Balance] G-Mean: 0.6824 | Specificity: 0.8054 | MCC: 0.2752

--- Training on Task 9 (Timesteps: 8 to 8) ---
[INFO] Task 9 class weight: 22.55 -> clipped: 10.00
   -> Focal Loss Alpha: 0.9091
[INFO] Snapshot nodes: 166309 (current task only)

--- [CL Evaluation] Evaluating on all seen tasks (0 to 8) ---
*** CL Metrics @ Task 9 ***
  [Binary]  F1: 0.3214 | Precision: 0.2367 | Recall: 0.5851
  [Macro]   Macro-F1: 0.5931 | Macro-Recall: 0.6901
  [Ranking] AUC-ROC: 0.7404 | AUC-PR: 0.2146
  [Balance] G-Mean: 0.6783 | Specificity: 0.7952 | MCC: 0.2595

--- Training on Task 10 (Timesteps: 9 to 9) ---
[INFO] Task 10 class weight: 12.37 -> clipped: 10.00
   -> Focal Loss Alpha: 0.9091
[INFO] Snapshot nodes: 89214 (current task only)

--- [CL Evaluation] Evaluating on all seen tasks (0 to 9) ---
*** CL Metrics @ Task 10 ***
  [Binary]  F1: 0.2985 | Precision: 0.2193 | Recall: 0.5448
  [Macro]   Macro-F1: 0.5805 | Macro-Recall: 0.6690
  [Ranking] AUC-ROC: 0.7165 | AUC-PR: 0.2004
  [Balance] G-Mean: 0.6481 | Specificity: 0.7933 | MCC: 0.2310
All tasks trained.
Total time: 95.35s
