/usr/local/miniconda3/envs/py312/lib/python3.12/site-packages/torch/optim/lr_scheduler.py:1343: UserWarning: Converting a tensor with requires_grad=True to a scalar may lead to unexpected behavior.
Consider using tensor.detach() first. (Triggered internally at /pytorch/torch/csrc/autograd/generated/python_variable_methods.cpp:836.)
  current = float(metrics)

--- Training on Task 1 (Timesteps: 0 to 0) ---
[INFO] Task 1 class weight: 110.96 -> clipped: 20.00
   -> Focal Loss Alpha: 0.9524
[INFO] Snapshot nodes: 189571 (current task only)

--- [CL Evaluation] Evaluating on all seen tasks (0 to 0) ---
*** CL Metrics @ Task 1 [WARM-UP, 仅供参考] ***
  [Binary]  F1: 0.0000 | Precision: 0.0000 | Recall: 0.0000
  [Macro]   Macro-F1: 0.4980 | Macro-Recall: 0.5000
  [Ranking] AUC-ROC: 0.5352 | AUC-PR: 0.0137
  [Balance] G-Mean: 0.0000 | Specificity: 1.0000 | MCC: 0.0000

--- Training on Task 2 (Timesteps: 1 to 1) ---
[INFO] Task 2 class weight: 21.43 -> clipped: 10.00
   -> Focal Loss Alpha: 0.9091
[INFO] Snapshot nodes: 160370 (current task only)
   [EWC] Updating Fisher Matrix...
   [SPC] Task 2 子空间原型已更新 | 欺诈: 1436, 正常: 30774

--- [CL Evaluation] Evaluating on all seen tasks (0 to 1) ---
*** CL Metrics @ Task 2 ***
  [Binary]  F1: 0.1256 | Precision: 0.0741 | Recall: 0.5447
  [Macro]   Macro-F1: 0.4987 | Macro-Recall: 0.6629
  [Ranking] AUC-ROC: 0.6584 | AUC-PR: 0.0955
  [Balance] G-Mean: 0.6481 | Specificity: 0.7810 | MCC: 0.1334

--- Training on Task 3 (Timesteps: 2 to 2) ---
[INFO] Task 3 class weight: 12.37 -> clipped: 10.00
   -> Focal Loss Alpha: 0.9091
[INFO] Snapshot nodes: 100261 (current task only)
   [EWC] Updating Fisher Matrix...
   [SPC] Task 3 子空间原型已更新 | 欺诈: 1642, 正常: 20312

--- [CL Evaluation] Evaluating on all seen tasks (0 to 2) ---
*** CL Metrics @ Task 3 ***
  [Binary]  F1: 0.2188 | Precision: 0.1478 | Recall: 0.5326
  [Macro]   Macro-F1: 0.5574 | Macro-Recall: 0.6798
  [Ranking] AUC-ROC: 0.7184 | AUC-PR: 0.1770
  [Balance] G-Mean: 0.6579 | Specificity: 0.8270 | MCC: 0.2048

--- Training on Task 4 (Timesteps: 3 to 3) ---
[INFO] Task 4 class weight: 7.97 -> clipped: 7.97
   -> Focal Loss Alpha: 0.8885
[INFO] Snapshot nodes: 96398 (current task only)
   [EWC] Updating Fisher Matrix...
   [SPC] Task 4 子空间原型已更新 | 欺诈: 1760, 正常: 14031

--- [CL Evaluation] Evaluating on all seen tasks (0 to 3) ---
*** CL Metrics @ Task 4 ***
  [Binary]  F1: 0.2581 | Precision: 0.1773 | Recall: 0.5600
  [Macro]   Macro-F1: 0.5714 | Macro-Recall: 0.6868
  [Ranking] AUC-ROC: 0.7300 | AUC-PR: 0.2023
  [Balance] G-Mean: 0.6696 | Specificity: 0.8137 | MCC: 0.2275

--- Training on Task 5 (Timesteps: 4 to 4) ---
[INFO] Task 5 class weight: 6.70 -> clipped: 6.70
   -> Focal Loss Alpha: 0.8702
[INFO] Snapshot nodes: 148489 (current task only)
   [EWC] Updating Fisher Matrix...
   [SPC] Task 5 子空间原型已更新 | 欺诈: 5421, 正常: 36346

--- [CL Evaluation] Evaluating on all seen tasks (0 to 4) ---
*** CL Metrics @ Task 5 ***
  [Binary]  F1: 0.2915 | Precision: 0.2068 | Recall: 0.5712
  [Macro]   Macro-F1: 0.5859 | Macro-Recall: 0.6915
  [Ranking] AUC-ROC: 0.7435 | AUC-PR: 0.2498
  [Balance] G-Mean: 0.6765 | Specificity: 0.8117 | MCC: 0.2477

--- Training on Task 6 (Timesteps: 5 to 5) ---
[INFO] Task 6 class weight: 3.81 -> clipped: 3.81
   -> Focal Loss Alpha: 0.7919
[INFO] Snapshot nodes: 72045 (current task only)
   [EWC] Updating Fisher Matrix...
   [SPC] Task 6 子空间原型已更新 | 欺诈: 2319, 正常: 8825

--- [CL Evaluation] Evaluating on all seen tasks (0 to 5) ---
*** CL Metrics @ Task 6 ***
  [Binary]  F1: 0.3232 | Precision: 0.2399 | Recall: 0.5750
  [Macro]   Macro-F1: 0.5965 | Macro-Recall: 0.6896
  [Ranking] AUC-ROC: 0.7456 | AUC-PR: 0.2763
  [Balance] G-Mean: 0.6762 | Specificity: 0.8041 | MCC: 0.2594

--- Training on Task 7 (Timesteps: 6 to 6) ---
[INFO] Task 7 class weight: 6.63 -> clipped: 6.63
   -> Focal Loss Alpha: 0.8690
[INFO] Snapshot nodes: 106824 (current task only)
   [EWC] Updating Fisher Matrix...
   [SPC] Task 7 子空间原型已更新 | 欺诈: 3553, 正常: 23563

--- [CL Evaluation] Evaluating on all seen tasks (0 to 6) ---
*** CL Metrics @ Task 7 ***
  [Binary]  F1: 0.3351 | Precision: 0.2480 | Recall: 0.5850
  [Macro]   Macro-F1: 0.6004 | Macro-Recall: 0.6918
  [Ranking] AUC-ROC: 0.7485 | AUC-PR: 0.2837
  [Balance] G-Mean: 0.6800 | Specificity: 0.7986 | MCC: 0.2663

--- Training on Task 8 (Timesteps: 7 to 7) ---
[INFO] Task 8 class weight: 9.60 -> clipped: 9.60
   -> Focal Loss Alpha: 0.9057
[INFO] Snapshot nodes: 138779 (current task only)
   [EWC] Updating Fisher Matrix...
   [SPC] Task 8 子空间原型已更新 | 欺诈: 2811, 正常: 26989

--- [CL Evaluation] Evaluating on all seen tasks (0 to 7) ---
*** CL Metrics @ Task 8 ***
  [Binary]  F1: 0.3268 | Precision: 0.2392 | Recall: 0.5803
  [Macro]   Macro-F1: 0.5938 | Macro-Recall: 0.6856
  [Ranking] AUC-ROC: 0.7446 | AUC-PR: 0.2703
  [Balance] G-Mean: 0.6743 | Specificity: 0.7909 | MCC: 0.2558

--- Training on Task 9 (Timesteps: 8 to 8) ---
[INFO] Task 9 class weight: 22.55 -> clipped: 10.00
   -> Focal Loss Alpha: 0.9091
[INFO] Snapshot nodes: 166309 (current task only)
   [EWC] Updating Fisher Matrix...
   [SPC] Task 9 子空间原型已更新 | 欺诈: 1674, 正常: 37750

--- [CL Evaluation] Evaluating on all seen tasks (0 to 8) ---
*** CL Metrics @ Task 9 ***
  [Binary]  F1: 0.3092 | Precision: 0.2235 | Recall: 0.5839
  [Macro]   Macro-F1: 0.5837 | Macro-Recall: 0.6843
  [Ranking] AUC-ROC: 0.7410 | AUC-PR: 0.2497
  [Balance] G-Mean: 0.6739 | Specificity: 0.7846 | MCC: 0.2452

--- Training on Task 10 (Timesteps: 9 to 9) ---
[INFO] Task 10 class weight: 12.37 -> clipped: 10.00
   -> Focal Loss Alpha: 0.9091
[INFO] Snapshot nodes: 89214 (current task only)
   [EWC] Updating Fisher Matrix...
   [SPC] Task 10 子空间原型已更新 | 欺诈: 1682, 正常: 20798

--- [CL Evaluation] Evaluating on all seen tasks (0 to 9) ---
*** CL Metrics @ Task 10 ***
  [Binary]  F1: 0.2897 | Precision: 0.2094 | Recall: 0.5440
  [Macro]   Macro-F1: 0.5749 | Macro-Recall: 0.6667
  [Ranking] AUC-ROC: 0.7082 | AUC-PR: 0.2321
  [Balance] G-Mean: 0.6458 | Specificity: 0.7895 | MCC: 0.2219
All tasks trained.
Total time: 110.93s
