/usr/local/miniconda3/envs/py312/lib/python3.12/site-packages/torch/optim/lr_scheduler.py:1343: UserWarning: Converting a tensor with requires_grad=True to a scalar may lead to unexpected behavior.
Consider using tensor.detach() first. (Triggered internally at /pytorch/torch/csrc/autograd/generated/python_variable_methods.cpp:836.)
  current = float(metrics)

--- Training on Task 1 (Timesteps: 0 to 0) ---
🔧 Task 1 动态权重: 110.96 -> 截断为: 20.00
   -> Focal Loss Alpha: 0.9524
📉 Snapshot 节点数: 189571 (仅当前任务)

--- [CL Evaluation] Evaluating on all seen tasks (0 to 0) ---
*** CL Metrics @ Task 1 [WARM-UP, 仅供参考] ***
  [Binary]  F1: 0.0000 | Precision: 0.0000 | Recall: 0.0000
  [Macro]   Macro-F1: 0.4980 | Macro-Recall: 0.5000
  [Ranking] AUC-ROC: 0.5000 | AUC-PR: 0.0081
  [Balance] G-Mean: 0.0000 | Specificity: 1.0000 | MCC: 0.0000

--- Training on Task 2 (Timesteps: 1 to 1) ---
🔧 Task 2 动态权重: 21.43 -> 截断为: 10.00
   -> Focal Loss Alpha: 0.9091
📉 Snapshot 节点数: 160370 (仅当前任务)
   [EWC] Updating Fisher Matrix...

--- [CL Evaluation] Evaluating on all seen tasks (0 to 1) ---
*** CL Metrics @ Task 2 ***
  [Binary]  F1: 0.1375 | Precision: 0.0854 | Recall: 0.4438
  [Macro]   Macro-F1: 0.5220 | Macro-Recall: 0.6420
  [Ranking] AUC-ROC: 0.6529 | AUC-PR: 0.0762
  [Balance] G-Mean: 0.6024 | Specificity: 0.8402 | MCC: 0.1354

--- Training on Task 3 (Timesteps: 2 to 2) ---
🔧 Task 3 动态权重: 12.37 -> 截断为: 10.00
   -> Focal Loss Alpha: 0.9091
📉 Snapshot 节点数: 100261 (仅当前任务)
Traceback (most recent call last):
  File "/home/yw/train.py", line 21, in <module>
    trainer.train()
  File "/home/yw/fraud_detection/trainer.py", line 1010, in train
    loss_scd = self._compute_scd_loss(
               ^^^^^^^^^^^^^^^^^^^^^^^
  File "/home/yw/fraud_detection/trainer.py", line 589, in _compute_scd_loss
    _, old_x_nor, old_x_abnor, old_node_alpha = self.old_model(
                                                ^^^^^^^^^^^^^^^
  File "/usr/local/miniconda3/envs/py312/lib/python3.12/site-packages/torch/nn/modules/module.py", line 1775, in _wrapped_call_impl
    return self._call_impl(*args, **kwargs)
           ^^^^^^^^^^^^^^^^^^^^^^^^^^^^^^^^
  File "/usr/local/miniconda3/envs/py312/lib/python3.12/site-packages/torch/nn/modules/module.py", line 1786, in _call_impl
    return forward_call(*args, **kwargs)
           ^^^^^^^^^^^^^^^^^^^^^^^^^^^^^
  File "/home/yw/fraud_detection/models.py", line 359, in forward
    x = self.conv(x, edge_index)
        ^^^^^^^^^^^^^^^^^^^^^^^^
  File "/usr/local/miniconda3/envs/py312/lib/python3.12/site-packages/torch/nn/modules/module.py", line 1775, in _wrapped_call_impl
    return self._call_impl(*args, **kwargs)
           ^^^^^^^^^^^^^^^^^^^^^^^^^^^^^^^^
  File "/usr/local/miniconda3/envs/py312/lib/python3.12/site-packages/torch/nn/modules/module.py", line 1786, in _call_impl
    return forward_call(*args, **kwargs)
           ^^^^^^^^^^^^^^^^^^^^^^^^^^^^^
  File "/home/yw/fraud_detection/models.py", line 306, in forward
    merged_col    = x_nor[col] + x_abnor[col]  # [E, out_dim]
                    ~~~~~~~~~~~^~~~~~~~~~~~~~
torch.OutOfMemoryError: CUDA out of memory. Tried to allocate 1.37 GiB. GPU 0 has a total capacity of 23.56 GiB of which 745.25 MiB is free. Including non-PyTorch memory, this process has 22.82 GiB memory in use. Of the allocated memory 21.39 GiB is allocated by PyTorch, and 1.12 GiB is reserved by PyTorch but unallocated. If reserved but unallocated memory is large try setting PYTORCH_CUDA_ALLOC_CONF=expandable_segments:True to avoid fragmentation.  See documentation for Memory Management  (https://pytorch.org/docs/stable/notes/cuda.html#environment-variables)
