/usr/local/miniconda3/envs/py312/lib/python3.12/site-packages/torch/optim/lr_scheduler.py:1343: UserWarning: Converting a tensor with requires_grad=True to a scalar may lead to unexpected behavior.
Consider using tensor.detach() first. (Triggered internally at /pytorch/torch/csrc/autograd/generated/python_variable_methods.cpp:836.)
  current = float(metrics)

--- Training on Task 1 (Timesteps: 0 to 0) ---
🔧 Task 1 动态权重: 110.96 -> 截断为: 20.00
   -> Focal Loss Alpha: 0.9524
📉 Snapshot 节点数: 189571 (仅当前任务)

--- [CL Evaluation] Evaluating on all seen tasks (0 to 0) ---
*** CL Metrics @ Task 1 [WARM-UP, 仅供参考] ***
  [Binary]  F1: 0.0000 | Precision: 0.0000 | Recall: 0.0000
  [Macro]   Macro-F1: 0.4980 | Macro-Recall: 0.5000
  [Ranking] AUC-ROC: 0.7201 | AUC-PR: 0.0206
  [Balance] G-Mean: 0.0000 | Specificity: 1.0000 | MCC: 0.0000

--- Training on Task 2 (Timesteps: 1 to 1) ---
🔧 Task 2 动态权重: 21.43 -> 截断为: 10.00
   -> Focal Loss Alpha: 0.9091
📉 Snapshot 节点数: 160370 (仅当前任务)

--- [CL Evaluation] Evaluating on all seen tasks (0 to 1) ---
*** CL Metrics @ Task 2 ***
  [Binary]  F1: 0.1279 | Precision: 0.0773 | Recall: 0.4677
  [Macro]   Macro-F1: 0.5080 | Macro-Recall: 0.6382
  [Ranking] AUC-ROC: 0.6748 | AUC-PR: 0.0765
  [Balance] G-Mean: 0.6059 | Specificity: 0.8087 | MCC: 0.1267

--- Training on Task 3 (Timesteps: 2 to 2) ---
🔧 Task 3 动态权重: 12.37 -> 截断为: 10.00
   -> Focal Loss Alpha: 0.9091
📉 Snapshot 节点数: 100261 (仅当前任务)

--- [CL Evaluation] Evaluating on all seen tasks (0 to 2) ---
*** CL Metrics @ Task 3 ***
  [Binary]  F1: 0.2694 | Precision: 0.1990 | Recall: 0.5135
  [Macro]   Macro-F1: 0.5986 | Macro-Recall: 0.6979
  [Ranking] AUC-ROC: 0.7642 | AUC-PR: 0.1777
  [Balance] G-Mean: 0.6663 | Specificity: 0.8824 | MCC: 0.2554

--- Training on Task 4 (Timesteps: 3 to 3) ---
🔧 Task 4 动态权重: 7.97 -> 截断为: 7.97
   -> Focal Loss Alpha: 0.8885
📉 Snapshot 节点数: 96398 (仅当前任务)

--- [CL Evaluation] Evaluating on all seen tasks (0 to 3) ---
*** CL Metrics @ Task 4 ***
  [Binary]  F1: 0.0000 | Precision: 0.0000 | Recall: 0.0000
  [Macro]   Macro-F1: 0.4835 | Macro-Recall: 0.5000
  [Ranking] AUC-ROC: 0.7876 | AUC-PR: 0.2213
  [Balance] G-Mean: 0.0000 | Specificity: 1.0000 | MCC: 0.0000

--- Training on Task 5 (Timesteps: 4 to 4) ---
🔧 Task 5 动态权重: 6.70 -> 截断为: 6.70
   -> Focal Loss Alpha: 0.8702
📉 Snapshot 节点数: 148489 (仅当前任务)

--- [CL Evaluation] Evaluating on all seen tasks (0 to 4) ---
*** CL Metrics @ Task 5 ***
  [Binary]  F1: 0.1583 | Precision: 0.0887 | Recall: 0.9882
  [Macro]   Macro-F1: 0.2051 | Macro-Recall: 0.5669
  [Ranking] AUC-ROC: 0.7622 | AUC-PR: 0.2038
  [Balance] G-Mean: 0.3761 | Specificity: 0.1457 | MCC: 0.0986

--- Training on Task 6 (Timesteps: 5 to 5) ---
🔧 Task 6 动态权重: 3.81 -> 截断为: 3.81
   -> Focal Loss Alpha: 0.7919
📉 Snapshot 节点数: 72045 (仅当前任务)

--- [CL Evaluation] Evaluating on all seen tasks (0 to 5) ---
*** CL Metrics @ Task 6 ***
  [Binary]  F1: 0.3566 | Precision: 0.2554 | Recall: 0.6911
  [Macro]   Macro-F1: 0.6083 | Macro-Recall: 0.7342
  [Ranking] AUC-ROC: 0.7964 | AUC-PR: 0.2783
  [Balance] G-Mean: 0.7293 | Specificity: 0.7774 | MCC: 0.3118

--- Training on Task 7 (Timesteps: 6 to 6) ---
🔧 Task 7 动态权重: 6.63 -> 截断为: 6.63
   -> Focal Loss Alpha: 0.8690
📉 Snapshot 节点数: 106824 (仅当前任务)

--- [CL Evaluation] Evaluating on all seen tasks (0 to 6) ---
*** CL Metrics @ Task 7 ***
  [Binary]  F1: 0.3777 | Precision: 0.2992 | Recall: 0.5808
  [Macro]   Macro-F1: 0.6354 | Macro-Recall: 0.7127
  [Ranking] AUC-ROC: 0.7977 | AUC-PR: 0.2957
  [Balance] G-Mean: 0.6972 | Specificity: 0.8446 | MCC: 0.3169

--- Training on Task 8 (Timesteps: 7 to 7) ---
🔧 Task 8 动态权重: 9.60 -> 截断为: 9.60
   -> Focal Loss Alpha: 0.9057
📉 Snapshot 节点数: 138779 (仅当前任务)

--- [CL Evaluation] Evaluating on all seen tasks (0 to 7) ---
*** CL Metrics @ Task 8 ***
  [Binary]  F1: 0.3960 | Precision: 0.2972 | Recall: 0.6711
  [Macro]   Macro-F1: 0.6401 | Macro-Recall: 0.7457
  [Ranking] AUC-ROC: 0.7917 | AUC-PR: 0.2824
  [Balance] G-Mean: 0.7391 | Specificity: 0.8204 | MCC: 0.3472

--- Training on Task 9 (Timesteps: 8 to 8) ---
🔧 Task 9 动态权重: 22.55 -> 截断为: 10.00
   -> Focal Loss Alpha: 0.9091
📉 Snapshot 节点数: 166309 (仅当前任务)

--- [CL Evaluation] Evaluating on all seen tasks (0 to 8) ---
*** CL Metrics @ Task 9 ***
  [Binary]  F1: 0.3615 | Precision: 0.3013 | Recall: 0.5305
  [Macro]   Macro-F1: 0.6323 | Macro-Recall: 0.6979
  [Ranking] AUC-ROC: 0.7818 | AUC-PR: 0.2817
  [Balance] G-Mean: 0.6745 | Specificity: 0.8652 | MCC: 0.3046

--- Training on Task 10 (Timesteps: 9 to 9) ---
🔧 Task 10 动态权重: 12.37 -> 截断为: 10.00
   -> Focal Loss Alpha: 0.9091
📉 Snapshot 节点数: 89214 (仅当前任务)

--- [CL Evaluation] Evaluating on all seen tasks (0 to 9) ---
*** CL Metrics @ Task 10 ***
  [Binary]  F1: 0.3467 | Precision: 0.2936 | Recall: 0.4925
  [Macro]   Macro-F1: 0.6276 | Macro-Recall: 0.6842
  [Ranking] AUC-ROC: 0.7710 | AUC-PR: 0.2711
  [Balance] G-Mean: 0.6481 | Specificity: 0.8759 | MCC: 0.2887
All tasks trained.
Total time: 66.32s
