nohup: ignoring input

============================================================
 TASD-CL Actor optimization sweep
 2026-05-04 07:47:41
 Target metrics: AUC-ROC / G-Mean / MacroF1
============================================================

  [RUN ] actor_TASDCL_spc_mf10
  [CONF] configs/ours/actor_opt/actor_TASDCL_spc_mf10.yaml
  [LOG ] logs/actor_TASDCL_spc_mf10.log
  [DONE] actor_TASDCL_spc_mf10                      2m01s

  [RUN ] actor_TASDCL_spc_mf10_th45
  [CONF] configs/ours/actor_opt/actor_TASDCL_spc_mf10_th45.yaml
  [LOG ] logs/actor_TASDCL_spc_mf10_th45.log
  [DONE] actor_TASDCL_spc_mf10_th45                 2m01s

  [RUN ] actor_TASDCL_spc_mf10_th40
  [CONF] configs/ours/actor_opt/actor_TASDCL_spc_mf10_th40.yaml
  [LOG ] logs/actor_TASDCL_spc_mf10_th40.log
  [DONE] actor_TASDCL_spc_mf10_th40                 2m00s

  [RUN ] actor_TASDCL_spc_mf10_th35
  [CONF] configs/ours/actor_opt/actor_TASDCL_spc_mf10_th35.yaml
  [LOG ] logs/actor_TASDCL_spc_mf10_th35.log
  [DONE] actor_TASDCL_spc_mf10_th35                 2m02s

  [RUN ] actor_TASDCL_nospc_ewc3_th50
  [CONF] configs/ours/actor_opt/actor_TASDCL_nospc_ewc3_th50.yaml
  [LOG ] logs/actor_TASDCL_nospc_ewc3_th50.log
  [DONE] actor_TASDCL_nospc_ewc3_th50               2m00s

  [RUN ] actor_TASDCL_nospc_ewc3_th45
  [CONF] configs/ours/actor_opt/actor_TASDCL_nospc_ewc3_th45.yaml
  [LOG ] logs/actor_TASDCL_nospc_ewc3_th45.log
  [DONE] actor_TASDCL_nospc_ewc3_th45               1m59s

  [RUN ] actor_TASDCL_nospc_ewc3_th40
  [CONF] configs/ours/actor_opt/actor_TASDCL_nospc_ewc3_th40.yaml
  [LOG ] logs/actor_TASDCL_nospc_ewc3_th40.log
  [DONE] actor_TASDCL_nospc_ewc3_th40               1m59s

  [RUN ] actor_TASDCL_nospc_ewc3_th35
  [CONF] configs/ours/actor_opt/actor_TASDCL_nospc_ewc3_th35.yaml
  [LOG ] logs/actor_TASDCL_nospc_ewc3_th35.log
  [DONE] actor_TASDCL_nospc_ewc3_th35               1m59s

  [RUN ] actor_TASDCL_nospc_ewc3_scd02_th45
  [CONF] configs/ours/actor_opt/actor_TASDCL_nospc_ewc3_scd02_th45.yaml
  [LOG ] logs/actor_TASDCL_nospc_ewc3_scd02_th45.log
  [DONE] actor_TASDCL_nospc_ewc3_scd02_th45         2m01s

  [RUN ] actor_TASDCL_nospc_ewc3_tau03_th45
  [CONF] configs/ours/actor_opt/actor_TASDCL_nospc_ewc3_tau03_th45.yaml
  [LOG ] logs/actor_TASDCL_nospc_ewc3_tau03_th45.log
  [DONE] actor_TASDCL_nospc_ewc3_tau03_th45         1m58s

  [RUN ] actor_TASDCL_nospc_ewc4_th45
  [CONF] configs/ours/actor_opt/actor_TASDCL_nospc_ewc4_th45.yaml
  [LOG ] logs/actor_TASDCL_nospc_ewc4_th45.log
  [DONE] actor_TASDCL_nospc_ewc4_th45               1m58s

  [RUN ] actor_TASDCL_nospc_ewc3_lr5_th45
  [CONF] configs/ours/actor_opt/actor_TASDCL_nospc_ewc3_lr5_th45.yaml
  [LOG ] logs/actor_TASDCL_nospc_ewc3_lr5_th45.log
  [DONE] actor_TASDCL_nospc_ewc3_lr5_th45           1m59s

============================================================
 Sweep finished. Failed: 0
============================================================
