nohup: ignoring input

╔══════════════════════════════════════════════════════════╗
║  Elliptic++ Actor 第二轮调参                             ║
║  2026-04-07 06:51:59                                     ║
╚══════════════════════════════════════════════════════════╝

  ── TASD-CL 30ep 调参 ──────────────────────────────

  ┌──────────────────────────────────────────────────────┐
  │ RUN: actor_tune_TASDCL_noaux_e30                      │
  └──────────────────────────────────────────────────────┘
  [DONE] actor_tune_TASDCL_noaux_e30                  1m49s

  ┌──────────────────────────────────────────────────────┐
  │ RUN: actor_tune_TASDCL_noaux_e30_nospc                │
  └──────────────────────────────────────────────────────┘
  [DONE] actor_tune_TASDCL_noaux_e30_nospc            1m37s

  ┌──────────────────────────────────────────────────────┐
  │ RUN: actor_tune_TASDCL_noaux_e30_ewc2                 │
  └──────────────────────────────────────────────────────┘
  [DONE] actor_tune_TASDCL_noaux_e30_ewc2             1m41s

  ┌──────────────────────────────────────────────────────┐
  │ RUN: actor_tune_TASDCL_noaux_e30_scd1                 │
  └──────────────────────────────────────────────────────┘
  [DONE] actor_tune_TASDCL_noaux_e30_scd1             1m38s

  ── GradGNN 深度调参 ────────────────────────────────

  ┌──────────────────────────────────────────────────────┐
  │ RUN: actor_tune_Grad_e100                             │
  └──────────────────────────────────────────────────────┘
  [DONE] actor_tune_Grad_e100                         5m46s

  ┌──────────────────────────────────────────────────────┐
  │ RUN: actor_tune_Grad_e50_lr5                          │
  └──────────────────────────────────────────────────────┘
  [DONE] actor_tune_Grad_e50_lr5                      3m03s

  ┌──────────────────────────────────────────────────────┐
  │ RUN: actor_tune_Grad_e50_h256                         │
  └──────────────────────────────────────────────────────┘
  [DONE] actor_tune_Grad_e50_h256                     4m00s

  ┌──────────────────────────────────────────────────────┐
  │ RUN: actor_tune_Grad_e50_ds50                         │
  └──────────────────────────────────────────────────────┘
  [DONE] actor_tune_Grad_e50_ds50                     3m08s

══════════════════════════════════════════════════════════
  完成: 07:14:41 | 耗时: 0h22m42s
  ✅ 已完成: 8  ⏭ 已跳过: 0  ❌ 失败: 0
══════════════════════════════════════════════════════════
