/usr/local/miniconda3/envs/py312/lib/python3.12/site-packages/torch/optim/lr_scheduler.py:1343: UserWarning: Converting a tensor with requires_grad=True to a scalar may lead to unexpected behavior.
Consider using tensor.detach() first. (Triggered internally at /pytorch/torch/csrc/autograd/generated/python_variable_methods.cpp:836.)
  current = float(metrics)

--- Training on Task 1 (Timesteps: 0 to 0) ---
🔧 Task 1 动态权重: 110.96 -> 截断为: 20.00
   -> Focal Loss Alpha: 0.9524
📉 Snapshot 节点数: 189571 (仅当前任务)

--- [CL Evaluation] Evaluating on all seen tasks (0 to 0) ---
*** CL Metrics @ Task 1 [WARM-UP, 仅供参考] ***
  [Binary]  F1: 0.0369 | Precision: 0.0217 | Recall: 0.1226
  [Macro]   Macro-F1: 0.5051 | Macro-Recall: 0.5388
  [Ranking] AUC-ROC: 0.5385 | AUC-PR: 0.0098
  [Balance] G-Mean: 0.3422 | Specificity: 0.9549 | MCC: 0.0333

--- Training on Task 2 (Timesteps: 1 to 1) ---
🔧 Task 2 动态权重: 21.43 -> 截断为: 10.00
   -> Focal Loss Alpha: 0.9091
📉 Snapshot 节点数: 160370 (仅当前任务)

--- [CL Evaluation] Evaluating on all seen tasks (0 to 1) ---
*** CL Metrics @ Task 2 ***
  [Binary]  F1: 0.1430 | Precision: 0.0886 | Recall: 0.5193
  [Macro]   Macro-F1: 0.5214 | Macro-Recall: 0.6739
  [Ranking] AUC-ROC: 0.6772 | AUC-PR: 0.0636
  [Balance] G-Mean: 0.6548 | Specificity: 0.8285 | MCC: 0.1500

--- Training on Task 3 (Timesteps: 2 to 2) ---
🔧 Task 3 动态权重: 12.37 -> 截断为: 10.00
   -> Focal Loss Alpha: 0.9091
📉 Snapshot 节点数: 100261 (仅当前任务)

--- [CL Evaluation] Evaluating on all seen tasks (0 to 2) ---
*** CL Metrics @ Task 3 ***
  [Binary]  F1: 0.2531 | Precision: 0.1781 | Recall: 0.5839
  [Macro]   Macro-F1: 0.5804 | Macro-Recall: 0.7148
  [Ranking] AUC-ROC: 0.7537 | AUC-PR: 0.1458
  [Balance] G-Mean: 0.7007 | Specificity: 0.8456 | MCC: 0.2470

--- Training on Task 4 (Timesteps: 3 to 3) ---
🔧 Task 4 动态权重: 7.97 -> 截断为: 7.97
   -> Focal Loss Alpha: 0.8885
📉 Snapshot 节点数: 96398 (仅当前任务)

--- [CL Evaluation] Evaluating on all seen tasks (0 to 3) ---
*** CL Metrics @ Task 4 ***
  [Binary]  F1: 0.2953 | Precision: 0.2115 | Recall: 0.6013
  [Macro]   Macro-F1: 0.5977 | Macro-Recall: 0.7197
  [Ranking] AUC-ROC: 0.7551 | AUC-PR: 0.1789
  [Balance] G-Mean: 0.7080 | Specificity: 0.8381 | MCC: 0.2726

--- Training on Task 5 (Timesteps: 4 to 4) ---
🔧 Task 5 动态权重: 6.70 -> 截断为: 6.70
   -> Focal Loss Alpha: 0.8702
📉 Snapshot 节点数: 148489 (仅当前任务)

--- [CL Evaluation] Evaluating on all seen tasks (0 to 4) ---
*** CL Metrics @ Task 5 ***
  [Binary]  F1: 0.3567 | Precision: 0.2657 | Recall: 0.6415
  [Macro]   Macro-F1: 0.6298 | Macro-Recall: 0.7427
  [Ranking] AUC-ROC: 0.7709 | AUC-PR: 0.2247
  [Balance] G-Mean: 0.7333 | Specificity: 0.8440 | MCC: 0.3277

--- Training on Task 6 (Timesteps: 5 to 5) ---
🔧 Task 6 动态权重: 3.81 -> 截断为: 3.81
   -> Focal Loss Alpha: 0.7919
📉 Snapshot 节点数: 72045 (仅当前任务)

--- [CL Evaluation] Evaluating on all seen tasks (0 to 5) ---
*** CL Metrics @ Task 6 ***
  [Binary]  F1: 0.3854 | Precision: 0.2978 | Recall: 0.6393
  [Macro]   Macro-F1: 0.6389 | Macro-Recall: 0.7376
  [Ranking] AUC-ROC: 0.7602 | AUC-PR: 0.2515
  [Balance] G-Mean: 0.7290 | Specificity: 0.8360 | MCC: 0.3372

--- Training on Task 7 (Timesteps: 6 to 6) ---
🔧 Task 7 动态权重: 6.63 -> 截断为: 6.63
   -> Focal Loss Alpha: 0.8690
📉 Snapshot 节点数: 106824 (仅当前任务)

--- [CL Evaluation] Evaluating on all seen tasks (0 to 6) ---
*** CL Metrics @ Task 7 ***
  [Binary]  F1: 0.3961 | Precision: 0.3051 | Recall: 0.6443
  [Macro]   Macro-F1: 0.6425 | Macro-Recall: 0.7381
  [Ranking] AUC-ROC: 0.7556 | AUC-PR: 0.2567
  [Balance] G-Mean: 0.7303 | Specificity: 0.8318 | MCC: 0.3425

--- Training on Task 8 (Timesteps: 7 to 7) ---
🔧 Task 8 动态权重: 9.60 -> 截断为: 9.60
   -> Focal Loss Alpha: 0.9057
📉 Snapshot 节点数: 138779 (仅当前任务)

--- [CL Evaluation] Evaluating on all seen tasks (0 to 7) ---
*** CL Metrics @ Task 8 ***
  [Binary]  F1: 0.3957 | Precision: 0.3001 | Recall: 0.6586
  [Macro]   Macro-F1: 0.6408 | Macro-Recall: 0.7420
  [Ranking] AUC-ROC: 0.7549 | AUC-PR: 0.2531
  [Balance] G-Mean: 0.7353 | Specificity: 0.8255 | MCC: 0.3441

--- Training on Task 9 (Timesteps: 8 to 8) ---
🔧 Task 9 动态权重: 22.55 -> 截断为: 10.00
   -> Focal Loss Alpha: 0.9091
📉 Snapshot 节点数: 166309 (仅当前任务)

--- [CL Evaluation] Evaluating on all seen tasks (0 to 8) ---
*** CL Metrics @ Task 9 ***
  [Binary]  F1: 0.3727 | Precision: 0.2791 | Recall: 0.6563
  [Macro]   Macro-F1: 0.6277 | Macro-Recall: 0.7373
  [Ranking] AUC-ROC: 0.7473 | AUC-PR: 0.2351
  [Balance] G-Mean: 0.7309 | Specificity: 0.8184 | MCC: 0.3268

--- Training on Task 10 (Timesteps: 9 to 9) ---
🔧 Task 10 动态权重: 12.37 -> 截断为: 10.00
   -> Focal Loss Alpha: 0.9091
📉 Snapshot 节点数: 89214 (仅当前任务)

--- [CL Evaluation] Evaluating on all seen tasks (0 to 9) ---
*** CL Metrics @ Task 10 ***
  [Binary]  F1: 0.3555 | Precision: 0.2672 | Recall: 0.6179
  [Macro]   Macro-F1: 0.6205 | Macro-Recall: 0.7214
  [Ranking] AUC-ROC: 0.7484 | AUC-PR: 0.2280
  [Balance] G-Mean: 0.7068 | Specificity: 0.8249 | MCC: 0.3065
All tasks trained.
Total time: 184.58s
