nohup: ignoring input

╔══════════════════════════════════════════════════════════╗
║  Elliptic++ Actor 全面调参                               ║
║  2026-04-07 02:52:11                                     ║
╚══════════════════════════════════════════════════════════╝

  ── Stage 1: CGNN 收敛调参 (7个) ──────────────────

  ┌──────────────────────────────────────────────────────┐
  │ RUN: actor_tune_CGNN_noaux                            │
  └──────────────────────────────────────────────────────┘
  [DONE] actor_tune_CGNN_noaux                        1m14s

  ┌──────────────────────────────────────────────────────┐
  │ RUN: actor_tune_CGNN_e50                              │
  └──────────────────────────────────────────────────────┘
  [DONE] actor_tune_CGNN_e50                          1m45s

  ┌──────────────────────────────────────────────────────┐
  │ RUN: actor_tune_CGNN_e100                             │
  └──────────────────────────────────────────────────────┘
  [DONE] actor_tune_CGNN_e100                         3m05s

  ┌──────────────────────────────────────────────────────┐
  │ RUN: actor_tune_CGNN_e50_noaux                        │
  └──────────────────────────────────────────────────────┘
  [DONE] actor_tune_CGNN_e50_noaux                    1m45s

  ┌──────────────────────────────────────────────────────┐
  │ RUN: actor_tune_CGNN_e50_lr5                          │
  └──────────────────────────────────────────────────────┘
  [DONE] actor_tune_CGNN_e50_lr5                      1m45s

  ┌──────────────────────────────────────────────────────┐
  │ RUN: actor_tune_CGNN_e50_lr1                          │
  └──────────────────────────────────────────────────────┘
  [DONE] actor_tune_CGNN_e50_lr1                      1m45s

  ┌──────────────────────────────────────────────────────┐
  │ RUN: actor_tune_CGNN_e100_noaux_lr5                   │
  └──────────────────────────────────────────────────────┘
  [DONE] actor_tune_CGNN_e100_noaux_lr5               3m04s

  ── Stage 2: 其他 Baseline 调参 (9个) ──────────────

  ┌──────────────────────────────────────────────────────┐
  │ RUN: actor_tune_GCN_e50                               │
  └──────────────────────────────────────────────────────┘
  [DONE] actor_tune_GCN_e50                           0m35s

  ┌──────────────────────────────────────────────────────┐
  │ RUN: actor_tune_GCN_e100                              │
  └──────────────────────────────────────────────────────┘
  [DONE] actor_tune_GCN_e100                          0m50s

  ┌──────────────────────────────────────────────────────┐
  │ RUN: actor_tune_GCN_e50_h256                          │
  └──────────────────────────────────────────────────────┘
  [DONE] actor_tune_GCN_e50_h256                      0m52s

  ┌──────────────────────────────────────────────────────┐
  │ RUN: actor_tune_BSL_e50                               │
  └──────────────────────────────────────────────────────┘
  [DONE] actor_tune_BSL_e50                           2m23s

  ┌──────────────────────────────────────────────────────┐
  │ RUN: actor_tune_BSL_e50_h128                          │
  └──────────────────────────────────────────────────────┘
  [FAIL] actor_tune_BSL_e50_h128
        _engine_run_backward(
      File "/usr/local/miniconda3/envs/py312/lib/python3.12/site-packages/torch/autograd/graph.py", line 841, in _engine_run_backward
        return Variable._execution_engine.run_backward(  # Calls into the C++ engine to run the backward pass
               ^^^^^^^^^^^^^^^^^^^^^^^^^^^^^^^^^^^^^^^^^^^^^^^^^^^^^^^^^^^^^^^^^^^^^^^^^^^^^^^^^^^^^^^^^^^^^^
    torch.OutOfMemoryError: CUDA out of memory. Tried to allocate 3.03 GiB. GPU 0 has a total capacity of 23.56 GiB of which 1.68 GiB is free. Including non-PyTorch memory, this process has 21.87 GiB memory in use. Of the allocated memory 16.17 GiB is allocated by PyTorch, and 5.39 GiB is reserved by PyTorch but unallocated. If reserved but unallocated memory is large try setting PYTORCH_CUDA_ALLOC_CONF=expandable_segments:True to avoid fragmentation.  See documentation for Memory Management  (https://pytorch.org/docs/stable/notes/cuda.html#environment-variables)

  ┌──────────────────────────────────────────────────────┐
  │ RUN: actor_tune_Grad_e50                              │
  └──────────────────────────────────────────────────────┘
  [DONE] actor_tune_Grad_e50                          3m12s

  ┌──────────────────────────────────────────────────────┐
  │ RUN: actor_tune_Grad_e50_gs16                         │
  └──────────────────────────────────────────────────────┘
  [DONE] actor_tune_Grad_e50_gs16                     3m17s

  ┌──────────────────────────────────────────────────────┐
  │ RUN: actor_tune_HOGRL_e50                             │
  └──────────────────────────────────────────────────────┘
  [DONE] actor_tune_HOGRL_e50                         3m40s

  ┌──────────────────────────────────────────────────────┐
  │ RUN: actor_tune_HOGRL_e50_lr3                         │
  └──────────────────────────────────────────────────────┘
  [DONE] actor_tune_HOGRL_e50_lr3                     3m40s

  ── Stage 3: TASD-CL 调参 (3个) ─────────────────

  ┌──────────────────────────────────────────────────────┐
  │ RUN: actor_tune_TASDCL_noaux_e50                      │
  └──────────────────────────────────────────────────────┘
  [DONE] actor_tune_TASDCL_noaux_e50                  2m27s

  ┌──────────────────────────────────────────────────────┐
  │ RUN: actor_tune_TASDCL_noaux_e50_lam05                │
  └──────────────────────────────────────────────────────┘
  [DONE] actor_tune_TASDCL_noaux_e50_lam05            2m25s

  ┌──────────────────────────────────────────────────────┐
  │ RUN: actor_tune_TASDCL_noaux_e50_nospc                │
  └──────────────────────────────────────────────────────┘
  [DONE] actor_tune_TASDCL_noaux_e50_nospc            2m24s

══════════════════════════════════════════════════════════
  完成: 03:32:28 | 耗时: 0h40m17s
  ✅ 已完成: 18  ⏭ 已跳过: 0  ❌ 失败: 1
══════════════════════════════════════════════════════════
