/usr/local/miniconda3/envs/py312/lib/python3.12/site-packages/torch/optim/lr_scheduler.py:1343: UserWarning: Converting a tensor with requires_grad=True to a scalar may lead to unexpected behavior.
Consider using tensor.detach() first. (Triggered internally at /pytorch/torch/csrc/autograd/generated/python_variable_methods.cpp:836.)
  current = float(metrics)

--- Training on Task 1 (Timesteps: 0 to 0) ---
🔧 Task 1 动态权重: 110.96 -> 截断为: 20.00
   -> Focal Loss Alpha: 0.9524
📉 Snapshot 节点数: 189571 (仅当前任务)

--- [CL Evaluation] Evaluating on all seen tasks (0 to 0) ---
*** CL Metrics @ Task 1 [WARM-UP, 仅供参考] ***
  [Binary]  F1: 0.0000 | Precision: 0.0000 | Recall: 0.0000
  [Macro]   Macro-F1: 0.4980 | Macro-Recall: 0.5000
  [Ranking] AUC-ROC: 0.5000 | AUC-PR: 0.0081
  [Balance] G-Mean: 0.0000 | Specificity: 1.0000 | MCC: 0.0000

--- Training on Task 2 (Timesteps: 1 to 1) ---
🔧 Task 2 动态权重: 21.43 -> 截断为: 10.00
   -> Focal Loss Alpha: 0.9091
📉 Snapshot 节点数: 160370 (仅当前任务)
   [EWC] Updating Fisher Matrix...
   [SPC] Task 2 子空间原型已更新 | 欺诈: 1436, 正常: 30774

--- [CL Evaluation] Evaluating on all seen tasks (0 to 1) ---
*** CL Metrics @ Task 2 ***
  [Binary]  F1: 0.1368 | Precision: 0.0849 | Recall: 0.4425
  [Macro]   Macro-F1: 0.5216 | Macro-Recall: 0.6412
  [Ranking] AUC-ROC: 0.6534 | AUC-PR: 0.0845
  [Balance] G-Mean: 0.6015 | Specificity: 0.8399 | MCC: 0.1344

--- Training on Task 3 (Timesteps: 2 to 2) ---
🔧 Task 3 动态权重: 12.37 -> 截断为: 10.00
   -> Focal Loss Alpha: 0.9091
📉 Snapshot 节点数: 100261 (仅当前任务)
   [EWC] Updating Fisher Matrix...
   [SPC] Task 3 子空间原型已更新 | 欺诈: 1642, 正常: 20312

--- [CL Evaluation] Evaluating on all seen tasks (0 to 2) ---
*** CL Metrics @ Task 3 ***
  [Binary]  F1: 0.2007 | Precision: 0.1250 | Recall: 0.6381
  [Macro]   Macro-F1: 0.5269 | Macro-Recall: 0.6960
  [Ranking] AUC-ROC: 0.7375 | AUC-PR: 0.1504
  [Balance] G-Mean: 0.6893 | Specificity: 0.7538 | MCC: 0.1987

--- Training on Task 4 (Timesteps: 3 to 3) ---
🔧 Task 4 动态权重: 7.97 -> 截断为: 7.97
   -> Focal Loss Alpha: 0.8885
📉 Snapshot 节点数: 96398 (仅当前任务)
   [EWC] Updating Fisher Matrix...
   [SPC] Task 4 子空间原型已更新 | 欺诈: 1760, 正常: 14031

--- [CL Evaluation] Evaluating on all seen tasks (0 to 3) ---
*** CL Metrics @ Task 4 ***
  [Binary]  F1: 0.2380 | Precision: 0.1501 | Recall: 0.6738
  [Macro]   Macro-F1: 0.5365 | Macro-Recall: 0.7018
  [Ranking] AUC-ROC: 0.7453 | AUC-PR: 0.1804
  [Balance] G-Mean: 0.6961 | Specificity: 0.7298 | MCC: 0.2202

--- Training on Task 5 (Timesteps: 4 to 4) ---
🔧 Task 5 动态权重: 6.70 -> 截断为: 6.70
   -> Focal Loss Alpha: 0.8702
📉 Snapshot 节点数: 148489 (仅当前任务)
   [EWC] Updating Fisher Matrix...
   [SPC] Task 5 子空间原型已更新 | 欺诈: 5421, 正常: 36346

--- [CL Evaluation] Evaluating on all seen tasks (0 to 4) ---
*** CL Metrics @ Task 5 ***
  [Binary]  F1: 0.2803 | Precision: 0.1830 | Recall: 0.6970
  [Macro]   Macro-F1: 0.5574 | Macro-Recall: 0.7141
  [Ranking] AUC-ROC: 0.7619 | AUC-PR: 0.2214
  [Balance] G-Mean: 0.7094 | Specificity: 0.7311 | MCC: 0.2519

--- Training on Task 6 (Timesteps: 5 to 5) ---
🔧 Task 6 动态权重: 3.81 -> 截断为: 3.81
   -> Focal Loss Alpha: 0.7919
📉 Snapshot 节点数: 72045 (仅当前任务)
   [EWC] Updating Fisher Matrix...
   [SPC] Task 6 子空间原型已更新 | 欺诈: 2319, 正常: 8825

--- [CL Evaluation] Evaluating on all seen tasks (0 to 5) ---
*** CL Metrics @ Task 6 ***
  [Binary]  F1: 0.3170 | Precision: 0.2162 | Recall: 0.7017
  [Macro]   Macro-F1: 0.5712 | Macro-Recall: 0.7126
  [Ranking] AUC-ROC: 0.7640 | AUC-PR: 0.2558
  [Balance] G-Mean: 0.7087 | Specificity: 0.7235 | MCC: 0.2669

--- Training on Task 7 (Timesteps: 6 to 6) ---
🔧 Task 7 动态权重: 6.63 -> 截断为: 6.63
   -> Focal Loss Alpha: 0.8690
📉 Snapshot 节点数: 106824 (仅当前任务)
   [EWC] Updating Fisher Matrix...
   [SPC] Task 7 子空间原型已更新 | 欺诈: 3553, 正常: 23563

--- [CL Evaluation] Evaluating on all seen tasks (0 to 6) ---
*** CL Metrics @ Task 7 ***
  [Binary]  F1: 0.3201 | Precision: 0.2163 | Recall: 0.7113
  [Macro]   Macro-F1: 0.5647 | Macro-Recall: 0.7068
  [Ranking] AUC-ROC: 0.7578 | AUC-PR: 0.2548
  [Balance] G-Mean: 0.7024 | Specificity: 0.7023 | MCC: 0.2622

--- Training on Task 8 (Timesteps: 7 to 7) ---
🔧 Task 8 动态权重: 9.60 -> 截断为: 9.60
   -> Focal Loss Alpha: 0.9057
📉 Snapshot 节点数: 138779 (仅当前任务)
   [EWC] Updating Fisher Matrix...
   [SPC] Task 8 子空间原型已更新 | 欺诈: 2811, 正常: 26989

--- [CL Evaluation] Evaluating on all seen tasks (0 to 7) ---
*** CL Metrics @ Task 8 ***
  [Binary]  F1: 0.3171 | Precision: 0.2124 | Recall: 0.7146
  [Macro]   Macro-F1: 0.5617 | Macro-Recall: 0.7060
  [Ranking] AUC-ROC: 0.7543 | AUC-PR: 0.2457
  [Balance] G-Mean: 0.7020 | Specificity: 0.6973 | MCC: 0.2596

--- Training on Task 9 (Timesteps: 8 to 8) ---
🔧 Task 9 动态权重: 22.55 -> 截断为: 10.00
   -> Focal Loss Alpha: 0.9091
📉 Snapshot 节点数: 166309 (仅当前任务)
   [EWC] Updating Fisher Matrix...
   [SPC] Task 9 子空间原型已更新 | 欺诈: 1674, 正常: 37750

--- [CL Evaluation] Evaluating on all seen tasks (0 to 8) ---
*** CL Metrics @ Task 9 ***
  [Binary]  F1: 0.2994 | Precision: 0.1986 | Recall: 0.7169
  [Macro]   Macro-F1: 0.5512 | Macro-Recall: 0.7041
  [Ranking] AUC-ROC: 0.7510 | AUC-PR: 0.2285
  [Balance] G-Mean: 0.7005 | Specificity: 0.6913 | MCC: 0.2488

--- Training on Task 10 (Timesteps: 9 to 9) ---
🔧 Task 10 动态权重: 12.37 -> 截断为: 10.00
   -> Focal Loss Alpha: 0.9091
📉 Snapshot 节点数: 89214 (仅当前任务)
   [EWC] Updating Fisher Matrix...
   [SPC] Task 10 子空间原型已更新 | 欺诈: 1682, 正常: 20798

--- [CL Evaluation] Evaluating on all seen tasks (0 to 9) ---
*** CL Metrics @ Task 10 ***
  [Binary]  F1: 0.2802 | Precision: 0.1857 | Recall: 0.6694
  [Macro]   Macro-F1: 0.5424 | Macro-Recall: 0.6826
  [Ranking] AUC-ROC: 0.7198 | AUC-PR: 0.2129
  [Balance] G-Mean: 0.6726 | Specificity: 0.6957 | MCC: 0.2225
All tasks trained.
Total time: 91.36s
