/usr/local/miniconda3/envs/py312/lib/python3.12/site-packages/torch/optim/lr_scheduler.py:1343: UserWarning: Converting a tensor with requires_grad=True to a scalar may lead to unexpected behavior.
Consider using tensor.detach() first. (Triggered internally at /pytorch/torch/csrc/autograd/generated/python_variable_methods.cpp:836.)
  current = float(metrics)

--- Training on Task 1 (Timesteps: 0 to 0) ---
🔧 Task 1 动态权重: 110.96 -> 截断为: 20.00
   -> Focal Loss Alpha: 0.9524
📉 Snapshot 节点数: 189571 (仅当前任务)

--- [CL Evaluation] Evaluating on all seen tasks (0 to 0) ---
*** CL Metrics @ Task 1 [WARM-UP, 仅供参考] ***
  [Binary]  F1: 0.0000 | Precision: 0.0000 | Recall: 0.0000
  [Macro]   Macro-F1: 0.4980 | Macro-Recall: 0.5000
  [Ranking] AUC-ROC: 0.5000 | AUC-PR: 0.0081
  [Balance] G-Mean: 0.0000 | Specificity: 1.0000 | MCC: 0.0000

--- Training on Task 2 (Timesteps: 1 to 1) ---
🔧 Task 2 动态权重: 21.43 -> 截断为: 10.00
   -> Focal Loss Alpha: 0.9091
📉 Snapshot 节点数: 160370 (仅当前任务)
   [EWC] Updating Fisher Matrix...
   [SPC] Task 2 子空间原型已更新 | 欺诈: 1436, 正常: 30774

--- [CL Evaluation] Evaluating on all seen tasks (0 to 1) ---
*** CL Metrics @ Task 2 ***
  [Binary]  F1: 0.1513 | Precision: 0.0974 | Recall: 0.4323
  [Macro]   Macro-F1: 0.5357 | Macro-Recall: 0.6480
  [Ranking] AUC-ROC: 0.6602 | AUC-PR: 0.1078
  [Balance] G-Mean: 0.6041 | Specificity: 0.8638 | MCC: 0.1489

--- Training on Task 3 (Timesteps: 2 to 2) ---
🔧 Task 3 动态权重: 12.37 -> 截断为: 10.00
   -> Focal Loss Alpha: 0.9091
📉 Snapshot 节点数: 100261 (仅当前任务)
   [EWC] Updating Fisher Matrix...
   [SPC] Task 3 子空间原型已更新 | 欺诈: 1642, 正常: 20312

--- [CL Evaluation] Evaluating on all seen tasks (0 to 2) ---
*** CL Metrics @ Task 3 ***
  [Binary]  F1: 0.2992 | Precision: 0.2381 | Recall: 0.4864
  [Macro]   Macro-F1: 0.6213 | Macro-Recall: 0.6991
  [Ranking] AUC-ROC: 0.7291 | AUC-PR: 0.1840
  [Balance] G-Mean: 0.6595 | Specificity: 0.9118 | MCC: 0.2823

--- Training on Task 4 (Timesteps: 3 to 3) ---
🔧 Task 4 动态权重: 7.97 -> 截断为: 7.97
   -> Focal Loss Alpha: 0.8885
📉 Snapshot 节点数: 96398 (仅当前任务)
   [EWC] Updating Fisher Matrix...
   [SPC] Task 4 子空间原型已更新 | 欺诈: 1760, 正常: 14031

--- [CL Evaluation] Evaluating on all seen tasks (0 to 3) ---
*** CL Metrics @ Task 4 ***
  [Binary]  F1: 0.3419 | Precision: 0.2763 | Recall: 0.5124
  [Macro]   Macro-F1: 0.6388 | Macro-Recall: 0.7084
  [Ranking] AUC-ROC: 0.7441 | AUC-PR: 0.2256
  [Balance] G-Mean: 0.6751 | Specificity: 0.9044 | MCC: 0.3112

--- Training on Task 5 (Timesteps: 4 to 4) ---
🔧 Task 5 动态权重: 6.70 -> 截断为: 6.70
   -> Focal Loss Alpha: 0.8702
📉 Snapshot 节点数: 148489 (仅当前任务)
   [EWC] Updating Fisher Matrix...
   [SPC] Task 5 子空间原型已更新 | 欺诈: 5421, 正常: 36346

--- [CL Evaluation] Evaluating on all seen tasks (0 to 4) ---
*** CL Metrics @ Task 5 ***
  [Binary]  F1: 0.3847 | Precision: 0.3298 | Recall: 0.5237
  [Macro]   Macro-F1: 0.6596 | Macro-Recall: 0.7163
  [Ranking] AUC-ROC: 0.7470 | AUC-PR: 0.2736
  [Balance] G-Mean: 0.6852 | Specificity: 0.9089 | MCC: 0.3462

--- Training on Task 6 (Timesteps: 5 to 5) ---
🔧 Task 6 动态权重: 3.81 -> 截断为: 3.81
   -> Focal Loss Alpha: 0.7919
📉 Snapshot 节点数: 72045 (仅当前任务)
   [EWC] Updating Fisher Matrix...
   [SPC] Task 6 子空间原型已更新 | 欺诈: 2319, 正常: 8825

--- [CL Evaluation] Evaluating on all seen tasks (0 to 5) ---
*** CL Metrics @ Task 6 ***
  [Binary]  F1: 0.4081 | Precision: 0.3701 | Recall: 0.5173
  [Macro]   Macro-F1: 0.6672 | Macro-Recall: 0.7126
  [Ranking] AUC-ROC: 0.7482 | AUC-PR: 0.3010
  [Balance] G-Mean: 0.6814 | Specificity: 0.9078 | MCC: 0.3574

--- Training on Task 7 (Timesteps: 6 to 6) ---
🔧 Task 7 动态权重: 6.63 -> 截断为: 6.63
   -> Focal Loss Alpha: 0.8690
📉 Snapshot 节点数: 106824 (仅当前任务)
   [EWC] Updating Fisher Matrix...
   [SPC] Task 7 子空间原型已更新 | 欺诈: 3553, 正常: 23563

--- [CL Evaluation] Evaluating on all seen tasks (0 to 6) ---
*** CL Metrics @ Task 7 ***
  [Binary]  F1: 0.4178 | Precision: 0.3756 | Recall: 0.5249
  [Macro]   Macro-F1: 0.6702 | Macro-Recall: 0.7139
  [Ranking] AUC-ROC: 0.7519 | AUC-PR: 0.3086
  [Balance] G-Mean: 0.6849 | Specificity: 0.9029 | MCC: 0.3616

--- Training on Task 8 (Timesteps: 7 to 7) ---
🔧 Task 8 动态权重: 9.60 -> 截断为: 9.60
   -> Focal Loss Alpha: 0.9057
📉 Snapshot 节点数: 138779 (仅当前任务)
   [EWC] Updating Fisher Matrix...
   [SPC] Task 8 子空间原型已更新 | 欺诈: 2811, 正常: 26989

--- [CL Evaluation] Evaluating on all seen tasks (0 to 7) ---
*** CL Metrics @ Task 8 ***
  [Binary]  F1: 0.4061 | Precision: 0.3589 | Recall: 0.5206
  [Macro]   Macro-F1: 0.6622 | Macro-Recall: 0.7078
  [Ranking] AUC-ROC: 0.7438 | AUC-PR: 0.2927
  [Balance] G-Mean: 0.6795 | Specificity: 0.8951 | MCC: 0.3472

--- Training on Task 9 (Timesteps: 8 to 8) ---
🔧 Task 9 动态权重: 22.55 -> 截断为: 10.00
   -> Focal Loss Alpha: 0.9091
📉 Snapshot 节点数: 166309 (仅当前任务)
   [EWC] Updating Fisher Matrix...
   [SPC] Task 9 子空间原型已更新 | 欺诈: 1674, 正常: 37750

--- [CL Evaluation] Evaluating on all seen tasks (0 to 8) ---
*** CL Metrics @ Task 9 ***
  [Binary]  F1: 0.3822 | Precision: 0.3320 | Recall: 0.5210
  [Macro]   Macro-F1: 0.6485 | Macro-Recall: 0.7035
  [Ranking] AUC-ROC: 0.7399 | AUC-PR: 0.2695
  [Balance] G-Mean: 0.6766 | Specificity: 0.8860 | MCC: 0.3280

--- Training on Task 10 (Timesteps: 9 to 9) ---
🔧 Task 10 动态权重: 12.37 -> 截断为: 10.00
   -> Focal Loss Alpha: 0.9091
📉 Snapshot 节点数: 89214 (仅当前任务)
   [EWC] Updating Fisher Matrix...
   [SPC] Task 10 子空间原型已更新 | 欺诈: 1682, 正常: 20798

--- [CL Evaluation] Evaluating on all seen tasks (0 to 9) ---
*** CL Metrics @ Task 10 ***
  [Binary]  F1: 0.3601 | Precision: 0.3138 | Recall: 0.4862
  [Macro]   Macro-F1: 0.6380 | Macro-Recall: 0.6879
  [Ranking] AUC-ROC: 0.7065 | AUC-PR: 0.2511
  [Balance] G-Mean: 0.6488 | Specificity: 0.8895 | MCC: 0.3040
All tasks trained.
Total time: 91.38s
