nohup: ignoring input

╔══════════════════════════════════════════════════════════╗
║  Elliptic++ Actor 第六轮调参 (mf10 系列)                ║
║  2026-04-07 08:04:50                                     ║
╚══════════════════════════════════════════════════════════╝

  ── mf10 + ewc/scd/lr/lam 变体 ─────────────────────

  ┌──────────────────────────────────────────────────────┐
  │ RUN: actor_tune_TASDCL_spc_mf10_ewc2                  │
  └──────────────────────────────────────────────────────┘
  [DONE] actor_tune_TASDCL_spc_mf10_ewc2              1m38s

  ┌──────────────────────────────────────────────────────┐
  │ RUN: actor_tune_TASDCL_spc_mf10_scd1                  │
  └──────────────────────────────────────────────────────┘
  [DONE] actor_tune_TASDCL_spc_mf10_scd1              1m39s

  ┌──────────────────────────────────────────────────────┐
  │ RUN: actor_tune_TASDCL_spc_mf10_lr5                   │
  └──────────────────────────────────────────────────────┘
  [DONE] actor_tune_TASDCL_spc_mf10_lr5               1m37s

  ┌──────────────────────────────────────────────────────┐
  │ RUN: actor_tune_TASDCL_spc_mf10_lam05                 │
  └──────────────────────────────────────────────────────┘
  [DONE] actor_tune_TASDCL_spc_mf10_lam05             1m39s

══════════════════════════════════════════════════════════
  完成: 08:11:23 | 耗时: 0h6m33s
  ✅ 已完成: 4  ⏭ 已跳过: 0  ❌ 失败: 0
══════════════════════════════════════════════════════════
