/usr/local/miniconda3/envs/py312/lib/python3.12/site-packages/torch/optim/lr_scheduler.py:1343: UserWarning: Converting a tensor with requires_grad=True to a scalar may lead to unexpected behavior.
Consider using tensor.detach() first. (Triggered internally at /pytorch/torch/csrc/autograd/generated/python_variable_methods.cpp:836.)
  current = float(metrics)

--- Training on Task 1 (Timesteps: 0 to 0) ---
🔧 Task 1 动态权重: 110.96 -> 截断为: 20.00
   -> Focal Loss Alpha: 0.9524
📉 Snapshot 节点数: 189571 (仅当前任务)

--- [CL Evaluation] Evaluating on all seen tasks (0 to 0) ---
*** CL Metrics @ Task 1 [WARM-UP, 仅供参考] ***
  [Binary]  F1: 0.0000 | Precision: 0.0000 | Recall: 0.0000
  [Macro]   Macro-F1: 0.4980 | Macro-Recall: 0.5000
  [Ranking] AUC-ROC: 0.6839 | AUC-PR: 0.0128
  [Balance] G-Mean: 0.0000 | Specificity: 1.0000 | MCC: 0.0000

--- Training on Task 2 (Timesteps: 1 to 1) ---
🔧 Task 2 动态权重: 21.43 -> 截断为: 10.00
   -> Focal Loss Alpha: 0.9091
📉 Snapshot 节点数: 160370 (仅当前任务)
   [EWC] Updating Fisher Matrix...

--- [CL Evaluation] Evaluating on all seen tasks (0 to 1) ---
*** CL Metrics @ Task 2 ***
  [Binary]  F1: 0.0025 | Precision: 0.0333 | Recall: 0.0013
  [Macro]   Macro-F1: 0.4937 | Macro-Recall: 0.5001
  [Ranking] AUC-ROC: 0.6341 | AUC-PR: 0.0644
  [Balance] G-Mean: 0.0253 | Specificity: 0.9989 | MCC: 0.0009

--- Training on Task 3 (Timesteps: 2 to 2) ---
🔧 Task 3 动态权重: 12.37 -> 截断为: 10.00
   -> Focal Loss Alpha: 0.9091
📉 Snapshot 节点数: 100261 (仅当前任务)
   [EWC] Updating Fisher Matrix...

--- [CL Evaluation] Evaluating on all seen tasks (0 to 2) ---
*** CL Metrics @ Task 3 ***
  [Binary]  F1: 0.0016 | Precision: 0.0222 | Recall: 0.0009
  [Macro]   Macro-F1: 0.4886 | Macro-Recall: 0.4999
  [Ranking] AUC-ROC: 0.7030 | AUC-PR: 0.1492
  [Balance] G-Mean: 0.0168 | Specificity: 0.9989 | MCC: -0.0024

--- Training on Task 4 (Timesteps: 3 to 3) ---
🔧 Task 4 动态权重: 7.97 -> 截断为: 7.97
   -> Focal Loss Alpha: 0.8885
📉 Snapshot 节点数: 96398 (仅当前任务)
   [EWC] Updating Fisher Matrix...

--- [CL Evaluation] Evaluating on all seen tasks (0 to 3) ---
*** CL Metrics @ Task 4 ***
  [Binary]  F1: 0.0012 | Precision: 0.0167 | Recall: 0.0006
  [Macro]   Macro-F1: 0.4840 | Macro-Recall: 0.4999
  [Ranking] AUC-ROC: 0.7161 | AUC-PR: 0.1802
  [Balance] G-Mean: 0.0126 | Specificity: 0.9992 | MCC: -0.0018

--- Training on Task 5 (Timesteps: 4 to 4) ---
🔧 Task 5 动态权重: 6.70 -> 截断为: 6.70
   -> Focal Loss Alpha: 0.8702
📉 Snapshot 节点数: 148489 (仅当前任务)
   [EWC] Updating Fisher Matrix...

--- [CL Evaluation] Evaluating on all seen tasks (0 to 4) ---
*** CL Metrics @ Task 5 ***
  [Binary]  F1: 0.0010 | Precision: 0.0133 | Recall: 0.0005
  [Macro]   Macro-F1: 0.4800 | Macro-Recall: 0.4999
  [Ranking] AUC-ROC: 0.7163 | AUC-PR: 0.2032
  [Balance] G-Mean: 0.0101 | Specificity: 0.9993 | MCC: -0.0025

--- Training on Task 6 (Timesteps: 5 to 5) ---
🔧 Task 6 动态权重: 3.81 -> 截断为: 3.81
   -> Focal Loss Alpha: 0.7919
📉 Snapshot 节点数: 72045 (仅当前任务)
   [EWC] Updating Fisher Matrix...

--- [CL Evaluation] Evaluating on all seen tasks (0 to 5) ---
*** CL Metrics @ Task 6 ***
  [Binary]  F1: 0.0008 | Precision: 0.0111 | Recall: 0.0004
  [Macro]   Macro-F1: 0.4735 | Macro-Recall: 0.4999
  [Ranking] AUC-ROC: 0.7212 | AUC-PR: 0.2437
  [Balance] G-Mean: 0.0084 | Specificity: 0.9994 | MCC: -0.0021

--- Training on Task 7 (Timesteps: 6 to 6) ---
🔧 Task 7 动态权重: 6.63 -> 截断为: 6.63
   -> Focal Loss Alpha: 0.8690
📉 Snapshot 节点数: 106824 (仅当前任务)
   [EWC] Updating Fisher Matrix...

--- [CL Evaluation] Evaluating on all seen tasks (0 to 6) ---
*** CL Metrics @ Task 7 ***
  [Binary]  F1: 0.0007 | Precision: 0.0095 | Recall: 0.0004
  [Macro]   Macro-F1: 0.4722 | Macro-Recall: 0.4999
  [Ranking] AUC-ROC: 0.7252 | AUC-PR: 0.2490
  [Balance] G-Mean: 0.0072 | Specificity: 0.9995 | MCC: -0.0028

--- Training on Task 8 (Timesteps: 7 to 7) ---
🔧 Task 8 动态权重: 9.60 -> 截断为: 9.60
   -> Focal Loss Alpha: 0.9057
📉 Snapshot 节点数: 138779 (仅当前任务)
   [EWC] Updating Fisher Matrix...

--- [CL Evaluation] Evaluating on all seen tasks (0 to 7) ---
*** CL Metrics @ Task 8 ***
  [Binary]  F1: 0.0006 | Precision: 0.0083 | Recall: 0.0003
  [Macro]   Macro-F1: 0.4726 | Macro-Recall: 0.4999
  [Ranking] AUC-ROC: 0.7202 | AUC-PR: 0.2405
  [Balance] G-Mean: 0.0063 | Specificity: 0.9995 | MCC: -0.0032

--- Training on Task 9 (Timesteps: 8 to 8) ---
🔧 Task 9 动态权重: 22.55 -> 截断为: 10.00
   -> Focal Loss Alpha: 0.9091
📉 Snapshot 节点数: 166309 (仅当前任务)
   [EWC] Updating Fisher Matrix...

--- [CL Evaluation] Evaluating on all seen tasks (0 to 8) ---
*** CL Metrics @ Task 9 ***
  [Binary]  F1: 0.0005 | Precision: 0.0074 | Recall: 0.0003
  [Macro]   Macro-F1: 0.4743 | Macro-Recall: 0.4999
  [Ranking] AUC-ROC: 0.7222 | AUC-PR: 0.2272
  [Balance] G-Mean: 0.0056 | Specificity: 0.9995 | MCC: -0.0031

--- Training on Task 10 (Timesteps: 9 to 9) ---
🔧 Task 10 动态权重: 12.37 -> 截断为: 10.00
   -> Focal Loss Alpha: 0.9091
📉 Snapshot 节点数: 89214 (仅当前任务)
   [EWC] Updating Fisher Matrix...

--- [CL Evaluation] Evaluating on all seen tasks (0 to 9) ---
*** CL Metrics @ Task 10 ***
  [Binary]  F1: 0.0005 | Precision: 0.0067 | Recall: 0.0003
  [Macro]   Macro-F1: 0.4750 | Macro-Recall: 0.4999
  [Ranking] AUC-ROC: 0.6904 | AUC-PR: 0.2115
  [Balance] G-Mean: 0.0051 | Specificity: 0.9996 | MCC: -0.0028
All tasks trained.
Total time: 112.73s
