nohup: ignoring input

╔══════════════════════════════════════════════════════════╗
║  Elliptic++ Actor 第五轮调参 (spc_min_fraud 系列)       ║
║  2026-04-07 07:54:48                                     ║
╚══════════════════════════════════════════════════════════╝

  ── SPC + spc_min_fraud 过滤 ────────────────────────

  ┌──────────────────────────────────────────────────────┐
  │ RUN: actor_tune_TASDCL_spc_mf10                       │
  └──────────────────────────────────────────────────────┘
  [DONE] actor_tune_TASDCL_spc_mf10                   1m38s

  ┌──────────────────────────────────────────────────────┐
  │ RUN: actor_tune_TASDCL_spc_mf20                       │
  └──────────────────────────────────────────────────────┘
  [DONE] actor_tune_TASDCL_spc_mf20                   1m39s

  ┌──────────────────────────────────────────────────────┐
  │ RUN: actor_tune_TASDCL_spc_mf50                       │
  └──────────────────────────────────────────────────────┘
  [DONE] actor_tune_TASDCL_spc_mf50                   1m39s

══════════════════════════════════════════════════════════
  完成: 07:59:44 | 耗时: 0h4m56s
  ✅ 已完成: 3  ⏭ 已跳过: 0  ❌ 失败: 0
══════════════════════════════════════════════════════════
