/usr/local/miniconda3/envs/py312/lib/python3.12/site-packages/torch/optim/lr_scheduler.py:1343: UserWarning: Converting a tensor with requires_grad=True to a scalar may lead to unexpected behavior.
Consider using tensor.detach() first. (Triggered internally at /pytorch/torch/csrc/autograd/generated/python_variable_methods.cpp:836.)
  current = float(metrics)

--- Training on Task 1 (Timesteps: 0 to 0) ---
[INFO] Task 1 class weight: 110.96 -> clipped: 20.00
   -> Focal Loss Alpha: 0.9524
[INFO] Snapshot nodes: 189571 (current task only)

--- [CL Evaluation] Evaluating on all seen tasks (0 to 0) ---
*** CL Metrics @ Task 1 [WARM-UP, 仅供参考] ***
  [Binary]  F1: 0.0391 | Precision: 0.0204 | Recall: 0.4717
  [Macro]   Macro-F1: 0.4675 | Macro-Recall: 0.6433
  [Ranking] AUC-ROC: 0.6426 | AUC-PR: 0.0139
  [Balance] G-Mean: 0.6200 | Specificity: 0.8148 | MCC: 0.0658

--- Training on Task 2 (Timesteps: 1 to 1) ---
[INFO] Task 2 class weight: 21.43 -> clipped: 10.00
   -> Focal Loss Alpha: 0.9091
[INFO] Snapshot nodes: 160370 (current task only)

--- [CL Evaluation] Evaluating on all seen tasks (0 to 1) ---
*** CL Metrics @ Task 2 ***
  [Binary]  F1: 0.1445 | Precision: 0.0888 | Recall: 0.5423
  [Macro]   Macro-F1: 0.5164 | Macro-Recall: 0.6755
  [Ranking] AUC-ROC: 0.7348 | AUC-PR: 0.0774
  [Balance] G-Mean: 0.6607 | Specificity: 0.8087 | MCC: 0.1527

--- Training on Task 3 (Timesteps: 2 to 2) ---
[INFO] Task 3 class weight: 12.37 -> clipped: 10.00
   -> Focal Loss Alpha: 0.9091
[INFO] Snapshot nodes: 100261 (current task only)

--- [CL Evaluation] Evaluating on all seen tasks (0 to 2) ---
*** CL Metrics @ Task 3 ***
  [Binary]  F1: 0.2521 | Precision: 0.1825 | Recall: 0.5457
  [Macro]   Macro-F1: 0.5825 | Macro-Recall: 0.7014
  [Ranking] AUC-ROC: 0.7827 | AUC-PR: 0.1479
  [Balance] G-Mean: 0.6825 | Specificity: 0.8571 | MCC: 0.2407

--- Training on Task 4 (Timesteps: 3 to 3) ---
[INFO] Task 4 class weight: 7.97 -> clipped: 7.97
   -> Focal Loss Alpha: 0.8885
[INFO] Snapshot nodes: 96398 (current task only)

--- [CL Evaluation] Evaluating on all seen tasks (0 to 3) ---
*** CL Metrics @ Task 4 ***
  [Binary]  F1: 0.2648 | Precision: 0.1821 | Recall: 0.6011
  [Macro]   Macro-F1: 0.5599 | Macro-Recall: 0.6845
  [Ranking] AUC-ROC: 0.7539 | AUC-PR: 0.1631
  [Balance] G-Mean: 0.6773 | Specificity: 0.7679 | MCC: 0.2350

--- Training on Task 5 (Timesteps: 4 to 4) ---
[INFO] Task 5 class weight: 6.70 -> clipped: 6.70
   -> Focal Loss Alpha: 0.8702
[INFO] Snapshot nodes: 148489 (current task only)

--- [CL Evaluation] Evaluating on all seen tasks (0 to 4) ---
*** CL Metrics @ Task 5 ***
  [Binary]  F1: 0.3174 | Precision: 0.2306 | Recall: 0.5945
  [Macro]   Macro-F1: 0.6037 | Macro-Recall: 0.7103
  [Ranking] AUC-ROC: 0.7543 | AUC-PR: 0.1754
  [Balance] G-Mean: 0.6935 | Specificity: 0.8261 | MCC: 0.2799

--- Training on Task 6 (Timesteps: 5 to 5) ---
[INFO] Task 6 class weight: 3.81 -> clipped: 3.81
   -> Focal Loss Alpha: 0.7919
[INFO] Snapshot nodes: 72045 (current task only)

--- [CL Evaluation] Evaluating on all seen tasks (0 to 5) ---
*** CL Metrics @ Task 6 ***
  [Binary]  F1: 0.2645 | Precision: 0.1681 | Recall: 0.8003
  [Macro]   Macro-F1: 0.4800 | Macro-Recall: 0.6757
  [Ranking] AUC-ROC: 0.7470 | AUC-PR: 0.2110
  [Balance] G-Mean: 0.6606 | Specificity: 0.5511 | MCC: 0.2023

--- Training on Task 7 (Timesteps: 6 to 6) ---
[INFO] Task 7 class weight: 6.63 -> clipped: 6.63
   -> Focal Loss Alpha: 0.8690
[INFO] Snapshot nodes: 106824 (current task only)

--- [CL Evaluation] Evaluating on all seen tasks (0 to 6) ---
*** CL Metrics @ Task 7 ***
  [Binary]  F1: 0.2814 | Precision: 0.1830 | Recall: 0.7660
  [Macro]   Macro-F1: 0.5049 | Macro-Recall: 0.6798
  [Ranking] AUC-ROC: 0.7574 | AUC-PR: 0.2261
  [Balance] G-Mean: 0.6718 | Specificity: 0.5937 | MCC: 0.2126

--- Training on Task 8 (Timesteps: 7 to 7) ---
[INFO] Task 8 class weight: 9.60 -> clipped: 9.60
   -> Focal Loss Alpha: 0.9057
[INFO] Snapshot nodes: 138779 (current task only)

--- [CL Evaluation] Evaluating on all seen tasks (0 to 7) ---
*** CL Metrics @ Task 8 ***
  [Binary]  F1: 0.3798 | Precision: 0.2880 | Recall: 0.6320
  [Macro]   Macro-F1: 0.6314 | Macro-Recall: 0.7273
  [Ranking] AUC-ROC: 0.7580 | AUC-PR: 0.2295
  [Balance] G-Mean: 0.7157 | Specificity: 0.8226 | MCC: 0.3251

--- Training on Task 9 (Timesteps: 8 to 8) ---
[INFO] Task 9 class weight: 22.55 -> clipped: 10.00
   -> Focal Loss Alpha: 0.9091
[INFO] Snapshot nodes: 166309 (current task only)

--- [CL Evaluation] Evaluating on all seen tasks (0 to 8) ---
*** CL Metrics @ Task 9 ***
  [Binary]  F1: 0.3519 | Precision: 0.2711 | Recall: 0.5786
  [Macro]   Macro-F1: 0.6207 | Macro-Recall: 0.7071
  [Ranking] AUC-ROC: 0.7466 | AUC-PR: 0.2124
  [Balance] G-Mean: 0.6892 | Specificity: 0.8356 | MCC: 0.2970

--- Training on Task 10 (Timesteps: 9 to 9) ---
[INFO] Task 10 class weight: 12.37 -> clipped: 10.00
   -> Focal Loss Alpha: 0.9091
[INFO] Snapshot nodes: 89214 (current task only)

--- [CL Evaluation] Evaluating on all seen tasks (0 to 9) ---
*** CL Metrics @ Task 10 ***
  [Binary]  F1: 0.2567 | Precision: 0.1632 | Recall: 0.7547
  [Macro]   Macro-F1: 0.4952 | Macro-Recall: 0.6768
  [Ranking] AUC-ROC: 0.7423 | AUC-PR: 0.2031
  [Balance] G-Mean: 0.6697 | Specificity: 0.5988 | MCC: 0.1966
All tasks trained.
Total time: 142.27s
