/usr/local/miniconda3/envs/py312/lib/python3.12/site-packages/torch/optim/lr_scheduler.py:1343: UserWarning: Converting a tensor with requires_grad=True to a scalar may lead to unexpected behavior.
Consider using tensor.detach() first. (Triggered internally at /pytorch/torch/csrc/autograd/generated/python_variable_methods.cpp:836.)
  current = float(metrics)

--- Training on Task 1 (Timesteps: 0 to 0) ---
🔧 Task 1 动态权重: 110.96 -> 截断为: 20.00
   -> Focal Loss Alpha: 0.9524
📉 Snapshot 节点数: 189571 (仅当前任务)

--- [CL Evaluation] Evaluating on all seen tasks (0 to 0) ---
*** CL Metrics @ Task 1 [WARM-UP, 仅供参考] ***
  [Binary]  F1: 0.0317 | Precision: 0.1000 | Recall: 0.0189
  [Macro]   Macro-F1: 0.5135 | Macro-Recall: 0.5087
  [Ranking] AUC-ROC: 0.5087 | AUC-PR: 0.0098
  [Balance] G-Mean: 0.1373 | Specificity: 0.9986 | MCC: 0.0401

--- Training on Task 2 (Timesteps: 1 to 1) ---
🔧 Task 2 动态权重: 21.43 -> 截断为: 10.00
   -> Focal Loss Alpha: 0.9091
📉 Snapshot 节点数: 160370 (仅当前任务)

--- [CL Evaluation] Evaluating on all seen tasks (0 to 1) ---
*** CL Metrics @ Task 2 ***
  [Binary]  F1: 0.0826 | Precision: 0.0642 | Recall: 0.1423
  [Macro]   Macro-F1: 0.5195 | Macro-Recall: 0.5407
  [Ranking] AUC-ROC: 0.5430 | AUC-PR: 0.0344
  [Balance] G-Mean: 0.3634 | Specificity: 0.9392 | MCC: 0.0537

--- Training on Task 3 (Timesteps: 2 to 2) ---
🔧 Task 3 动态权重: 12.37 -> 截断为: 10.00
   -> Focal Loss Alpha: 0.9091
📉 Snapshot 节点数: 100261 (仅当前任务)

--- [CL Evaluation] Evaluating on all seen tasks (0 to 2) ---
*** CL Metrics @ Task 3 ***
  [Binary]  F1: 0.1132 | Precision: 0.1008 | Recall: 0.1534
  [Macro]   Macro-F1: 0.5298 | Macro-Recall: 0.5440
  [Ranking] AUC-ROC: 0.5452 | AUC-PR: 0.0556
  [Balance] G-Mean: 0.3766 | Specificity: 0.9346 | MCC: 0.0693

--- Training on Task 4 (Timesteps: 3 to 3) ---
🔧 Task 4 动态权重: 7.97 -> 截断为: 7.97
   -> Focal Loss Alpha: 0.8885
📉 Snapshot 节点数: 96398 (仅当前任务)

--- [CL Evaluation] Evaluating on all seen tasks (0 to 3) ---
*** CL Metrics @ Task 4 ***
  [Binary]  F1: 0.1378 | Precision: 0.1267 | Recall: 0.1698
  [Macro]   Macro-F1: 0.5357 | Macro-Recall: 0.5468
  [Ranking] AUC-ROC: 0.5473 | AUC-PR: 0.0752
  [Balance] G-Mean: 0.3930 | Specificity: 0.9237 | MCC: 0.0788

--- Training on Task 5 (Timesteps: 4 to 4) ---
🔧 Task 5 动态权重: 6.70 -> 截断为: 6.70
   -> Focal Loss Alpha: 0.8702
📉 Snapshot 节点数: 148489 (仅当前任务)

--- [CL Evaluation] Evaluating on all seen tasks (0 to 4) ---
*** CL Metrics @ Task 5 ***
  [Binary]  F1: 0.1441 | Precision: 0.1284 | Recall: 0.1812
  [Macro]   Macro-F1: 0.5276 | Macro-Recall: 0.5379
  [Ranking] AUC-ROC: 0.5384 | AUC-PR: 0.0868
  [Balance] G-Mean: 0.3984 | Specificity: 0.8947 | MCC: 0.0638

--- Training on Task 6 (Timesteps: 5 to 5) ---
🔧 Task 6 动态权重: 3.81 -> 截断为: 3.81
   -> Focal Loss Alpha: 0.7919
📉 Snapshot 节点数: 72045 (仅当前任务)

--- [CL Evaluation] Evaluating on all seen tasks (0 to 5) ---
*** CL Metrics @ Task 6 ***
  [Binary]  F1: 0.1569 | Precision: 0.1611 | Recall: 0.1790
  [Macro]   Macro-F1: 0.5290 | Macro-Recall: 0.5378
  [Ranking] AUC-ROC: 0.5383 | AUC-PR: 0.1109
  [Balance] G-Mean: 0.3970 | Specificity: 0.8966 | MCC: 0.0694

--- Training on Task 7 (Timesteps: 6 to 6) ---
🔧 Task 7 动态权重: 6.63 -> 截断为: 6.63
   -> Focal Loss Alpha: 0.8690
📉 Snapshot 节点数: 106824 (仅当前任务)

--- [CL Evaluation] Evaluating on all seen tasks (0 to 6) ---
*** CL Metrics @ Task 7 ***
  [Binary]  F1: 0.1697 | Precision: 0.1773 | Recall: 0.1853
  [Macro]   Macro-F1: 0.5350 | Macro-Recall: 0.5418
  [Ranking] AUC-ROC: 0.5421 | AUC-PR: 0.1186
  [Balance] G-Mean: 0.4047 | Specificity: 0.8984 | MCC: 0.0801

--- Training on Task 8 (Timesteps: 7 to 7) ---
🔧 Task 8 动态权重: 9.60 -> 截断为: 9.60
   -> Focal Loss Alpha: 0.9057
📉 Snapshot 节点数: 138779 (仅当前任务)

--- [CL Evaluation] Evaluating on all seen tasks (0 to 7) ---
*** CL Metrics @ Task 8 ***
  [Binary]  F1: 0.1759 | Precision: 0.1807 | Recall: 0.1915
  [Macro]   Macro-F1: 0.5389 | Macro-Recall: 0.5454
  [Ranking] AUC-ROC: 0.5456 | AUC-PR: 0.1188
  [Balance] G-Mean: 0.4118 | Specificity: 0.8993 | MCC: 0.0866

--- Training on Task 9 (Timesteps: 8 to 8) ---
🔧 Task 9 动态权重: 22.55 -> 截断为: 10.00
   -> Focal Loss Alpha: 0.9091
📉 Snapshot 节点数: 166309 (仅当前任务)

--- [CL Evaluation] Evaluating on all seen tasks (0 to 8) ---
*** CL Metrics @ Task 9 ***
  [Binary]  F1: 0.1670 | Precision: 0.1677 | Recall: 0.1888
  [Macro]   Macro-F1: 0.5357 | Macro-Recall: 0.5437
  [Ranking] AUC-ROC: 0.5444 | AUC-PR: 0.1110
  [Balance] G-Mean: 0.4090 | Specificity: 0.8985 | MCC: 0.0811

--- Training on Task 10 (Timesteps: 9 to 9) ---
🔧 Task 10 动态权重: 12.37 -> 截断为: 10.00
   -> Focal Loss Alpha: 0.9091
📉 Snapshot 节点数: 89214 (仅当前任务)

--- [CL Evaluation] Evaluating on all seen tasks (0 to 9) ---
*** CL Metrics @ Task 10 ***
  [Binary]  F1: 0.1535 | Precision: 0.1536 | Recall: 0.1742
  [Macro]   Macro-F1: 0.5284 | Macro-Recall: 0.5350
  [Ranking] AUC-ROC: 0.5355 | AUC-PR: 0.1073
  [Balance] G-Mean: 0.3873 | Specificity: 0.8959 | MCC: 0.0661
All tasks trained.
Total time: 189.98s
