/usr/local/miniconda3/envs/py312/lib/python3.12/site-packages/torch/optim/lr_scheduler.py:1343: UserWarning: Converting a tensor with requires_grad=True to a scalar may lead to unexpected behavior.
Consider using tensor.detach() first. (Triggered internally at /pytorch/torch/csrc/autograd/generated/python_variable_methods.cpp:836.)
  current = float(metrics)

--- Training on Task 1 (Timesteps: 0 to 0) ---
🔧 Task 1 动态权重: 110.96 -> 截断为: 20.00
   -> Focal Loss Alpha: 0.9524
📉 Snapshot 节点数: 189571 (仅当前任务)

--- [CL Evaluation] Evaluating on all seen tasks (0 to 0) ---
*** CL Metrics @ Task 1 [WARM-UP, 仅供参考] ***
  [Binary]  F1: 0.0350 | Precision: 0.0179 | Recall: 0.8302
  [Macro]   Macro-F1: 0.4026 | Macro-Recall: 0.7287
  [Ranking] AUC-ROC: 0.7286 | AUC-PR: 0.0162
  [Balance] G-Mean: 0.7216 | Specificity: 0.6273 | MCC: 0.0847

--- Training on Task 2 (Timesteps: 1 to 1) ---
🔧 Task 2 动态权重: 21.43 -> 截断为: 10.00
   -> Focal Loss Alpha: 0.9091
📉 Snapshot 节点数: 160370 (仅当前任务)

--- [CL Evaluation] Evaluating on all seen tasks (0 to 1) ---
*** CL Metrics @ Task 2 ***
  [Binary]  F1: 0.1509 | Precision: 0.0939 | Recall: 0.5170
  [Macro]   Macro-F1: 0.5278 | Macro-Recall: 0.6765
  [Ranking] AUC-ROC: 0.7325 | AUC-PR: 0.0753
  [Balance] G-Mean: 0.6545 | Specificity: 0.8360 | MCC: 0.1587

--- Training on Task 3 (Timesteps: 2 to 2) ---
🔧 Task 3 动态权重: 12.37 -> 截断为: 10.00
   -> Focal Loss Alpha: 0.9091
📉 Snapshot 节点数: 100261 (仅当前任务)

--- [CL Evaluation] Evaluating on all seen tasks (0 to 2) ---
*** CL Metrics @ Task 3 ***
  [Binary]  F1: 0.2763 | Precision: 0.1991 | Recall: 0.5913
  [Macro]   Macro-F1: 0.5961 | Macro-Recall: 0.7251
  [Ranking] AUC-ROC: 0.7752 | AUC-PR: 0.1706
  [Balance] G-Mean: 0.7090 | Specificity: 0.8588 | MCC: 0.2717

--- Training on Task 4 (Timesteps: 3 to 3) ---
🔧 Task 4 动态权重: 7.97 -> 截断为: 7.97
   -> Focal Loss Alpha: 0.8885
📉 Snapshot 节点数: 96398 (仅当前任务)

--- [CL Evaluation] Evaluating on all seen tasks (0 to 3) ---
*** CL Metrics @ Task 4 ***
  [Binary]  F1: 0.3237 | Precision: 0.2354 | Recall: 0.6238
  [Macro]   Macro-F1: 0.6162 | Macro-Recall: 0.7371
  [Ranking] AUC-ROC: 0.7749 | AUC-PR: 0.2010
  [Balance] G-Mean: 0.7248 | Specificity: 0.8505 | MCC: 0.3054

--- Training on Task 5 (Timesteps: 4 to 4) ---
🔧 Task 5 动态权重: 6.70 -> 截断为: 6.70
   -> Focal Loss Alpha: 0.8702
📉 Snapshot 节点数: 148489 (仅当前任务)

--- [CL Evaluation] Evaluating on all seen tasks (0 to 4) ---
*** CL Metrics @ Task 5 ***
  [Binary]  F1: 0.3777 | Precision: 0.2831 | Recall: 0.6583
  [Macro]   Macro-F1: 0.6436 | Macro-Recall: 0.7558
  [Ranking] AUC-ROC: 0.7872 | AUC-PR: 0.2432
  [Balance] G-Mean: 0.7458 | Specificity: 0.8533 | MCC: 0.3521

--- Training on Task 6 (Timesteps: 5 to 5) ---
🔧 Task 6 动态权重: 3.81 -> 截断为: 3.81
   -> Focal Loss Alpha: 0.7919
📉 Snapshot 节点数: 72045 (仅当前任务)

--- [CL Evaluation] Evaluating on all seen tasks (0 to 5) ---
*** CL Metrics @ Task 6 ***
  [Binary]  F1: 0.4078 | Precision: 0.3194 | Recall: 0.6540
  [Macro]   Macro-F1: 0.6546 | Macro-Recall: 0.7518
  [Ranking] AUC-ROC: 0.7771 | AUC-PR: 0.2724
  [Balance] G-Mean: 0.7423 | Specificity: 0.8496 | MCC: 0.3647

--- Training on Task 7 (Timesteps: 6 to 6) ---
🔧 Task 7 动态权重: 6.63 -> 截断为: 6.63
   -> Focal Loss Alpha: 0.8690
📉 Snapshot 节点数: 106824 (仅当前任务)

--- [CL Evaluation] Evaluating on all seen tasks (0 to 6) ---
*** CL Metrics @ Task 7 ***
  [Binary]  F1: 0.4141 | Precision: 0.3214 | Recall: 0.6602
  [Macro]   Macro-F1: 0.6548 | Macro-Recall: 0.7506
  [Ranking] AUC-ROC: 0.7724 | AUC-PR: 0.2750
  [Balance] G-Mean: 0.7423 | Specificity: 0.8410 | MCC: 0.3652

--- Training on Task 8 (Timesteps: 7 to 7) ---
🔧 Task 8 动态权重: 9.60 -> 截断为: 9.60
   -> Focal Loss Alpha: 0.9057
📉 Snapshot 节点数: 138779 (仅当前任务)

--- [CL Evaluation] Evaluating on all seen tasks (0 to 7) ---
*** CL Metrics @ Task 8 ***
  [Binary]  F1: 0.4117 | Precision: 0.3146 | Recall: 0.6714
  [Macro]   Macro-F1: 0.6520 | Macro-Recall: 0.7529
  [Ranking] AUC-ROC: 0.7713 | AUC-PR: 0.2701
  [Balance] G-Mean: 0.7456 | Specificity: 0.8344 | MCC: 0.3640

--- Training on Task 9 (Timesteps: 8 to 8) ---
🔧 Task 9 动态权重: 22.55 -> 截断为: 10.00
   -> Focal Loss Alpha: 0.9091
📉 Snapshot 节点数: 166309 (仅当前任务)

--- [CL Evaluation] Evaluating on all seen tasks (0 to 8) ---
*** CL Metrics @ Task 9 ***
  [Binary]  F1: 0.3883 | Precision: 0.2933 | Recall: 0.6697
  [Macro]   Macro-F1: 0.6383 | Macro-Recall: 0.7481
  [Ranking] AUC-ROC: 0.7630 | AUC-PR: 0.2510
  [Balance] G-Mean: 0.7414 | Specificity: 0.8265 | MCC: 0.3462

--- Training on Task 10 (Timesteps: 9 to 9) ---
🔧 Task 10 动态权重: 12.37 -> 截断为: 10.00
   -> Focal Loss Alpha: 0.9091
📉 Snapshot 节点数: 89214 (仅当前任务)

--- [CL Evaluation] Evaluating on all seen tasks (0 to 9) ---
*** CL Metrics @ Task 10 ***
  [Binary]  F1: 0.3679 | Precision: 0.2787 | Recall: 0.6276
  [Macro]   Macro-F1: 0.6292 | Macro-Recall: 0.7299
  [Ranking] AUC-ROC: 0.7646 | AUC-PR: 0.2434
  [Balance] G-Mean: 0.7140 | Specificity: 0.8323 | MCC: 0.3220
All tasks trained.
Total time: 233.42s
