/usr/local/miniconda3/envs/py312/lib/python3.12/site-packages/torch/optim/lr_scheduler.py:1343: UserWarning: Converting a tensor with requires_grad=True to a scalar may lead to unexpected behavior.
Consider using tensor.detach() first. (Triggered internally at /pytorch/torch/csrc/autograd/generated/python_variable_methods.cpp:836.)
  current = float(metrics)

--- Training on Task 1 (Timesteps: 0 to 0) ---
🔧 Task 1 动态权重: 110.96 -> 截断为: 20.00
   -> Focal Loss Alpha: 0.9524
📉 Snapshot 节点数: 189571 (仅当前任务)

--- [CL Evaluation] Evaluating on all seen tasks (0 to 0) ---
*** CL Metrics @ Task 1 [WARM-UP, 仅供参考] ***
  [Binary]  F1: 0.0000 | Precision: 0.0000 | Recall: 0.0000
  [Macro]   Macro-F1: 0.4980 | Macro-Recall: 0.5000
  [Ranking] AUC-ROC: 0.4990 | AUC-PR: 0.0081
  [Balance] G-Mean: 0.0000 | Specificity: 1.0000 | MCC: 0.0000

--- Training on Task 2 (Timesteps: 1 to 1) ---
🔧 Task 2 动态权重: 21.43 -> 截断为: 10.00
   -> Focal Loss Alpha: 0.9091
📉 Snapshot 节点数: 160370 (仅当前任务)
   [EWC] Updating Fisher Matrix...

--- [CL Evaluation] Evaluating on all seen tasks (0 to 1) ---
*** CL Metrics @ Task 2 ***
  [Binary]  F1: 0.1488 | Precision: 0.0955 | Recall: 0.4297
  [Macro]   Macro-F1: 0.5341 | Macro-Recall: 0.6462
  [Ranking] AUC-ROC: 0.6559 | AUC-PR: 0.0986
  [Balance] G-Mean: 0.6020 | Specificity: 0.8627 | MCC: 0.1460

--- Training on Task 3 (Timesteps: 2 to 2) ---
🔧 Task 3 动态权重: 12.37 -> 截断为: 10.00
   -> Focal Loss Alpha: 0.9091
📉 Snapshot 节点数: 100261 (仅当前任务)
   [EWC] Updating Fisher Matrix...

--- [CL Evaluation] Evaluating on all seen tasks (0 to 2) ---
*** CL Metrics @ Task 3 ***
  [Binary]  F1: 0.2214 | Precision: 0.1425 | Recall: 0.6253
  [Macro]   Macro-F1: 0.5509 | Macro-Recall: 0.7113
  [Ranking] AUC-ROC: 0.7733 | AUC-PR: 0.1537
  [Balance] G-Mean: 0.7011 | Specificity: 0.7973 | MCC: 0.2211

--- Training on Task 4 (Timesteps: 3 to 3) ---
🔧 Task 4 动态权重: 7.97 -> 截断为: 7.97
   -> Focal Loss Alpha: 0.8885
📉 Snapshot 节点数: 96398 (仅当前任务)
   [EWC] Updating Fisher Matrix...

--- [CL Evaluation] Evaluating on all seen tasks (0 to 3) ---
*** CL Metrics @ Task 4 ***
  [Binary]  F1: 0.2612 | Precision: 0.1705 | Recall: 0.6575
  [Macro]   Macro-F1: 0.5634 | Macro-Recall: 0.7175
  [Ranking] AUC-ROC: 0.7706 | AUC-PR: 0.1814
  [Balance] G-Mean: 0.7098 | Specificity: 0.7775 | MCC: 0.2451

--- Training on Task 5 (Timesteps: 4 to 4) ---
🔧 Task 5 动态权重: 6.70 -> 截断为: 6.70
   -> Focal Loss Alpha: 0.8702
📉 Snapshot 节点数: 148489 (仅当前任务)
   [EWC] Updating Fisher Matrix...

--- [CL Evaluation] Evaluating on all seen tasks (0 to 4) ---
*** CL Metrics @ Task 5 ***
  [Binary]  F1: 0.3072 | Precision: 0.2080 | Recall: 0.6822
  [Macro]   Macro-F1: 0.5862 | Macro-Recall: 0.7307
  [Ranking] AUC-ROC: 0.7846 | AUC-PR: 0.2211
  [Balance] G-Mean: 0.7245 | Specificity: 0.7791 | MCC: 0.2809

--- Training on Task 6 (Timesteps: 5 to 5) ---
🔧 Task 6 动态权重: 3.81 -> 截断为: 3.81
   -> Focal Loss Alpha: 0.7919
📉 Snapshot 节点数: 72045 (仅当前任务)
   [EWC] Updating Fisher Matrix...

--- [CL Evaluation] Evaluating on all seen tasks (0 to 5) ---
*** CL Metrics @ Task 6 ***
  [Binary]  F1: 0.3414 | Precision: 0.2403 | Recall: 0.6865
  [Macro]   Macro-F1: 0.5978 | Macro-Recall: 0.7277
  [Ranking] AUC-ROC: 0.7795 | AUC-PR: 0.2557
  [Balance] G-Mean: 0.7225 | Specificity: 0.7688 | MCC: 0.2939

--- Training on Task 7 (Timesteps: 6 to 6) ---
🔧 Task 7 动态权重: 6.63 -> 截断为: 6.63
   -> Focal Loss Alpha: 0.8690
📉 Snapshot 节点数: 106824 (仅当前任务)
   [EWC] Updating Fisher Matrix...

--- [CL Evaluation] Evaluating on all seen tasks (0 to 6) ---
*** CL Metrics @ Task 7 ***
  [Binary]  F1: 0.3516 | Precision: 0.2466 | Recall: 0.6958
  [Macro]   Macro-F1: 0.5999 | Macro-Recall: 0.7282
  [Ranking] AUC-ROC: 0.7762 | AUC-PR: 0.2614
  [Balance] G-Mean: 0.7237 | Specificity: 0.7605 | MCC: 0.2989

--- Training on Task 8 (Timesteps: 7 to 7) ---
🔧 Task 8 动态权重: 9.60 -> 截断为: 9.60
   -> Focal Loss Alpha: 0.9057
📉 Snapshot 节点数: 138779 (仅当前任务)
   [EWC] Updating Fisher Matrix...

--- [CL Evaluation] Evaluating on all seen tasks (0 to 7) ---
*** CL Metrics @ Task 8 ***
  [Binary]  F1: 0.3462 | Precision: 0.2403 | Recall: 0.6993
  [Macro]   Macro-F1: 0.5944 | Macro-Recall: 0.7255
  [Ranking] AUC-ROC: 0.7685 | AUC-PR: 0.2511
  [Balance] G-Mean: 0.7216 | Specificity: 0.7518 | MCC: 0.2933

--- Training on Task 9 (Timesteps: 8 to 8) ---
🔧 Task 9 动态权重: 22.55 -> 截断为: 10.00
   -> Focal Loss Alpha: 0.9091
📉 Snapshot 节点数: 166309 (仅当前任务)
   [EWC] Updating Fisher Matrix...

--- [CL Evaluation] Evaluating on all seen tasks (0 to 8) ---
*** CL Metrics @ Task 9 ***
  [Binary]  F1: 0.3263 | Precision: 0.2241 | Recall: 0.7015
  [Macro]   Macro-F1: 0.5821 | Macro-Recall: 0.7225
  [Ranking] AUC-ROC: 0.7625 | AUC-PR: 0.2331
  [Balance] G-Mean: 0.7189 | Specificity: 0.7434 | MCC: 0.2799

--- Training on Task 10 (Timesteps: 9 to 9) ---
🔧 Task 10 动态权重: 12.37 -> 截断为: 10.00
   -> Focal Loss Alpha: 0.9091
📉 Snapshot 节点数: 89214 (仅当前任务)
   [EWC] Updating Fisher Matrix...

--- [CL Evaluation] Evaluating on all seen tasks (0 to 9) ---
*** CL Metrics @ Task 10 ***
  [Binary]  F1: 0.3051 | Precision: 0.2093 | Recall: 0.6536
  [Macro]   Macro-F1: 0.5720 | Macro-Recall: 0.7005
  [Ranking] AUC-ROC: 0.7440 | AUC-PR: 0.2188
  [Balance] G-Mean: 0.6888 | Specificity: 0.7473 | MCC: 0.2522
All tasks trained.
Total time: 91.07s
