/usr/local/miniconda3/envs/py312/lib/python3.12/site-packages/torch/optim/lr_scheduler.py:1343: UserWarning: Converting a tensor with requires_grad=True to a scalar may lead to unexpected behavior.
Consider using tensor.detach() first. (Triggered internally at /pytorch/torch/csrc/autograd/generated/python_variable_methods.cpp:836.)
  current = float(metrics)

--- Training on Task 1 (Timesteps: 0 to 0) ---
🔧 Task 1 动态权重: 110.96 -> 截断为: 20.00
   -> Focal Loss Alpha: 0.9524
📉 Snapshot 节点数: 189571 (仅当前任务)

--- [CL Evaluation] Evaluating on all seen tasks (0 to 0) ---
*** CL Metrics @ Task 1 [WARM-UP, 仅供参考] ***
  [Binary]  F1: 0.0000 | Precision: 0.0000 | Recall: 0.0000
  [Macro]   Macro-F1: 0.4980 | Macro-Recall: 0.5000
  [Ranking] AUC-ROC: 0.5000 | AUC-PR: 0.0081
  [Balance] G-Mean: 0.0000 | Specificity: 1.0000 | MCC: 0.0000

--- Training on Task 2 (Timesteps: 1 to 1) ---
🔧 Task 2 动态权重: 21.43 -> 截断为: 10.00
   -> Focal Loss Alpha: 0.9091
📉 Snapshot 节点数: 160370 (仅当前任务)

--- [CL Evaluation] Evaluating on all seen tasks (0 to 1) ---
*** CL Metrics @ Task 2 ***
  [Binary]  F1: 0.1348 | Precision: 0.0832 | Recall: 0.4519
  [Macro]   Macro-F1: 0.5193 | Macro-Recall: 0.6437
  [Ranking] AUC-ROC: 0.6437 | AUC-PR: 0.0593
  [Balance] G-Mean: 0.6077 | Specificity: 0.8355 | MCC: 0.1336

--- Training on Task 3 (Timesteps: 2 to 2) ---
🔧 Task 3 动态权重: 12.37 -> 截断为: 10.00
   -> Focal Loss Alpha: 0.9091
📉 Snapshot 节点数: 100261 (仅当前任务)

--- [CL Evaluation] Evaluating on all seen tasks (0 to 2) ---
*** CL Metrics @ Task 3 ***
  [Binary]  F1: 0.2277 | Precision: 0.1569 | Recall: 0.5161
  [Macro]   Macro-F1: 0.5675 | Macro-Recall: 0.6813
  [Ranking] AUC-ROC: 0.6816 | AUC-PR: 0.1148
  [Balance] G-Mean: 0.6545 | Specificity: 0.8465 | MCC: 0.2129

--- Training on Task 4 (Timesteps: 3 to 3) ---
🔧 Task 4 动态权重: 7.97 -> 截断为: 7.97
   -> Focal Loss Alpha: 0.8885
📉 Snapshot 节点数: 96398 (仅当前任务)

--- [CL Evaluation] Evaluating on all seen tasks (0 to 3) ---
*** CL Metrics @ Task 4 ***
  [Binary]  F1: 0.2692 | Precision: 0.1899 | Recall: 0.5414
  [Macro]   Macro-F1: 0.5834 | Macro-Recall: 0.6889
  [Ranking] AUC-ROC: 0.6891 | AUC-PR: 0.1415
  [Balance] G-Mean: 0.6672 | Specificity: 0.8364 | MCC: 0.2380

--- Training on Task 5 (Timesteps: 4 to 4) ---
🔧 Task 5 动态权重: 6.70 -> 截断为: 6.70
   -> Focal Loss Alpha: 0.8702
📉 Snapshot 节点数: 148489 (仅当前任务)

--- [CL Evaluation] Evaluating on all seen tasks (0 to 4) ---
*** CL Metrics @ Task 5 ***
  [Binary]  F1: 0.3072 | Precision: 0.2268 | Recall: 0.5519
  [Macro]   Macro-F1: 0.6014 | Macro-Recall: 0.6953
  [Ranking] AUC-ROC: 0.6954 | AUC-PR: 0.1684
  [Balance] G-Mean: 0.6757 | Specificity: 0.8387 | MCC: 0.2639

--- Training on Task 6 (Timesteps: 5 to 5) ---
🔧 Task 6 动态权重: 3.81 -> 截断为: 3.81
   -> Focal Loss Alpha: 0.7919
📉 Snapshot 节点数: 72045 (仅当前任务)

--- [CL Evaluation] Evaluating on all seen tasks (0 to 5) ---
*** CL Metrics @ Task 6 ***
  [Binary]  F1: 0.3421 | Precision: 0.2664 | Recall: 0.5570
  [Macro]   Macro-F1: 0.6150 | Macro-Recall: 0.6963
  [Ranking] AUC-ROC: 0.6964 | AUC-PR: 0.2002
  [Balance] G-Mean: 0.6782 | Specificity: 0.8356 | MCC: 0.2819

--- Training on Task 7 (Timesteps: 6 to 6) ---
🔧 Task 7 动态权重: 6.63 -> 截断为: 6.63
   -> Focal Loss Alpha: 0.8690
📉 Snapshot 节点数: 106824 (仅当前任务)

--- [CL Evaluation] Evaluating on all seen tasks (0 to 6) ---
*** CL Metrics @ Task 7 ***
  [Binary]  F1: 0.3524 | Precision: 0.2726 | Recall: 0.5664
  [Macro]   Macro-F1: 0.6177 | Macro-Recall: 0.6976
  [Ranking] AUC-ROC: 0.6976 | AUC-PR: 0.2064
  [Balance] G-Mean: 0.6814 | Specificity: 0.8287 | MCC: 0.2867

--- Training on Task 8 (Timesteps: 7 to 7) ---
🔧 Task 8 动态权重: 9.60 -> 截断为: 9.60
   -> Focal Loss Alpha: 0.9057
📉 Snapshot 节点数: 138779 (仅当前任务)

--- [CL Evaluation] Evaluating on all seen tasks (0 to 7) ---
*** CL Metrics @ Task 8 ***
  [Binary]  F1: 0.3441 | Precision: 0.2630 | Recall: 0.5618
  [Macro]   Macro-F1: 0.6114 | Macro-Recall: 0.6918
  [Ranking] AUC-ROC: 0.6919 | AUC-PR: 0.1990
  [Balance] G-Mean: 0.6763 | Specificity: 0.8218 | MCC: 0.2762

--- Training on Task 9 (Timesteps: 8 to 8) ---
🔧 Task 9 动态权重: 22.55 -> 截断为: 10.00
   -> Focal Loss Alpha: 0.9091
📉 Snapshot 节点数: 166309 (仅当前任务)

--- [CL Evaluation] Evaluating on all seen tasks (0 to 8) ---
*** CL Metrics @ Task 9 ***
  [Binary]  F1: 0.3248 | Precision: 0.2449 | Recall: 0.5645
  [Macro]   Macro-F1: 0.6002 | Macro-Recall: 0.6893
  [Ranking] AUC-ROC: 0.6894 | AUC-PR: 0.1855
  [Balance] G-Mean: 0.6749 | Specificity: 0.8142 | MCC: 0.2633

--- Training on Task 10 (Timesteps: 9 to 9) ---
🔧 Task 10 动态权重: 12.37 -> 截断为: 10.00
   -> Focal Loss Alpha: 0.9091
📉 Snapshot 节点数: 89214 (仅当前任务)

--- [CL Evaluation] Evaluating on all seen tasks (0 to 9) ---
*** CL Metrics @ Task 10 ***
  [Binary]  F1: 0.3059 | Precision: 0.2312 | Recall: 0.5265
  [Macro]   Macro-F1: 0.5920 | Macro-Recall: 0.6734
  [Ranking] AUC-ROC: 0.6735 | AUC-PR: 0.1751
  [Balance] G-Mean: 0.6476 | Specificity: 0.8203 | MCC: 0.2416
All tasks trained.
Total time: 27.03s
