/usr/local/miniconda3/envs/py312/lib/python3.12/site-packages/torch/optim/lr_scheduler.py:1343: UserWarning: Converting a tensor with requires_grad=True to a scalar may lead to unexpected behavior.
Consider using tensor.detach() first. (Triggered internally at /pytorch/torch/csrc/autograd/generated/python_variable_methods.cpp:836.)
  current = float(metrics)

--- Training on Task 1 (Timesteps: 0 to 0) ---
🔧 Task 1 动态权重: 110.96 -> 截断为: 20.00
   -> Focal Loss Alpha: 0.9524
📉 Snapshot 节点数: 189571 (仅当前任务)

--- [CL Evaluation] Evaluating on all seen tasks (0 to 0) ---
*** CL Metrics @ Task 1 [WARM-UP, 仅供参考] ***
  [Binary]  F1: 0.0487 | Precision: 0.0281 | Recall: 0.1792
  [Macro]   Macro-F1: 0.5097 | Macro-Recall: 0.5643
  [Ranking] AUC-ROC: 0.5677 | AUC-PR: 0.0131
  [Balance] G-Mean: 0.4125 | Specificity: 0.9494 | MCC: 0.0521

--- Training on Task 2 (Timesteps: 1 to 1) ---
🔧 Task 2 动态权重: 21.43 -> 截断为: 10.00
   -> Focal Loss Alpha: 0.9091
📉 Snapshot 节点数: 160370 (仅当前任务)

--- [CL Evaluation] Evaluating on all seen tasks (0 to 1) ---
*** CL Metrics @ Task 2 ***
  [Binary]  F1: 0.1142 | Precision: 0.0661 | Recall: 0.5730
  [Macro]   Macro-F1: 0.4818 | Macro-Recall: 0.6595
  [Ranking] AUC-ROC: 0.6982 | AUC-PR: 0.0632
  [Balance] G-Mean: 0.6516 | Specificity: 0.7460 | MCC: 0.1218

--- Training on Task 3 (Timesteps: 2 to 2) ---
🔧 Task 3 动态权重: 12.37 -> 截断为: 10.00
   -> Focal Loss Alpha: 0.9091
📉 Snapshot 节点数: 100261 (仅当前任务)

--- [CL Evaluation] Evaluating on all seen tasks (0 to 2) ---
*** CL Metrics @ Task 3 ***
  [Binary]  F1: 0.1914 | Precision: 0.1187 | Recall: 0.6346
  [Macro]   Macro-F1: 0.5216 | Macro-Recall: 0.6936
  [Ranking] AUC-ROC: 0.7168 | AUC-PR: 0.1070
  [Balance] G-Mean: 0.6883 | Specificity: 0.7525 | MCC: 0.1881

--- Training on Task 4 (Timesteps: 3 to 3) ---
🔧 Task 4 动态权重: 7.97 -> 截断为: 7.97
   -> Focal Loss Alpha: 0.8885
📉 Snapshot 节点数: 96398 (仅当前任务)

--- [CL Evaluation] Evaluating on all seen tasks (0 to 3) ---
*** CL Metrics @ Task 4 ***
  [Binary]  F1: 0.2400 | Precision: 0.1535 | Recall: 0.6672
  [Macro]   Macro-F1: 0.5422 | Macro-Recall: 0.7057
  [Ranking] AUC-ROC: 0.7229 | AUC-PR: 0.1451
  [Balance] G-Mean: 0.7016 | Specificity: 0.7441 | MCC: 0.2222

--- Training on Task 5 (Timesteps: 4 to 4) ---
🔧 Task 5 动态权重: 6.70 -> 截断为: 6.70
   -> Focal Loss Alpha: 0.8702
📉 Snapshot 节点数: 148489 (仅当前任务)

--- [CL Evaluation] Evaluating on all seen tasks (0 to 4) ---
*** CL Metrics @ Task 5 ***
  [Binary]  F1: 0.2897 | Precision: 0.1897 | Recall: 0.7147
  [Macro]   Macro-F1: 0.5659 | Macro-Recall: 0.7275
  [Ranking] AUC-ROC: 0.7425 | AUC-PR: 0.1837
  [Balance] G-Mean: 0.7232 | Specificity: 0.7402 | MCC: 0.2668

--- Training on Task 6 (Timesteps: 5 to 5) ---
🔧 Task 6 动态权重: 3.81 -> 截断为: 3.81
   -> Focal Loss Alpha: 0.7919
📉 Snapshot 节点数: 72045 (仅当前任务)

--- [CL Evaluation] Evaluating on all seen tasks (0 to 5) ---
*** CL Metrics @ Task 6 ***
  [Binary]  F1: 0.3296 | Precision: 0.2265 | Recall: 0.7198
  [Macro]   Macro-F1: 0.5824 | Macro-Recall: 0.7278
  [Ranking] AUC-ROC: 0.7408 | AUC-PR: 0.2206
  [Balance] G-Mean: 0.7242 | Specificity: 0.7357 | MCC: 0.2865

--- Training on Task 7 (Timesteps: 6 to 6) ---
🔧 Task 7 动态权重: 6.63 -> 截断为: 6.63
   -> Focal Loss Alpha: 0.8690
📉 Snapshot 节点数: 106824 (仅当前任务)

--- [CL Evaluation] Evaluating on all seen tasks (0 to 6) ---
*** CL Metrics @ Task 7 ***
  [Binary]  F1: 0.3474 | Precision: 0.2384 | Recall: 0.7386
  [Macro]   Macro-F1: 0.5902 | Macro-Recall: 0.7352
  [Ranking] AUC-ROC: 0.7451 | AUC-PR: 0.2301
  [Balance] G-Mean: 0.7317 | Specificity: 0.7319 | MCC: 0.3020

--- Training on Task 8 (Timesteps: 7 to 7) ---
🔧 Task 8 动态权重: 9.60 -> 截断为: 9.60
   -> Focal Loss Alpha: 0.9057
📉 Snapshot 节点数: 138779 (仅当前任务)

--- [CL Evaluation] Evaluating on all seen tasks (0 to 7) ---
*** CL Metrics @ Task 8 ***
  [Binary]  F1: 0.3494 | Precision: 0.2377 | Recall: 0.7497
  [Macro]   Macro-F1: 0.5907 | Macro-Recall: 0.7398
  [Ranking] AUC-ROC: 0.7522 | AUC-PR: 0.2388
  [Balance] G-Mean: 0.7365 | Specificity: 0.7299 | MCC: 0.3064

--- Training on Task 9 (Timesteps: 8 to 8) ---
🔧 Task 9 动态权重: 22.55 -> 截断为: 10.00
   -> Focal Loss Alpha: 0.9091
📉 Snapshot 节点数: 166309 (仅当前任务)

--- [CL Evaluation] Evaluating on all seen tasks (0 to 8) ---
*** CL Metrics @ Task 9 ***
  [Binary]  F1: 0.3314 | Precision: 0.2232 | Recall: 0.7491
  [Macro]   Macro-F1: 0.5812 | Macro-Recall: 0.7383
  [Ranking] AUC-ROC: 0.7487 | AUC-PR: 0.2223
  [Balance] G-Mean: 0.7354 | Specificity: 0.7275 | MCC: 0.2948

--- Training on Task 10 (Timesteps: 9 to 9) ---
🔧 Task 10 动态权重: 12.37 -> 截断为: 10.00
   -> Focal Loss Alpha: 0.9091
📉 Snapshot 节点数: 89214 (仅当前任务)

--- [CL Evaluation] Evaluating on all seen tasks (0 to 9) ---
*** CL Metrics @ Task 10 ***
  [Binary]  F1: 0.3159 | Precision: 0.2128 | Recall: 0.7084
  [Macro]   Macro-F1: 0.5749 | Macro-Recall: 0.7213
  [Ranking] AUC-ROC: 0.7450 | AUC-PR: 0.2153
  [Balance] G-Mean: 0.7139 | Specificity: 0.7343 | MCC: 0.2740
All tasks trained.
Total time: 135.82s
