/usr/local/miniconda3/envs/py312/lib/python3.12/site-packages/torch/optim/lr_scheduler.py:1343: UserWarning: Converting a tensor with requires_grad=True to a scalar may lead to unexpected behavior.
Consider using tensor.detach() first. (Triggered internally at /pytorch/torch/csrc/autograd/generated/python_variable_methods.cpp:836.)
  current = float(metrics)

--- Training on Task 1 (Timesteps: 0 to 0) ---
🔧 Task 1 动态权重: 110.96 -> 截断为: 20.00
   -> Focal Loss Alpha: 0.9524
📉 Snapshot 节点数: 189571 (仅当前任务)

--- [CL Evaluation] Evaluating on all seen tasks (0 to 0) ---
*** CL Metrics @ Task 1 [WARM-UP, 仅供参考] ***
  [Binary]  F1: 0.0000 | Precision: 0.0000 | Recall: 0.0000
  [Macro]   Macro-F1: 0.4980 | Macro-Recall: 0.5000
  [Ranking] AUC-ROC: 0.7277 | AUC-PR: 0.0166
  [Balance] G-Mean: 0.0000 | Specificity: 1.0000 | MCC: 0.0000

--- Training on Task 2 (Timesteps: 1 to 1) ---
🔧 Task 2 动态权重: 21.43 -> 截断为: 10.00
   -> Focal Loss Alpha: 0.9091
📉 Snapshot 节点数: 160370 (仅当前任务)

--- [CL Evaluation] Evaluating on all seen tasks (0 to 1) ---
*** CL Metrics @ Task 2 ***
  [Binary]  F1: 0.0334 | Precision: 0.0220 | Recall: 0.0691
  [Macro]   Macro-F1: 0.4553 | Macro-Recall: 0.4359
  [Ranking] AUC-ROC: 0.5608 | AUC-PR: 0.0428
  [Balance] G-Mean: 0.1710 | Specificity: 0.8028 | MCC: -0.0298

--- Training on Task 3 (Timesteps: 2 to 2) ---
🔧 Task 3 动态权重: 12.37 -> 截断为: 10.00
   -> Focal Loss Alpha: 0.9091
📉 Snapshot 节点数: 100261 (仅当前任务)

--- [CL Evaluation] Evaluating on all seen tasks (0 to 2) ---
*** CL Metrics @ Task 3 ***
  [Binary]  F1: 0.0417 | Precision: 0.0294 | Recall: 0.0749
  [Macro]   Macro-F1: 0.4583 | Macro-Recall: 0.4438
  [Ranking] AUC-ROC: 0.6188 | AUC-PR: 0.0743
  [Balance] G-Mean: 0.2035 | Specificity: 0.8127 | MCC: -0.0400

--- Training on Task 4 (Timesteps: 3 to 3) ---
🔧 Task 4 动态权重: 7.97 -> 截断为: 7.97
   -> Focal Loss Alpha: 0.8885
📉 Snapshot 节点数: 96398 (仅当前任务)

--- [CL Evaluation] Evaluating on all seen tasks (0 to 3) ---
*** CL Metrics @ Task 4 ***
  [Binary]  F1: 0.0558 | Precision: 0.0422 | Recall: 0.0875
  [Macro]   Macro-F1: 0.4619 | Macro-Recall: 0.4507
  [Ranking] AUC-ROC: 0.6321 | AUC-PR: 0.0948
  [Balance] G-Mean: 0.2327 | Specificity: 0.8139 | MCC: -0.0419

--- Training on Task 5 (Timesteps: 4 to 4) ---
🔧 Task 5 动态权重: 6.70 -> 截断为: 6.70
   -> Focal Loss Alpha: 0.8702
📉 Snapshot 节点数: 148489 (仅当前任务)

--- [CL Evaluation] Evaluating on all seen tasks (0 to 4) ---
*** CL Metrics @ Task 5 ***
  [Binary]  F1: 0.0535 | Precision: 0.0417 | Recall: 0.0801
  [Macro]   Macro-F1: 0.4569 | Macro-Recall: 0.4468
  [Ranking] AUC-ROC: 0.6081 | AUC-PR: 0.1006
  [Balance] G-Mean: 0.2266 | Specificity: 0.8135 | MCC: -0.0584

--- Training on Task 6 (Timesteps: 5 to 5) ---
🔧 Task 6 动态权重: 3.81 -> 截断为: 3.81
   -> Focal Loss Alpha: 0.7919
📉 Snapshot 节点数: 72045 (仅当前任务)

--- [CL Evaluation] Evaluating on all seen tasks (0 to 5) ---
*** CL Metrics @ Task 6 ***
  [Binary]  F1: 0.0672 | Precision: 0.0596 | Recall: 0.0874
  [Macro]   Macro-F1: 0.4581 | Macro-Recall: 0.4503
  [Ranking] AUC-ROC: 0.6173 | AUC-PR: 0.1302
  [Balance] G-Mean: 0.2417 | Specificity: 0.8131 | MCC: -0.0603

--- Training on Task 7 (Timesteps: 6 to 6) ---
🔧 Task 7 动态权重: 6.63 -> 截断为: 6.63
   -> Focal Loss Alpha: 0.8690
📉 Snapshot 节点数: 106824 (仅当前任务)

--- [CL Evaluation] Evaluating on all seen tasks (0 to 6) ---
*** CL Metrics @ Task 7 ***
  [Binary]  F1: 0.0665 | Precision: 0.0584 | Recall: 0.0863
  [Macro]   Macro-F1: 0.4547 | Macro-Recall: 0.4467
  [Ranking] AUC-ROC: 0.6169 | AUC-PR: 0.1337
  [Balance] G-Mean: 0.2426 | Specificity: 0.8070 | MCC: -0.0695

--- Training on Task 8 (Timesteps: 7 to 7) ---
🔧 Task 8 动态权重: 9.60 -> 截断为: 9.60
   -> Focal Loss Alpha: 0.9057
📉 Snapshot 节点数: 138779 (仅当前任务)

--- [CL Evaluation] Evaluating on all seen tasks (0 to 7) ---
*** CL Metrics @ Task 8 ***
  [Binary]  F1: 0.0643 | Precision: 0.0561 | Recall: 0.0836
  [Macro]   Macro-F1: 0.4552 | Macro-Recall: 0.4474
  [Ranking] AUC-ROC: 0.6156 | AUC-PR: 0.1314
  [Balance] G-Mean: 0.2413 | Specificity: 0.8112 | MCC: -0.0706

--- Training on Task 9 (Timesteps: 8 to 8) ---
🔧 Task 9 动态权重: 22.55 -> 截断为: 10.00
   -> Focal Loss Alpha: 0.9091
📉 Snapshot 节点数: 166309 (仅当前任务)

--- [CL Evaluation] Evaluating on all seen tasks (0 to 8) ---
*** CL Metrics @ Task 9 ***
  [Binary]  F1: 0.0616 | Precision: 0.0525 | Recall: 0.0868
  [Macro]   Macro-F1: 0.4545 | Macro-Recall: 0.4474
  [Ranking] AUC-ROC: 0.6158 | AUC-PR: 0.1229
  [Balance] G-Mean: 0.2476 | Specificity: 0.8080 | MCC: -0.0686

--- Training on Task 10 (Timesteps: 9 to 9) ---
🔧 Task 10 动态权重: 12.37 -> 截断为: 10.00
   -> Focal Loss Alpha: 0.9091
📉 Snapshot 节点数: 89214 (仅当前任务)

--- [CL Evaluation] Evaluating on all seen tasks (0 to 9) ---
*** CL Metrics @ Task 10 ***
  [Binary]  F1: 0.0555 | Precision: 0.0473 | Recall: 0.0784
  [Macro]   Macro-F1: 0.4511 | Macro-Recall: 0.4421
  [Ranking] AUC-ROC: 0.5901 | AUC-PR: 0.1161
  [Balance] G-Mean: 0.2271 | Specificity: 0.8057 | MCC: -0.0758
All tasks trained.
Total time: 97.64s
