/usr/local/miniconda3/envs/py312/lib/python3.12/site-packages/torch/optim/lr_scheduler.py:1343: UserWarning: Converting a tensor with requires_grad=True to a scalar may lead to unexpected behavior.
Consider using tensor.detach() first. (Triggered internally at /pytorch/torch/csrc/autograd/generated/python_variable_methods.cpp:836.)
  current = float(metrics)

--- Training on Task 1 (Timesteps: 1 to 5) ---
[INFO] Task 1 class weight: 77.72 -> clipped: 20.00
   -> Focal Loss Alpha: 0.9524
[INFO] Snapshot nodes: 31541 (current task only)

--- [CL Evaluation] Evaluating on all seen tasks (0 to 0) ---
*** CL Metrics @ Task 1 [WARM-UP, 仅供参考] ***
  [Binary]  F1: 0.0426 | Precision: 0.0256 | Recall: 0.1250
  [Macro]   Macro-F1: 0.5152 | Macro-Recall: 0.5524
  [Ranking] AUC-ROC: 0.9382 | AUC-PR: 0.0581
  [Balance] G-Mean: 0.3500 | Specificity: 0.9797 | MCC: 0.0478

--- Training on Task 2 (Timesteps: 6 to 10) ---
[INFO] Task 2 class weight: 7.60 -> clipped: 7.60
   -> Focal Loss Alpha: 0.8838
[INFO] Snapshot nodes: 26556 (current task only)
   [EWC] Updating Fisher Matrix...
   [SPC] Task 2 子空间原型已更新 | 欺诈: 422, 正常: 3209

--- [CL Evaluation] Evaluating on all seen tasks (0 to 1) ---
*** CL Metrics @ Task 2 ***
  [Binary]  F1: 0.1205 | Precision: 0.0667 | Recall: 0.6875
  [Macro]   Macro-F1: 0.5283 | Macro-Recall: 0.7844
  [Ranking] AUC-ROC: 0.9140 | AUC-PR: 0.2297
  [Balance] G-Mean: 0.7543 | Specificity: 0.8812 | MCC: 0.1892

--- Training on Task 3 (Timesteps: 11 to 15) ---
[INFO] Task 3 class weight: 4.05 -> clipped: 4.05
   -> Focal Loss Alpha: 0.8019
[INFO] Snapshot nodes: 16532 (current task only)
   [EWC] Updating Fisher Matrix...
   [SPC] Task 3 子空间原型已更新 | 欺诈: 481, 正常: 1947

--- [CL Evaluation] Evaluating on all seen tasks (0 to 2) ---
*** CL Metrics @ Task 3 ***
  [Binary]  F1: 0.3070 | Precision: 0.2221 | Recall: 0.7713
  [Macro]   Macro-F1: 0.6060 | Macro-Recall: 0.8032
  [Ranking] AUC-ROC: 0.9179 | AUC-PR: 0.4150
  [Balance] G-Mean: 0.7813 | Specificity: 0.8352 | MCC: 0.3223

--- Training on Task 4 (Timesteps: 16 to 20) ---
[INFO] Task 4 class weight: 5.89 -> clipped: 5.89
   -> Focal Loss Alpha: 0.8549
[INFO] Snapshot nodes: 16133 (current task only)
   [EWC] Updating Fisher Matrix...
   [SPC] Task 4 子空间原型已更新 | 欺诈: 359, 正常: 2116

--- [CL Evaluation] Evaluating on all seen tasks (0 to 3) ---
*** CL Metrics @ Task 4 ***
  [Binary]  F1: 0.3939 | Precision: 0.2990 | Recall: 0.7929
  [Macro]   Macro-F1: 0.6351 | Macro-Recall: 0.7960
  [Ranking] AUC-ROC: 0.8977 | AUC-PR: 0.4503
  [Balance] G-Mean: 0.7784 | Specificity: 0.7990 | MCC: 0.3662

--- Training on Task 5 (Timesteps: 21 to 25) ---
[INFO] Task 5 class weight: 9.53 -> clipped: 9.53
   -> Focal Loss Alpha: 0.9050
[INFO] Snapshot nodes: 20502 (current task only)
   [EWC] Updating Fisher Matrix...
   [SPC] Task 5 子空间原型已更新 | 欺诈: 448, 正常: 4269

--- [CL Evaluation] Evaluating on all seen tasks (0 to 4) ---
*** CL Metrics @ Task 5 ***
  [Binary]  F1: 0.4667 | Precision: 0.3661 | Recall: 0.8224
  [Macro]   Macro-F1: 0.6760 | Macro-Recall: 0.8174
  [Ranking] AUC-ROC: 0.9086 | AUC-PR: 0.5105
  [Balance] G-Mean: 0.8031 | Specificity: 0.8123 | MCC: 0.4341

--- Training on Task 6 (Timesteps: 26 to 30) ---
[INFO] Task 6 class weight: 3.08 -> clipped: 3.08
   -> Focal Loss Alpha: 0.7552
[INFO] Snapshot nodes: 12023 (current task only)
   [EWC] Updating Fisher Matrix...
   [SPC] Task 6 子空间原型已更新 | 欺诈: 534, 正常: 1647

--- [CL Evaluation] Evaluating on all seen tasks (0 to 5) ---
*** CL Metrics @ Task 6 ***
  [Binary]  F1: 0.4859 | Precision: 0.3753 | Recall: 0.8420
  [Macro]   Macro-F1: 0.6832 | Macro-Recall: 0.8226
  [Ranking] AUC-ROC: 0.9045 | AUC-PR: 0.5034
  [Balance] G-Mean: 0.8099 | Specificity: 0.8032 | MCC: 0.4505

--- Training on Task 7 (Timesteps: 31 to 35) ---
[INFO] Task 7 class weight: 4.88 -> clipped: 4.88
   -> Focal Loss Alpha: 0.8300
[INFO] Snapshot nodes: 18485 (current task only)
   [EWC] Updating Fisher Matrix...
   [SPC] Task 7 子空间原型已更新 | 欺诈: 508, 正常: 2481

--- [CL Evaluation] Evaluating on all seen tasks (0 to 6) ---
*** CL Metrics @ Task 7 ***
  [Binary]  F1: 0.4816 | Precision: 0.3646 | Recall: 0.8559
  [Macro]   Macro-F1: 0.6744 | Macro-Recall: 0.8191
  [Ranking] AUC-ROC: 0.9015 | AUC-PR: 0.5006
  [Balance] G-Mean: 0.8064 | Specificity: 0.7822 | MCC: 0.4452

--- Training on Task 8 (Timesteps: 36 to 40) ---
[INFO] Task 8 class weight: 14.64 -> clipped: 10.00
   -> Focal Loss Alpha: 0.9091
[INFO] Snapshot nodes: 19831 (current task only)
   [EWC] Updating Fisher Matrix...
   [SPC] Task 8 子空间原型已更新 | 欺诈: 265, 正常: 3880

--- [CL Evaluation] Evaluating on all seen tasks (0 to 7) ---
*** CL Metrics @ Task 8 ***
  [Binary]  F1: 0.4568 | Precision: 0.3410 | Recall: 0.8416
  [Macro]   Macro-F1: 0.6561 | Macro-Recall: 0.8033
  [Ranking] AUC-ROC: 0.8850 | AUC-PR: 0.4643
  [Balance] G-Mean: 0.7920 | Specificity: 0.7651 | MCC: 0.4182

--- Training on Task 9 (Timesteps: 41 to 45) ---
[INFO] Task 9 class weight: 14.50 -> clipped: 10.00
   -> Focal Loss Alpha: 0.9091
[INFO] Snapshot nodes: 28118 (current task only)
   [EWC] Updating Fisher Matrix...
   [SPC] Task 9 子空间原型已更新 | 欺诈: 403, 正常: 5844

--- [CL Evaluation] Evaluating on all seen tasks (0 to 8) ---
*** CL Metrics @ Task 9 ***
  [Binary]  F1: 0.4078 | Precision: 0.3040 | Recall: 0.8147
  [Macro]   Macro-F1: 0.6292 | Macro-Recall: 0.7855
  [Ranking] AUC-ROC: 0.8573 | AUC-PR: 0.4136
  [Balance] G-Mean: 0.7753 | Specificity: 0.7562 | MCC: 0.3761

--- Training on Task 10 (Timesteps: 46 to 49) ---
[INFO] Task 10 class weight: 32.82 -> clipped: 10.00
   -> Focal Loss Alpha: 0.9091
[INFO] Snapshot nodes: 14048 (current task only)
   [EWC] Updating Fisher Matrix...
   [SPC] Task 10 子空间原型已更新 | 欺诈: 60, 正常: 1969

--- [CL Evaluation] Evaluating on all seen tasks (0 to 9) ---
*** CL Metrics @ Task 10 ***
  [Binary]  F1: 0.4187 | Precision: 0.3109 | Recall: 0.8172
  [Macro]   Macro-F1: 0.6364 | Macro-Recall: 0.7895
  [Ranking] AUC-ROC: 0.8579 | AUC-PR: 0.4063
  [Balance] G-Mean: 0.7803 | Specificity: 0.7618 | MCC: 0.3860
All tasks trained.
Total time: 33.80s
