/usr/local/miniconda3/envs/py312/lib/python3.12/site-packages/torch/optim/lr_scheduler.py:1343: UserWarning: Converting a tensor with requires_grad=True to a scalar may lead to unexpected behavior.
Consider using tensor.detach() first. (Triggered internally at /pytorch/torch/csrc/autograd/generated/python_variable_methods.cpp:836.)
  current = float(metrics)

--- Training on Task 1 (Timesteps: 1 to 5) ---
[INFO] Task 1 class weight: 77.72 -> clipped: 20.00
   -> Focal Loss Alpha: 0.9524
[INFO] Snapshot nodes: 31541 (current task only)

--- [CL Evaluation] Evaluating on all seen tasks (0 to 0) ---
*** CL Metrics @ Task 1 [WARM-UP, 仅供参考] ***
  [Binary]  F1: 0.0952 | Precision: 0.0588 | Recall: 0.2500
  [Macro]   Macro-F1: 0.5425 | Macro-Recall: 0.6165
  [Ranking] AUC-ROC: 0.9561 | AUC-PR: 0.1805
  [Balance] G-Mean: 0.4957 | Specificity: 0.9829 | MCC: 0.1138

--- Training on Task 2 (Timesteps: 1 to 10) ---
[INFO] Task 2 class weight: 40.54 -> clipped: 10.00
   -> Focal Loss Alpha: 0.9091
[INFO] Snapshot nodes: 58097 (current task only)

--- [CL Evaluation] Evaluating on all seen tasks (0 to 1) ---
*** CL Metrics @ Task 2 ***
  [Binary]  F1: 0.3131 | Precision: 0.3078 | Recall: 0.3825
  [Macro]   Macro-F1: 0.6340 | Macro-Recall: 0.6686
  [Ranking] AUC-ROC: 0.9201 | AUC-PR: 0.3280
  [Balance] G-Mean: 0.5933 | Specificity: 0.9546 | MCC: 0.2837

--- Training on Task 3 (Timesteps: 1 to 15) ---
[INFO] Task 3 class weight: 19.37 -> clipped: 10.00
   -> Focal Loss Alpha: 0.9091
[INFO] Snapshot nodes: 74629 (current task only)

--- [CL Evaluation] Evaluating on all seen tasks (0 to 2) ---
*** CL Metrics @ Task 3 ***
  [Binary]  F1: 0.4200 | Precision: 0.4224 | Recall: 0.4607
  [Macro]   Macro-F1: 0.6742 | Macro-Recall: 0.6958
  [Ranking] AUC-ROC: 0.9014 | AUC-PR: 0.4319
  [Balance] G-Mean: 0.6417 | Specificity: 0.9309 | MCC: 0.3589

--- Training on Task 4 (Timesteps: 1 to 20) ---
[INFO] Task 4 class weight: 11.53 -> clipped: 10.00
   -> Focal Loss Alpha: 0.9091
[INFO] Snapshot nodes: 90762 (current task only)

--- [CL Evaluation] Evaluating on all seen tasks (0 to 3) ---
*** CL Metrics @ Task 4 ***
  [Binary]  F1: 0.4496 | Precision: 0.4468 | Recall: 0.4850
  [Macro]   Macro-F1: 0.6853 | Macro-Recall: 0.7032
  [Ranking] AUC-ROC: 0.8947 | AUC-PR: 0.4567
  [Balance] G-Mean: 0.6577 | Specificity: 0.9213 | MCC: 0.3788

--- Training on Task 5 (Timesteps: 1 to 25) ---
[INFO] Task 5 class weight: 9.67 -> clipped: 9.67
   -> Focal Loss Alpha: 0.9062
[INFO] Snapshot nodes: 111264 (current task only)

--- [CL Evaluation] Evaluating on all seen tasks (0 to 4) ---
*** CL Metrics @ Task 5 ***
  [Binary]  F1: 0.4459 | Precision: 0.4261 | Recall: 0.5029
  [Macro]   Macro-F1: 0.6820 | Macro-Recall: 0.7069
  [Ranking] AUC-ROC: 0.8827 | AUC-PR: 0.4335
  [Balance] G-Mean: 0.6675 | Specificity: 0.9110 | MCC: 0.3746

--- Training on Task 6 (Timesteps: 1 to 30) ---
[INFO] Task 6 class weight: 9.64 -> clipped: 9.64
   -> Focal Loss Alpha: 0.9060
[INFO] Snapshot nodes: 123287 (current task only)

--- [CL Evaluation] Evaluating on all seen tasks (0 to 5) ---
*** CL Metrics @ Task 6 ***
  [Binary]  F1: 0.4620 | Precision: 0.4383 | Recall: 0.5186
  [Macro]   Macro-F1: 0.6846 | Macro-Recall: 0.7079
  [Ranking] AUC-ROC: 0.8651 | AUC-PR: 0.4410
  [Balance] G-Mean: 0.6735 | Specificity: 0.8973 | MCC: 0.3789

--- Training on Task 7 (Timesteps: 1 to 35) ---
[INFO] Task 7 class weight: 8.92 -> clipped: 8.92
   -> Focal Loss Alpha: 0.8992
[INFO] Snapshot nodes: 141772 (current task only)

--- [CL Evaluation] Evaluating on all seen tasks (0 to 6) ---
*** CL Metrics @ Task 7 ***
  [Binary]  F1: 0.4544 | Precision: 0.4198 | Recall: 0.5308
  [Macro]   Macro-F1: 0.6717 | Macro-Recall: 0.6997
  [Ranking] AUC-ROC: 0.8410 | AUC-PR: 0.4250
  [Balance] G-Mean: 0.6700 | Specificity: 0.8687 | MCC: 0.3594

--- Training on Task 8 (Timesteps: 1 to 40) ---
[INFO] Task 8 class weight: 7.51 -> clipped: 7.51
   -> Focal Loss Alpha: 0.8824
[INFO] Snapshot nodes: 161603 (current task only)

--- [CL Evaluation] Evaluating on all seen tasks (0 to 7) ---
*** CL Metrics @ Task 8 ***
  [Binary]  F1: 0.4347 | Precision: 0.3896 | Recall: 0.5749
  [Macro]   Macro-F1: 0.6549 | Macro-Recall: 0.7076
  [Ranking] AUC-ROC: 0.8365 | AUC-PR: 0.3956
  [Balance] G-Mean: 0.6804 | Specificity: 0.8404 | MCC: 0.3511

--- Training on Task 9 (Timesteps: 1 to 45) ---
[INFO] Task 9 class weight: 7.96 -> clipped: 7.96
   -> Focal Loss Alpha: 0.8884
[INFO] Snapshot nodes: 189721 (current task only)

--- [CL Evaluation] Evaluating on all seen tasks (0 to 8) ---
*** CL Metrics @ Task 9 ***
  [Binary]  F1: 0.4094 | Precision: 0.3593 | Recall: 0.6082
  [Macro]   Macro-F1: 0.6312 | Macro-Recall: 0.7063
  [Ranking] AUC-ROC: 0.8281 | AUC-PR: 0.3676
  [Balance] G-Mean: 0.6794 | Specificity: 0.8043 | MCC: 0.3340

--- Training on Task 10 (Timesteps: 1 to 49) ---
[INFO] Task 10 class weight: 8.05 -> clipped: 8.05
   -> Focal Loss Alpha: 0.8895
[INFO] Snapshot nodes: 203769 (current task only)

--- [CL Evaluation] Evaluating on all seen tasks (0 to 9) ---
*** CL Metrics @ Task 10 ***
  [Binary]  F1: 0.3854 | Precision: 0.3328 | Recall: 0.6334
  [Macro]   Macro-F1: 0.6098 | Macro-Recall: 0.7038
  [Ranking] AUC-ROC: 0.8205 | AUC-PR: 0.3428
  [Balance] G-Mean: 0.6772 | Specificity: 0.7742 | MCC: 0.3174
All tasks trained.
Total time: 11.82s
