/usr/local/miniconda3/envs/py312/lib/python3.12/site-packages/torch/optim/lr_scheduler.py:1343: UserWarning: Converting a tensor with requires_grad=True to a scalar may lead to unexpected behavior.
Consider using tensor.detach() first. (Triggered internally at /pytorch/torch/csrc/autograd/generated/python_variable_methods.cpp:836.)
  current = float(metrics)

--- Training on Task 1 (Timesteps: 1 to 5) ---
[INFO] Task 1 class weight: 77.72 -> clipped: 20.00
   -> Focal Loss Alpha: 0.9524
[INFO] Snapshot nodes: 31541 (current task only)

--- [CL Evaluation] Evaluating on all seen tasks (0 to 0) ---
*** CL Metrics @ Task 1 [WARM-UP, 仅供参考] ***
  [Binary]  F1: 0.0625 | Precision: 0.0417 | Recall: 0.1250
  [Macro]   Macro-F1: 0.5272 | Macro-Recall: 0.5564
  [Ranking] AUC-ROC: 0.9436 | AUC-PR: 0.0793
  [Balance] G-Mean: 0.3514 | Specificity: 0.9877 | MCC: 0.0654

--- Training on Task 2 (Timesteps: 6 to 10) ---
[INFO] Task 2 class weight: 7.60 -> clipped: 7.60
   -> Focal Loss Alpha: 0.8838
[INFO] Snapshot nodes: 26556 (current task only)
   [EWC] Updating Fisher Matrix...
   [SPC] Task 2 子空间原型已更新 | 欺诈: 422, 正常: 3209

--- [CL Evaluation] Evaluating on all seen tasks (0 to 1) ---
*** CL Metrics @ Task 2 ***
  [Binary]  F1: 0.1198 | Precision: 0.0658 | Recall: 0.7500
  [Macro]   Macro-F1: 0.5264 | Macro-Recall: 0.8129
  [Ranking] AUC-ROC: 0.9255 | AUC-PR: 0.2658
  [Balance] G-Mean: 0.7964 | Specificity: 0.8757 | MCC: 0.1969

--- Training on Task 3 (Timesteps: 11 to 15) ---
[INFO] Task 3 class weight: 4.05 -> clipped: 4.05
   -> Focal Loss Alpha: 0.8019
[INFO] Snapshot nodes: 16532 (current task only)
   [EWC] Updating Fisher Matrix...
   [SPC] Task 3 子空间原型已更新 | 欺诈: 481, 正常: 1947

--- [CL Evaluation] Evaluating on all seen tasks (0 to 2) ---
*** CL Metrics @ Task 3 ***
  [Binary]  F1: 0.3037 | Precision: 0.2181 | Recall: 0.8129
  [Macro]   Macro-F1: 0.6023 | Macro-Recall: 0.8205
  [Ranking] AUC-ROC: 0.9245 | AUC-PR: 0.4323
  [Balance] G-Mean: 0.8073 | Specificity: 0.8280 | MCC: 0.3238

--- Training on Task 4 (Timesteps: 16 to 20) ---
[INFO] Task 4 class weight: 5.89 -> clipped: 5.89
   -> Focal Loss Alpha: 0.8549
[INFO] Snapshot nodes: 16133 (current task only)
   [EWC] Updating Fisher Matrix...
   [SPC] Task 4 子空间原型已更新 | 欺诈: 359, 正常: 2116

--- [CL Evaluation] Evaluating on all seen tasks (0 to 3) ---
*** CL Metrics @ Task 4 ***
  [Binary]  F1: 0.3909 | Precision: 0.2941 | Recall: 0.8270
  [Macro]   Macro-F1: 0.6310 | Macro-Recall: 0.8086
  [Ranking] AUC-ROC: 0.9014 | AUC-PR: 0.4633
  [Balance] G-Mean: 0.7972 | Specificity: 0.7901 | MCC: 0.3666

--- Training on Task 5 (Timesteps: 21 to 25) ---
[INFO] Task 5 class weight: 9.53 -> clipped: 9.53
   -> Focal Loss Alpha: 0.9050
[INFO] Snapshot nodes: 20502 (current task only)
   [EWC] Updating Fisher Matrix...
   [SPC] Task 5 子空间原型已更新 | 欺诈: 448, 正常: 4269

--- [CL Evaluation] Evaluating on all seen tasks (0 to 4) ---
*** CL Metrics @ Task 5 ***
  [Binary]  F1: 0.4647 | Precision: 0.3628 | Recall: 0.8497
  [Macro]   Macro-F1: 0.6730 | Macro-Recall: 0.8277
  [Ranking] AUC-ROC: 0.9108 | AUC-PR: 0.5156
  [Balance] G-Mean: 0.8185 | Specificity: 0.8056 | MCC: 0.4350

--- Training on Task 6 (Timesteps: 26 to 30) ---
[INFO] Task 6 class weight: 3.08 -> clipped: 3.08
   -> Focal Loss Alpha: 0.7552
[INFO] Snapshot nodes: 12023 (current task only)
   [EWC] Updating Fisher Matrix...
   [SPC] Task 6 子空间原型已更新 | 欺诈: 534, 正常: 1647

--- [CL Evaluation] Evaluating on all seen tasks (0 to 5) ---
*** CL Metrics @ Task 6 ***
  [Binary]  F1: 0.4834 | Precision: 0.3718 | Recall: 0.8647
  [Macro]   Macro-F1: 0.6800 | Macro-Recall: 0.8307
  [Ranking] AUC-ROC: 0.9079 | AUC-PR: 0.5068
  [Balance] G-Mean: 0.8221 | Specificity: 0.7967 | MCC: 0.4503

--- Training on Task 7 (Timesteps: 31 to 35) ---
[INFO] Task 7 class weight: 4.88 -> clipped: 4.88
   -> Focal Loss Alpha: 0.8300
[INFO] Snapshot nodes: 18485 (current task only)
   [EWC] Updating Fisher Matrix...
   [SPC] Task 7 子空间原型已更新 | 欺诈: 508, 正常: 2481

--- [CL Evaluation] Evaluating on all seen tasks (0 to 6) ---
*** CL Metrics @ Task 7 ***
  [Binary]  F1: 0.4801 | Precision: 0.3625 | Recall: 0.8731
  [Macro]   Macro-F1: 0.6727 | Macro-Recall: 0.8260
  [Ranking] AUC-ROC: 0.9030 | AUC-PR: 0.4952
  [Balance] G-Mean: 0.8172 | Specificity: 0.7789 | MCC: 0.4452

--- Training on Task 8 (Timesteps: 36 to 40) ---
[INFO] Task 8 class weight: 14.64 -> clipped: 10.00
   -> Focal Loss Alpha: 0.9091
[INFO] Snapshot nodes: 19831 (current task only)
   [EWC] Updating Fisher Matrix...
   [SPC] Task 8 子空间原型已更新 | 欺诈: 265, 正常: 3880

--- [CL Evaluation] Evaluating on all seen tasks (0 to 7) ---
*** CL Metrics @ Task 8 ***
  [Binary]  F1: 0.4545 | Precision: 0.3387 | Recall: 0.8499
  [Macro]   Macro-F1: 0.6548 | Macro-Recall: 0.8072
  [Ranking] AUC-ROC: 0.8849 | AUC-PR: 0.4563
  [Balance] G-Mean: 0.7995 | Specificity: 0.7644 | MCC: 0.4159

--- Training on Task 9 (Timesteps: 41 to 45) ---
[INFO] Task 9 class weight: 14.50 -> clipped: 10.00
   -> Focal Loss Alpha: 0.9091
[INFO] Snapshot nodes: 28118 (current task only)
   [EWC] Updating Fisher Matrix...
   [SPC] Task 9 子空间原型已更新 | 欺诈: 403, 正常: 5844

--- [CL Evaluation] Evaluating on all seen tasks (0 to 8) ---
*** CL Metrics @ Task 9 ***
  [Binary]  F1: 0.4058 | Precision: 0.3019 | Recall: 0.8221
  [Macro]   Macro-F1: 0.6283 | Macro-Recall: 0.7893
  [Ranking] AUC-ROC: 0.8520 | AUC-PR: 0.4063
  [Balance] G-Mean: 0.7823 | Specificity: 0.7564 | MCC: 0.3742

--- Training on Task 10 (Timesteps: 46 to 49) ---
[INFO] Task 10 class weight: 32.82 -> clipped: 10.00
   -> Focal Loss Alpha: 0.9091
[INFO] Snapshot nodes: 14048 (current task only)
   [EWC] Updating Fisher Matrix...
   [SPC] Task 10 子空间原型已更新 | 欺诈: 60, 正常: 1969

--- [CL Evaluation] Evaluating on all seen tasks (0 to 9) ---
*** CL Metrics @ Task 10 ***
  [Binary]  F1: 0.4096 | Precision: 0.3033 | Recall: 0.8149
  [Macro]   Macro-F1: 0.6308 | Macro-Recall: 0.7870
  [Ranking] AUC-ROC: 0.8505 | AUC-PR: 0.3950
  [Balance] G-Mean: 0.7807 | Specificity: 0.7591 | MCC: 0.3751
All tasks trained.
Total time: 33.72s
