/usr/local/miniconda3/envs/py312/lib/python3.12/site-packages/torch/optim/lr_scheduler.py:1343: UserWarning: Converting a tensor with requires_grad=True to a scalar may lead to unexpected behavior.
Consider using tensor.detach() first. (Triggered internally at /pytorch/torch/csrc/autograd/generated/python_variable_methods.cpp:836.)
  current = float(metrics)

--- Training on Task 1 (Timesteps: 1 to 5) ---
🔧 Task 1 动态权重: 93.15 -> 截断为: 20.00
   -> Focal Loss Alpha: 0.9524
📉 Snapshot 节点数: 31541 (仅当前任务)

--- [CL Evaluation] Evaluating on all seen tasks (0 to 0) ---
*** CL Metrics @ Task 1 ***
  [Accuracy]  Avg F1: 0.0478 | AUC-ROC: 0.9067 | G-Mean: 0.7388
  [Stability] Avg Forgetting (↓): 0.0000 | Avg BWT (↑): 0.0000
  > Matrix Row:  [0.0478]

--- Training on Task 2 (Timesteps: 6 to 10) ---
🔧 Task 2 动态权重: 9.69 -> 截断为: 9.69
   -> Focal Loss Alpha: 0.9064
📉 Snapshot 节点数: 26556 (仅当前任务)

--- [CL Evaluation] Evaluating on all seen tasks (0 to 1) ---
*** CL Metrics @ Task 2 ***
  [Accuracy]  Avg F1: 0.2038 | AUC-ROC: 0.9012 | G-Mean: 0.7463
  [Stability] Avg Forgetting (↓): 0.0007 | Avg BWT (↑): -0.0007
  > Matrix Row:  [0.0472 0.3605]

--- Training on Task 3 (Timesteps: 11 to 15) ---
🔧 Task 3 动态权重: 3.73 -> 截断为: 3.73
   -> Focal Loss Alpha: 0.7887
📉 Snapshot 节点数: 16532 (仅当前任务)

--- [CL Evaluation] Evaluating on all seen tasks (0 to 2) ---
*** CL Metrics @ Task 3 ***
  [Accuracy]  Avg F1: 0.2905 | AUC-ROC: 0.8901 | G-Mean: 0.7343
  [Stability] Avg Forgetting (↓): 0.0003 | Avg BWT (↑): -0.0003
  > Matrix Row:  [0.0472 0.3605 0.4638]

--- Training on Task 4 (Timesteps: 16 to 20) ---
🔧 Task 4 动态权重: 4.60 -> 截断为: 4.60
   -> Focal Loss Alpha: 0.8215
📉 Snapshot 节点数: 16133 (仅当前任务)

--- [CL Evaluation] Evaluating on all seen tasks (0 to 3) ---
*** CL Metrics @ Task 4 ***
  [Accuracy]  Avg F1: 0.3405 | AUC-ROC: 0.8816 | G-Mean: 0.7197
  [Stability] Avg Forgetting (↓): 0.0002 | Avg BWT (↑): -0.0002
  > Matrix Row:  [0.0472 0.3605 0.4638 0.4905]

--- Training on Task 5 (Timesteps: 21 to 25) ---
🔧 Task 5 动态权重: 8.42 -> 截断为: 8.42
   -> Focal Loss Alpha: 0.8939
📉 Snapshot 节点数: 20502 (仅当前任务)

--- [CL Evaluation] Evaluating on all seen tasks (0 to 4) ---
*** CL Metrics @ Task 5 ***
  [Accuracy]  Avg F1: 0.3428 | AUC-ROC: 0.8756 | G-Mean: 0.7235
  [Stability] Avg Forgetting (↓): 0.0002 | Avg BWT (↑): -0.0002
  > Matrix Row:  [0.0472 0.3605 0.4638 0.4905 0.3521]

--- Training on Task 6 (Timesteps: 26 to 30) ---
🔧 Task 6 动态权重: 3.38 -> 截断为: 3.38
   -> Focal Loss Alpha: 0.7716
📉 Snapshot 节点数: 12023 (仅当前任务)

--- [CL Evaluation] Evaluating on all seen tasks (0 to 5) ---
*** CL Metrics @ Task 6 ***
  [Accuracy]  Avg F1: 0.3505 | AUC-ROC: 0.8508 | G-Mean: 0.6967
  [Stability] Avg Forgetting (↓): 0.0001 | Avg BWT (↑): -0.0001
  > Matrix Row:  [0.0472 0.3605 0.4638 0.4905 0.3521 0.3889]

--- Training on Task 7 (Timesteps: 31 to 35) ---
🔧 Task 7 动态权重: 5.30 -> 截断为: 5.30
   -> Focal Loss Alpha: 0.8413
📉 Snapshot 节点数: 18485 (仅当前任务)

--- [CL Evaluation] Evaluating on all seen tasks (0 to 6) ---
*** CL Metrics @ Task 7 ***
  [Accuracy]  Avg F1: 0.3555 | AUC-ROC: 0.8370 | G-Mean: 0.6850
  [Stability] Avg Forgetting (↓): 0.0001 | Avg BWT (↑): -0.0001
  > Matrix Row:  [0.0472 0.3605 0.4638 0.4905 0.3521 0.3889 0.3855]

--- Training on Task 8 (Timesteps: 36 to 40) ---
🔧 Task 8 动态权重: 13.36 -> 截断为: 10.00
   -> Focal Loss Alpha: 0.9091
📉 Snapshot 节点数: 19831 (仅当前任务)

--- [CL Evaluation] Evaluating on all seen tasks (0 to 7) ---
*** CL Metrics @ Task 8 ***
  [Accuracy]  Avg F1: 0.3364 | AUC-ROC: 0.8357 | G-Mean: 0.6757
  [Stability] Avg Forgetting (↓): 0.0001 | Avg BWT (↑): -0.0001
  > Matrix Row:  [0.0472 0.3605 0.4638 0.4905 0.3521 0.3889 0.3855 0.2031]

--- Training on Task 9 (Timesteps: 41 to 45) ---
🔧 Task 9 动态权重: 17.19 -> 截断为: 10.00
   -> Focal Loss Alpha: 0.9091
📉 Snapshot 节点数: 28118 (仅当前任务)

--- [CL Evaluation] Evaluating on all seen tasks (0 to 8) ---
*** CL Metrics @ Task 9 ***
  [Accuracy]  Avg F1: 0.3125 | AUC-ROC: 0.8283 | G-Mean: 0.6518
  [Stability] Avg Forgetting (↓): 0.0001 | Avg BWT (↑): -0.0001
  > Matrix Row:  [0.0472 0.3605 0.4638 0.4905 0.3521 0.3889 0.3855 0.2031 0.1206]

--- Training on Task 10 (Timesteps: 46 to 49) ---
🔧 Task 10 动态权重: 21.89 -> 截断为: 10.00
   -> Focal Loss Alpha: 0.9091
📉 Snapshot 节点数: 14048 (仅当前任务)

--- [CL Evaluation] Evaluating on all seen tasks (0 to 9) ---
*** CL Metrics @ Task 10 ***
  [Accuracy]  Avg F1: 0.2978 | AUC-ROC: 0.8216 | G-Mean: 0.6452
  [Stability] Avg Forgetting (↓): 0.0001 | Avg BWT (↑): -0.0001
  > Matrix Row:  [0.0472 0.3605 0.4638 0.4905 0.3521 0.3889 0.3855 0.2031 0.1206 0.1655]
All tasks trained.
Total time: 17.07s
