/usr/local/miniconda3/envs/py312/lib/python3.12/site-packages/torch/optim/lr_scheduler.py:1343: UserWarning: Converting a tensor with requires_grad=True to a scalar may lead to unexpected behavior.
Consider using tensor.detach() first. (Triggered internally at /pytorch/torch/csrc/autograd/generated/python_variable_methods.cpp:836.)
  current = float(metrics)

--- Training on Task 1 (Timesteps: 0 to 0) ---
[INFO] Task 1 class weight: 110.96 -> clipped: 20.00
   -> Focal Loss Alpha: 0.9524
[INFO] Snapshot nodes: 189571 (current task only)

--- [CL Evaluation] Evaluating on all seen tasks (0 to 0) ---
*** CL Metrics @ Task 1 [WARM-UP, 仅供参考] ***
  [Binary]  F1: 0.0000 | Precision: 0.0000 | Recall: 0.0000
  [Macro]   Macro-F1: 0.4979 | Macro-Recall: 0.4999
  [Ranking] AUC-ROC: 0.4999 | AUC-PR: 0.0081
  [Balance] G-Mean: 0.0000 | Specificity: 0.9998 | MCC: -0.0011

--- Training on Task 2 (Timesteps: 1 to 1) ---
[INFO] Task 2 class weight: 21.43 -> clipped: 10.00
   -> Focal Loss Alpha: 0.9091
[INFO] Snapshot nodes: 160370 (current task only)

--- [CL Evaluation] Evaluating on all seen tasks (0 to 1) ---
*** CL Metrics @ Task 2 ***
  [Binary]  F1: 0.1413 | Precision: 0.0889 | Recall: 0.4327
  [Macro]   Macro-F1: 0.5269 | Macro-Recall: 0.6416
  [Ranking] AUC-ROC: 0.6416 | AUC-PR: 0.0619
  [Balance] G-Mean: 0.5983 | Specificity: 0.8506 | MCC: 0.1383

--- Training on Task 3 (Timesteps: 2 to 2) ---
[INFO] Task 3 class weight: 12.37 -> clipped: 10.00
   -> Focal Loss Alpha: 0.9091
[INFO] Snapshot nodes: 100261 (current task only)

--- [CL Evaluation] Evaluating on all seen tasks (0 to 2) ---
*** CL Metrics @ Task 3 ***
  [Binary]  F1: 0.2448 | Precision: 0.1734 | Recall: 0.5100
  [Macro]   Macro-F1: 0.5807 | Macro-Recall: 0.6862
  [Ranking] AUC-ROC: 0.6875 | AUC-PR: 0.1262
  [Balance] G-Mean: 0.6547 | Specificity: 0.8623 | MCC: 0.2298

--- Training on Task 4 (Timesteps: 3 to 3) ---
[INFO] Task 4 class weight: 7.97 -> clipped: 7.97
   -> Focal Loss Alpha: 0.8885
[INFO] Snapshot nodes: 96398 (current task only)

--- [CL Evaluation] Evaluating on all seen tasks (0 to 3) ---
*** CL Metrics @ Task 4 ***
  [Binary]  F1: 0.2855 | Precision: 0.2067 | Recall: 0.5347
  [Macro]   Macro-F1: 0.5964 | Macro-Recall: 0.6937
  [Ranking] AUC-ROC: 0.6947 | AUC-PR: 0.1524
  [Balance] G-Mean: 0.6681 | Specificity: 0.8528 | MCC: 0.2545

--- Training on Task 5 (Timesteps: 4 to 4) ---
[INFO] Task 5 class weight: 6.70 -> clipped: 6.70
   -> Focal Loss Alpha: 0.8702
[INFO] Snapshot nodes: 148489 (current task only)

--- [CL Evaluation] Evaluating on all seen tasks (0 to 4) ---
*** CL Metrics @ Task 5 ***
  [Binary]  F1: 0.3246 | Precision: 0.2466 | Recall: 0.5456
  [Macro]   Macro-F1: 0.6151 | Macro-Recall: 0.7008
  [Ranking] AUC-ROC: 0.7015 | AUC-PR: 0.1807
  [Balance] G-Mean: 0.6775 | Specificity: 0.8559 | MCC: 0.2823

--- Training on Task 6 (Timesteps: 5 to 5) ---
[INFO] Task 6 class weight: 3.81 -> clipped: 3.81
   -> Focal Loss Alpha: 0.7919
[INFO] Snapshot nodes: 72045 (current task only)

--- [CL Evaluation] Evaluating on all seen tasks (0 to 5) ---
*** CL Metrics @ Task 6 ***
  [Binary]  F1: 0.3586 | Precision: 0.2866 | Recall: 0.5512
  [Macro]   Macro-F1: 0.6282 | Macro-Recall: 0.7019
  [Ranking] AUC-ROC: 0.7025 | AUC-PR: 0.2124
  [Balance] G-Mean: 0.6806 | Specificity: 0.8526 | MCC: 0.3004

--- Training on Task 7 (Timesteps: 6 to 6) ---
[INFO] Task 7 class weight: 6.63 -> clipped: 6.63
   -> Focal Loss Alpha: 0.8690
[INFO] Snapshot nodes: 106824 (current task only)

--- [CL Evaluation] Evaluating on all seen tasks (0 to 6) ---
*** CL Metrics @ Task 7 ***
  [Binary]  F1: 0.3677 | Precision: 0.2920 | Recall: 0.5588
  [Macro]   Macro-F1: 0.6304 | Macro-Recall: 0.7025
  [Ranking] AUC-ROC: 0.7030 | AUC-PR: 0.2176
  [Balance] G-Mean: 0.6832 | Specificity: 0.8461 | MCC: 0.3037

--- Training on Task 8 (Timesteps: 7 to 7) ---
[INFO] Task 8 class weight: 9.60 -> clipped: 9.60
   -> Focal Loss Alpha: 0.9057
[INFO] Snapshot nodes: 138779 (current task only)

--- [CL Evaluation] Evaluating on all seen tasks (0 to 7) ---
*** CL Metrics @ Task 8 ***
  [Binary]  F1: 0.3576 | Precision: 0.2803 | Recall: 0.5536
  [Macro]   Macro-F1: 0.6229 | Macro-Recall: 0.6959
  [Ranking] AUC-ROC: 0.6964 | AUC-PR: 0.2089
  [Balance] G-Mean: 0.6773 | Specificity: 0.8382 | MCC: 0.2912

--- Training on Task 9 (Timesteps: 8 to 8) ---
[INFO] Task 9 class weight: 22.55 -> clipped: 10.00
   -> Focal Loss Alpha: 0.9091
[INFO] Snapshot nodes: 166309 (current task only)

--- [CL Evaluation] Evaluating on all seen tasks (0 to 8) ---
*** CL Metrics @ Task 9 ***
  [Binary]  F1: 0.3366 | Precision: 0.2601 | Recall: 0.5547
  [Macro]   Macro-F1: 0.6104 | Macro-Recall: 0.6920
  [Ranking] AUC-ROC: 0.6925 | AUC-PR: 0.1940
  [Balance] G-Mean: 0.6747 | Specificity: 0.8294 | MCC: 0.2759

--- Training on Task 10 (Timesteps: 9 to 9) ---
[INFO] Task 10 class weight: 12.37 -> clipped: 10.00
   -> Focal Loss Alpha: 0.9091
[INFO] Snapshot nodes: 89214 (current task only)

--- [CL Evaluation] Evaluating on all seen tasks (0 to 9) ---
*** CL Metrics @ Task 10 ***
  [Binary]  F1: 0.3173 | Precision: 0.2461 | Recall: 0.5172
  [Macro]   Macro-F1: 0.6021 | Macro-Recall: 0.6764
  [Ranking] AUC-ROC: 0.6768 | AUC-PR: 0.1829
  [Balance] G-Mean: 0.6473 | Specificity: 0.8356 | MCC: 0.2543
All tasks trained.
Total time: 28.72s
