nohup: ignoring input

╔══════════════════════════════════════════════════════════╗
║  DATASET: Elliptic — 主对比实验                          ║
║  2026-03-11 09:35:19                           ║
╚══════════════════════════════════════════════════════════╝

  ── [A] 传统静态基线 ─────────────────────────────────
  [SKIP] elliptic_Naive_GCN

  ┌──────────────────────────────────────────────────────┐
  │ RUN: elliptic_Naive_GAT                               │
  │ LOG: logs/elliptic_Naive_GAT.log                      │
  └──────────────────────────────────────────────────────┘
  [DONE] elliptic_Naive_GAT                           0m42s

  ── [B] CL 经典基线 ───────────────────────────────────

  ┌──────────────────────────────────────────────────────┐
  │ RUN: elliptic_EWC_GCN                                 │
  │ LOG: logs/elliptic_EWC_GCN.log                        │
  └──────────────────────────────────────────────────────┘
  [DONE] elliptic_EWC_GCN                             0m31s

  ┌──────────────────────────────────────────────────────┐
  │ RUN: elliptic_LwF_GCN                                 │
  │ LOG: logs/elliptic_LwF_GCN.log                        │
  └──────────────────────────────────────────────────────┘
  [DONE] elliptic_LwF_GCN                             0m33s

  ┌──────────────────────────────────────────────────────┐
  │ RUN: elliptic_ER_GCN                                  │
  │ LOG: logs/elliptic_ER_GCN.log                         │
  └──────────────────────────────────────────────────────┘
  [DONE] elliptic_ER_GCN                              0m30s

  ── [C] 不平衡处理变体 ────────────────────────────────

  ┌──────────────────────────────────────────────────────┐
  │ RUN: elliptic_Naive_GraphSMOTE                        │
  │ LOG: logs/elliptic_Naive_GraphSMOTE.log               │
  └──────────────────────────────────────────────────────┘
  [DONE] elliptic_Naive_GraphSMOTE                    0m30s

  ── [D] 核心 SOTA ─────────────────────────────────────

  ┌──────────────────────────────────────────────────────┐
  │ RUN: elliptic_Naive_HOGRL                             │
  │ LOG: logs/elliptic_Naive_HOGRL.log                    │
  └──────────────────────────────────────────────────────┘
  [DONE] elliptic_Naive_HOGRL                         1m25s

  ┌──────────────────────────────────────────────────────┐
  │ RUN: elliptic_Naive_CGNN                              │
  │ LOG: logs/elliptic_Naive_CGNN.log                     │
  └──────────────────────────────────────────────────────┘
  [DONE] elliptic_Naive_CGNN                          0m36s

  ┌──────────────────────────────────────────────────────┐
  │ RUN: elliptic_Naive_ConsisGAD                         │
  │ LOG: logs/elliptic_Naive_ConsisGAD.log                │
  └──────────────────────────────────────────────────────┘
  [DONE] elliptic_Naive_ConsisGAD                     0m41s

  ┌──────────────────────────────────────────────────────┐
  │ RUN: elliptic_Naive_Grad                              │
  │ LOG: logs/elliptic_Naive_Grad.log                     │
  └──────────────────────────────────────────────────────┘
  [DONE] elliptic_Naive_Grad                          2m21s

  ┌──────────────────────────────────────────────────────┐
  │ RUN: elliptic_Naive_BSL                               │
  │ LOG: logs/elliptic_Naive_BSL.log                      │
  └──────────────────────────────────────────────────────┘
  [DONE] elliptic_Naive_BSL                           1m13s

  ── [E] TASD-CL (Ours) ────────────────────────────────

  ┌──────────────────────────────────────────────────────┐
  │ RUN: elliptic_TASDCL_BSL                              │
  │ LOG: logs/elliptic_TASDCL_BSL.log                     │
  └──────────────────────────────────────────────────────┘
  [DONE] elliptic_TASDCL_BSL                          1m21s

══════════════════════════════════════════════════════════
  完成: 09:45:42 | 耗时: 0h10m23s
  ✅ 已完成: 11  ⏭ 已跳过: 1  ❌ 失败: 0
══════════════════════════════════════════════════════════
