/usr/local/miniconda3/envs/py312/lib/python3.12/site-packages/torch/optim/lr_scheduler.py:1343: UserWarning: Converting a tensor with requires_grad=True to a scalar may lead to unexpected behavior.
Consider using tensor.detach() first. (Triggered internally at /pytorch/torch/csrc/autograd/generated/python_variable_methods.cpp:836.)
  current = float(metrics)

--- Training on Task 1 (Timesteps: 0 to 0) ---
🔧 Task 1 动态权重: 110.96 -> 截断为: 20.00
   -> Focal Loss Alpha: 0.9524
📉 Snapshot 节点数: 189571 (仅当前任务)

--- [CL Evaluation] Evaluating on all seen tasks (0 to 0) ---
*** CL Metrics @ Task 1 [WARM-UP, 仅供参考] ***
  [Binary]  F1: 0.0000 | Precision: 0.0000 | Recall: 0.0000
  [Macro]   Macro-F1: 0.4980 | Macro-Recall: 0.5000
  [Ranking] AUC-ROC: 0.7287 | AUC-PR: 0.0176
  [Balance] G-Mean: 0.0000 | Specificity: 1.0000 | MCC: 0.0000

--- Training on Task 2 (Timesteps: 1 to 1) ---
🔧 Task 2 动态权重: 21.43 -> 截断为: 10.00
   -> Focal Loss Alpha: 0.9091
📉 Snapshot 节点数: 160370 (仅当前任务)
   [EWC] Updating Fisher Matrix...

--- [CL Evaluation] Evaluating on all seen tasks (0 to 1) ---
*** CL Metrics @ Task 2 ***
  [Binary]  F1: 0.1333 | Precision: 0.0822 | Recall: 0.4412
  [Macro]   Macro-F1: 0.5188 | Macro-Recall: 0.6389
  [Ranking] AUC-ROC: 0.6548 | AUC-PR: 0.1030
  [Balance] G-Mean: 0.5994 | Specificity: 0.8365 | MCC: 0.1306

--- Training on Task 3 (Timesteps: 2 to 2) ---
🔧 Task 3 动态权重: 12.37 -> 截断为: 10.00
   -> Focal Loss Alpha: 0.9091
📉 Snapshot 节点数: 100261 (仅当前任务)
   [EWC] Updating Fisher Matrix...

--- [CL Evaluation] Evaluating on all seen tasks (0 to 2) ---
*** CL Metrics @ Task 3 ***
  [Binary]  F1: 0.2285 | Precision: 0.1580 | Recall: 0.5104
  [Macro]   Macro-F1: 0.5683 | Macro-Recall: 0.6792
  [Ranking] AUC-ROC: 0.7187 | AUC-PR: 0.1793
  [Balance] G-Mean: 0.6501 | Specificity: 0.8479 | MCC: 0.2130

--- Training on Task 4 (Timesteps: 3 to 3) ---
🔧 Task 4 动态权重: 7.97 -> 截断为: 7.97
   -> Focal Loss Alpha: 0.8885
📉 Snapshot 节点数: 96398 (仅当前任务)
   [EWC] Updating Fisher Matrix...

--- [CL Evaluation] Evaluating on all seen tasks (0 to 3) ---
*** CL Metrics @ Task 4 ***
  [Binary]  F1: 0.2688 | Precision: 0.1894 | Recall: 0.5383
  [Macro]   Macro-F1: 0.5831 | Macro-Recall: 0.6870
  [Ranking] AUC-ROC: 0.7302 | AUC-PR: 0.2074
  [Balance] G-Mean: 0.6639 | Specificity: 0.8358 | MCC: 0.2370

--- Training on Task 5 (Timesteps: 4 to 4) ---
🔧 Task 5 动态权重: 6.70 -> 截断为: 6.70
   -> Focal Loss Alpha: 0.8702
📉 Snapshot 节点数: 148489 (仅当前任务)
   [EWC] Updating Fisher Matrix...

--- [CL Evaluation] Evaluating on all seen tasks (0 to 4) ---
*** CL Metrics @ Task 5 ***
  [Binary]  F1: 0.3083 | Precision: 0.2277 | Recall: 0.5509
  [Macro]   Macro-F1: 0.6021 | Macro-Recall: 0.6948
  [Ranking] AUC-ROC: 0.7379 | AUC-PR: 0.2489
  [Balance] G-Mean: 0.6741 | Specificity: 0.8387 | MCC: 0.2649

--- Training on Task 6 (Timesteps: 5 to 5) ---
🔧 Task 6 动态权重: 3.81 -> 截断为: 3.81
   -> Focal Loss Alpha: 0.7919
📉 Snapshot 节点数: 72045 (仅当前任务)
   [EWC] Updating Fisher Matrix...

--- [CL Evaluation] Evaluating on all seen tasks (0 to 5) ---
*** CL Metrics @ Task 6 ***
  [Binary]  F1: 0.3428 | Precision: 0.2661 | Recall: 0.5572
  [Macro]   Macro-F1: 0.6151 | Macro-Recall: 0.6958
  [Ranking] AUC-ROC: 0.7388 | AUC-PR: 0.2760
  [Balance] G-Mean: 0.6771 | Specificity: 0.8344 | MCC: 0.2822

--- Training on Task 7 (Timesteps: 6 to 6) ---
🔧 Task 7 动态权重: 6.63 -> 截断为: 6.63
   -> Focal Loss Alpha: 0.8690
📉 Snapshot 节点数: 106824 (仅当前任务)
   [EWC] Updating Fisher Matrix...

--- [CL Evaluation] Evaluating on all seen tasks (0 to 6) ---
*** CL Metrics @ Task 7 ***
  [Binary]  F1: 0.3558 | Precision: 0.2753 | Recall: 0.5677
  [Macro]   Macro-F1: 0.6200 | Macro-Recall: 0.6989
  [Ranking] AUC-ROC: 0.7423 | AUC-PR: 0.2838
  [Balance] G-Mean: 0.6821 | Specificity: 0.8302 | MCC: 0.2905

--- Training on Task 8 (Timesteps: 7 to 7) ---
🔧 Task 8 动态权重: 9.60 -> 截断为: 9.60
   -> Focal Loss Alpha: 0.9057
📉 Snapshot 节点数: 138779 (仅当前任务)
   [EWC] Updating Fisher Matrix...

--- [CL Evaluation] Evaluating on all seen tasks (0 to 7) ---
*** CL Metrics @ Task 8 ***
  [Binary]  F1: 0.3475 | Precision: 0.2656 | Recall: 0.5640
  [Macro]   Macro-F1: 0.6136 | Macro-Recall: 0.6935
  [Ranking] AUC-ROC: 0.7351 | AUC-PR: 0.2709
  [Balance] G-Mean: 0.6774 | Specificity: 0.8229 | MCC: 0.2801

--- Training on Task 9 (Timesteps: 8 to 8) ---
🔧 Task 9 动态权重: 22.55 -> 截断为: 10.00
   -> Focal Loss Alpha: 0.9091
📉 Snapshot 节点数: 166309 (仅当前任务)
   [EWC] Updating Fisher Matrix...

--- [CL Evaluation] Evaluating on all seen tasks (0 to 8) ---
*** CL Metrics @ Task 9 ***
  [Binary]  F1: 0.3278 | Precision: 0.2472 | Recall: 0.5665
  [Macro]   Macro-F1: 0.6021 | Macro-Recall: 0.6908
  [Ranking] AUC-ROC: 0.7321 | AUC-PR: 0.2510
  [Balance] G-Mean: 0.6759 | Specificity: 0.8150 | MCC: 0.2666

--- Training on Task 10 (Timesteps: 9 to 9) ---
🔧 Task 10 动态权重: 12.37 -> 截断为: 10.00
   -> Focal Loss Alpha: 0.9091
📉 Snapshot 节点数: 89214 (仅当前任务)
   [EWC] Updating Fisher Matrix...

--- [CL Evaluation] Evaluating on all seen tasks (0 to 9) ---
*** CL Metrics @ Task 10 ***
  [Binary]  F1: 0.3065 | Precision: 0.2308 | Recall: 0.5278
  [Macro]   Macro-F1: 0.5916 | Macro-Recall: 0.6727
  [Ranking] AUC-ROC: 0.6984 | AUC-PR: 0.2329
  [Balance] G-Mean: 0.6472 | Specificity: 0.8176 | MCC: 0.2414
All tasks trained.
Total time: 91.01s
