/usr/local/miniconda3/envs/py312/lib/python3.12/site-packages/torch/optim/lr_scheduler.py:1343: UserWarning: Converting a tensor with requires_grad=True to a scalar may lead to unexpected behavior.
Consider using tensor.detach() first. (Triggered internally at /pytorch/torch/csrc/autograd/generated/python_variable_methods.cpp:836.)
  current = float(metrics)

--- Training on Task 1 (Timesteps: 1 to 5) ---
[INFO] Task 1 class weight: 77.72 -> clipped: 20.00
   -> Focal Loss Alpha: 0.9524
[INFO] Snapshot nodes: 31541 (current task only)

--- [CL Evaluation] Evaluating on all seen tasks (0 to 0) ---
*** CL Metrics @ Task 1 [WARM-UP, 仅供参考] ***
  [Binary]  F1: 0.1277 | Precision: 0.0769 | Recall: 0.3750
  [Macro]   Macro-F1: 0.5583 | Macro-Recall: 0.6779
  [Ranking] AUC-ROC: 0.9544 | AUC-PR: 0.2989
  [Balance] G-Mean: 0.6065 | Specificity: 0.9808 | MCC: 0.1625

--- Training on Task 2 (Timesteps: 6 to 10) ---
[INFO] Task 2 class weight: 7.60 -> clipped: 7.60
   -> Focal Loss Alpha: 0.8838
[INFO] Snapshot nodes: 26556 (current task only)

--- [CL Evaluation] Evaluating on all seen tasks (0 to 1) ---
*** CL Metrics @ Task 2 ***
  [Binary]  F1: 0.1602 | Precision: 0.0934 | Recall: 0.6042
  [Macro]   Macro-F1: 0.5622 | Macro-Recall: 0.7689
  [Ranking] AUC-ROC: 0.9518 | AUC-PR: 0.2438
  [Balance] G-Mean: 0.7352 | Specificity: 0.9336 | MCC: 0.2175

--- Training on Task 3 (Timesteps: 11 to 15) ---
[INFO] Task 3 class weight: 4.05 -> clipped: 4.05
   -> Focal Loss Alpha: 0.8019
[INFO] Snapshot nodes: 16532 (current task only)

--- [CL Evaluation] Evaluating on all seen tasks (0 to 2) ---
*** CL Metrics @ Task 3 ***
  [Binary]  F1: 0.3385 | Precision: 0.2603 | Recall: 0.6817
  [Macro]   Macro-F1: 0.6368 | Macro-Recall: 0.7890
  [Ranking] AUC-ROC: 0.9349 | AUC-PR: 0.4010
  [Balance] G-Mean: 0.7665 | Specificity: 0.8963 | MCC: 0.3430

--- Training on Task 4 (Timesteps: 16 to 20) ---
[INFO] Task 4 class weight: 5.89 -> clipped: 5.89
   -> Focal Loss Alpha: 0.8549
[INFO] Snapshot nodes: 16133 (current task only)

--- [CL Evaluation] Evaluating on all seen tasks (0 to 3) ---
*** CL Metrics @ Task 4 ***
  [Binary]  F1: 0.4176 | Precision: 0.3335 | Recall: 0.7122
  [Macro]   Macro-F1: 0.6609 | Macro-Recall: 0.7842
  [Ranking] AUC-ROC: 0.9116 | AUC-PR: 0.4484
  [Balance] G-Mean: 0.7672 | Specificity: 0.8562 | MCC: 0.3812

--- Training on Task 5 (Timesteps: 21 to 25) ---
[INFO] Task 5 class weight: 9.53 -> clipped: 9.53
   -> Focal Loss Alpha: 0.9050
[INFO] Snapshot nodes: 20502 (current task only)

--- [CL Evaluation] Evaluating on all seen tasks (0 to 4) ---
*** CL Metrics @ Task 5 ***
  [Binary]  F1: 0.4757 | Precision: 0.3851 | Recall: 0.7461
  [Macro]   Macro-F1: 0.6899 | Macro-Recall: 0.8004
  [Ranking] AUC-ROC: 0.9137 | AUC-PR: 0.4856
  [Balance] G-Mean: 0.7867 | Specificity: 0.8547 | MCC: 0.4326

--- Training on Task 6 (Timesteps: 26 to 30) ---
[INFO] Task 6 class weight: 3.08 -> clipped: 3.08
   -> Focal Loss Alpha: 0.7552
[INFO] Snapshot nodes: 12023 (current task only)

--- [CL Evaluation] Evaluating on all seen tasks (0 to 5) ---
*** CL Metrics @ Task 6 ***
  [Binary]  F1: 0.4918 | Precision: 0.3891 | Recall: 0.7803
  [Macro]   Macro-F1: 0.6932 | Macro-Recall: 0.8081
  [Ranking] AUC-ROC: 0.9110 | AUC-PR: 0.4834
  [Balance] G-Mean: 0.7956 | Specificity: 0.8358 | MCC: 0.4479

--- Training on Task 7 (Timesteps: 31 to 35) ---
[INFO] Task 7 class weight: 4.88 -> clipped: 4.88
   -> Focal Loss Alpha: 0.8300
[INFO] Snapshot nodes: 18485 (current task only)

--- [CL Evaluation] Evaluating on all seen tasks (0 to 6) ---
*** CL Metrics @ Task 7 ***
  [Binary]  F1: 0.4796 | Precision: 0.3708 | Recall: 0.8000
  [Macro]   Macro-F1: 0.6759 | Macro-Recall: 0.8005
  [Ranking] AUC-ROC: 0.8982 | AUC-PR: 0.4606
  [Balance] G-Mean: 0.7872 | Specificity: 0.8010 | MCC: 0.4339

--- Training on Task 8 (Timesteps: 36 to 40) ---
[INFO] Task 8 class weight: 14.64 -> clipped: 10.00
   -> Focal Loss Alpha: 0.9091
[INFO] Snapshot nodes: 19831 (current task only)

--- [CL Evaluation] Evaluating on all seen tasks (0 to 7) ---
*** CL Metrics @ Task 8 ***
  [Binary]  F1: 0.4466 | Precision: 0.3401 | Recall: 0.7937
  [Macro]   Macro-F1: 0.6440 | Macro-Recall: 0.7765
  [Ranking] AUC-ROC: 0.8659 | AUC-PR: 0.4194
  [Balance] G-Mean: 0.7629 | Specificity: 0.7593 | MCC: 0.3955

--- Training on Task 9 (Timesteps: 41 to 45) ---
[INFO] Task 9 class weight: 14.50 -> clipped: 10.00
   -> Focal Loss Alpha: 0.9091
[INFO] Snapshot nodes: 28118 (current task only)

--- [CL Evaluation] Evaluating on all seen tasks (0 to 8) ---
*** CL Metrics @ Task 9 ***
  [Binary]  F1: 0.3987 | Precision: 0.3033 | Recall: 0.7722
  [Macro]   Macro-F1: 0.6187 | Macro-Recall: 0.7620
  [Ranking] AUC-ROC: 0.8413 | AUC-PR: 0.3751
  [Balance] G-Mean: 0.7497 | Specificity: 0.7518 | MCC: 0.3561

--- Training on Task 10 (Timesteps: 46 to 49) ---
[INFO] Task 10 class weight: 32.82 -> clipped: 10.00
   -> Focal Loss Alpha: 0.9091
[INFO] Snapshot nodes: 14048 (current task only)

--- [CL Evaluation] Evaluating on all seen tasks (0 to 9) ---
*** CL Metrics @ Task 10 ***
  [Binary]  F1: 0.4109 | Precision: 0.3091 | Recall: 0.7878
  [Macro]   Macro-F1: 0.6265 | Macro-Recall: 0.7713
  [Ranking] AUC-ROC: 0.8511 | AUC-PR: 0.3971
  [Balance] G-Mean: 0.7599 | Specificity: 0.7548 | MCC: 0.3702
All tasks trained.
Total time: 11.22s
