nohup: ignoring input

============================================================
 Elliptic generic CL baselines on ordinary GCN
 EWC / LwF / ER
 2026-05-02 08:13:38
============================================================

  [RUN ] elliptic_EWC_GCN
  [CONF] configs/ours/cl_on_gcn/elliptic_EWC_GCN.yaml
  [LOG ] logs/elliptic_EWC_GCN.log
  [DONE] elliptic_EWC_GCN                 0m26s

  [RUN ] elliptic_LwF_GCN
  [CONF] configs/ours/cl_on_gcn/elliptic_LwF_GCN.yaml
  [LOG ] logs/elliptic_LwF_GCN.log
  [DONE] elliptic_LwF_GCN                 0m30s

  [RUN ] elliptic_ER_GCN
  [CONF] configs/ours/cl_on_gcn/elliptic_ER_GCN.yaml
  [LOG ] logs/elliptic_ER_GCN.log
  [DONE] elliptic_ER_GCN                  0m24s

============================================================
 Finished: 08:14:58 | Time: 0h1m20s
 Done: 3 | Skipped: 0 | Failed: 0
============================================================
