/usr/local/miniconda3/envs/py312/lib/python3.12/site-packages/torch/optim/lr_scheduler.py:1343: UserWarning: Converting a tensor with requires_grad=True to a scalar may lead to unexpected behavior.
Consider using tensor.detach() first. (Triggered internally at /pytorch/torch/csrc/autograd/generated/python_variable_methods.cpp:836.)
  current = float(metrics)

--- Training on Task 1 (Timesteps: 1 to 5) ---
[INFO] Task 1 class weight: 77.72 -> clipped: 20.00
   -> Focal Loss Alpha: 0.9524
[INFO] Snapshot nodes: 31541 (current task only)

--- [CL Evaluation] Evaluating on all seen tasks (0 to 0) ---
*** CL Metrics @ Task 1 [WARM-UP, 仅供参考] ***
  [Binary]  F1: 0.3077 | Precision: 0.2222 | Recall: 0.5000
  [Macro]   Macro-F1: 0.6514 | Macro-Recall: 0.7463
  [Ranking] AUC-ROC: 0.9522 | AUC-PR: 0.3690
  [Balance] G-Mean: 0.7045 | Specificity: 0.9925 | MCC: 0.3292

--- Training on Task 2 (Timesteps: 6 to 10) ---
[INFO] Task 2 class weight: 7.60 -> clipped: 7.60
   -> Focal Loss Alpha: 0.8838
[INFO] Snapshot nodes: 26556 (current task only)

--- [CL Evaluation] Evaluating on all seen tasks (0 to 1) ---
*** CL Metrics @ Task 2 ***
  [Binary]  F1: 0.1071 | Precision: 0.0582 | Recall: 0.9097
  [Macro]   Macro-F1: 0.5068 | Macro-Recall: 0.8696
  [Ranking] AUC-ROC: 0.9389 | AUC-PR: 0.2943
  [Balance] G-Mean: 0.8685 | Specificity: 0.8294 | MCC: 0.1951

--- Training on Task 3 (Timesteps: 11 to 15) ---
[INFO] Task 3 class weight: 4.05 -> clipped: 4.05
   -> Focal Loss Alpha: 0.8019
[INFO] Snapshot nodes: 16532 (current task only)

--- [CL Evaluation] Evaluating on all seen tasks (0 to 2) ---
*** CL Metrics @ Task 3 ***
  [Binary]  F1: 0.3038 | Precision: 0.2184 | Recall: 0.9353
  [Macro]   Macro-F1: 0.5951 | Macro-Recall: 0.8669
  [Ranking] AUC-ROC: 0.9422 | AUC-PR: 0.4747
  [Balance] G-Mean: 0.8632 | Specificity: 0.7985 | MCC: 0.3370

--- Training on Task 4 (Timesteps: 16 to 20) ---
[INFO] Task 4 class weight: 5.89 -> clipped: 5.89
   -> Focal Loss Alpha: 0.8549
[INFO] Snapshot nodes: 16133 (current task only)

--- [CL Evaluation] Evaluating on all seen tasks (0 to 3) ---
*** CL Metrics @ Task 4 ***
  [Binary]  F1: 0.3936 | Precision: 0.2931 | Recall: 0.9322
  [Macro]   Macro-F1: 0.6258 | Macro-Recall: 0.8468
  [Ranking] AUC-ROC: 0.9242 | AUC-PR: 0.5265
  [Balance] G-Mean: 0.8410 | Specificity: 0.7614 | MCC: 0.3827

--- Training on Task 5 (Timesteps: 21 to 25) ---
[INFO] Task 5 class weight: 9.53 -> clipped: 9.53
   -> Focal Loss Alpha: 0.9050
[INFO] Snapshot nodes: 20502 (current task only)

--- [CL Evaluation] Evaluating on all seen tasks (0 to 4) ---
*** CL Metrics @ Task 5 ***
  [Binary]  F1: 0.4566 | Precision: 0.3470 | Recall: 0.9373
  [Macro]   Macro-F1: 0.6608 | Macro-Recall: 0.8547
  [Ranking] AUC-ROC: 0.9284 | AUC-PR: 0.5716
  [Balance] G-Mean: 0.8495 | Specificity: 0.7722 | MCC: 0.4365

--- Training on Task 6 (Timesteps: 26 to 30) ---
[INFO] Task 6 class weight: 3.08 -> clipped: 3.08
   -> Focal Loss Alpha: 0.7552
[INFO] Snapshot nodes: 12023 (current task only)

--- [CL Evaluation] Evaluating on all seen tasks (0 to 5) ---
*** CL Metrics @ Task 6 ***
  [Binary]  F1: 0.4764 | Precision: 0.3568 | Recall: 0.9457
  [Macro]   Macro-F1: 0.6687 | Macro-Recall: 0.8553
  [Ranking] AUC-ROC: 0.9290 | AUC-PR: 0.5928
  [Balance] G-Mean: 0.8493 | Specificity: 0.7648 | MCC: 0.4532

--- Training on Task 7 (Timesteps: 31 to 35) ---
[INFO] Task 7 class weight: 4.88 -> clipped: 4.88
   -> Focal Loss Alpha: 0.8300
[INFO] Snapshot nodes: 18485 (current task only)

--- [CL Evaluation] Evaluating on all seen tasks (0 to 6) ---
*** CL Metrics @ Task 7 ***
  [Binary]  F1: 0.4704 | Precision: 0.3459 | Recall: 0.9480
  [Macro]   Macro-F1: 0.6584 | Macro-Recall: 0.8456
  [Ranking] AUC-ROC: 0.9242 | AUC-PR: 0.5890
  [Balance] G-Mean: 0.8377 | Specificity: 0.7432 | MCC: 0.4449

--- Training on Task 8 (Timesteps: 36 to 40) ---
[INFO] Task 8 class weight: 14.64 -> clipped: 10.00
   -> Focal Loss Alpha: 0.9091
[INFO] Snapshot nodes: 19831 (current task only)

--- [CL Evaluation] Evaluating on all seen tasks (0 to 7) ---
*** CL Metrics @ Task 8 ***
  [Binary]  F1: 0.4501 | Precision: 0.3259 | Recall: 0.9422
  [Macro]   Macro-F1: 0.6417 | Macro-Recall: 0.8335
  [Ranking] AUC-ROC: 0.9144 | AUC-PR: 0.5682
  [Balance] G-Mean: 0.8246 | Specificity: 0.7248 | MCC: 0.4255

--- Training on Task 9 (Timesteps: 41 to 45) ---
[INFO] Task 9 class weight: 14.50 -> clipped: 10.00
   -> Focal Loss Alpha: 0.9091
[INFO] Snapshot nodes: 28118 (current task only)

--- [CL Evaluation] Evaluating on all seen tasks (0 to 8) ---
*** CL Metrics @ Task 9 ***
  [Binary]  F1: 0.4024 | Precision: 0.2908 | Recall: 0.9264
  [Macro]   Macro-F1: 0.6171 | Macro-Recall: 0.8240
  [Ranking] AUC-ROC: 0.8927 | AUC-PR: 0.5063
  [Balance] G-Mean: 0.8159 | Specificity: 0.7215 | MCC: 0.3859

--- Training on Task 10 (Timesteps: 46 to 49) ---
[INFO] Task 10 class weight: 32.82 -> clipped: 10.00
   -> Focal Loss Alpha: 0.9091
[INFO] Snapshot nodes: 14048 (current task only)

--- [CL Evaluation] Evaluating on all seen tasks (0 to 9) ---
*** CL Metrics @ Task 10 ***
  [Binary]  F1: 0.4087 | Precision: 0.2932 | Recall: 0.9231
  [Macro]   Macro-F1: 0.6209 | Macro-Recall: 0.8232
  [Ranking] AUC-ROC: 0.8911 | AUC-PR: 0.4923
  [Balance] G-Mean: 0.8156 | Specificity: 0.7234 | MCC: 0.3906
All tasks trained.
Total time: 13.27s
