/usr/local/miniconda3/envs/py312/lib/python3.12/site-packages/torch/optim/lr_scheduler.py:1343: UserWarning: Converting a tensor with requires_grad=True to a scalar may lead to unexpected behavior.
Consider using tensor.detach() first. (Triggered internally at /pytorch/torch/csrc/autograd/generated/python_variable_methods.cpp:836.)
  current = float(metrics)

--- Training on Task 1 (Timesteps: 0 to 0) ---
🔧 Task 1 动态权重: 110.96 -> 截断为: 20.00
   -> Focal Loss Alpha: 0.9524
📉 Snapshot 节点数: 189571 (仅当前任务)
   [EWC] Updating Fisher Matrix...

--- [CL Evaluation] Evaluating on all seen tasks (0 to 0) ---
*** CL Metrics @ Task 1 [WARM-UP, 仅供参考] ***
  [Binary]  F1: 0.0000 | Precision: 0.0000 | Recall: 0.0000
  [Macro]   Macro-F1: 0.4980 | Macro-Recall: 0.5000
  [Ranking] AUC-ROC: 0.7225 | AUC-PR: 0.0145
  [Balance] G-Mean: 0.0000 | Specificity: 1.0000 | MCC: 0.0000

--- Training on Task 2 (Timesteps: 1 to 1) ---
🔧 Task 2 动态权重: 21.43 -> 截断为: 10.00
   -> Focal Loss Alpha: 0.9091
📉 Snapshot 节点数: 160370 (仅当前任务)
   [EWC] Updating Fisher Matrix...

--- [CL Evaluation] Evaluating on all seen tasks (0 to 1) ---
*** CL Metrics @ Task 2 ***
  [Binary]  F1: 0.1218 | Precision: 0.0730 | Recall: 0.4630
  [Macro]   Macro-F1: 0.5054 | Macro-Recall: 0.6369
  [Ranking] AUC-ROC: 0.6351 | AUC-PR: 0.0668
  [Balance] G-Mean: 0.6055 | Specificity: 0.8107 | MCC: 0.1201

--- Training on Task 3 (Timesteps: 2 to 2) ---
🔧 Task 3 动态权重: 12.37 -> 截断为: 10.00
   -> Focal Loss Alpha: 0.9091
📉 Snapshot 节点数: 100261 (仅当前任务)
   [EWC] Updating Fisher Matrix...

--- [CL Evaluation] Evaluating on all seen tasks (0 to 2) ---
*** CL Metrics @ Task 3 ***
  [Binary]  F1: 0.2045 | Precision: 0.1348 | Recall: 0.5272
  [Macro]   Macro-F1: 0.5470 | Macro-Recall: 0.6718
  [Ranking] AUC-ROC: 0.6984 | AUC-PR: 0.1329
  [Balance] G-Mean: 0.6494 | Specificity: 0.8164 | MCC: 0.1895

--- Training on Task 4 (Timesteps: 3 to 3) ---
🔧 Task 4 动态权重: 7.97 -> 截断为: 7.97
   -> Focal Loss Alpha: 0.8885
📉 Snapshot 节点数: 96398 (仅当前任务)
   [EWC] Updating Fisher Matrix...

--- [CL Evaluation] Evaluating on all seen tasks (0 to 3) ---
*** CL Metrics @ Task 4 ***
  [Binary]  F1: 0.2453 | Precision: 0.1657 | Recall: 0.5542
  [Macro]   Macro-F1: 0.5620 | Macro-Recall: 0.6792
  [Ranking] AUC-ROC: 0.7092 | AUC-PR: 0.1610
  [Balance] G-Mean: 0.6616 | Specificity: 0.8042 | MCC: 0.2133

--- Training on Task 5 (Timesteps: 4 to 4) ---
🔧 Task 5 动态权重: 6.70 -> 截断为: 6.70
   -> Focal Loss Alpha: 0.8702
📉 Snapshot 节点数: 148489 (仅当前任务)
   [EWC] Updating Fisher Matrix...

--- [CL Evaluation] Evaluating on all seen tasks (0 to 4) ---
*** CL Metrics @ Task 5 ***
  [Binary]  F1: 0.2775 | Precision: 0.1934 | Recall: 0.5656
  [Macro]   Macro-F1: 0.5754 | Macro-Recall: 0.6831
  [Ranking] AUC-ROC: 0.7172 | AUC-PR: 0.1921
  [Balance] G-Mean: 0.6679 | Specificity: 0.8005 | MCC: 0.2316

--- Training on Task 6 (Timesteps: 5 to 5) ---
🔧 Task 6 动态权重: 3.81 -> 截断为: 3.81
   -> Focal Loss Alpha: 0.7919
📉 Snapshot 节点数: 72045 (仅当前任务)
   [EWC] Updating Fisher Matrix...

--- [CL Evaluation] Evaluating on all seen tasks (0 to 5) ---
*** CL Metrics @ Task 6 ***
  [Binary]  F1: 0.3103 | Precision: 0.2266 | Recall: 0.5712
  [Macro]   Macro-F1: 0.5864 | Macro-Recall: 0.6818
  [Ranking] AUC-ROC: 0.7195 | AUC-PR: 0.2253
  [Balance] G-Mean: 0.6684 | Specificity: 0.7924 | MCC: 0.2441

--- Training on Task 7 (Timesteps: 6 to 6) ---
🔧 Task 7 动态权重: 6.63 -> 截断为: 6.63
   -> Focal Loss Alpha: 0.8690
📉 Snapshot 节点数: 106824 (仅当前任务)
   [EWC] Updating Fisher Matrix...

--- [CL Evaluation] Evaluating on all seen tasks (0 to 6) ---
*** CL Metrics @ Task 7 ***
  [Binary]  F1: 0.3229 | Precision: 0.2356 | Recall: 0.5816
  [Macro]   Macro-F1: 0.5908 | Macro-Recall: 0.6845
  [Ranking] AUC-ROC: 0.7229 | AUC-PR: 0.2333
  [Balance] G-Mean: 0.6727 | Specificity: 0.7873 | MCC: 0.2518

--- Training on Task 8 (Timesteps: 7 to 7) ---
🔧 Task 8 动态权重: 9.60 -> 截断为: 9.60
   -> Focal Loss Alpha: 0.9057
📉 Snapshot 节点数: 138779 (仅当前任务)
   [EWC] Updating Fisher Matrix...

--- [CL Evaluation] Evaluating on all seen tasks (0 to 7) ---
*** CL Metrics @ Task 8 ***
  [Binary]  F1: 0.3146 | Precision: 0.2271 | Recall: 0.5764
  [Macro]   Macro-F1: 0.5840 | Macro-Recall: 0.6778
  [Ranking] AUC-ROC: 0.7198 | AUC-PR: 0.2256
  [Balance] G-Mean: 0.6666 | Specificity: 0.7791 | MCC: 0.2411

--- Training on Task 9 (Timesteps: 8 to 8) ---
🔧 Task 9 动态权重: 22.55 -> 截断为: 10.00
   -> Focal Loss Alpha: 0.9091
📉 Snapshot 节点数: 166309 (仅当前任务)
   [EWC] Updating Fisher Matrix...

--- [CL Evaluation] Evaluating on all seen tasks (0 to 8) ---
*** CL Metrics @ Task 9 ***
  [Binary]  F1: 0.2976 | Precision: 0.2123 | Recall: 0.5797
  [Macro]   Macro-F1: 0.5743 | Macro-Recall: 0.6764
  [Ranking] AUC-ROC: 0.7185 | AUC-PR: 0.2102
  [Balance] G-Mean: 0.6662 | Specificity: 0.7730 | MCC: 0.2310

--- Training on Task 10 (Timesteps: 9 to 9) ---
🔧 Task 10 动态权重: 12.37 -> 截断为: 10.00
   -> Focal Loss Alpha: 0.9091
📉 Snapshot 节点数: 89214 (仅当前任务)
   [EWC] Updating Fisher Matrix...

--- [CL Evaluation] Evaluating on all seen tasks (0 to 9) ---
*** CL Metrics @ Task 10 ***
  [Binary]  F1: 0.2781 | Precision: 0.1982 | Recall: 0.5397
  [Macro]   Macro-F1: 0.5651 | Macro-Recall: 0.6582
  [Ranking] AUC-ROC: 0.6876 | AUC-PR: 0.1961
  [Balance] G-Mean: 0.6378 | Specificity: 0.7767 | MCC: 0.2073
All tasks trained.
Total time: 69.71s
