/usr/local/miniconda3/envs/py312/lib/python3.12/site-packages/torch/optim/lr_scheduler.py:1343: UserWarning: Converting a tensor with requires_grad=True to a scalar may lead to unexpected behavior.
Consider using tensor.detach() first. (Triggered internally at /pytorch/torch/csrc/autograd/generated/python_variable_methods.cpp:836.)
  current = float(metrics)

--- Training on Task 1 (Timesteps: 0 to 0) ---
🔧 Task 1 动态权重: 110.96 -> 截断为: 20.00
   -> Focal Loss Alpha: 0.9524
📉 Snapshot 节点数: 189571 (仅当前任务)

--- [CL Evaluation] Evaluating on all seen tasks (0 to 0) ---
*** CL Metrics @ Task 1 [WARM-UP, 仅供参考] ***
  [Binary]  F1: 0.0000 | Precision: 0.0000 | Recall: 0.0000
  [Macro]   Macro-F1: 0.4980 | Macro-Recall: 0.5000
  [Ranking] AUC-ROC: 0.5000 | AUC-PR: 0.0081
  [Balance] G-Mean: 0.0000 | Specificity: 1.0000 | MCC: 0.0000

--- Training on Task 2 (Timesteps: 1 to 1) ---
🔧 Task 2 动态权重: 21.43 -> 截断为: 10.00
   -> Focal Loss Alpha: 0.9091
📉 Snapshot 节点数: 160370 (仅当前任务)

--- [CL Evaluation] Evaluating on all seen tasks (0 to 1) ---
*** CL Metrics @ Task 2 ***
  [Binary]  F1: 0.1192 | Precision: 0.0710 | Recall: 0.4647
  [Macro]   Macro-F1: 0.5019 | Macro-Recall: 0.6340
  [Ranking] AUC-ROC: 0.6303 | AUC-PR: 0.0535
  [Balance] G-Mean: 0.6025 | Specificity: 0.8033 | MCC: 0.1172

--- Training on Task 3 (Timesteps: 2 to 2) ---
🔧 Task 3 动态权重: 12.37 -> 截断为: 10.00
   -> Focal Loss Alpha: 0.9091
📉 Snapshot 节点数: 100261 (仅当前任务)

--- [CL Evaluation] Evaluating on all seen tasks (0 to 2) ---
*** CL Metrics @ Task 3 ***
  [Binary]  F1: 0.2068 | Precision: 0.1352 | Recall: 0.5409
  [Macro]   Macro-F1: 0.5469 | Macro-Recall: 0.6761
  [Ranking] AUC-ROC: 0.6741 | AUC-PR: 0.1051
  [Balance] G-Mean: 0.6541 | Specificity: 0.8112 | MCC: 0.1938

--- Training on Task 4 (Timesteps: 3 to 3) ---
🔧 Task 4 动态权重: 7.97 -> 截断为: 7.97
   -> Focal Loss Alpha: 0.8885
📉 Snapshot 节点数: 96398 (仅当前任务)

--- [CL Evaluation] Evaluating on all seen tasks (0 to 3) ---
*** CL Metrics @ Task 4 ***
  [Binary]  F1: 0.2429 | Precision: 0.1614 | Recall: 0.5696
  [Macro]   Macro-F1: 0.5574 | Macro-Recall: 0.6808
  [Ranking] AUC-ROC: 0.6791 | AUC-PR: 0.1284
  [Balance] G-Mean: 0.6641 | Specificity: 0.7921 | MCC: 0.2123

--- Training on Task 5 (Timesteps: 4 to 4) ---
🔧 Task 5 动态权重: 6.70 -> 截断为: 6.70
   -> Focal Loss Alpha: 0.8702
📉 Snapshot 节点数: 148489 (仅当前任务)

--- [CL Evaluation] Evaluating on all seen tasks (0 to 4) ---
*** CL Metrics @ Task 5 ***
  [Binary]  F1: 0.2760 | Precision: 0.1901 | Recall: 0.5790
  [Macro]   Macro-F1: 0.5719 | Macro-Recall: 0.6849
  [Ranking] AUC-ROC: 0.6831 | AUC-PR: 0.1514
  [Balance] G-Mean: 0.6704 | Specificity: 0.7907 | MCC: 0.2314

--- Training on Task 6 (Timesteps: 5 to 5) ---
🔧 Task 6 动态权重: 3.81 -> 截断为: 3.81
   -> Focal Loss Alpha: 0.7919
📉 Snapshot 节点数: 72045 (仅当前任务)

--- [CL Evaluation] Evaluating on all seen tasks (0 to 5) ---
*** CL Metrics @ Task 6 ***
  [Binary]  F1: 0.3091 | Precision: 0.2225 | Recall: 0.5858
  [Macro]   Macro-F1: 0.5828 | Macro-Recall: 0.6835
  [Ranking] AUC-ROC: 0.6819 | AUC-PR: 0.1804
  [Balance] G-Mean: 0.6711 | Specificity: 0.7813 | MCC: 0.2436

--- Training on Task 7 (Timesteps: 6 to 6) ---
🔧 Task 7 动态权重: 6.63 -> 截断为: 6.63
   -> Focal Loss Alpha: 0.8690
📉 Snapshot 节点数: 106824 (仅当前任务)

--- [CL Evaluation] Evaluating on all seen tasks (0 to 6) ---
*** CL Metrics @ Task 7 ***
  [Binary]  F1: 0.3195 | Precision: 0.2289 | Recall: 0.5979
  [Macro]   Macro-F1: 0.5848 | Macro-Recall: 0.6851
  [Ranking] AUC-ROC: 0.6838 | AUC-PR: 0.1868
  [Balance] G-Mean: 0.6744 | Specificity: 0.7723 | MCC: 0.2488

--- Training on Task 8 (Timesteps: 7 to 7) ---
🔧 Task 8 动态权重: 9.60 -> 截断为: 9.60
   -> Focal Loss Alpha: 0.9057
📉 Snapshot 节点数: 138779 (仅当前任务)

--- [CL Evaluation] Evaluating on all seen tasks (0 to 7) ---
*** CL Metrics @ Task 8 ***
  [Binary]  F1: 0.3107 | Precision: 0.2203 | Recall: 0.5926
  [Macro]   Macro-F1: 0.5772 | Macro-Recall: 0.6777
  [Ranking] AUC-ROC: 0.6763 | AUC-PR: 0.1800
  [Balance] G-Mean: 0.6678 | Specificity: 0.7629 | MCC: 0.2374

--- Training on Task 9 (Timesteps: 8 to 8) ---
🔧 Task 9 动态权重: 22.55 -> 截断为: 10.00
   -> Focal Loss Alpha: 0.9091
📉 Snapshot 节点数: 166309 (仅当前任务)

--- [CL Evaluation] Evaluating on all seen tasks (0 to 8) ---
*** CL Metrics @ Task 9 ***
  [Binary]  F1: 0.2928 | Precision: 0.2054 | Recall: 0.5936
  [Macro]   Macro-F1: 0.5666 | Macro-Recall: 0.6747
  [Ranking] AUC-ROC: 0.6734 | AUC-PR: 0.1678
  [Balance] G-Mean: 0.6657 | Specificity: 0.7557 | MCC: 0.2259

--- Training on Task 10 (Timesteps: 9 to 9) ---
🔧 Task 10 动态权重: 12.37 -> 截断为: 10.00
   -> Focal Loss Alpha: 0.9091
📉 Snapshot 节点数: 89214 (仅当前任务)

--- [CL Evaluation] Evaluating on all seen tasks (0 to 9) ---
*** CL Metrics @ Task 10 ***
  [Binary]  F1: 0.2744 | Precision: 0.1926 | Recall: 0.5525
  [Macro]   Macro-F1: 0.5590 | Macro-Recall: 0.6575
  [Ranking] AUC-ROC: 0.6546 | AUC-PR: 0.1586
  [Balance] G-Mean: 0.6379 | Specificity: 0.7625 | MCC: 0.2037
All tasks trained.
Total time: 89.65s
