/usr/local/miniconda3/envs/py312/lib/python3.12/site-packages/torch/optim/lr_scheduler.py:1343: UserWarning: Converting a tensor with requires_grad=True to a scalar may lead to unexpected behavior.
Consider using tensor.detach() first. (Triggered internally at /pytorch/torch/csrc/autograd/generated/python_variable_methods.cpp:836.)
  current = float(metrics)

--- Training on Task 1 (Timesteps: 1 to 5) ---
[ROBUST] train_fraud_ratio=0.50: fraud 76 -> 38, normal kept 5907
[INFO] Task 1 class weight: 155.45 -> clipped: 20.00
   -> Focal Loss Alpha: 0.9524
[INFO] Snapshot nodes: 31541 (current task only)

--- [CL Evaluation] Evaluating on all seen tasks (0 to 0) ---
*** CL Metrics @ Task 1 [WARM-UP, 仅供参考] ***
  [Binary]  F1: 0.1429 | Precision: 0.1000 | Recall: 0.2500
  [Macro]   Macro-F1: 0.5682 | Macro-Recall: 0.6202
  [Ranking] AUC-ROC: 0.9388 | AUC-PR: 0.1838
  [Balance] G-Mean: 0.4976 | Specificity: 0.9904 | MCC: 0.1525

--- Training on Task 2 (Timesteps: 6 to 10) ---
[ROBUST] train_fraud_ratio=0.50: fraud 422 -> 211, normal kept 3209
[INFO] Task 2 class weight: 15.21 -> clipped: 10.00
   -> Focal Loss Alpha: 0.9091
[INFO] Snapshot nodes: 26556 (current task only)

--- [CL Evaluation] Evaluating on all seen tasks (0 to 1) ---
*** CL Metrics @ Task 2 ***
  [Binary]  F1: 0.1216 | Precision: 0.0682 | Recall: 0.7222
  [Macro]   Macro-F1: 0.5185 | Macro-Recall: 0.7840
  [Ranking] AUC-ROC: 0.9020 | AUC-PR: 0.2163
  [Balance] G-Mean: 0.7741 | Specificity: 0.8458 | MCC: 0.1858

--- Training on Task 3 (Timesteps: 11 to 15) ---
[ROBUST] train_fraud_ratio=0.50: fraud 481 -> 240, normal kept 1947
[INFO] Task 3 class weight: 8.11 -> clipped: 8.11
   -> Focal Loss Alpha: 0.8903
[INFO] Snapshot nodes: 16532 (current task only)

--- [CL Evaluation] Evaluating on all seen tasks (0 to 2) ---
*** CL Metrics @ Task 3 ***
  [Binary]  F1: 0.2965 | Precision: 0.2098 | Recall: 0.7944
  [Macro]   Macro-F1: 0.5890 | Macro-Recall: 0.7956
  [Ranking] AUC-ROC: 0.9067 | AUC-PR: 0.3920
  [Balance] G-Mean: 0.7860 | Specificity: 0.7967 | MCC: 0.3056

--- Training on Task 4 (Timesteps: 16 to 20) ---
[ROBUST] train_fraud_ratio=0.50: fraud 359 -> 180, normal kept 2116
[INFO] Task 4 class weight: 11.76 -> clipped: 10.00
   -> Focal Loss Alpha: 0.9091
[INFO] Snapshot nodes: 16133 (current task only)

--- [CL Evaluation] Evaluating on all seen tasks (0 to 3) ---
*** CL Metrics @ Task 4 ***
  [Binary]  F1: 0.3812 | Precision: 0.2815 | Recall: 0.8160
  [Macro]   Macro-F1: 0.6157 | Macro-Recall: 0.7865
  [Ranking] AUC-ROC: 0.8927 | AUC-PR: 0.4457
  [Balance] G-Mean: 0.7768 | Specificity: 0.7569 | MCC: 0.3467

--- Training on Task 5 (Timesteps: 21 to 25) ---
[ROBUST] train_fraud_ratio=0.50: fraud 448 -> 224, normal kept 4269
[INFO] Task 5 class weight: 19.06 -> clipped: 10.00
   -> Focal Loss Alpha: 0.9091
[INFO] Snapshot nodes: 20502 (current task only)

--- [CL Evaluation] Evaluating on all seen tasks (0 to 4) ---
*** CL Metrics @ Task 5 ***
  [Binary]  F1: 0.4509 | Precision: 0.3437 | Recall: 0.8426
  [Macro]   Macro-F1: 0.6561 | Macro-Recall: 0.8079
  [Ranking] AUC-ROC: 0.9037 | AUC-PR: 0.5113
  [Balance] G-Mean: 0.7998 | Specificity: 0.7732 | MCC: 0.4122

--- Training on Task 6 (Timesteps: 26 to 30) ---
[ROBUST] train_fraud_ratio=0.50: fraud 534 -> 267, normal kept 1647
[INFO] Task 6 class weight: 6.17 -> clipped: 6.17
   -> Focal Loss Alpha: 0.8605
[INFO] Snapshot nodes: 12023 (current task only)

--- [CL Evaluation] Evaluating on all seen tasks (0 to 5) ---
*** CL Metrics @ Task 6 ***
  [Binary]  F1: 0.4663 | Precision: 0.3488 | Recall: 0.8668
  [Macro]   Macro-F1: 0.6599 | Macro-Recall: 0.8130
  [Ranking] AUC-ROC: 0.9050 | AUC-PR: 0.5124
  [Balance] G-Mean: 0.8041 | Specificity: 0.7592 | MCC: 0.4271

--- Training on Task 7 (Timesteps: 31 to 35) ---
[ROBUST] train_fraud_ratio=0.50: fraud 508 -> 254, normal kept 2481
[INFO] Task 7 class weight: 9.77 -> clipped: 9.77
   -> Focal Loss Alpha: 0.9071
[INFO] Snapshot nodes: 18485 (current task only)

--- [CL Evaluation] Evaluating on all seen tasks (0 to 6) ---
*** CL Metrics @ Task 7 ***
  [Binary]  F1: 0.4545 | Precision: 0.3335 | Recall: 0.8757
  [Macro]   Macro-F1: 0.6429 | Macro-Recall: 0.8019
  [Ranking] AUC-ROC: 0.8967 | AUC-PR: 0.4925
  [Balance] G-Mean: 0.7905 | Specificity: 0.7281 | MCC: 0.4122

--- Training on Task 8 (Timesteps: 36 to 40) ---
[ROBUST] train_fraud_ratio=0.50: fraud 265 -> 132, normal kept 3880
[INFO] Task 8 class weight: 29.39 -> clipped: 10.00
   -> Focal Loss Alpha: 0.9091
[INFO] Snapshot nodes: 19831 (current task only)

--- [CL Evaluation] Evaluating on all seen tasks (0 to 7) ---
*** CL Metrics @ Task 8 ***
  [Binary]  F1: 0.4264 | Precision: 0.3084 | Recall: 0.8756
  [Macro]   Macro-F1: 0.6131 | Macro-Recall: 0.7822
  [Ranking] AUC-ROC: 0.8740 | AUC-PR: 0.4551
  [Balance] G-Mean: 0.7669 | Specificity: 0.6888 | MCC: 0.3822

--- Training on Task 9 (Timesteps: 41 to 45) ---
[ROBUST] train_fraud_ratio=0.50: fraud 403 -> 202, normal kept 5844
[INFO] Task 9 class weight: 28.93 -> clipped: 10.00
   -> Focal Loss Alpha: 0.9091
[INFO] Snapshot nodes: 28118 (current task only)

--- [CL Evaluation] Evaluating on all seen tasks (0 to 8) ---
*** CL Metrics @ Task 9 ***
  [Binary]  F1: 0.3804 | Precision: 0.2748 | Recall: 0.8450
  [Macro]   Macro-F1: 0.5878 | Macro-Recall: 0.7626
  [Ranking] AUC-ROC: 0.8530 | AUC-PR: 0.4077
  [Balance] G-Mean: 0.7490 | Specificity: 0.6803 | MCC: 0.3428

--- Training on Task 10 (Timesteps: 46 to 49) ---
[ROBUST] train_fraud_ratio=0.50: fraud 60 -> 30, normal kept 1969
[INFO] Task 10 class weight: 65.63 -> clipped: 10.00
   -> Focal Loss Alpha: 0.9091
[INFO] Snapshot nodes: 14048 (current task only)

--- [CL Evaluation] Evaluating on all seen tasks (0 to 9) ---
*** CL Metrics @ Task 10 ***
  [Binary]  F1: 0.3838 | Precision: 0.2738 | Recall: 0.8551
  [Macro]   Macro-F1: 0.5890 | Macro-Recall: 0.7662
  [Ranking] AUC-ROC: 0.8506 | AUC-PR: 0.3934
  [Balance] G-Mean: 0.7525 | Specificity: 0.6772 | MCC: 0.3474
All tasks trained.
Total time: 11.34s
