/usr/local/miniconda3/envs/py312/lib/python3.12/site-packages/torch/optim/lr_scheduler.py:1343: UserWarning: Converting a tensor with requires_grad=True to a scalar may lead to unexpected behavior.
Consider using tensor.detach() first. (Triggered internally at /pytorch/torch/csrc/autograd/generated/python_variable_methods.cpp:836.)
  current = float(metrics)

--- Training on Task 1 (Timesteps: 1 to 5) ---
[INFO] Task 1 class weight: 77.72 -> clipped: 20.00
   -> Focal Loss Alpha: 0.9524
[INFO] Snapshot nodes: 31541 (current task only)

--- [CL Evaluation] Evaluating on all seen tasks (0 to 0) ---
*** CL Metrics @ Task 1 [WARM-UP, 仅供参考] ***
  [Binary]  F1: 0.1429 | Precision: 0.0882 | Recall: 0.3750
  [Macro]   Macro-F1: 0.5666 | Macro-Recall: 0.6792
  [Ranking] AUC-ROC: 0.9603 | AUC-PR: 0.2079
  [Balance] G-Mean: 0.6073 | Specificity: 0.9835 | MCC: 0.1751

--- Training on Task 2 (Timesteps: 6 to 10) ---
[INFO] Task 2 class weight: 7.60 -> clipped: 7.60
   -> Focal Loss Alpha: 0.8838
[INFO] Snapshot nodes: 26556 (current task only)

--- [CL Evaluation] Evaluating on all seen tasks (0 to 1) ---
*** CL Metrics @ Task 2 ***
  [Binary]  F1: 0.1784 | Precision: 0.1033 | Recall: 0.6944
  [Macro]   Macro-F1: 0.5716 | Macro-Recall: 0.8144
  [Ranking] AUC-ROC: 0.9548 | AUC-PR: 0.2141
  [Balance] G-Mean: 0.7959 | Specificity: 0.9344 | MCC: 0.2492

--- Training on Task 3 (Timesteps: 11 to 15) ---
[INFO] Task 3 class weight: 4.05 -> clipped: 4.05
   -> Focal Loss Alpha: 0.8019
[INFO] Snapshot nodes: 16532 (current task only)

--- [CL Evaluation] Evaluating on all seen tasks (0 to 2) ---
*** CL Metrics @ Task 3 ***
  [Binary]  F1: 0.3394 | Precision: 0.2521 | Recall: 0.7396
  [Macro]   Macro-F1: 0.6339 | Macro-Recall: 0.8125
  [Ranking] AUC-ROC: 0.9334 | AUC-PR: 0.3656
  [Balance] G-Mean: 0.8001 | Specificity: 0.8855 | MCC: 0.3488

--- Training on Task 4 (Timesteps: 16 to 20) ---
[INFO] Task 4 class weight: 5.89 -> clipped: 5.89
   -> Focal Loss Alpha: 0.8549
[INFO] Snapshot nodes: 16133 (current task only)

--- [CL Evaluation] Evaluating on all seen tasks (0 to 3) ---
*** CL Metrics @ Task 4 ***
  [Binary]  F1: 0.4168 | Precision: 0.3196 | Recall: 0.7691
  [Macro]   Macro-F1: 0.6545 | Macro-Recall: 0.8018
  [Ranking] AUC-ROC: 0.9085 | AUC-PR: 0.4178
  [Balance] G-Mean: 0.7912 | Specificity: 0.8344 | MCC: 0.3839

--- Training on Task 5 (Timesteps: 21 to 25) ---
[INFO] Task 5 class weight: 9.53 -> clipped: 9.53
   -> Focal Loss Alpha: 0.9050
[INFO] Snapshot nodes: 20502 (current task only)

--- [CL Evaluation] Evaluating on all seen tasks (0 to 4) ---
*** CL Metrics @ Task 5 ***
  [Binary]  F1: 0.4664 | Precision: 0.3595 | Recall: 0.8000
  [Macro]   Macro-F1: 0.6773 | Macro-Recall: 0.8126
  [Ranking] AUC-ROC: 0.9105 | AUC-PR: 0.4586
  [Balance] G-Mean: 0.8036 | Specificity: 0.8251 | MCC: 0.4259

--- Training on Task 6 (Timesteps: 26 to 30) ---
[INFO] Task 6 class weight: 3.08 -> clipped: 3.08
   -> Focal Loss Alpha: 0.7552
[INFO] Snapshot nodes: 12023 (current task only)

--- [CL Evaluation] Evaluating on all seen tasks (0 to 5) ---
*** CL Metrics @ Task 6 ***
  [Binary]  F1: 0.4766 | Precision: 0.3598 | Recall: 0.8294
  [Macro]   Macro-F1: 0.6754 | Macro-Recall: 0.8148
  [Ranking] AUC-ROC: 0.9099 | AUC-PR: 0.4660
  [Balance] G-Mean: 0.8050 | Specificity: 0.8002 | MCC: 0.4351

--- Training on Task 7 (Timesteps: 31 to 35) ---
[INFO] Task 7 class weight: 4.88 -> clipped: 4.88
   -> Focal Loss Alpha: 0.8300
[INFO] Snapshot nodes: 18485 (current task only)

--- [CL Evaluation] Evaluating on all seen tasks (0 to 6) ---
*** CL Metrics @ Task 7 ***
  [Binary]  F1: 0.4607 | Precision: 0.3409 | Recall: 0.8443
  [Macro]   Macro-F1: 0.6524 | Macro-Recall: 0.8009
  [Ranking] AUC-ROC: 0.8927 | AUC-PR: 0.4384
  [Balance] G-Mean: 0.7877 | Specificity: 0.7575 | MCC: 0.4158

--- Training on Task 8 (Timesteps: 36 to 40) ---
[INFO] Task 8 class weight: 14.64 -> clipped: 10.00
   -> Focal Loss Alpha: 0.9091
[INFO] Snapshot nodes: 19831 (current task only)

--- [CL Evaluation] Evaluating on all seen tasks (0 to 7) ---
*** CL Metrics @ Task 8 ***
  [Binary]  F1: 0.4301 | Precision: 0.3135 | Recall: 0.8571
  [Macro]   Macro-F1: 0.6134 | Macro-Recall: 0.7789
  [Ranking] AUC-ROC: 0.8580 | AUC-PR: 0.3983
  [Balance] G-Mean: 0.7563 | Specificity: 0.7008 | MCC: 0.3840

--- Training on Task 9 (Timesteps: 41 to 45) ---
[INFO] Task 9 class weight: 14.50 -> clipped: 10.00
   -> Focal Loss Alpha: 0.9091
[INFO] Snapshot nodes: 28118 (current task only)

--- [CL Evaluation] Evaluating on all seen tasks (0 to 8) ---
*** CL Metrics @ Task 9 ***
  [Binary]  F1: 0.3835 | Precision: 0.2793 | Recall: 0.8285
  [Macro]   Macro-F1: 0.5851 | Macro-Recall: 0.7562
  [Ranking] AUC-ROC: 0.8322 | AUC-PR: 0.3553
  [Balance] G-Mean: 0.7360 | Specificity: 0.6839 | MCC: 0.3435

--- Training on Task 10 (Timesteps: 46 to 49) ---
[INFO] Task 10 class weight: 32.82 -> clipped: 10.00
   -> Focal Loss Alpha: 0.9091
[INFO] Snapshot nodes: 14048 (current task only)

--- [CL Evaluation] Evaluating on all seen tasks (0 to 9) ---
*** CL Metrics @ Task 10 ***
  [Binary]  F1: 0.3845 | Precision: 0.2758 | Recall: 0.8457
  [Macro]   Macro-F1: 0.5833 | Macro-Recall: 0.7600
  [Ranking] AUC-ROC: 0.8383 | AUC-PR: 0.3602
  [Balance] G-Mean: 0.7391 | Specificity: 0.6743 | MCC: 0.3470
All tasks trained.
Total time: 11.43s
