/usr/local/miniconda3/envs/py312/lib/python3.12/site-packages/torch/optim/lr_scheduler.py:1343: UserWarning: Converting a tensor with requires_grad=True to a scalar may lead to unexpected behavior.
Consider using tensor.detach() first. (Triggered internally at /pytorch/torch/csrc/autograd/generated/python_variable_methods.cpp:836.)
  current = float(metrics)

--- Training on Task 1 (Timesteps: 1 to 5) ---
[INFO] Task 1 class weight: 77.72 -> clipped: 20.00
   -> Focal Loss Alpha: 0.9524
[INFO] Snapshot nodes: 31541 (current task only)

--- [CL Evaluation] Evaluating on all seen tasks (0 to 0) ---
*** CL Metrics @ Task 1 [WARM-UP, 仅供参考] ***
  [Binary]  F1: 0.0645 | Precision: 0.0435 | Recall: 0.1250
  [Macro]   Macro-F1: 0.5284 | Macro-Recall: 0.5566
  [Ranking] AUC-ROC: 0.9338 | AUC-PR: 0.0473
  [Balance] G-Mean: 0.3515 | Specificity: 0.9883 | MCC: 0.0671

--- Training on Task 2 (Timesteps: 6 to 10) ---
[INFO] Task 2 class weight: 7.60 -> clipped: 7.60
   -> Focal Loss Alpha: 0.8838
[INFO] Snapshot nodes: 26556 (current task only)
   [EWC] Updating Fisher Matrix...
   [SPC] Task 2 子空间原型已更新 | 欺诈: 422, 正常: 3209

--- [CL Evaluation] Evaluating on all seen tasks (0 to 1) ---
*** CL Metrics @ Task 2 ***
  [Binary]  F1: 0.1166 | Precision: 0.0639 | Recall: 0.7500
  [Macro]   Macro-F1: 0.5231 | Macro-Recall: 0.8099
  [Ranking] AUC-ROC: 0.9226 | AUC-PR: 0.1827
  [Balance] G-Mean: 0.7940 | Specificity: 0.8699 | MCC: 0.1927

--- Training on Task 3 (Timesteps: 11 to 15) ---
[INFO] Task 3 class weight: 4.05 -> clipped: 4.05
   -> Focal Loss Alpha: 0.8019
[INFO] Snapshot nodes: 16532 (current task only)
   [EWC] Updating Fisher Matrix...
   [SPC] Task 3 子空间原型已更新 | 欺诈: 481, 正常: 1947

--- [CL Evaluation] Evaluating on all seen tasks (0 to 2) ---
*** CL Metrics @ Task 3 ***
  [Binary]  F1: 0.3022 | Precision: 0.2183 | Recall: 0.8107
  [Macro]   Macro-F1: 0.6009 | Macro-Recall: 0.8184
  [Ranking] AUC-ROC: 0.9217 | AUC-PR: 0.3661
  [Balance] G-Mean: 0.8059 | Specificity: 0.8262 | MCC: 0.3213

--- Training on Task 4 (Timesteps: 16 to 20) ---
[INFO] Task 4 class weight: 5.89 -> clipped: 5.89
   -> Focal Loss Alpha: 0.8549
[INFO] Snapshot nodes: 16133 (current task only)
   [EWC] Updating Fisher Matrix...
   [SPC] Task 4 子空间原型已更新 | 欺诈: 359, 正常: 2116

--- [CL Evaluation] Evaluating on all seen tasks (0 to 3) ---
*** CL Metrics @ Task 4 ***
  [Binary]  F1: 0.3894 | Precision: 0.2942 | Recall: 0.8243
  [Macro]   Macro-F1: 0.6299 | Macro-Recall: 0.8068
  [Ranking] AUC-ROC: 0.8999 | AUC-PR: 0.4170
  [Balance] G-Mean: 0.7959 | Specificity: 0.7892 | MCC: 0.3643

--- Training on Task 5 (Timesteps: 21 to 25) ---
[INFO] Task 5 class weight: 9.53 -> clipped: 9.53
   -> Focal Loss Alpha: 0.9050
[INFO] Snapshot nodes: 20502 (current task only)
   [EWC] Updating Fisher Matrix...
   [SPC] Task 5 子空间原型已更新 | 欺诈: 448, 正常: 4269

--- [CL Evaluation] Evaluating on all seen tasks (0 to 4) ---
*** CL Metrics @ Task 5 ***
  [Binary]  F1: 0.4634 | Precision: 0.3619 | Recall: 0.8493
  [Macro]   Macro-F1: 0.6719 | Macro-Recall: 0.8267
  [Ranking] AUC-ROC: 0.9094 | AUC-PR: 0.4795
  [Balance] G-Mean: 0.8178 | Specificity: 0.8040 | MCC: 0.4332

--- Training on Task 6 (Timesteps: 26 to 30) ---
[INFO] Task 6 class weight: 3.08 -> clipped: 3.08
   -> Focal Loss Alpha: 0.7552
[INFO] Snapshot nodes: 12023 (current task only)
   [EWC] Updating Fisher Matrix...
   [SPC] Task 6 子空间原型已更新 | 欺诈: 534, 正常: 1647

--- [CL Evaluation] Evaluating on all seen tasks (0 to 5) ---
*** CL Metrics @ Task 6 ***
  [Binary]  F1: 0.4823 | Precision: 0.3705 | Recall: 0.8664
  [Macro]   Macro-F1: 0.6788 | Macro-Recall: 0.8304
  [Ranking] AUC-ROC: 0.9063 | AUC-PR: 0.4784
  [Balance] G-Mean: 0.8220 | Specificity: 0.7944 | MCC: 0.4492

--- Training on Task 7 (Timesteps: 31 to 35) ---
[INFO] Task 7 class weight: 4.88 -> clipped: 4.88
   -> Focal Loss Alpha: 0.8300
[INFO] Snapshot nodes: 18485 (current task only)
   [EWC] Updating Fisher Matrix...
   [SPC] Task 7 子空间原型已更新 | 欺诈: 508, 正常: 2481

--- [CL Evaluation] Evaluating on all seen tasks (0 to 6) ---
*** CL Metrics @ Task 7 ***
  [Binary]  F1: 0.4759 | Precision: 0.3586 | Recall: 0.8745
  [Macro]   Macro-F1: 0.6684 | Macro-Recall: 0.8234
  [Ranking] AUC-ROC: 0.9004 | AUC-PR: 0.4680
  [Balance] G-Mean: 0.8143 | Specificity: 0.7722 | MCC: 0.4405

--- Training on Task 8 (Timesteps: 36 to 40) ---
[INFO] Task 8 class weight: 14.64 -> clipped: 10.00
   -> Focal Loss Alpha: 0.9091
[INFO] Snapshot nodes: 19831 (current task only)
   [EWC] Updating Fisher Matrix...
   [SPC] Task 8 子空间原型已更新 | 欺诈: 265, 正常: 3880

--- [CL Evaluation] Evaluating on all seen tasks (0 to 7) ---
*** CL Metrics @ Task 8 ***
  [Binary]  F1: 0.4535 | Precision: 0.3370 | Recall: 0.8567
  [Macro]   Macro-F1: 0.6529 | Macro-Recall: 0.8083
  [Ranking] AUC-ROC: 0.8826 | AUC-PR: 0.4330
  [Balance] G-Mean: 0.8003 | Specificity: 0.7599 | MCC: 0.4160

--- Training on Task 9 (Timesteps: 41 to 45) ---
[INFO] Task 9 class weight: 14.50 -> clipped: 10.00
   -> Focal Loss Alpha: 0.9091
[INFO] Snapshot nodes: 28118 (current task only)
   [EWC] Updating Fisher Matrix...
   [SPC] Task 9 子空间原型已更新 | 欺诈: 403, 正常: 5844

--- [CL Evaluation] Evaluating on all seen tasks (0 to 8) ---
*** CL Metrics @ Task 9 ***
  [Binary]  F1: 0.4047 | Precision: 0.3003 | Recall: 0.8282
  [Macro]   Macro-F1: 0.6254 | Macro-Recall: 0.7887
  [Ranking] AUC-ROC: 0.8527 | AUC-PR: 0.3857
  [Balance] G-Mean: 0.7815 | Specificity: 0.7492 | MCC: 0.3737

--- Training on Task 10 (Timesteps: 46 to 49) ---
[INFO] Task 10 class weight: 32.82 -> clipped: 10.00
   -> Focal Loss Alpha: 0.9091
[INFO] Snapshot nodes: 14048 (current task only)
   [EWC] Updating Fisher Matrix...
   [SPC] Task 10 子空间原型已更新 | 欺诈: 60, 正常: 1969

--- [CL Evaluation] Evaluating on all seen tasks (0 to 9) ---
*** CL Metrics @ Task 10 ***
  [Binary]  F1: 0.4124 | Precision: 0.3044 | Recall: 0.8275
  [Macro]   Macro-F1: 0.6305 | Macro-Recall: 0.7903
  [Ranking] AUC-ROC: 0.8519 | AUC-PR: 0.3767
  [Balance] G-Mean: 0.7838 | Specificity: 0.7531 | MCC: 0.3799
All tasks trained.
Total time: 32.99s
