/usr/local/miniconda3/envs/py312/lib/python3.12/site-packages/torch/optim/lr_scheduler.py:1343: UserWarning: Converting a tensor with requires_grad=True to a scalar may lead to unexpected behavior.
Consider using tensor.detach() first. (Triggered internally at /pytorch/torch/csrc/autograd/generated/python_variable_methods.cpp:836.)
  current = float(metrics)

--- Training on Task 1 (Timesteps: 1 to 5) ---
[INFO] Task 1 class weight: 77.72 -> clipped: 20.00
   -> Focal Loss Alpha: 0.9524
[INFO] Snapshot nodes: 31541 (current task only)

--- [CL Evaluation] Evaluating on all seen tasks (0 to 0) ---
*** CL Metrics @ Task 1 [WARM-UP, 仅供参考] ***
  [Binary]  F1: 0.0755 | Precision: 0.0444 | Recall: 0.2500
  [Macro]   Macro-F1: 0.5311 | Macro-Recall: 0.6135
  [Ranking] AUC-ROC: 0.9605 | AUC-PR: 0.2915
  [Balance] G-Mean: 0.4942 | Specificity: 0.9771 | MCC: 0.0967

--- Training on Task 2 (Timesteps: 6 to 10) ---
[INFO] Task 2 class weight: 7.60 -> clipped: 7.60
   -> Focal Loss Alpha: 0.8838
[INFO] Snapshot nodes: 26556 (current task only)

--- [CL Evaluation] Evaluating on all seen tasks (0 to 1) ---
*** CL Metrics @ Task 2 ***
  [Binary]  F1: 0.1579 | Precision: 0.0922 | Recall: 0.5764
  [Macro]   Macro-F1: 0.5618 | Macro-Recall: 0.7568
  [Ranking] AUC-ROC: 0.9511 | AUC-PR: 0.2093
  [Balance] G-Mean: 0.7216 | Specificity: 0.9373 | MCC: 0.2113

--- Training on Task 3 (Timesteps: 11 to 15) ---
[INFO] Task 3 class weight: 4.05 -> clipped: 4.05
   -> Focal Loss Alpha: 0.8019
[INFO] Snapshot nodes: 16532 (current task only)

--- [CL Evaluation] Evaluating on all seen tasks (0 to 2) ---
*** CL Metrics @ Task 3 ***
  [Binary]  F1: 0.3156 | Precision: 0.2347 | Recall: 0.6518
  [Macro]   Macro-F1: 0.6197 | Macro-Recall: 0.7664
  [Ranking] AUC-ROC: 0.9268 | AUC-PR: 0.3532
  [Balance] G-Mean: 0.7429 | Specificity: 0.8811 | MCC: 0.3091

--- Training on Task 4 (Timesteps: 16 to 20) ---
[INFO] Task 4 class weight: 5.89 -> clipped: 5.89
   -> Focal Loss Alpha: 0.8549
[INFO] Snapshot nodes: 16133 (current task only)

--- [CL Evaluation] Evaluating on all seen tasks (0 to 3) ---
*** CL Metrics @ Task 4 ***
  [Binary]  F1: 0.4016 | Precision: 0.3097 | Recall: 0.7043
  [Macro]   Macro-F1: 0.6465 | Macro-Recall: 0.7694
  [Ranking] AUC-ROC: 0.9064 | AUC-PR: 0.4153
  [Balance] G-Mean: 0.7507 | Specificity: 0.8346 | MCC: 0.3583

--- Training on Task 5 (Timesteps: 21 to 25) ---
[INFO] Task 5 class weight: 9.53 -> clipped: 9.53
   -> Focal Loss Alpha: 0.9050
[INFO] Snapshot nodes: 20502 (current task only)

--- [CL Evaluation] Evaluating on all seen tasks (0 to 4) ---
*** CL Metrics @ Task 5 ***
  [Binary]  F1: 0.4546 | Precision: 0.3500 | Recall: 0.7549
  [Macro]   Macro-F1: 0.6706 | Macro-Recall: 0.7886
  [Ranking] AUC-ROC: 0.9088 | AUC-PR: 0.4556
  [Balance] G-Mean: 0.7726 | Specificity: 0.8223 | MCC: 0.4073

--- Training on Task 6 (Timesteps: 26 to 30) ---
[INFO] Task 6 class weight: 3.08 -> clipped: 3.08
   -> Focal Loss Alpha: 0.7552
[INFO] Snapshot nodes: 12023 (current task only)

--- [CL Evaluation] Evaluating on all seen tasks (0 to 5) ---
*** CL Metrics @ Task 6 ***
  [Binary]  F1: 0.4720 | Precision: 0.3569 | Recall: 0.7918
  [Macro]   Macro-F1: 0.6746 | Macro-Recall: 0.7980
  [Ranking] AUC-ROC: 0.9087 | AUC-PR: 0.4635
  [Balance] G-Mean: 0.7830 | Specificity: 0.8043 | MCC: 0.4253

--- Training on Task 7 (Timesteps: 31 to 35) ---
[INFO] Task 7 class weight: 4.88 -> clipped: 4.88
   -> Focal Loss Alpha: 0.8300
[INFO] Snapshot nodes: 18485 (current task only)

--- [CL Evaluation] Evaluating on all seen tasks (0 to 6) ---
*** CL Metrics @ Task 7 ***
  [Binary]  F1: 0.4559 | Precision: 0.3376 | Recall: 0.8144
  [Macro]   Macro-F1: 0.6498 | Macro-Recall: 0.7859
  [Ranking] AUC-ROC: 0.8941 | AUC-PR: 0.4395
  [Balance] G-Mean: 0.7673 | Specificity: 0.7574 | MCC: 0.4069

--- Training on Task 8 (Timesteps: 36 to 40) ---
[INFO] Task 8 class weight: 14.64 -> clipped: 10.00
   -> Focal Loss Alpha: 0.9091
[INFO] Snapshot nodes: 19831 (current task only)

--- [CL Evaluation] Evaluating on all seen tasks (0 to 7) ---
*** CL Metrics @ Task 8 ***
  [Binary]  F1: 0.4250 | Precision: 0.3100 | Recall: 0.8332
  [Macro]   Macro-F1: 0.6071 | Macro-Recall: 0.7641
  [Ranking] AUC-ROC: 0.8550 | AUC-PR: 0.3973
  [Balance] G-Mean: 0.7336 | Specificity: 0.6950 | MCC: 0.3749

--- Training on Task 9 (Timesteps: 41 to 45) ---
[INFO] Task 9 class weight: 14.50 -> clipped: 10.00
   -> Focal Loss Alpha: 0.9091
[INFO] Snapshot nodes: 28118 (current task only)

--- [CL Evaluation] Evaluating on all seen tasks (0 to 8) ---
*** CL Metrics @ Task 9 ***
  [Binary]  F1: 0.3789 | Precision: 0.2761 | Recall: 0.8073
  [Macro]   Macro-F1: 0.5772 | Macro-Recall: 0.7403
  [Ranking] AUC-ROC: 0.8349 | AUC-PR: 0.3550
  [Balance] G-Mean: 0.7130 | Specificity: 0.6734 | MCC: 0.3347

--- Training on Task 10 (Timesteps: 46 to 49) ---
[INFO] Task 10 class weight: 32.82 -> clipped: 10.00
   -> Focal Loss Alpha: 0.9091
[INFO] Snapshot nodes: 14048 (current task only)

--- [CL Evaluation] Evaluating on all seen tasks (0 to 9) ---
*** CL Metrics @ Task 10 ***
  [Binary]  F1: 0.3804 | Precision: 0.2731 | Recall: 0.8265
  [Macro]   Macro-F1: 0.5763 | Macro-Recall: 0.7458
  [Ranking] AUC-ROC: 0.8435 | AUC-PR: 0.3678
  [Balance] G-Mean: 0.7186 | Specificity: 0.6651 | MCC: 0.3393
All tasks trained.
Total time: 10.76s
