/usr/local/miniconda3/envs/py312/lib/python3.12/site-packages/torch/optim/lr_scheduler.py:1343: UserWarning: Converting a tensor with requires_grad=True to a scalar may lead to unexpected behavior.
Consider using tensor.detach() first. (Triggered internally at /pytorch/torch/csrc/autograd/generated/python_variable_methods.cpp:836.)
  current = float(metrics)

--- Training on Task 1 (Timesteps: 1 to 5) ---
[INFO] Task 1 class weight: 77.72 -> clipped: 20.00
   -> Focal Loss Alpha: 0.9524
[INFO] Snapshot nodes: 31541 (current task only)

--- [CL Evaluation] Evaluating on all seen tasks (0 to 0) ---
*** CL Metrics @ Task 1 [WARM-UP, 仅供参考] ***
  [Binary]  F1: 0.0870 | Precision: 0.0667 | Recall: 0.1250
  [Macro]   Macro-F1: 0.5407 | Macro-Recall: 0.5588
  [Ranking] AUC-ROC: 0.9436 | AUC-PR: 0.0706
  [Balance] G-Mean: 0.3522 | Specificity: 0.9925 | MCC: 0.0860

--- Training on Task 2 (Timesteps: 6 to 10) ---
[INFO] Task 2 class weight: 7.60 -> clipped: 7.60
   -> Focal Loss Alpha: 0.8838
[INFO] Snapshot nodes: 26556 (current task only)
   [EWC] Updating Fisher Matrix...
   [SPC] Task 2 子空间原型已更新 | 欺诈: 422, 正常: 3209

--- [CL Evaluation] Evaluating on all seen tasks (0 to 1) ---
*** CL Metrics @ Task 2 ***
  [Binary]  F1: 0.1245 | Precision: 0.0688 | Recall: 0.7500
  [Macro]   Macro-F1: 0.5292 | Macro-Recall: 0.8135
  [Ranking] AUC-ROC: 0.9128 | AUC-PR: 0.2148
  [Balance] G-Mean: 0.7978 | Specificity: 0.8770 | MCC: 0.2006

--- Training on Task 3 (Timesteps: 11 to 15) ---
[INFO] Task 3 class weight: 4.05 -> clipped: 4.05
   -> Focal Loss Alpha: 0.8019
[INFO] Snapshot nodes: 16532 (current task only)
   [EWC] Updating Fisher Matrix...
   [SPC] Task 3 子空间原型已更新 | 欺诈: 481, 正常: 1947

--- [CL Evaluation] Evaluating on all seen tasks (0 to 2) ---
*** CL Metrics @ Task 3 ***
  [Binary]  F1: 0.3137 | Precision: 0.2302 | Recall: 0.8084
  [Macro]   Macro-F1: 0.6109 | Macro-Recall: 0.8243
  [Ranking] AUC-ROC: 0.9162 | AUC-PR: 0.3965
  [Balance] G-Mean: 0.8126 | Specificity: 0.8401 | MCC: 0.3343

--- Training on Task 4 (Timesteps: 16 to 20) ---
[INFO] Task 4 class weight: 5.89 -> clipped: 5.89
   -> Focal Loss Alpha: 0.8549
[INFO] Snapshot nodes: 16133 (current task only)
   [EWC] Updating Fisher Matrix...
   [SPC] Task 4 子空间原型已更新 | 欺诈: 359, 正常: 2116

--- [CL Evaluation] Evaluating on all seen tasks (0 to 3) ---
*** CL Metrics @ Task 4 ***
  [Binary]  F1: 0.3999 | Precision: 0.3086 | Recall: 0.8149
  [Macro]   Macro-F1: 0.6408 | Macro-Recall: 0.8120
  [Ranking] AUC-ROC: 0.8978 | AUC-PR: 0.4407
  [Balance] G-Mean: 0.8026 | Specificity: 0.8090 | MCC: 0.3762

--- Training on Task 5 (Timesteps: 21 to 25) ---
[INFO] Task 5 class weight: 9.53 -> clipped: 9.53
   -> Focal Loss Alpha: 0.9050
[INFO] Snapshot nodes: 20502 (current task only)
   [EWC] Updating Fisher Matrix...
   [SPC] Task 5 子空间原型已更新 | 欺诈: 448, 正常: 4269

--- [CL Evaluation] Evaluating on all seen tasks (0 to 4) ---
*** CL Metrics @ Task 5 ***
  [Binary]  F1: 0.4794 | Precision: 0.3861 | Recall: 0.8384
  [Macro]   Macro-F1: 0.6862 | Macro-Recall: 0.8327
  [Ranking] AUC-ROC: 0.9100 | AUC-PR: 0.5128
  [Balance] G-Mean: 0.8252 | Specificity: 0.8270 | MCC: 0.4511

--- Training on Task 6 (Timesteps: 26 to 30) ---
[INFO] Task 6 class weight: 3.08 -> clipped: 3.08
   -> Focal Loss Alpha: 0.7552
[INFO] Snapshot nodes: 12023 (current task only)
   [EWC] Updating Fisher Matrix...
   [SPC] Task 6 子空间原型已更新 | 欺诈: 534, 正常: 1647

--- [CL Evaluation] Evaluating on all seen tasks (0 to 5) ---
*** CL Metrics @ Task 6 ***
  [Binary]  F1: 0.5069 | Precision: 0.4040 | Recall: 0.8533
  [Macro]   Macro-F1: 0.7001 | Macro-Recall: 0.8396
  [Ranking] AUC-ROC: 0.9079 | AUC-PR: 0.5081
  [Balance] G-Mean: 0.8331 | Specificity: 0.8260 | MCC: 0.4756

--- Training on Task 7 (Timesteps: 31 to 35) ---
[INFO] Task 7 class weight: 4.88 -> clipped: 4.88
   -> Focal Loss Alpha: 0.8300
[INFO] Snapshot nodes: 18485 (current task only)
   [EWC] Updating Fisher Matrix...
   [SPC] Task 7 子空间原型已更新 | 欺诈: 508, 正常: 2481

--- [CL Evaluation] Evaluating on all seen tasks (0 to 6) ---
*** CL Metrics @ Task 7 ***
  [Binary]  F1: 0.5162 | Precision: 0.4070 | Recall: 0.8562
  [Macro]   Macro-F1: 0.7044 | Macro-Recall: 0.8403
  [Ranking] AUC-ROC: 0.9070 | AUC-PR: 0.5186
  [Balance] G-Mean: 0.8346 | Specificity: 0.8244 | MCC: 0.4827

--- Training on Task 8 (Timesteps: 36 to 40) ---
[INFO] Task 8 class weight: 14.64 -> clipped: 10.00
   -> Focal Loss Alpha: 0.9091
[INFO] Snapshot nodes: 19831 (current task only)
   [EWC] Updating Fisher Matrix...
   [SPC] Task 8 子空间原型已更新 | 欺诈: 265, 正常: 3880

--- [CL Evaluation] Evaluating on all seen tasks (0 to 7) ---
*** CL Metrics @ Task 8 ***
  [Binary]  F1: 0.4952 | Precision: 0.3871 | Recall: 0.8228
  [Macro]   Macro-F1: 0.6931 | Macro-Recall: 0.8231
  [Ranking] AUC-ROC: 0.8925 | AUC-PR: 0.4855
  [Balance] G-Mean: 0.8170 | Specificity: 0.8235 | MCC: 0.4579

--- Training on Task 9 (Timesteps: 41 to 45) ---
[INFO] Task 9 class weight: 14.50 -> clipped: 10.00
   -> Focal Loss Alpha: 0.9091
[INFO] Snapshot nodes: 28118 (current task only)
   [EWC] Updating Fisher Matrix...
   [SPC] Task 9 子空间原型已更新 | 欺诈: 403, 正常: 5844

--- [CL Evaluation] Evaluating on all seen tasks (0 to 8) ---
*** CL Metrics @ Task 9 ***
  [Binary]  F1: 0.4424 | Precision: 0.3452 | Recall: 0.7758
  [Macro]   Macro-F1: 0.6678 | Macro-Recall: 0.8005
  [Ranking] AUC-ROC: 0.8631 | AUC-PR: 0.4324
  [Balance] G-Mean: 0.7906 | Specificity: 0.8252 | MCC: 0.4116

--- Training on Task 10 (Timesteps: 46 to 49) ---
[INFO] Task 10 class weight: 32.82 -> clipped: 10.00
   -> Focal Loss Alpha: 0.9091
[INFO] Snapshot nodes: 14048 (current task only)
   [EWC] Updating Fisher Matrix...
   [SPC] Task 10 子空间原型已更新 | 欺诈: 60, 正常: 1969

--- [CL Evaluation] Evaluating on all seen tasks (0 to 9) ---
*** CL Metrics @ Task 10 ***
  [Binary]  F1: 0.4336 | Precision: 0.3479 | Recall: 0.7322
  [Macro]   Macro-F1: 0.6647 | Macro-Recall: 0.7836
  [Ranking] AUC-ROC: 0.8631 | AUC-PR: 0.4228
  [Balance] G-Mean: 0.7676 | Specificity: 0.8351 | MCC: 0.3979
All tasks trained.
Total time: 30.86s
