/usr/local/miniconda3/envs/py312/lib/python3.12/site-packages/torch/optim/lr_scheduler.py:1343: UserWarning: Converting a tensor with requires_grad=True to a scalar may lead to unexpected behavior.
Consider using tensor.detach() first. (Triggered internally at /pytorch/torch/csrc/autograd/generated/python_variable_methods.cpp:836.)
  current = float(metrics)

--- Training on Task 1 (Timesteps: 0 to 0) ---
🔧 Task 1 动态权重: 111.69 -> 截断为: 20.00
   -> Focal Loss Alpha: 0.9524
📉 Snapshot 节点数: 189571 (仅当前任务)

--- [CL Evaluation] Evaluating on all seen tasks (0 to 0) ---
*** CL Metrics @ Task 1 ***
  [Accuracy]  Avg F1: 0.0000 | AUC-ROC: 0.5000 | G-Mean: 0.0000
  [Stability] Avg Forgetting (↓): 0.0000 | Avg BWT (↑): 0.0000
  > Matrix Row:  [0.]

--- Training on Task 2 (Timesteps: 1 to 1) ---
🔧 Task 2 动态权重: 21.12 -> 截断为: 10.00
   -> Focal Loss Alpha: 0.9091
📉 Snapshot 节点数: 160370 (仅当前任务)

--- [CL Evaluation] Evaluating on all seen tasks (0 to 1) ---
*** CL Metrics @ Task 2 ***
  [Accuracy]  Avg F1: 0.1379 | AUC-ROC: 0.6409 | G-Mean: 0.5985
  [Stability] Avg Forgetting (↓): -0.0325 | Avg BWT (↑): 0.0325
  > Matrix Row:  [0.0325 0.2434]

--- Training on Task 3 (Timesteps: 2 to 2) ---
🔧 Task 3 动态权重: 12.34 -> 截断为: 10.00
   -> Focal Loss Alpha: 0.9091
📉 Snapshot 节点数: 100261 (仅当前任务)

--- [CL Evaluation] Evaluating on all seen tasks (0 to 2) ---
*** CL Metrics @ Task 3 ***
  [Accuracy]  Avg F1: 0.2374 | AUC-ROC: 0.6796 | G-Mean: 0.6476
  [Stability] Avg Forgetting (↓): 0.0000 | Avg BWT (↑): 0.0162
  > Matrix Row:  [0.0325 0.2434 0.4364]

--- Training on Task 4 (Timesteps: 3 to 3) ---
🔧 Task 4 动态权重: 7.93 -> 截断为: 7.93
   -> Focal Loss Alpha: 0.8880
📉 Snapshot 节点数: 96398 (仅当前任务)

--- [CL Evaluation] Evaluating on all seen tasks (0 to 3) ---
*** CL Metrics @ Task 4 ***
  [Accuracy]  Avg F1: 0.2837 | AUC-ROC: 0.6904 | G-Mean: 0.6638
  [Stability] Avg Forgetting (↓): 0.0000 | Avg BWT (↑): 0.0108
  > Matrix Row:  [0.0325 0.2434 0.4364 0.4227]

--- Training on Task 5 (Timesteps: 4 to 4) ---
🔧 Task 5 动态权重: 6.70 -> 截断为: 6.70
   -> Focal Loss Alpha: 0.8701
📉 Snapshot 节点数: 148489 (仅当前任务)

--- [CL Evaluation] Evaluating on all seen tasks (0 to 4) ---
*** CL Metrics @ Task 5 ***
  [Accuracy]  Avg F1: 0.3245 | AUC-ROC: 0.6980 | G-Mean: 0.6737
  [Stability] Avg Forgetting (↓): 0.0000 | Avg BWT (↑): 0.0081
  > Matrix Row:  [0.0325 0.2434 0.4364 0.4227 0.4875]

--- Training on Task 6 (Timesteps: 5 to 5) ---
🔧 Task 6 动态权重: 3.78 -> 截断为: 3.78
   -> Focal Loss Alpha: 0.7907
📉 Snapshot 节点数: 72045 (仅当前任务)

--- [CL Evaluation] Evaluating on all seen tasks (0 to 5) ---
*** CL Metrics @ Task 6 ***
  [Accuracy]  Avg F1: 0.3607 | AUC-ROC: 0.7014 | G-Mean: 0.6792
  [Stability] Avg Forgetting (↓): 0.0000 | Avg BWT (↑): 0.0065
  > Matrix Row:  [0.0325 0.2432 0.4364 0.4227 0.4875 0.5418]

--- Training on Task 7 (Timesteps: 6 to 6) ---
🔧 Task 7 动态权重: 6.60 -> 截断为: 6.60
   -> Focal Loss Alpha: 0.8685
📉 Snapshot 节点数: 106824 (仅当前任务)

--- [CL Evaluation] Evaluating on all seen tasks (0 to 6) ---
*** CL Metrics @ Task 7 ***
  [Accuracy]  Avg F1: 0.3705 | AUC-ROC: 0.7025 | G-Mean: 0.6820
  [Stability] Avg Forgetting (↓): 0.0000 | Avg BWT (↑): 0.0054
  > Matrix Row:  [0.0325 0.2432 0.4364 0.4227 0.4875 0.5418 0.4294]

--- Training on Task 8 (Timesteps: 7 to 7) ---
🔧 Task 8 动态权重: 9.62 -> 截断为: 9.62
   -> Focal Loss Alpha: 0.9059
📉 Snapshot 节点数: 138779 (仅当前任务)

--- [CL Evaluation] Evaluating on all seen tasks (0 to 7) ---
*** CL Metrics @ Task 8 ***
  [Accuracy]  Avg F1: 0.3610 | AUC-ROC: 0.6964 | G-Mean: 0.6767
  [Stability] Avg Forgetting (↓): 0.0000 | Avg BWT (↑): 0.0046
  > Matrix Row:  [0.0325 0.2432 0.4364 0.4227 0.4875 0.5418 0.4294 0.2949]

--- Training on Task 9 (Timesteps: 8 to 8) ---
🔧 Task 9 动态权重: 22.40 -> 截断为: 10.00
   -> Focal Loss Alpha: 0.9091
📉 Snapshot 节点数: 166309 (仅当前任务)

--- [CL Evaluation] Evaluating on all seen tasks (0 to 8) ---
*** CL Metrics @ Task 9 ***
  [Accuracy]  Avg F1: 0.3394 | AUC-ROC: 0.6919 | G-Mean: 0.6732
  [Stability] Avg Forgetting (↓): 0.0000 | Avg BWT (↑): 0.0040
  > Matrix Row:  [0.0325 0.2432 0.4364 0.4227 0.4875 0.5418 0.4294 0.2949 0.1666]

--- Training on Task 10 (Timesteps: 9 to 9) ---
🔧 Task 10 动态权重: 12.38 -> 截断为: 10.00
   -> Focal Loss Alpha: 0.9091
📉 Snapshot 节点数: 89214 (仅当前任务)

--- [CL Evaluation] Evaluating on all seen tasks (0 to 9) ---
*** CL Metrics @ Task 10 ***
  [Accuracy]  Avg F1: 0.3207 | AUC-ROC: 0.6769 | G-Mean: 0.6475
  [Stability] Avg Forgetting (↓): 0.0000 | Avg BWT (↑): 0.0036
  > Matrix Row:  [0.0325 0.2432 0.4364 0.4227 0.4875 0.5418 0.4294 0.2949 0.1666 0.1521]
All tasks trained.
Total time: 21.85s
