nohup: ignoring input

╔══════════════════════════════════════════════════════════╗
║  Elliptic CL 基线：EWC / LwF / ER on CGNN               ║
║  2026-05-02 07:38:12                                     ║
╚══════════════════════════════════════════════════════════╝

  ┌──────────────────────────────────────────────────────┐
  │ RUN: elliptic_EWC_CGNN                                │
  └──────────────────────────────────────────────────────┘
  [DONE] elliptic_EWC_CGNN                            0m37s

  ┌──────────────────────────────────────────────────────┐
  │ RUN: elliptic_LwF_CGNN                                │
  └──────────────────────────────────────────────────────┘
  [DONE] elliptic_LwF_CGNN                            0m42s

  ┌──────────────────────────────────────────────────────┐
  │ RUN: elliptic_ER_CGNN                                 │
  └──────────────────────────────────────────────────────┘
  [DONE] elliptic_ER_CGNN                             0m37s

══════════════════════════════════════════════════════════
  完成: 07:40:08 | 耗时: 0h1m56s
  ✅ 已完成: 3  ⏭ 已跳过: 0  ❌ 失败: 0
══════════════════════════════════════════════════════════
