/usr/local/miniconda3/envs/py312/lib/python3.12/site-packages/torch/optim/lr_scheduler.py:1343: UserWarning: Converting a tensor with requires_grad=True to a scalar may lead to unexpected behavior.
Consider using tensor.detach() first. (Triggered internally at /pytorch/torch/csrc/autograd/generated/python_variable_methods.cpp:836.)
  current = float(metrics)

--- Training on Task 1 (Timesteps: 1 to 5) ---
[INFO] Task 1 class weight: 77.72 -> clipped: 20.00
   -> Focal Loss Alpha: 0.9524
[INFO] Snapshot nodes: 31541 (current task only)
>>> [HOGRL] 正在为 Task 1 预计算高阶图...
Pre-computing HOGRL graphs up to order 3 (Force COO)...
  - A^2 computed (COO).
  - A^3 computed (COO).

--- [CL Evaluation] Evaluating on all seen tasks (0 to 0) ---
Pre-computing HOGRL graphs up to order 3 (Force COO)...
  - A^2 computed (COO).
  - A^3 computed (COO).
*** CL Metrics @ Task 1 [WARM-UP, 仅供参考] ***
  [Binary]  F1: 0.1667 | Precision: 0.1250 | Recall: 0.2500
  [Macro]   Macro-F1: 0.5807 | Macro-Recall: 0.6213
  [Ranking] AUC-ROC: 0.9108 | AUC-PR: 0.1371
  [Balance] G-Mean: 0.4981 | Specificity: 0.9925 | MCC: 0.1719

--- Training on Task 2 (Timesteps: 1 to 10) ---
[INFO] Task 2 class weight: 40.54 -> clipped: 10.00
   -> Focal Loss Alpha: 0.9091
[INFO] Snapshot nodes: 58097 (current task only)
>>> [HOGRL] 正在为 Task 2 预计算高阶图...
Pre-computing HOGRL graphs up to order 3 (Force COO)...
  - A^2 computed (COO).
  - A^3 computed (COO).

--- [CL Evaluation] Evaluating on all seen tasks (0 to 1) ---
Pre-computing HOGRL graphs up to order 3 (Force COO)...
  - A^2 computed (COO).
  - A^3 computed (COO).
Pre-computing HOGRL graphs up to order 3 (Force COO)...
  - A^2 computed (COO).
  - A^3 computed (COO).
*** CL Metrics @ Task 2 ***
  [Binary]  F1: 0.3956 | Precision: 0.2901 | Recall: 0.7448
  [Macro]   Macro-F1: 0.6686 | Macro-Recall: 0.8243
  [Ranking] AUC-ROC: 0.9269 | AUC-PR: 0.3786
  [Balance] G-Mean: 0.8144 | Specificity: 0.9037 | MCC: 0.4025

--- Training on Task 3 (Timesteps: 1 to 15) ---
[INFO] Task 3 class weight: 19.37 -> clipped: 10.00
   -> Focal Loss Alpha: 0.9091
[INFO] Snapshot nodes: 74629 (current task only)
>>> [HOGRL] 正在为 Task 3 预计算高阶图...
Pre-computing HOGRL graphs up to order 3 (Force COO)...
  - A^2 computed (COO).
  - A^3 computed (COO).

--- [CL Evaluation] Evaluating on all seen tasks (0 to 2) ---
Pre-computing HOGRL graphs up to order 3 (Force COO)...
  - A^2 computed (COO).
  - A^3 computed (COO).
Pre-computing HOGRL graphs up to order 3 (Force COO)...
  - A^2 computed (COO).
  - A^3 computed (COO).
Pre-computing HOGRL graphs up to order 3 (Force COO)...
  - A^2 computed (COO).
  - A^3 computed (COO).
*** CL Metrics @ Task 3 ***
  [Binary]  F1: 0.4978 | Precision: 0.4002 | Recall: 0.7661
  [Macro]   Macro-F1: 0.7081 | Macro-Recall: 0.8219
  [Ranking] AUC-ROC: 0.9235 | AUC-PR: 0.5005
  [Balance] G-Mean: 0.8153 | Specificity: 0.8776 | MCC: 0.4643

--- Training on Task 4 (Timesteps: 1 to 20) ---
[INFO] Task 4 class weight: 11.53 -> clipped: 10.00
   -> Focal Loss Alpha: 0.9091
[INFO] Snapshot nodes: 90762 (current task only)
>>> [HOGRL] 正在为 Task 4 预计算高阶图...
Pre-computing HOGRL graphs up to order 3 (Force COO)...
  - A^2 computed (COO).
  - A^3 computed (COO).

--- [CL Evaluation] Evaluating on all seen tasks (0 to 3) ---
Pre-computing HOGRL graphs up to order 3 (Force COO)...
  - A^2 computed (COO).
  - A^3 computed (COO).
Pre-computing HOGRL graphs up to order 3 (Force COO)...
  - A^2 computed (COO).
  - A^3 computed (COO).
Pre-computing HOGRL graphs up to order 3 (Force COO)...
  - A^2 computed (COO).
  - A^3 computed (COO).
Pre-computing HOGRL graphs up to order 3 (Force COO)...
  - A^2 computed (COO).
  - A^3 computed (COO).
*** CL Metrics @ Task 4 ***
  [Binary]  F1: 0.5291 | Precision: 0.4271 | Recall: 0.7762
  [Macro]   Macro-F1: 0.7204 | Macro-Recall: 0.8218
  [Ranking] AUC-ROC: 0.9181 | AUC-PR: 0.5274
  [Balance] G-Mean: 0.8168 | Specificity: 0.8674 | MCC: 0.4845

--- Training on Task 5 (Timesteps: 1 to 25) ---
[INFO] Task 5 class weight: 9.67 -> clipped: 9.67
   -> Focal Loss Alpha: 0.9062
[INFO] Snapshot nodes: 111264 (current task only)
>>> [HOGRL] 正在为 Task 5 预计算高阶图...
Pre-computing HOGRL graphs up to order 3 (Force COO)...
  - A^2 computed (COO).
  - A^3 computed (COO).

--- [CL Evaluation] Evaluating on all seen tasks (0 to 4) ---
Pre-computing HOGRL graphs up to order 3 (Force COO)...
  - A^2 computed (COO).
  - A^3 computed (COO).
Pre-computing HOGRL graphs up to order 3 (Force COO)...
  - A^2 computed (COO).
  - A^3 computed (COO).
Pre-computing HOGRL graphs up to order 3 (Force COO)...
  - A^2 computed (COO).
  - A^3 computed (COO).
Pre-computing HOGRL graphs up to order 3 (Force COO)...
  - A^2 computed (COO).
  - A^3 computed (COO).
Pre-computing HOGRL graphs up to order 3 (Force COO)...
  - A^2 computed (COO).
  - A^3 computed (COO).
*** CL Metrics @ Task 5 ***
  [Binary]  F1: 0.5082 | Precision: 0.4019 | Recall: 0.7641
  [Macro]   Macro-F1: 0.7061 | Macro-Recall: 0.8092
  [Ranking] AUC-ROC: 0.9048 | AUC-PR: 0.5024
  [Balance] G-Mean: 0.8050 | Specificity: 0.8543 | MCC: 0.4611

--- Training on Task 6 (Timesteps: 1 to 30) ---
[INFO] Task 6 class weight: 9.64 -> clipped: 9.64
   -> Focal Loss Alpha: 0.9060
[INFO] Snapshot nodes: 123287 (current task only)
>>> [HOGRL] 正在为 Task 6 预计算高阶图...
Pre-computing HOGRL graphs up to order 3 (Force COO)...
  - A^2 computed (COO).
  - A^3 computed (COO).

--- [CL Evaluation] Evaluating on all seen tasks (0 to 5) ---
Pre-computing HOGRL graphs up to order 3 (Force COO)...
  - A^2 computed (COO).
  - A^3 computed (COO).
Pre-computing HOGRL graphs up to order 3 (Force COO)...
  - A^2 computed (COO).
  - A^3 computed (COO).
Pre-computing HOGRL graphs up to order 3 (Force COO)...
  - A^2 computed (COO).
  - A^3 computed (COO).
Pre-computing HOGRL graphs up to order 3 (Force COO)...
  - A^2 computed (COO).
  - A^3 computed (COO).
Pre-computing HOGRL graphs up to order 3 (Force COO)...
  - A^2 computed (COO).
  - A^3 computed (COO).
Pre-computing HOGRL graphs up to order 3 (Force COO)...
  - A^2 computed (COO).
  - A^3 computed (COO).
*** CL Metrics @ Task 6 ***
  [Binary]  F1: 0.5032 | Precision: 0.3984 | Recall: 0.7438
  [Macro]   Macro-F1: 0.6931 | Macro-Recall: 0.7863
  [Ranking] AUC-ROC: 0.8790 | AUC-PR: 0.4855
  [Balance] G-Mean: 0.7827 | Specificity: 0.8288 | MCC: 0.4334

--- Training on Task 7 (Timesteps: 1 to 35) ---
[INFO] Task 7 class weight: 8.92 -> clipped: 8.92
   -> Focal Loss Alpha: 0.8992
[INFO] Snapshot nodes: 141772 (current task only)
>>> [HOGRL] 正在为 Task 7 预计算高阶图...
Pre-computing HOGRL graphs up to order 3 (Force COO)...
  - A^2 computed (COO).
  - A^3 computed (COO).

--- [CL Evaluation] Evaluating on all seen tasks (0 to 6) ---
Pre-computing HOGRL graphs up to order 3 (Force COO)...
  - A^2 computed (COO).
  - A^3 computed (COO).
Pre-computing HOGRL graphs up to order 3 (Force COO)...
  - A^2 computed (COO).
  - A^3 computed (COO).
Pre-computing HOGRL graphs up to order 3 (Force COO)...
  - A^2 computed (COO).
  - A^3 computed (COO).
Pre-computing HOGRL graphs up to order 3 (Force COO)...
  - A^2 computed (COO).
  - A^3 computed (COO).
Pre-computing HOGRL graphs up to order 3 (Force COO)...
  - A^2 computed (COO).
  - A^3 computed (COO).
Pre-computing HOGRL graphs up to order 3 (Force COO)...
  - A^2 computed (COO).
  - A^3 computed (COO).
Pre-computing HOGRL graphs up to order 3 (Force COO)...
  - A^2 computed (COO).
  - A^3 computed (COO).
*** CL Metrics @ Task 7 ***
  [Binary]  F1: 0.4824 | Precision: 0.3770 | Recall: 0.7276
  [Macro]   Macro-F1: 0.6694 | Macro-Recall: 0.7603
  [Ranking] AUC-ROC: 0.8493 | AUC-PR: 0.4542
  [Balance] G-Mean: 0.7571 | Specificity: 0.7930 | MCC: 0.3944

--- Training on Task 8 (Timesteps: 1 to 40) ---
[INFO] Task 8 class weight: 7.51 -> clipped: 7.51
   -> Focal Loss Alpha: 0.8824
[INFO] Snapshot nodes: 161603 (current task only)
>>> [HOGRL] 正在为 Task 8 预计算高阶图...
Pre-computing HOGRL graphs up to order 3 (Force COO)...
  - A^2 computed (COO).
  - A^3 computed (COO).

--- [CL Evaluation] Evaluating on all seen tasks (0 to 7) ---
Pre-computing HOGRL graphs up to order 3 (Force COO)...
  - A^2 computed (COO).
  - A^3 computed (COO).
Pre-computing HOGRL graphs up to order 3 (Force COO)...
  - A^2 computed (COO).
  - A^3 computed (COO).
Pre-computing HOGRL graphs up to order 3 (Force COO)...
  - A^2 computed (COO).
  - A^3 computed (COO).
Pre-computing HOGRL graphs up to order 3 (Force COO)...
  - A^2 computed (COO).
  - A^3 computed (COO).
Pre-computing HOGRL graphs up to order 3 (Force COO)...
  - A^2 computed (COO).
  - A^3 computed (COO).
Pre-computing HOGRL graphs up to order 3 (Force COO)...
  - A^2 computed (COO).
  - A^3 computed (COO).
Pre-computing HOGRL graphs up to order 3 (Force COO)...
  - A^2 computed (COO).
  - A^3 computed (COO).
Pre-computing HOGRL graphs up to order 3 (Force COO)...
  - A^2 computed (COO).
  - A^3 computed (COO).
*** CL Metrics @ Task 8 ***
  [Binary]  F1: 0.4531 | Precision: 0.3478 | Recall: 0.7511
  [Macro]   Macro-F1: 0.6438 | Macro-Recall: 0.7550
  [Ranking] AUC-ROC: 0.8392 | AUC-PR: 0.4165
  [Balance] G-Mean: 0.7487 | Specificity: 0.7589 | MCC: 0.3748

--- Training on Task 9 (Timesteps: 1 to 45) ---
[INFO] Task 9 class weight: 7.96 -> clipped: 7.96
   -> Focal Loss Alpha: 0.8884
[INFO] Snapshot nodes: 189721 (current task only)
>>> [HOGRL] 正在为 Task 9 预计算高阶图...
Pre-computing HOGRL graphs up to order 3 (Force COO)...
  - A^2 computed (COO).
  - A^3 computed (COO).

--- [CL Evaluation] Evaluating on all seen tasks (0 to 8) ---
Pre-computing HOGRL graphs up to order 3 (Force COO)...
  - A^2 computed (COO).
  - A^3 computed (COO).
Pre-computing HOGRL graphs up to order 3 (Force COO)...
  - A^2 computed (COO).
  - A^3 computed (COO).
Pre-computing HOGRL graphs up to order 3 (Force COO)...
  - A^2 computed (COO).
  - A^3 computed (COO).
Pre-computing HOGRL graphs up to order 3 (Force COO)...
  - A^2 computed (COO).
  - A^3 computed (COO).
Pre-computing HOGRL graphs up to order 3 (Force COO)...
  - A^2 computed (COO).
  - A^3 computed (COO).
Pre-computing HOGRL graphs up to order 3 (Force COO)...
  - A^2 computed (COO).
  - A^3 computed (COO).
Pre-computing HOGRL graphs up to order 3 (Force COO)...
  - A^2 computed (COO).
  - A^3 computed (COO).
Pre-computing HOGRL graphs up to order 3 (Force COO)...
  - A^2 computed (COO).
  - A^3 computed (COO).
Pre-computing HOGRL graphs up to order 3 (Force COO)...
  - A^2 computed (COO).
  - A^3 computed (COO).
*** CL Metrics @ Task 9 ***
  [Binary]  F1: 0.4245 | Precision: 0.3215 | Recall: 0.7652
  [Macro]   Macro-F1: 0.6190 | Macro-Recall: 0.7467
  [Ranking] AUC-ROC: 0.8278 | AUC-PR: 0.3835
  [Balance] G-Mean: 0.7378 | Specificity: 0.7282 | MCC: 0.3534

--- Training on Task 10 (Timesteps: 1 to 49) ---
[INFO] Task 10 class weight: 8.05 -> clipped: 8.05
   -> Focal Loss Alpha: 0.8895
[INFO] Snapshot nodes: 203769 (current task only)
>>> [HOGRL] 正在为 Task 10 预计算高阶图...
Pre-computing HOGRL graphs up to order 3 (Force COO)...
  - A^2 computed (COO).
  - A^3 computed (COO).

--- [CL Evaluation] Evaluating on all seen tasks (0 to 9) ---
Pre-computing HOGRL graphs up to order 3 (Force COO)...
  - A^2 computed (COO).
  - A^3 computed (COO).
Pre-computing HOGRL graphs up to order 3 (Force COO)...
  - A^2 computed (COO).
  - A^3 computed (COO).
Pre-computing HOGRL graphs up to order 3 (Force COO)...
  - A^2 computed (COO).
  - A^3 computed (COO).
Pre-computing HOGRL graphs up to order 3 (Force COO)...
  - A^2 computed (COO).
  - A^3 computed (COO).
Pre-computing HOGRL graphs up to order 3 (Force COO)...
  - A^2 computed (COO).
  - A^3 computed (COO).
Pre-computing HOGRL graphs up to order 3 (Force COO)...
  - A^2 computed (COO).
  - A^3 computed (COO).
Pre-computing HOGRL graphs up to order 3 (Force COO)...
  - A^2 computed (COO).
  - A^3 computed (COO).
Pre-computing HOGRL graphs up to order 3 (Force COO)...
  - A^2 computed (COO).
  - A^3 computed (COO).
Pre-computing HOGRL graphs up to order 3 (Force COO)...
  - A^2 computed (COO).
  - A^3 computed (COO).
Pre-computing HOGRL graphs up to order 3 (Force COO)...
  - A^2 computed (COO).
  - A^3 computed (COO).
*** CL Metrics @ Task 10 ***
  [Binary]  F1: 0.3979 | Precision: 0.2981 | Recall: 0.7738
  [Macro]   Macro-F1: 0.5967 | Macro-Recall: 0.7380
  [Ranking] AUC-ROC: 0.8171 | AUC-PR: 0.3550
  [Balance] G-Mean: 0.7271 | Specificity: 0.7021 | MCC: 0.3329
All tasks trained.
Total time: 67.78s
