nohup: ignoring input

╔══════════════════════════════════════════════════════════╗
║  DATASET: Elliptic++ Actor — 全量实验                    ║
║  2026-04-07 02:17:32                                     ║
╚══════════════════════════════════════════════════════════╝

  ── [A] Naive 基线 ──────────────────────────────────

  ┌──────────────────────────────────────────────────────┐
  │ RUN: elliptic_actor_Naive_GCN                         │
  │ LOG: logs/elliptic_actor_Naive_GCN.log                │
  └──────────────────────────────────────────────────────┘
  [DONE] elliptic_actor_Naive_GCN                     0m37s

  ┌──────────────────────────────────────────────────────┐
  │ RUN: elliptic_actor_Naive_BSL                         │
  │ LOG: logs/elliptic_actor_Naive_BSL.log                │
  └──────────────────────────────────────────────────────┘
  [DONE] elliptic_actor_Naive_BSL                     1m37s

  ┌──────────────────────────────────────────────────────┐
  │ RUN: elliptic_actor_Naive_CGNN                        │
  │ LOG: logs/elliptic_actor_Naive_CGNN.log               │
  └──────────────────────────────────────────────────────┘
  [DONE] elliptic_actor_Naive_CGNN                    1m15s

  ┌──────────────────────────────────────────────────────┐
  │ RUN: elliptic_actor_Naive_ConsisGAD                   │
  │ LOG: logs/elliptic_actor_Naive_ConsisGAD.log          │
  └──────────────────────────────────────────────────────┘
  [DONE] elliptic_actor_Naive_ConsisGAD               1m00s

  ┌──────────────────────────────────────────────────────┐
  │ RUN: elliptic_actor_Naive_Grad                        │
  │ LOG: logs/elliptic_actor_Naive_Grad.log               │
  └──────────────────────────────────────────────────────┘
  [DONE] elliptic_actor_Naive_Grad                    2m00s

  ┌──────────────────────────────────────────────────────┐
  │ RUN: elliptic_actor_Naive_HOGRL                       │
  │ LOG: logs/elliptic_actor_Naive_HOGRL.log              │
  └──────────────────────────────────────────────────────┘
  [DONE] elliptic_actor_Naive_HOGRL                   2m25s

  ┌──────────────────────────────────────────────────────┐
  │ RUN: elliptic_actor_Naive_PMP                         │
  │ LOG: logs/elliptic_actor_Naive_PMP.log                │
  └──────────────────────────────────────────────────────┘
  [FAIL] elliptic_actor_Naive_PMP — 查看: /home/yw/logs/elliptic_actor_Naive_PMP.log
      File "/usr/local/miniconda3/envs/py312/lib/python3.12/site-packages/torch/nn/modules/module.py", line 1775, in _wrapped_call_impl
        return self._call_impl(*args, **kwargs)
               ^^^^^^^^^^^^^^^^^^^^^^^^^^^^^^^^
      File "/usr/local/miniconda3/envs/py312/lib/python3.12/site-packages/torch/nn/modules/module.py", line 1786, in _call_impl
        return forward_call(*args, **kwargs)
               ^^^^^^^^^^^^^^^^^^^^^^^^^^^^^
      File "/usr/local/miniconda3/envs/py312/lib/python3.12/site-packages/torch/nn/modules/linear.py", line 134, in forward
        return F.linear(input, self.weight, self.bias)
               ^^^^^^^^^^^^^^^^^^^^^^^^^^^^^^^^^^^^^^^
    torch.OutOfMemoryError: CUDA out of memory. Tried to allocate 158.00 MiB. GPU 0 has a total capacity of 23.56 GiB of which 95.25 MiB is free. Including non-PyTorch memory, this process has 23.46 GiB memory in use. Of the allocated memory 22.83 GiB is allocated by PyTorch, and 332.29 MiB is reserved by PyTorch but unallocated. If reserved but unallocated memory is large try setting PYTORCH_CUDA_ALLOC_CONF=expandable_segments:True to avoid fragmentation.  See documentation for Memory Management  (https://pytorch.org/docs/stable/notes/cuda.html#environment-variables)

  ── [B] 通用 CL 基线 (CGNN backbone) ──────────────

  ┌──────────────────────────────────────────────────────┐
  │ RUN: elliptic_actor_EWC_CGNN                          │
  │ LOG: logs/elliptic_actor_EWC_CGNN.log                 │
  └──────────────────────────────────────────────────────┘
  [DONE] elliptic_actor_EWC_CGNN                      1m18s

  ┌──────────────────────────────────────────────────────┐
  │ RUN: elliptic_actor_LwF_CGNN                          │
  │ LOG: logs/elliptic_actor_LwF_CGNN.log                 │
  └──────────────────────────────────────────────────────┘
  [DONE] elliptic_actor_LwF_CGNN                      1m35s

  ┌──────────────────────────────────────────────────────┐
  │ RUN: elliptic_actor_ER_CGNN                           │
  │ LOG: logs/elliptic_actor_ER_CGNN.log                  │
  └──────────────────────────────────────────────────────┘
  [DONE] elliptic_actor_ER_CGNN                       1m15s

  ── [C] TASD-CL (Ours) ─────────────────────────────

  ┌──────────────────────────────────────────────────────┐
  │ RUN: elliptic_actor_TASDCL_CGNN                       │
  │ LOG: logs/elliptic_actor_TASDCL_CGNN.log              │
  └──────────────────────────────────────────────────────┘
  [DONE] elliptic_actor_TASDCL_CGNN                   1m40s

  ── [D] 消融实验 (noSSF / noSPC / noSCD) ──────────

  ┌──────────────────────────────────────────────────────┐
  │ RUN: elliptic_actor_TASDCL_noSSF_CGNN                 │
  │ LOG: logs/elliptic_actor_TASDCL_noSSF_CGNN.log        │
  └──────────────────────────────────────────────────────┘
  [DONE] elliptic_actor_TASDCL_noSSF_CGNN             1m38s

  ┌──────────────────────────────────────────────────────┐
  │ RUN: elliptic_actor_TASDCL_noSPC_CGNN                 │
  │ LOG: logs/elliptic_actor_TASDCL_noSPC_CGNN.log        │
  └──────────────────────────────────────────────────────┘
  [DONE] elliptic_actor_TASDCL_noSPC_CGNN             1m39s

  ┌──────────────────────────────────────────────────────┐
  │ RUN: elliptic_actor_TASDCL_noSCD_CGNN                 │
  │ LOG: logs/elliptic_actor_TASDCL_noSCD_CGNN.log        │
  └──────────────────────────────────────────────────────┘
  [DONE] elliptic_actor_TASDCL_noSCD_CGNN             1m17s

══════════════════════════════════════════════════════════
  完成: 02:36:57 | 耗时: 0h19m25s
  ✅ 已完成: 13  ⏭ 已跳过: 0  ❌ 失败: 1
══════════════════════════════════════════════════════════
