/usr/local/miniconda3/envs/py312/lib/python3.12/site-packages/torch/optim/lr_scheduler.py:1343: UserWarning: Converting a tensor with requires_grad=True to a scalar may lead to unexpected behavior.
Consider using tensor.detach() first. (Triggered internally at /pytorch/torch/csrc/autograd/generated/python_variable_methods.cpp:836.)
  current = float(metrics)

--- Training on Task 1 (Timesteps: 1 to 5) ---
[INFO] Task 1 class weight: 77.72 -> clipped: 20.00
   -> Focal Loss Alpha: 0.9524
[INFO] Snapshot nodes: 31541 (current task only)

--- [CL Evaluation] Evaluating on all seen tasks (0 to 0) ---
*** CL Metrics @ Task 1 [WARM-UP, 仅供参考] ***
  [Binary]  F1: 0.0615 | Precision: 0.0351 | Recall: 0.2500
  [Macro]   Macro-F1: 0.5225 | Macro-Recall: 0.6103
  [Ranking] AUC-ROC: 0.9226 | AUC-PR: 0.0449
  [Balance] G-Mean: 0.4926 | Specificity: 0.9707 | MCC: 0.0838

--- Training on Task 2 (Timesteps: 6 to 10) ---
[INFO] Task 2 class weight: 7.60 -> clipped: 7.60
   -> Focal Loss Alpha: 0.8838
[INFO] Snapshot nodes: 26556 (current task only)
   [EWC] Updating Fisher Matrix...
   [SPC] Task 2 子空间原型已更新 | 欺诈: 422, 正常: 3209

--- [CL Evaluation] Evaluating on all seen tasks (0 to 1) ---
*** CL Metrics @ Task 2 ***
  [Binary]  F1: 0.1123 | Precision: 0.0616 | Recall: 0.6875
  [Macro]   Macro-F1: 0.5223 | Macro-Recall: 0.7812
  [Ranking] AUC-ROC: 0.9126 | AUC-PR: 0.1776
  [Balance] G-Mean: 0.7504 | Specificity: 0.8750 | MCC: 0.1812

--- Training on Task 3 (Timesteps: 11 to 15) ---
[INFO] Task 3 class weight: 4.05 -> clipped: 4.05
   -> Focal Loss Alpha: 0.8019
[INFO] Snapshot nodes: 16532 (current task only)
   [EWC] Updating Fisher Matrix...
   [SPC] Task 3 子空间原型已更新 | 欺诈: 481, 正常: 1947

--- [CL Evaluation] Evaluating on all seen tasks (0 to 2) ---
*** CL Metrics @ Task 3 ***
  [Binary]  F1: 0.2919 | Precision: 0.2071 | Recall: 0.7713
  [Macro]   Macro-F1: 0.5930 | Macro-Recall: 0.7948
  [Ranking] AUC-ROC: 0.9158 | AUC-PR: 0.3692
  [Balance] G-Mean: 0.7714 | Specificity: 0.8183 | MCC: 0.3045

--- Training on Task 4 (Timesteps: 16 to 20) ---
[INFO] Task 4 class weight: 5.89 -> clipped: 5.89
   -> Focal Loss Alpha: 0.8549
[INFO] Snapshot nodes: 16133 (current task only)
   [EWC] Updating Fisher Matrix...
   [SPC] Task 4 子空间原型已更新 | 欺诈: 359, 正常: 2116

--- [CL Evaluation] Evaluating on all seen tasks (0 to 3) ---
*** CL Metrics @ Task 4 ***
  [Binary]  F1: 0.3789 | Precision: 0.2829 | Recall: 0.7929
  [Macro]   Macro-F1: 0.6213 | Macro-Recall: 0.7865
  [Ranking] AUC-ROC: 0.8963 | AUC-PR: 0.4158
  [Balance] G-Mean: 0.7675 | Specificity: 0.7801 | MCC: 0.3470

--- Training on Task 5 (Timesteps: 21 to 25) ---
[INFO] Task 5 class weight: 9.53 -> clipped: 9.53
   -> Focal Loss Alpha: 0.9050
[INFO] Snapshot nodes: 20502 (current task only)
   [EWC] Updating Fisher Matrix...
   [SPC] Task 5 子空间原型已更新 | 欺诈: 448, 正常: 4269

--- [CL Evaluation] Evaluating on all seen tasks (0 to 4) ---
*** CL Metrics @ Task 5 ***
  [Binary]  F1: 0.4504 | Precision: 0.3468 | Recall: 0.8241
  [Macro]   Macro-F1: 0.6616 | Macro-Recall: 0.8085
  [Ranking] AUC-ROC: 0.9074 | AUC-PR: 0.4851
  [Balance] G-Mean: 0.7930 | Specificity: 0.7929 | MCC: 0.4141

--- Training on Task 6 (Timesteps: 26 to 30) ---
[INFO] Task 6 class weight: 3.08 -> clipped: 3.08
   -> Focal Loss Alpha: 0.7552
[INFO] Snapshot nodes: 12023 (current task only)
   [EWC] Updating Fisher Matrix...
   [SPC] Task 6 子空间原型已更新 | 欺诈: 534, 正常: 1647

--- [CL Evaluation] Evaluating on all seen tasks (0 to 5) ---
*** CL Metrics @ Task 6 ***
  [Binary]  F1: 0.4685 | Precision: 0.3548 | Recall: 0.8454
  [Macro]   Macro-F1: 0.6676 | Macro-Recall: 0.8136
  [Ranking] AUC-ROC: 0.9049 | AUC-PR: 0.4810
  [Balance] G-Mean: 0.7994 | Specificity: 0.7817 | MCC: 0.4300

--- Training on Task 7 (Timesteps: 31 to 35) ---
[INFO] Task 7 class weight: 4.88 -> clipped: 4.88
   -> Focal Loss Alpha: 0.8300
[INFO] Snapshot nodes: 18485 (current task only)
   [EWC] Updating Fisher Matrix...
   [SPC] Task 7 子空间原型已更新 | 欺诈: 508, 正常: 2481

--- [CL Evaluation] Evaluating on all seen tasks (0 to 6) ---
*** CL Metrics @ Task 7 ***
  [Binary]  F1: 0.4614 | Precision: 0.3426 | Recall: 0.8589
  [Macro]   Macro-F1: 0.6554 | Macro-Recall: 0.8073
  [Ranking] AUC-ROC: 0.9020 | AUC-PR: 0.4800
  [Balance] G-Mean: 0.7924 | Specificity: 0.7557 | MCC: 0.4214

--- Training on Task 8 (Timesteps: 36 to 40) ---
[INFO] Task 8 class weight: 14.64 -> clipped: 10.00
   -> Focal Loss Alpha: 0.9091
[INFO] Snapshot nodes: 19831 (current task only)
   [EWC] Updating Fisher Matrix...
   [SPC] Task 8 子空间原型已更新 | 欺诈: 265, 正常: 3880

--- [CL Evaluation] Evaluating on all seen tasks (0 to 7) ---
*** CL Metrics @ Task 8 ***
  [Binary]  F1: 0.4383 | Precision: 0.3210 | Recall: 0.8452
  [Macro]   Macro-F1: 0.6382 | Macro-Recall: 0.7924
  [Ranking] AUC-ROC: 0.8853 | AUC-PR: 0.4460
  [Balance] G-Mean: 0.7791 | Specificity: 0.7396 | MCC: 0.3965

--- Training on Task 9 (Timesteps: 41 to 45) ---
[INFO] Task 9 class weight: 14.50 -> clipped: 10.00
   -> Focal Loss Alpha: 0.9091
[INFO] Snapshot nodes: 28118 (current task only)
   [EWC] Updating Fisher Matrix...
   [SPC] Task 9 子空间原型已更新 | 欺诈: 403, 正常: 5844

--- [CL Evaluation] Evaluating on all seen tasks (0 to 8) ---
*** CL Metrics @ Task 9 ***
  [Binary]  F1: 0.3913 | Precision: 0.2862 | Recall: 0.8180
  [Macro]   Macro-F1: 0.6130 | Macro-Recall: 0.7754
  [Ranking] AUC-ROC: 0.8610 | AUC-PR: 0.3975
  [Balance] G-Mean: 0.7634 | Specificity: 0.7328 | MCC: 0.3567

--- Training on Task 10 (Timesteps: 46 to 49) ---
[INFO] Task 10 class weight: 32.82 -> clipped: 10.00
   -> Focal Loss Alpha: 0.9091
[INFO] Snapshot nodes: 14048 (current task only)
   [EWC] Updating Fisher Matrix...
   [SPC] Task 10 子空间原型已更新 | 欺诈: 60, 正常: 1969

--- [CL Evaluation] Evaluating on all seen tasks (0 to 9) ---
*** CL Metrics @ Task 10 ***
  [Binary]  F1: 0.3954 | Precision: 0.2877 | Recall: 0.8130
  [Macro]   Macro-F1: 0.6158 | Macro-Recall: 0.7744
  [Ranking] AUC-ROC: 0.8586 | AUC-PR: 0.3859
  [Balance] G-Mean: 0.7635 | Specificity: 0.7357 | MCC: 0.3582
All tasks trained.
Total time: 34.17s
