/usr/local/miniconda3/envs/py312/lib/python3.12/site-packages/torch/optim/lr_scheduler.py:1343: UserWarning: Converting a tensor with requires_grad=True to a scalar may lead to unexpected behavior.
Consider using tensor.detach() first. (Triggered internally at /pytorch/torch/csrc/autograd/generated/python_variable_methods.cpp:836.)
  current = float(metrics)

--- Training on Task 1 (Timesteps: 1 to 5) ---
🔧 Task 1 动态权重: 77.72 -> 截断为: 20.00
   -> Focal Loss Alpha: 0.9524
📉 Snapshot 节点数: 31541 (仅当前任务)

--- [CL Evaluation] Evaluating on all seen tasks (0 to 0) ---
*** CL Metrics @ Task 1 [WARM-UP, 仅供参考] ***
  [Binary]  F1: 0.0741 | Precision: 0.0526 | Recall: 0.1250
  [Macro]   Macro-F1: 0.5337 | Macro-Recall: 0.5577
  [Ranking] AUC-ROC: 0.8384 | AUC-PR: 0.0458
  [Balance] G-Mean: 0.3519 | Specificity: 0.9904 | MCC: 0.0751

--- Training on Task 2 (Timesteps: 6 to 10) ---
🔧 Task 2 动态权重: 7.60 -> 截断为: 7.60
   -> Focal Loss Alpha: 0.8838
📉 Snapshot 节点数: 26556 (仅当前任务)
   [SPC] Task 2 子空间原型已更新 | 欺诈: 422, 正常: 3209

--- [CL Evaluation] Evaluating on all seen tasks (0 to 1) ---
*** CL Metrics @ Task 2 ***
  [Binary]  F1: 0.0370 | Precision: 0.0263 | Recall: 0.0625
  [Macro]   Macro-F1: 0.5097 | Macro-Recall: 0.5194
  [Ranking] AUC-ROC: 0.7584 | AUC-PR: 0.0366
  [Balance] G-Mean: 0.1759 | Specificity: 0.9763 | MCC: 0.0241

--- Training on Task 3 (Timesteps: 11 to 15) ---
🔧 Task 3 动态权重: 4.05 -> 截断为: 4.05
   -> Focal Loss Alpha: 0.8019
📉 Snapshot 节点数: 16532 (仅当前任务)
   [SPC] Task 3 子空间原型已更新 | 欺诈: 481, 正常: 1947

--- [CL Evaluation] Evaluating on all seen tasks (0 to 2) ---
*** CL Metrics @ Task 3 ***
  [Binary]  F1: 0.0580 | Precision: 0.1085 | Recall: 0.0621
  [Macro]   Macro-F1: 0.4976 | Macro-Recall: 0.5147
  [Ranking] AUC-ROC: 0.7394 | AUC-PR: 0.1371
  [Balance] G-Mean: 0.1976 | Specificity: 0.9672 | MCC: 0.0225

--- Training on Task 4 (Timesteps: 16 to 20) ---
🔧 Task 4 动态权重: 5.89 -> 截断为: 5.89
   -> Focal Loss Alpha: 0.8549
📉 Snapshot 节点数: 16133 (仅当前任务)
   [SPC] Task 4 子空间原型已更新 | 欺诈: 359, 正常: 2116

--- [CL Evaluation] Evaluating on all seen tasks (0 to 3) ---
*** CL Metrics @ Task 4 ***
  [Binary]  F1: 0.0754 | Precision: 0.2063 | Recall: 0.0648
  [Macro]   Macro-F1: 0.4925 | Macro-Recall: 0.5164
  [Ranking] AUC-ROC: 0.7561 | AUC-PR: 0.2317
  [Balance] G-Mean: 0.2148 | Specificity: 0.9680 | MCC: 0.0414

--- Training on Task 5 (Timesteps: 21 to 25) ---
🔧 Task 5 动态权重: 9.53 -> 截断为: 9.53
   -> Focal Loss Alpha: 0.9050
📉 Snapshot 节点数: 20502 (仅当前任务)
   [SPC] Task 5 子空间原型已更新 | 欺诈: 448, 正常: 4269

--- [CL Evaluation] Evaluating on all seen tasks (0 to 4) ---
*** CL Metrics @ Task 5 ***
  [Binary]  F1: 0.0866 | Precision: 0.2598 | Recall: 0.0671
  [Macro]   Macro-F1: 0.4958 | Macro-Recall: 0.5187
  [Ranking] AUC-ROC: 0.7818 | AUC-PR: 0.2989
  [Balance] G-Mean: 0.2265 | Specificity: 0.9702 | MCC: 0.0581

--- Training on Task 6 (Timesteps: 26 to 30) ---
🔧 Task 6 动态权重: 3.08 -> 截断为: 3.08
   -> Focal Loss Alpha: 0.7552
📉 Snapshot 节点数: 12023 (仅当前任务)
   [SPC] Task 6 子空间原型已更新 | 欺诈: 534, 正常: 1647

--- [CL Evaluation] Evaluating on all seen tasks (0 to 5) ---
*** CL Metrics @ Task 6 ***
  [Binary]  F1: 0.0786 | Precision: 0.2332 | Recall: 0.0599
  [Macro]   Macro-F1: 0.4910 | Macro-Recall: 0.5142
  [Ranking] AUC-ROC: 0.7852 | AUC-PR: 0.2997
  [Balance] G-Mean: 0.2141 | Specificity: 0.9684 | MCC: 0.0431

--- Training on Task 7 (Timesteps: 31 to 35) ---
🔧 Task 7 动态权重: 4.88 -> 截断为: 4.88
   -> Focal Loss Alpha: 0.8300
📉 Snapshot 节点数: 18485 (仅当前任务)
   [SPC] Task 7 子空间原型已更新 | 欺诈: 508, 正常: 2481

--- [CL Evaluation] Evaluating on all seen tasks (0 to 6) ---
*** CL Metrics @ Task 7 ***
  [Binary]  F1: 0.0773 | Precision: 0.2161 | Recall: 0.0584
  [Macro]   Macro-F1: 0.4900 | Macro-Recall: 0.5114
  [Ranking] AUC-ROC: 0.7735 | AUC-PR: 0.2847
  [Balance] G-Mean: 0.2143 | Specificity: 0.9643 | MCC: 0.0347

--- Training on Task 8 (Timesteps: 36 to 40) ---
🔧 Task 8 动态权重: 14.64 -> 截断为: 10.00
   -> Focal Loss Alpha: 0.9091
📉 Snapshot 节点数: 19831 (仅当前任务)
   [SPC] Task 8 子空间原型已更新 | 欺诈: 265, 正常: 3880

--- [CL Evaluation] Evaluating on all seen tasks (0 to 7) ---
*** CL Metrics @ Task 8 ***
  [Binary]  F1: 0.0746 | Precision: 0.1955 | Recall: 0.0590
  [Macro]   Macro-F1: 0.4880 | Macro-Recall: 0.5064
  [Ranking] AUC-ROC: 0.7465 | AUC-PR: 0.2609
  [Balance] G-Mean: 0.2168 | Specificity: 0.9539 | MCC: 0.0240

--- Training on Task 9 (Timesteps: 41 to 45) ---
🔧 Task 9 动态权重: 14.50 -> 截断为: 10.00
   -> Focal Loss Alpha: 0.9091
📉 Snapshot 节点数: 28118 (仅当前任务)
   [SPC] Task 9 子空间原型已更新 | 欺诈: 403, 正常: 5844

--- [CL Evaluation] Evaluating on all seen tasks (0 to 8) ---
*** CL Metrics @ Task 9 ***
  [Binary]  F1: 0.0699 | Precision: 0.1757 | Recall: 0.0746
  [Macro]   Macro-F1: 0.4897 | Macro-Recall: 0.5142
  [Ranking] AUC-ROC: 0.7456 | AUC-PR: 0.2332
  [Balance] G-Mean: 0.2413 | Specificity: 0.9538 | MCC: 0.0264

--- Training on Task 10 (Timesteps: 46 to 49) ---
🔧 Task 10 动态权重: 32.82 -> 截断为: 10.00
   -> Focal Loss Alpha: 0.9091
📉 Snapshot 节点数: 14048 (仅当前任务)
   [SPC] Task 10 子空间原型已更新 | 欺诈: 60, 正常: 1969

--- [CL Evaluation] Evaluating on all seen tasks (0 to 9) ---
*** CL Metrics @ Task 10 ***
  [Binary]  F1: 0.0656 | Precision: 0.1640 | Recall: 0.0689
  [Macro]   Macro-F1: 0.4881 | Macro-Recall: 0.5118
  [Ranking] AUC-ROC: 0.7379 | AUC-PR: 0.2253
  [Balance] G-Mean: 0.2302 | Specificity: 0.9547 | MCC: 0.0203
All tasks trained.
Total time: 71.85s
