/usr/local/miniconda3/envs/py312/lib/python3.12/site-packages/torch/optim/lr_scheduler.py:1343: UserWarning: Converting a tensor with requires_grad=True to a scalar may lead to unexpected behavior.
Consider using tensor.detach() first. (Triggered internally at /pytorch/torch/csrc/autograd/generated/python_variable_methods.cpp:836.)
  current = float(metrics)

--- Training on Task 1 (Timesteps: 1 to 5) ---
[ROBUST] train_fraud_ratio=0.50: fraud 76 -> 38, normal kept 5907
[INFO] Task 1 class weight: 155.45 -> clipped: 20.00
   -> Focal Loss Alpha: 0.9524
[INFO] Snapshot nodes: 31541 (current task only)

--- [CL Evaluation] Evaluating on all seen tasks (0 to 0) ---
*** CL Metrics @ Task 1 [WARM-UP, 仅供参考] ***
  [Binary]  F1: 0.0000 | Precision: 0.0000 | Recall: 0.0000
  [Macro]   Macro-F1: 0.4989 | Macro-Recall: 0.5000
  [Ranking] AUC-ROC: 0.9404 | AUC-PR: 0.0456
  [Balance] G-Mean: 0.0000 | Specificity: 1.0000 | MCC: 0.0000

--- Training on Task 2 (Timesteps: 6 to 10) ---
[ROBUST] train_fraud_ratio=0.50: fraud 422 -> 211, normal kept 3209
[INFO] Task 2 class weight: 15.21 -> clipped: 10.00
   -> Focal Loss Alpha: 0.9091
[INFO] Snapshot nodes: 26556 (current task only)
   [EWC] Updating Fisher Matrix...
   [SPC] Task 2 子空间原型已更新 | 欺诈: 211, 正常: 3209

--- [CL Evaluation] Evaluating on all seen tasks (0 to 1) ---
*** CL Metrics @ Task 2 ***
  [Binary]  F1: 0.1178 | Precision: 0.0665 | Recall: 0.6319
  [Macro]   Macro-F1: 0.5207 | Macro-Recall: 0.7462
  [Ranking] AUC-ROC: 0.8906 | AUC-PR: 0.1674
  [Balance] G-Mean: 0.7230 | Specificity: 0.8605 | MCC: 0.1715

--- Training on Task 3 (Timesteps: 11 to 15) ---
[ROBUST] train_fraud_ratio=0.50: fraud 481 -> 240, normal kept 1947
[INFO] Task 3 class weight: 8.11 -> clipped: 8.11
   -> Focal Loss Alpha: 0.8903
[INFO] Snapshot nodes: 16532 (current task only)
   [EWC] Updating Fisher Matrix...
   [SPC] Task 3 子空间原型已更新 | 欺诈: 240, 正常: 1947

--- [CL Evaluation] Evaluating on all seen tasks (0 to 2) ---
*** CL Metrics @ Task 3 ***
  [Binary]  F1: 0.3110 | Precision: 0.2383 | Recall: 0.7115
  [Macro]   Macro-F1: 0.6088 | Macro-Recall: 0.7767
  [Ranking] AUC-ROC: 0.8960 | AUC-PR: 0.3531
  [Balance] G-Mean: 0.7610 | Specificity: 0.8419 | MCC: 0.3145

--- Training on Task 4 (Timesteps: 16 to 20) ---
[ROBUST] train_fraud_ratio=0.50: fraud 359 -> 180, normal kept 2116
[INFO] Task 4 class weight: 11.76 -> clipped: 10.00
   -> Focal Loss Alpha: 0.9091
[INFO] Snapshot nodes: 16133 (current task only)
   [EWC] Updating Fisher Matrix...
   [SPC] Task 4 子空间原型已更新 | 欺诈: 180, 正常: 2116

--- [CL Evaluation] Evaluating on all seen tasks (0 to 3) ---
*** CL Metrics @ Task 4 ***
  [Binary]  F1: 0.3971 | Precision: 0.3174 | Recall: 0.7337
  [Macro]   Macro-F1: 0.6400 | Macro-Recall: 0.7749
  [Ranking] AUC-ROC: 0.8761 | AUC-PR: 0.3943
  [Balance] G-Mean: 0.7630 | Specificity: 0.8162 | MCC: 0.3598

--- Training on Task 5 (Timesteps: 21 to 25) ---
[ROBUST] train_fraud_ratio=0.50: fraud 448 -> 224, normal kept 4269
[INFO] Task 5 class weight: 19.06 -> clipped: 10.00
   -> Focal Loss Alpha: 0.9091
[INFO] Snapshot nodes: 20502 (current task only)
   [EWC] Updating Fisher Matrix...
   [SPC] Task 5 子空间原型已更新 | 欺诈: 224, 正常: 4269

--- [CL Evaluation] Evaluating on all seen tasks (0 to 4) ---
*** CL Metrics @ Task 5 ***
  [Binary]  F1: 0.4746 | Precision: 0.3954 | Recall: 0.7632
  [Macro]   Macro-F1: 0.6843 | Macro-Recall: 0.7990
  [Ranking] AUC-ROC: 0.8898 | AUC-PR: 0.4578
  [Balance] G-Mean: 0.7895 | Specificity: 0.8349 | MCC: 0.4341

--- Training on Task 6 (Timesteps: 26 to 30) ---
[ROBUST] train_fraud_ratio=0.50: fraud 534 -> 267, normal kept 1647
[INFO] Task 6 class weight: 6.17 -> clipped: 6.17
   -> Focal Loss Alpha: 0.8605
[INFO] Snapshot nodes: 12023 (current task only)
   [EWC] Updating Fisher Matrix...
   [SPC] Task 6 子空间原型已更新 | 欺诈: 267, 正常: 1647

--- [CL Evaluation] Evaluating on all seen tasks (0 to 5) ---
*** CL Metrics @ Task 6 ***
  [Binary]  F1: 0.4846 | Precision: 0.4016 | Recall: 0.7525
  [Macro]   Macro-F1: 0.6880 | Macro-Recall: 0.7931
  [Ranking] AUC-ROC: 0.8870 | AUC-PR: 0.4523
  [Balance] G-Mean: 0.7847 | Specificity: 0.8337 | MCC: 0.4352

--- Training on Task 7 (Timesteps: 31 to 35) ---
[ROBUST] train_fraud_ratio=0.50: fraud 508 -> 254, normal kept 2481
[INFO] Task 7 class weight: 9.77 -> clipped: 9.77
   -> Focal Loss Alpha: 0.9071
[INFO] Snapshot nodes: 18485 (current task only)
   [EWC] Updating Fisher Matrix...
   [SPC] Task 7 子空间原型已更新 | 欺诈: 254, 正常: 2481

--- [CL Evaluation] Evaluating on all seen tasks (0 to 6) ---
*** CL Metrics @ Task 7 ***
  [Binary]  F1: 0.4907 | Precision: 0.4018 | Recall: 0.7541
  [Macro]   Macro-F1: 0.6906 | Macro-Recall: 0.7931
  [Ranking] AUC-ROC: 0.8823 | AUC-PR: 0.4450
  [Balance] G-Mean: 0.7858 | Specificity: 0.8320 | MCC: 0.4386

--- Training on Task 8 (Timesteps: 36 to 40) ---
[ROBUST] train_fraud_ratio=0.50: fraud 265 -> 132, normal kept 3880
[INFO] Task 8 class weight: 29.39 -> clipped: 10.00
   -> Focal Loss Alpha: 0.9091
[INFO] Snapshot nodes: 19831 (current task only)
   [EWC] Updating Fisher Matrix...
   [SPC] Task 8 子空间原型已更新 | 欺诈: 132, 正常: 3880

--- [CL Evaluation] Evaluating on all seen tasks (0 to 7) ---
*** CL Metrics @ Task 8 ***
  [Binary]  F1: 0.4669 | Precision: 0.3788 | Recall: 0.7201
  [Macro]   Macro-F1: 0.6779 | Macro-Recall: 0.7755
  [Ranking] AUC-ROC: 0.8658 | AUC-PR: 0.4121
  [Balance] G-Mean: 0.7663 | Specificity: 0.8310 | MCC: 0.4112

--- Training on Task 9 (Timesteps: 41 to 45) ---
[ROBUST] train_fraud_ratio=0.50: fraud 403 -> 202, normal kept 5844
[INFO] Task 9 class weight: 28.93 -> clipped: 10.00
   -> Focal Loss Alpha: 0.9091
[INFO] Snapshot nodes: 28118 (current task only)
   [EWC] Updating Fisher Matrix...
   [SPC] Task 9 子空间原型已更新 | 欺诈: 202, 正常: 5844

--- [CL Evaluation] Evaluating on all seen tasks (0 to 8) ---
*** CL Metrics @ Task 9 ***
  [Binary]  F1: 0.4160 | Precision: 0.3372 | Recall: 0.6623
  [Macro]   Macro-F1: 0.6532 | Macro-Recall: 0.7463
  [Ranking] AUC-ROC: 0.8372 | AUC-PR: 0.3670
  [Balance] G-Mean: 0.7263 | Specificity: 0.8303 | MCC: 0.3660

--- Training on Task 10 (Timesteps: 46 to 49) ---
[ROBUST] train_fraud_ratio=0.50: fraud 60 -> 30, normal kept 1969
[INFO] Task 10 class weight: 65.63 -> clipped: 10.00
   -> Focal Loss Alpha: 0.9091
[INFO] Snapshot nodes: 14048 (current task only)
   [EWC] Updating Fisher Matrix...
   [SPC] Task 10 子空间原型已更新 | 欺诈: 30, 正常: 1969

--- [CL Evaluation] Evaluating on all seen tasks (0 to 9) ---
*** CL Metrics @ Task 10 ***
  [Binary]  F1: 0.4053 | Precision: 0.3350 | Recall: 0.6264
  [Macro]   Macro-F1: 0.6488 | Macro-Recall: 0.7324
  [Ranking] AUC-ROC: 0.8370 | AUC-PR: 0.3581
  [Balance] G-Mean: 0.7063 | Specificity: 0.8384 | MCC: 0.3513
All tasks trained.
Total time: 31.32s
