/usr/local/miniconda3/envs/py312/lib/python3.12/site-packages/torch/optim/lr_scheduler.py:1343: UserWarning: Converting a tensor with requires_grad=True to a scalar may lead to unexpected behavior.
Consider using tensor.detach() first. (Triggered internally at /pytorch/torch/csrc/autograd/generated/python_variable_methods.cpp:836.)
  current = float(metrics)

--- Training on Task 1 (Timesteps: 1 to 10) ---
[INFO] Task 1 class weight: 40.54 -> clipped: 20.00
   -> Focal Loss Alpha: 0.9524
[INFO] Snapshot nodes: 58097 (current task only)

--- [CL Evaluation] Evaluating on all seen tasks (0 to 0) ---
*** CL Metrics @ Task 1 [WARM-UP, 仅供参考] ***
  [Binary]  F1: 0.5966 | Precision: 0.4420 | Recall: 0.9173
  [Macro]   Macro-F1: 0.7368 | Macro-Recall: 0.8549
  [Ranking] AUC-ROC: 0.9442 | AUC-PR: 0.7466
  [Balance] G-Mean: 0.8526 | Specificity: 0.7925 | MCC: 0.5484

--- Training on Task 2 (Timesteps: 11 to 20) ---
[INFO] Task 2 class weight: 4.27 -> clipped: 4.27
   -> Focal Loss Alpha: 0.8101
[INFO] Snapshot nodes: 32665 (current task only)

--- [CL Evaluation] Evaluating on all seen tasks (0 to 1) ---
*** CL Metrics @ Task 2 ***
  [Binary]  F1: 0.7340 | Precision: 0.6345 | Recall: 0.8712
  [Macro]   Macro-F1: 0.8303 | Macro-Recall: 0.8804
  [Ranking] AUC-ROC: 0.9490 | AUC-PR: 0.7961
  [Balance] G-Mean: 0.8802 | Specificity: 0.8896 | MCC: 0.6762

--- Training on Task 3 (Timesteps: 21 to 30) ---
[INFO] Task 3 class weight: 7.19 -> clipped: 7.19
   -> Focal Loss Alpha: 0.8780
[INFO] Snapshot nodes: 32525 (current task only)

--- [CL Evaluation] Evaluating on all seen tasks (0 to 2) ---
*** CL Metrics @ Task 3 ***
  [Binary]  F1: 0.6477 | Precision: 0.5819 | Recall: 0.7386
  [Macro]   Macro-F1: 0.7715 | Macro-Recall: 0.8048
  [Ranking] AUC-ROC: 0.8880 | AUC-PR: 0.7127
  [Balance] G-Mean: 0.7962 | Specificity: 0.8709 | MCC: 0.5534

--- Training on Task 4 (Timesteps: 31 to 40) ---
[INFO] Task 4 class weight: 7.34 -> clipped: 7.34
   -> Focal Loss Alpha: 0.8801
[INFO] Snapshot nodes: 38316 (current task only)

--- [CL Evaluation] Evaluating on all seen tasks (0 to 3) ---
*** CL Metrics @ Task 4 ***
  [Binary]  F1: 0.5561 | Precision: 0.4794 | Recall: 0.7469
  [Macro]   Macro-F1: 0.7132 | Macro-Recall: 0.7843
  [Ranking] AUC-ROC: 0.8769 | AUC-PR: 0.6154
  [Balance] G-Mean: 0.7774 | Specificity: 0.8216 | MCC: 0.4781

--- Training on Task 5 (Timesteps: 41 to 49) ---
[INFO] Task 5 class weight: 19.89 -> clipped: 10.00
   -> Focal Loss Alpha: 0.9091
[INFO] Snapshot nodes: 42166 (current task only)

--- [CL Evaluation] Evaluating on all seen tasks (0 to 4) ---
*** CL Metrics @ Task 5 ***
  [Binary]  F1: 0.5324 | Precision: 0.4461 | Recall: 0.7432
  [Macro]   Macro-F1: 0.7035 | Macro-Recall: 0.7831
  [Ranking] AUC-ROC: 0.8766 | AUC-PR: 0.5684
  [Balance] G-Mean: 0.7773 | Specificity: 0.8229 | MCC: 0.4613
All tasks trained.
Total time: 10.83s
