/usr/local/miniconda3/envs/py312/lib/python3.12/site-packages/torch/optim/lr_scheduler.py:1343: UserWarning: Converting a tensor with requires_grad=True to a scalar may lead to unexpected behavior.
Consider using tensor.detach() first. (Triggered internally at /pytorch/torch/csrc/autograd/generated/python_variable_methods.cpp:836.)
  current = float(metrics)

--- Training on Task 1 (Timesteps: 1 to 5) ---
[INFO] Task 1 class weight: 77.72 -> clipped: 20.00
   -> Focal Loss Alpha: 0.9524
[INFO] Snapshot nodes: 31541 (current task only)

--- [CL Evaluation] Evaluating on all seen tasks (0 to 0) ---
*** CL Metrics @ Task 1 [WARM-UP, 仅供参考] ***
  [Binary]  F1: 0.1250 | Precision: 0.0714 | Recall: 0.5000
  [Macro]   Macro-F1: 0.5549 | Macro-Recall: 0.7361
  [Ranking] AUC-ROC: 0.9448 | AUC-PR: 0.2930
  [Balance] G-Mean: 0.6972 | Specificity: 0.9723 | MCC: 0.1808

--- Training on Task 2 (Timesteps: 6 to 10) ---
[INFO] Task 2 class weight: 7.60 -> clipped: 7.60
   -> Focal Loss Alpha: 0.8838
[INFO] Snapshot nodes: 26556 (current task only)

--- [CL Evaluation] Evaluating on all seen tasks (0 to 1) ---
*** CL Metrics @ Task 2 ***
  [Binary]  F1: 0.1786 | Precision: 0.1066 | Recall: 0.6111
  [Macro]   Macro-F1: 0.5742 | Macro-Recall: 0.7780
  [Ranking] AUC-ROC: 0.9449 | AUC-PR: 0.2193
  [Balance] G-Mean: 0.7561 | Specificity: 0.9449 | MCC: 0.2345

--- Training on Task 3 (Timesteps: 11 to 15) ---
[INFO] Task 3 class weight: 4.05 -> clipped: 4.05
   -> Focal Loss Alpha: 0.8019
[INFO] Snapshot nodes: 16532 (current task only)

--- [CL Evaluation] Evaluating on all seen tasks (0 to 2) ---
*** CL Metrics @ Task 3 ***
  [Binary]  F1: 0.3293 | Precision: 0.2405 | Recall: 0.6841
  [Macro]   Macro-F1: 0.6265 | Macro-Recall: 0.7819
  [Ranking] AUC-ROC: 0.9164 | AUC-PR: 0.3300
  [Balance] G-Mean: 0.7670 | Specificity: 0.8797 | MCC: 0.3251

--- Training on Task 4 (Timesteps: 16 to 20) ---
[INFO] Task 4 class weight: 5.89 -> clipped: 5.89
   -> Focal Loss Alpha: 0.8549
[INFO] Snapshot nodes: 16133 (current task only)

--- [CL Evaluation] Evaluating on all seen tasks (0 to 3) ---
*** CL Metrics @ Task 4 ***
  [Binary]  F1: 0.4092 | Precision: 0.3116 | Recall: 0.7255
  [Macro]   Macro-F1: 0.6493 | Macro-Recall: 0.7786
  [Ranking] AUC-ROC: 0.8987 | AUC-PR: 0.3926
  [Balance] G-Mean: 0.7663 | Specificity: 0.8317 | MCC: 0.3659

--- Training on Task 5 (Timesteps: 21 to 25) ---
[INFO] Task 5 class weight: 9.53 -> clipped: 9.53
   -> Focal Loss Alpha: 0.9050
[INFO] Snapshot nodes: 20502 (current task only)

--- [CL Evaluation] Evaluating on all seen tasks (0 to 4) ---
*** CL Metrics @ Task 5 ***
  [Binary]  F1: 0.4677 | Precision: 0.3594 | Recall: 0.7737
  [Macro]   Macro-F1: 0.6783 | Macro-Recall: 0.8000
  [Ranking] AUC-ROC: 0.9016 | AUC-PR: 0.4321
  [Balance] G-Mean: 0.7894 | Specificity: 0.8263 | MCC: 0.4218

--- Training on Task 6 (Timesteps: 26 to 30) ---
[INFO] Task 6 class weight: 3.08 -> clipped: 3.08
   -> Focal Loss Alpha: 0.7552
[INFO] Snapshot nodes: 12023 (current task only)

--- [CL Evaluation] Evaluating on all seen tasks (0 to 5) ---
*** CL Metrics @ Task 6 ***
  [Binary]  F1: 0.4772 | Precision: 0.3595 | Recall: 0.8054
  [Macro]   Macro-F1: 0.6761 | Macro-Recall: 0.8035
  [Ranking] AUC-ROC: 0.8997 | AUC-PR: 0.4360
  [Balance] G-Mean: 0.7926 | Specificity: 0.8016 | MCC: 0.4305

--- Training on Task 7 (Timesteps: 31 to 35) ---
[INFO] Task 7 class weight: 4.88 -> clipped: 4.88
   -> Focal Loss Alpha: 0.8300
[INFO] Snapshot nodes: 18485 (current task only)

--- [CL Evaluation] Evaluating on all seen tasks (0 to 6) ---
*** CL Metrics @ Task 7 ***
  [Binary]  F1: 0.4618 | Precision: 0.3412 | Recall: 0.8222
  [Macro]   Macro-F1: 0.6543 | Macro-Recall: 0.7916
  [Ranking] AUC-ROC: 0.8836 | AUC-PR: 0.4122
  [Balance] G-Mean: 0.7781 | Specificity: 0.7610 | MCC: 0.4123

--- Training on Task 8 (Timesteps: 36 to 40) ---
[INFO] Task 8 class weight: 14.64 -> clipped: 10.00
   -> Focal Loss Alpha: 0.9091
[INFO] Snapshot nodes: 19831 (current task only)

--- [CL Evaluation] Evaluating on all seen tasks (0 to 7) ---
*** CL Metrics @ Task 8 ***
  [Binary]  F1: 0.4304 | Precision: 0.3134 | Recall: 0.8321
  [Macro]   Macro-F1: 0.6158 | Macro-Recall: 0.7691
  [Ranking] AUC-ROC: 0.8492 | AUC-PR: 0.3755
  [Balance] G-Mean: 0.7481 | Specificity: 0.7060 | MCC: 0.3783

--- Training on Task 9 (Timesteps: 41 to 45) ---
[INFO] Task 9 class weight: 14.50 -> clipped: 10.00
   -> Focal Loss Alpha: 0.9091
[INFO] Snapshot nodes: 28118 (current task only)

--- [CL Evaluation] Evaluating on all seen tasks (0 to 8) ---
*** CL Metrics @ Task 9 ***
  [Binary]  F1: 0.3839 | Precision: 0.2792 | Recall: 0.8063
  [Macro]   Macro-F1: 0.5886 | Macro-Recall: 0.7490
  [Ranking] AUC-ROC: 0.8319 | AUC-PR: 0.3370
  [Balance] G-Mean: 0.7304 | Specificity: 0.6917 | MCC: 0.3388

--- Training on Task 10 (Timesteps: 46 to 49) ---
[INFO] Task 10 class weight: 32.82 -> clipped: 10.00
   -> Focal Loss Alpha: 0.9091
[INFO] Snapshot nodes: 14048 (current task only)

--- [CL Evaluation] Evaluating on all seen tasks (0 to 9) ---
*** CL Metrics @ Task 10 ***
  [Binary]  F1: 0.3887 | Precision: 0.2791 | Recall: 0.8221
  [Macro]   Macro-F1: 0.5913 | Macro-Recall: 0.7557
  [Ranking] AUC-ROC: 0.8390 | AUC-PR: 0.3464
  [Balance] G-Mean: 0.7375 | Specificity: 0.6892 | MCC: 0.3463
All tasks trained.
Total time: 10.99s
