/usr/local/miniconda3/envs/py312/lib/python3.12/site-packages/torch/optim/lr_scheduler.py:1343: UserWarning: Converting a tensor with requires_grad=True to a scalar may lead to unexpected behavior.
Consider using tensor.detach() first. (Triggered internally at /pytorch/torch/csrc/autograd/generated/python_variable_methods.cpp:836.)
  current = float(metrics)

--- Training on Task 1 (Timesteps: 1 to 10) ---
[INFO] Task 1 class weight: 40.54 -> clipped: 20.00
   -> Focal Loss Alpha: 0.9524
[INFO] Snapshot nodes: 58097 (current task only)

--- [CL Evaluation] Evaluating on all seen tasks (0 to 0) ---
*** CL Metrics @ Task 1 [WARM-UP, 仅供参考] ***
  [Binary]  F1: 0.6517 | Precision: 0.5020 | Recall: 0.9286
  [Macro]   Macro-F1: 0.7777 | Macro-Recall: 0.8817
  [Ranking] AUC-ROC: 0.9450 | AUC-PR: 0.7305
  [Balance] G-Mean: 0.8805 | Specificity: 0.8349 | MCC: 0.6097

--- Training on Task 2 (Timesteps: 11 to 20) ---
[INFO] Task 2 class weight: 4.27 -> clipped: 4.27
   -> Focal Loss Alpha: 0.8101
[INFO] Snapshot nodes: 32665 (current task only)

--- [CL Evaluation] Evaluating on all seen tasks (0 to 1) ---
*** CL Metrics @ Task 2 ***
  [Binary]  F1: 0.6755 | Precision: 0.5418 | Recall: 0.8975
  [Macro]   Macro-F1: 0.7865 | Macro-Recall: 0.8658
  [Ranking] AUC-ROC: 0.9298 | AUC-PR: 0.7091
  [Balance] G-Mean: 0.8652 | Specificity: 0.8341 | MCC: 0.6127

--- Training on Task 3 (Timesteps: 21 to 30) ---
[INFO] Task 3 class weight: 7.19 -> clipped: 7.19
   -> Focal Loss Alpha: 0.8780
[INFO] Snapshot nodes: 32525 (current task only)

--- [CL Evaluation] Evaluating on all seen tasks (0 to 2) ---
*** CL Metrics @ Task 3 ***
  [Binary]  F1: 0.5991 | Precision: 0.4945 | Recall: 0.7666
  [Macro]   Macro-F1: 0.7305 | Macro-Recall: 0.7876
  [Ranking] AUC-ROC: 0.8697 | AUC-PR: 0.6340
  [Balance] G-Mean: 0.7829 | Specificity: 0.8086 | MCC: 0.4898

--- Training on Task 4 (Timesteps: 31 to 40) ---
[INFO] Task 4 class weight: 7.34 -> clipped: 7.34
   -> Focal Loss Alpha: 0.8801
[INFO] Snapshot nodes: 38316 (current task only)

--- [CL Evaluation] Evaluating on all seen tasks (0 to 3) ---
*** CL Metrics @ Task 4 ***
  [Binary]  F1: 0.5078 | Precision: 0.4043 | Recall: 0.8068
  [Macro]   Macro-F1: 0.6571 | Macro-Recall: 0.7658
  [Ranking] AUC-ROC: 0.8369 | AUC-PR: 0.5099
  [Balance] G-Mean: 0.7528 | Specificity: 0.7248 | MCC: 0.4223

--- Training on Task 5 (Timesteps: 41 to 49) ---
[INFO] Task 5 class weight: 19.89 -> clipped: 10.00
   -> Focal Loss Alpha: 0.9091
[INFO] Snapshot nodes: 42166 (current task only)

--- [CL Evaluation] Evaluating on all seen tasks (0 to 4) ---
*** CL Metrics @ Task 5 ***
  [Binary]  F1: 0.4759 | Precision: 0.3673 | Recall: 0.8150
  [Macro]   Macro-F1: 0.6403 | Macro-Recall: 0.7649
  [Ranking] AUC-ROC: 0.8273 | AUC-PR: 0.4468
  [Balance] G-Mean: 0.7536 | Specificity: 0.7148 | MCC: 0.4017
All tasks trained.
Total time: 6.17s
