/usr/local/miniconda3/envs/py312/lib/python3.12/site-packages/torch/optim/lr_scheduler.py:1343: UserWarning: Converting a tensor with requires_grad=True to a scalar may lead to unexpected behavior.
Consider using tensor.detach() first. (Triggered internally at /pytorch/torch/csrc/autograd/generated/python_variable_methods.cpp:836.)
  current = float(metrics)

--- Training on Task 1 (Timesteps: 1 to 5) ---
🔧 Task 1 动态权重: 93.15 -> 截断为: 20.00
   -> Focal Loss Alpha: 0.9524
📉 Snapshot 节点数: 31541 (仅当前任务)
   [EWC] Updating Fisher Matrix...
   [SPC] Task 1 子空间原型已更新 | 欺诈: 71, 正常: 6614

--- [CL Evaluation] Evaluating on all seen tasks (0 to 0) ---
*** CL Metrics @ Task 1 ***
  [Accuracy]  Avg F1: 0.0309 | AUC-ROC: 0.8351 | G-Mean: 0.5484
  [Stability] Avg Forgetting (↓): 0.0000 | Avg BWT (↑): 0.0000
  > Matrix Row:  [0.0309]

--- Training on Task 2 (Timesteps: 6 to 10) ---
🔧 Task 2 动态权重: 9.69 -> 截断为: 9.69
   -> Focal Loss Alpha: 0.9064
📉 Snapshot 节点数: 26556 (仅当前任务)
   [EWC] Updating Fisher Matrix...
   [SPC] Task 2 子空间原型已更新 | 欺诈: 366, 正常: 3546

--- [CL Evaluation] Evaluating on all seen tasks (0 to 1) ---
*** CL Metrics @ Task 2 ***
  [Accuracy]  Avg F1: 0.1358 | AUC-ROC: 0.8718 | G-Mean: 0.5215
  [Stability] Avg Forgetting (↓): -0.0001 | Avg BWT (↑): 0.0001
  > Matrix Row:  [0.031  0.2407]

--- Training on Task 3 (Timesteps: 11 to 15) ---
🔧 Task 3 动态权重: 3.73 -> 截断为: 3.73
   -> Focal Loss Alpha: 0.7887
📉 Snapshot 节点数: 16532 (仅当前任务)
   [EWC] Updating Fisher Matrix...
   [SPC] Task 3 子空间原型已更新 | 欺诈: 547, 正常: 2042

--- [CL Evaluation] Evaluating on all seen tasks (0 to 2) ---
*** CL Metrics @ Task 3 ***
  [Accuracy]  Avg F1: 0.2042 | AUC-ROC: 0.8827 | G-Mean: 0.4841
  [Stability] Avg Forgetting (↓): 0.0000 | Avg BWT (↑): 0.0000
  > Matrix Row:  [0.031  0.2407 0.3411]

--- Training on Task 4 (Timesteps: 16 to 20) ---
🔧 Task 4 动态权重: 4.60 -> 截断为: 4.60
   -> Focal Loss Alpha: 0.8215
📉 Snapshot 节点数: 16133 (仅当前任务)
   [EWC] Updating Fisher Matrix...
   [SPC] Task 4 子空间原型已更新 | 欺诈: 512, 正常: 2356

--- [CL Evaluation] Evaluating on all seen tasks (0 to 3) ---
*** CL Metrics @ Task 4 ***
  [Accuracy]  Avg F1: 0.2551 | AUC-ROC: 0.8729 | G-Mean: 0.4810
  [Stability] Avg Forgetting (↓): 0.0000 | Avg BWT (↑): 0.0000
  > Matrix Row:  [0.031  0.2407 0.3411 0.4076]

--- Training on Task 5 (Timesteps: 21 to 25) ---
🔧 Task 5 动态权重: 8.42 -> 截断为: 8.42
   -> Focal Loss Alpha: 0.8939
📉 Snapshot 节点数: 20502 (仅当前任务)
   [EWC] Updating Fisher Matrix...
   [SPC] Task 5 子空间原型已更新 | 欺诈: 479, 正常: 4035

--- [CL Evaluation] Evaluating on all seen tasks (0 to 4) ---
*** CL Metrics @ Task 5 ***
  [Accuracy]  Avg F1: 0.2593 | AUC-ROC: 0.8651 | G-Mean: 0.5044
  [Stability] Avg Forgetting (↓): 0.0000 | Avg BWT (↑): 0.0000
  > Matrix Row:  [0.031  0.2407 0.3411 0.4076 0.2762]

--- Training on Task 6 (Timesteps: 26 to 30) ---
🔧 Task 6 动态权重: 3.38 -> 截断为: 3.38
   -> Focal Loss Alpha: 0.7716
📉 Snapshot 节点数: 12023 (仅当前任务)
   [EWC] Updating Fisher Matrix...
   [SPC] Task 6 子空间原型已更新 | 欺诈: 525, 正常: 1774

--- [CL Evaluation] Evaluating on all seen tasks (0 to 5) ---
*** CL Metrics @ Task 6 ***
  [Accuracy]  Avg F1: 0.2887 | AUC-ROC: 0.8335 | G-Mean: 0.5024
  [Stability] Avg Forgetting (↓): 0.0000 | Avg BWT (↑): 0.0000
  > Matrix Row:  [0.031  0.2407 0.3411 0.4076 0.2762 0.436 ]

--- Training on Task 7 (Timesteps: 31 to 35) ---
🔧 Task 7 动态权重: 5.30 -> 截断为: 5.30
   -> Focal Loss Alpha: 0.8413
📉 Snapshot 节点数: 18485 (仅当前任务)
   [EWC] Updating Fisher Matrix...
   [SPC] Task 7 子空间原型已更新 | 欺诈: 584, 正常: 3096

--- [CL Evaluation] Evaluating on all seen tasks (0 to 6) ---
*** CL Metrics @ Task 7 ***
  [Accuracy]  Avg F1: 0.2902 | AUC-ROC: 0.8095 | G-Mean: 0.4721
  [Stability] Avg Forgetting (↓): 0.0000 | Avg BWT (↑): 0.0000
  > Matrix Row:  [0.031  0.2407 0.3411 0.4076 0.2762 0.436  0.2986]

--- Training on Task 8 (Timesteps: 36 to 40) ---
🔧 Task 8 动态权重: 13.36 -> 截断为: 10.00
   -> Focal Loss Alpha: 0.9091
📉 Snapshot 节点数: 19831 (仅当前任务)
   [EWC] Updating Fisher Matrix...
   [SPC] Task 8 子空间原型已更新 | 欺诈: 317, 正常: 4235

--- [CL Evaluation] Evaluating on all seen tasks (0 to 7) ---
*** CL Metrics @ Task 8 ***
  [Accuracy]  Avg F1: 0.2719 | AUC-ROC: 0.7936 | G-Mean: 0.4386
  [Stability] Avg Forgetting (↓): 0.0000 | Avg BWT (↑): 0.0000
  > Matrix Row:  [0.031  0.2407 0.3411 0.4076 0.2762 0.436  0.2986 0.1441]

--- Training on Task 9 (Timesteps: 41 to 45) ---
🔧 Task 9 动态权重: 17.19 -> 截断为: 10.00
   -> Focal Loss Alpha: 0.9091
📉 Snapshot 节点数: 28118 (仅当前任务)
   [EWC] Updating Fisher Matrix...
   [SPC] Task 9 子空间原型已更新 | 欺诈: 349, 正常: 5998

--- [CL Evaluation] Evaluating on all seen tasks (0 to 8) ---
*** CL Metrics @ Task 9 ***
  [Accuracy]  Avg F1: 0.2532 | AUC-ROC: 0.7769 | G-Mean: 0.4128
  [Stability] Avg Forgetting (↓): 0.0000 | Avg BWT (↑): 0.0000
  > Matrix Row:  [0.031  0.2407 0.3411 0.4076 0.2762 0.436  0.2986 0.1441 0.104 ]

--- Training on Task 10 (Timesteps: 46 to 49) ---
🔧 Task 10 动态权重: 21.89 -> 截断为: 10.00
   -> Focal Loss Alpha: 0.9091
📉 Snapshot 节点数: 14048 (仅当前任务)
   [EWC] Updating Fisher Matrix...
   [SPC] Task 10 子空间原型已更新 | 欺诈: 93, 正常: 2036

--- [CL Evaluation] Evaluating on all seen tasks (0 to 9) ---
*** CL Metrics @ Task 10 ***
  [Accuracy]  Avg F1: 0.2404 | AUC-ROC: 0.7714 | G-Mean: 0.4016
  [Stability] Avg Forgetting (↓): 0.0000 | Avg BWT (↑): 0.0000
  > Matrix Row:  [0.031  0.2407 0.3411 0.4076 0.2762 0.436  0.2986 0.1441 0.104  0.1253]
All tasks trained.
Total time: 64.12s
