/usr/local/miniconda3/envs/py312/lib/python3.12/site-packages/torch/optim/lr_scheduler.py:1343: UserWarning: Converting a tensor with requires_grad=True to a scalar may lead to unexpected behavior.
Consider using tensor.detach() first. (Triggered internally at /pytorch/torch/csrc/autograd/generated/python_variable_methods.cpp:836.)
  current = float(metrics)

--- Training on Task 1 (Timesteps: 1 to 5) ---
[INFO] Task 1 class weight: 77.72 -> clipped: 20.00
   -> Focal Loss Alpha: 0.9524
[INFO] Snapshot nodes: 31541 (current task only)

--- [CL Evaluation] Evaluating on all seen tasks (0 to 0) ---
*** CL Metrics @ Task 1 [WARM-UP, 仅供参考] ***
  [Binary]  F1: 0.0714 | Precision: 0.0417 | Recall: 0.2500
  [Macro]   Macro-F1: 0.5287 | Macro-Recall: 0.6127
  [Ranking] AUC-ROC: 0.9316 | AUC-PR: 0.1070
  [Balance] G-Mean: 0.4938 | Specificity: 0.9755 | MCC: 0.0930

--- Training on Task 2 (Timesteps: 6 to 10) ---
[INFO] Task 2 class weight: 7.60 -> clipped: 7.60
   -> Focal Loss Alpha: 0.8838
[INFO] Snapshot nodes: 26556 (current task only)

--- [CL Evaluation] Evaluating on all seen tasks (0 to 1) ---
*** CL Metrics @ Task 2 ***
  [Binary]  F1: 0.1779 | Precision: 0.1078 | Recall: 0.5417
  [Macro]   Macro-F1: 0.5743 | Macro-Recall: 0.7439
  [Ranking] AUC-ROC: 0.9365 | AUC-PR: 0.2066
  [Balance] G-Mean: 0.6857 | Specificity: 0.9462 | MCC: 0.2232

--- Training on Task 3 (Timesteps: 11 to 15) ---
[INFO] Task 3 class weight: 4.05 -> clipped: 4.05
   -> Focal Loss Alpha: 0.8019
[INFO] Snapshot nodes: 16532 (current task only)

--- [CL Evaluation] Evaluating on all seen tasks (0 to 2) ---
*** CL Metrics @ Task 3 ***
  [Binary]  F1: 0.3421 | Precision: 0.2661 | Recall: 0.6241
  [Macro]   Macro-F1: 0.6399 | Macro-Recall: 0.7648
  [Ranking] AUC-ROC: 0.9192 | AUC-PR: 0.3522
  [Balance] G-Mean: 0.7259 | Specificity: 0.9054 | MCC: 0.3350

--- Training on Task 4 (Timesteps: 16 to 20) ---
[INFO] Task 4 class weight: 5.89 -> clipped: 5.89
   -> Focal Loss Alpha: 0.8549
[INFO] Snapshot nodes: 16133 (current task only)

--- [CL Evaluation] Evaluating on all seen tasks (0 to 3) ---
*** CL Metrics @ Task 4 ***
  [Binary]  F1: 0.4195 | Precision: 0.3390 | Recall: 0.6643
  [Macro]   Macro-F1: 0.6632 | Macro-Recall: 0.7650
  [Ranking] AUC-ROC: 0.8993 | AUC-PR: 0.4149
  [Balance] G-Mean: 0.7358 | Specificity: 0.8658 | MCC: 0.3738

--- Training on Task 5 (Timesteps: 21 to 25) ---
[INFO] Task 5 class weight: 9.53 -> clipped: 9.53
   -> Focal Loss Alpha: 0.9050
[INFO] Snapshot nodes: 20502 (current task only)

--- [CL Evaluation] Evaluating on all seen tasks (0 to 4) ---
*** CL Metrics @ Task 5 ***
  [Binary]  F1: 0.4806 | Precision: 0.3912 | Recall: 0.7145
  [Macro]   Macro-F1: 0.6938 | Macro-Recall: 0.7884
  [Ranking] AUC-ROC: 0.9039 | AUC-PR: 0.4596
  [Balance] G-Mean: 0.7649 | Specificity: 0.8624 | MCC: 0.4317

--- Training on Task 6 (Timesteps: 26 to 30) ---
[INFO] Task 6 class weight: 3.08 -> clipped: 3.08
   -> Focal Loss Alpha: 0.7552
[INFO] Snapshot nodes: 12023 (current task only)

--- [CL Evaluation] Evaluating on all seen tasks (0 to 5) ---
*** CL Metrics @ Task 6 ***
  [Binary]  F1: 0.4952 | Precision: 0.3935 | Recall: 0.7540
  [Macro]   Macro-F1: 0.6959 | Macro-Recall: 0.7977
  [Ranking] AUC-ROC: 0.9037 | AUC-PR: 0.4656
  [Balance] G-Mean: 0.7770 | Specificity: 0.8415 | MCC: 0.4465

--- Training on Task 7 (Timesteps: 31 to 35) ---
[INFO] Task 7 class weight: 4.88 -> clipped: 4.88
   -> Focal Loss Alpha: 0.8300
[INFO] Snapshot nodes: 18485 (current task only)

--- [CL Evaluation] Evaluating on all seen tasks (0 to 6) ---
*** CL Metrics @ Task 7 ***
  [Binary]  F1: 0.4793 | Precision: 0.3720 | Recall: 0.7766
  [Macro]   Macro-F1: 0.6744 | Macro-Recall: 0.7885
  [Ranking] AUC-ROC: 0.8892 | AUC-PR: 0.4410
  [Balance] G-Mean: 0.7676 | Specificity: 0.8004 | MCC: 0.4283

--- Training on Task 8 (Timesteps: 36 to 40) ---
[INFO] Task 8 class weight: 14.64 -> clipped: 10.00
   -> Focal Loss Alpha: 0.9091
[INFO] Snapshot nodes: 19831 (current task only)

--- [CL Evaluation] Evaluating on all seen tasks (0 to 7) ---
*** CL Metrics @ Task 8 ***
  [Binary]  F1: 0.4440 | Precision: 0.3395 | Recall: 0.7829
  [Macro]   Macro-F1: 0.6337 | Macro-Recall: 0.7630
  [Ranking] AUC-ROC: 0.8495 | AUC-PR: 0.3992
  [Balance] G-Mean: 0.7378 | Specificity: 0.7430 | MCC: 0.3877

--- Training on Task 9 (Timesteps: 41 to 45) ---
[INFO] Task 9 class weight: 14.50 -> clipped: 10.00
   -> Focal Loss Alpha: 0.9091
[INFO] Snapshot nodes: 28118 (current task only)

--- [CL Evaluation] Evaluating on all seen tasks (0 to 8) ---
*** CL Metrics @ Task 9 ***
  [Binary]  F1: 0.3961 | Precision: 0.3025 | Recall: 0.7626
  [Macro]   Macro-F1: 0.6067 | Macro-Recall: 0.7462
  [Ranking] AUC-ROC: 0.8292 | AUC-PR: 0.3571
  [Balance] G-Mean: 0.7239 | Specificity: 0.7298 | MCC: 0.3479

--- Training on Task 10 (Timesteps: 46 to 49) ---
[INFO] Task 10 class weight: 32.82 -> clipped: 10.00
   -> Focal Loss Alpha: 0.9091
[INFO] Snapshot nodes: 14048 (current task only)

--- [CL Evaluation] Evaluating on all seen tasks (0 to 9) ---
*** CL Metrics @ Task 10 ***
  [Binary]  F1: 0.4014 | Precision: 0.3015 | Recall: 0.7828
  [Macro]   Macro-F1: 0.6091 | Macro-Recall: 0.7542
  [Ranking] AUC-ROC: 0.8387 | AUC-PR: 0.3711
  [Balance] G-Mean: 0.7330 | Specificity: 0.7257 | MCC: 0.3563
All tasks trained.
Total time: 10.80s
