/usr/local/miniconda3/envs/py312/lib/python3.12/site-packages/torch/optim/lr_scheduler.py:1343: UserWarning: Converting a tensor with requires_grad=True to a scalar may lead to unexpected behavior.
Consider using tensor.detach() first. (Triggered internally at /pytorch/torch/csrc/autograd/generated/python_variable_methods.cpp:836.)
  current = float(metrics)

--- Training on Task 1 (Timesteps: 1 to 2) ---
[INFO] Task 1 class weight: 125.29 -> clipped: 20.00
   -> Focal Loss Alpha: 0.9524
[INFO] Snapshot nodes: 12424 (current task only)

--- [CL Evaluation] Evaluating on all seen tasks (0 to 0) ---
*** CL Metrics @ Task 1 [WARM-UP, 仅供参考] ***
  [Binary]  F1: 0.0000 | Precision: 0.0000 | Recall: 0.0000
  [Macro]   Macro-F1: 0.4959 | Macro-Recall: 0.5000
  [Ranking] AUC-ROC: 0.8989 | AUC-PR: 0.2105
  [Balance] G-Mean: 0.0000 | Specificity: 1.0000 | MCC: 0.0000

--- Training on Task 2 (Timesteps: 3 to 4) ---
[INFO] Task 2 class weight: 115.27 -> clipped: 10.00
   -> Focal Loss Alpha: 0.9091
[INFO] Snapshot nodes: 12314 (current task only)

--- [CL Evaluation] Evaluating on all seen tasks (0 to 1) ---
*** CL Metrics @ Task 2 ***
  [Binary]  F1: 0.0526 | Precision: 0.5000 | Recall: 0.0278
  [Macro]   Macro-F1: 0.5218 | Macro-Recall: 0.5139
  [Ranking] AUC-ROC: 0.8915 | AUC-PR: 0.3185
  [Balance] G-Mean: 0.1179 | Specificity: 1.0000 | MCC: 0.1170

--- Training on Task 3 (Timesteps: 5 to 6) ---
[INFO] Task 3 class weight: 234.25 -> clipped: 10.00
   -> Focal Loss Alpha: 0.9091
[INFO] Snapshot nodes: 11131 (current task only)

--- [CL Evaluation] Evaluating on all seen tasks (0 to 2) ---
*** CL Metrics @ Task 3 ***
  [Binary]  F1: 0.0351 | Precision: 0.3333 | Recall: 0.0185
  [Macro]   Macro-F1: 0.5136 | Macro-Recall: 0.5093
  [Ranking] AUC-ROC: 0.8163 | AUC-PR: 0.2467
  [Balance] G-Mean: 0.0786 | Specificity: 1.0000 | MCC: 0.0780

--- Training on Task 4 (Timesteps: 7 to 8) ---
[INFO] Task 4 class weight: 10.79 -> clipped: 10.00
   -> Focal Loss Alpha: 0.9091
[INFO] Snapshot nodes: 10505 (current task only)

--- [CL Evaluation] Evaluating on all seen tasks (0 to 3) ---
*** CL Metrics @ Task 4 ***
  [Binary]  F1: 0.0263 | Precision: 0.2500 | Recall: 0.0139
  [Macro]   Macro-F1: 0.5065 | Macro-Recall: 0.5068
  [Ranking] AUC-ROC: 0.8270 | AUC-PR: 0.2566
  [Balance] G-Mean: 0.0589 | Specificity: 0.9998 | MCC: 0.0567

--- Training on Task 5 (Timesteps: 9 to 10) ---
[INFO] Task 5 class weight: 2.14 -> clipped: 2.14
   -> Focal Loss Alpha: 0.6812
[INFO] Snapshot nodes: 11723 (current task only)

--- [CL Evaluation] Evaluating on all seen tasks (0 to 4) ---
*** CL Metrics @ Task 5 ***
  [Binary]  F1: 0.0211 | Precision: 0.2000 | Recall: 0.0111
  [Macro]   Macro-F1: 0.5042 | Macro-Recall: 0.5055
  [Ranking] AUC-ROC: 0.8309 | AUC-PR: 0.2171
  [Balance] G-Mean: 0.0471 | Specificity: 0.9998 | MCC: 0.0453

--- Training on Task 6 (Timesteps: 11 to 12) ---
[INFO] Task 6 class weight: 4.31 -> clipped: 4.31
   -> Focal Loss Alpha: 0.8118
[INFO] Snapshot nodes: 6343 (current task only)

--- [CL Evaluation] Evaluating on all seen tasks (0 to 5) ---
*** CL Metrics @ Task 6 ***
  [Binary]  F1: 0.0175 | Precision: 0.1667 | Recall: 0.0093
  [Macro]   Macro-F1: 0.5022 | Macro-Recall: 0.5046
  [Ranking] AUC-ROC: 0.8491 | AUC-PR: 0.2424
  [Balance] G-Mean: 0.0393 | Specificity: 0.9998 | MCC: 0.0378

--- Training on Task 7 (Timesteps: 13 to 14) ---
[INFO] Task 7 class weight: 1.78 -> clipped: 1.78
   -> Focal Loss Alpha: 0.6403
[INFO] Snapshot nodes: 6550 (current task only)

--- [CL Evaluation] Evaluating on all seen tasks (0 to 6) ---
*** CL Metrics @ Task 7 ***
  [Binary]  F1: 0.0150 | Precision: 0.1429 | Recall: 0.0079
  [Macro]   Macro-F1: 0.4980 | Macro-Recall: 0.5039
  [Ranking] AUC-ROC: 0.8565 | AUC-PR: 0.2809
  [Balance] G-Mean: 0.0337 | Specificity: 0.9999 | MCC: 0.0324

--- Training on Task 8 (Timesteps: 15 to 16) ---
[INFO] Task 8 class weight: 3.20 -> clipped: 3.20
   -> Focal Loss Alpha: 0.7621
[INFO] Snapshot nodes: 6614 (current task only)

--- [CL Evaluation] Evaluating on all seen tasks (0 to 7) ---
*** CL Metrics @ Task 8 ***
  [Binary]  F1: 0.0132 | Precision: 0.1250 | Recall: 0.0069
  [Macro]   Macro-F1: 0.4897 | Macro-Recall: 0.5034
  [Ranking] AUC-ROC: 0.8543 | AUC-PR: 0.3223
  [Balance] G-Mean: 0.0295 | Specificity: 0.9999 | MCC: 0.0283

--- Training on Task 9 (Timesteps: 17 to 18) ---
[INFO] Task 9 class weight: 7.19 -> clipped: 7.19
   -> Focal Loss Alpha: 0.8779
[INFO] Snapshot nodes: 5361 (current task only)

--- [CL Evaluation] Evaluating on all seen tasks (0 to 8) ---
*** CL Metrics @ Task 9 ***
  [Binary]  F1: 0.0117 | Precision: 0.1111 | Recall: 0.0062
  [Macro]   Macro-F1: 0.4868 | Macro-Recall: 0.5030
  [Ranking] AUC-ROC: 0.8641 | AUC-PR: 0.3684
  [Balance] G-Mean: 0.0262 | Specificity: 0.9999 | MCC: 0.0252

--- Training on Task 10 (Timesteps: 19 to 20) ---
[INFO] Task 10 class weight: 8.31 -> clipped: 8.31
   -> Focal Loss Alpha: 0.8926
[INFO] Snapshot nodes: 7797 (current task only)

--- [CL Evaluation] Evaluating on all seen tasks (0 to 9) ---
*** CL Metrics @ Task 10 ***
  [Binary]  F1: 0.0105 | Precision: 0.1000 | Recall: 0.0056
  [Macro]   Macro-F1: 0.4797 | Macro-Recall: 0.5027
  [Ranking] AUC-ROC: 0.8658 | AUC-PR: 0.4091
  [Balance] G-Mean: 0.0236 | Specificity: 0.9999 | MCC: 0.0227

--- Training on Task 11 (Timesteps: 21 to 22) ---
[INFO] Task 11 class weight: 5.41 -> clipped: 5.41
   -> Focal Loss Alpha: 0.8440
[INFO] Snapshot nodes: 9431 (current task only)

--- [CL Evaluation] Evaluating on all seen tasks (0 to 10) ---
*** CL Metrics @ Task 11 ***
  [Binary]  F1: 0.0096 | Precision: 0.0909 | Recall: 0.0051
  [Macro]   Macro-F1: 0.4794 | Macro-Recall: 0.5025
  [Ranking] AUC-ROC: 0.8715 | AUC-PR: 0.4255
  [Balance] G-Mean: 0.0214 | Specificity: 0.9999 | MCC: 0.0206

--- Training on Task 12 (Timesteps: 23 to 24) ---
[INFO] Task 12 class weight: 21.40 -> clipped: 10.00
   -> Focal Loss Alpha: 0.9091
[INFO] Snapshot nodes: 8757 (current task only)

--- [CL Evaluation] Evaluating on all seen tasks (0 to 11) ---
*** CL Metrics @ Task 12 ***
  [Binary]  F1: 0.0088 | Precision: 0.0833 | Recall: 0.0046
  [Macro]   Macro-F1: 0.4784 | Macro-Recall: 0.5023
  [Ranking] AUC-ROC: 0.8540 | AUC-PR: 0.4081
  [Balance] G-Mean: 0.0196 | Specificity: 0.9999 | MCC: 0.0189

--- Training on Task 13 (Timesteps: 25 to 26) ---
[INFO] Task 13 class weight: 4.03 -> clipped: 4.03
   -> Focal Loss Alpha: 0.8013
[INFO] Snapshot nodes: 4837 (current task only)

--- [CL Evaluation] Evaluating on all seen tasks (0 to 12) ---
*** CL Metrics @ Task 13 ***
  [Binary]  F1: 0.0081 | Precision: 0.0769 | Recall: 0.0043
  [Macro]   Macro-F1: 0.4761 | Macro-Recall: 0.5020
  [Ranking] AUC-ROC: 0.8495 | AUC-PR: 0.4114
  [Balance] G-Mean: 0.0181 | Specificity: 0.9997 | MCC: 0.0158

--- Training on Task 14 (Timesteps: 27 to 28) ---
[INFO] Task 14 class weight: 7.58 -> clipped: 7.58
   -> Focal Loss Alpha: 0.8835
[INFO] Snapshot nodes: 2742 (current task only)

--- [CL Evaluation] Evaluating on all seen tasks (0 to 13) ---
*** CL Metrics @ Task 14 ***
  [Binary]  F1: 0.0075 | Precision: 0.0714 | Recall: 0.0040
  [Macro]   Macro-F1: 0.4715 | Macro-Recall: 0.5019
  [Ranking] AUC-ROC: 0.8580 | AUC-PR: 0.4482
  [Balance] G-Mean: 0.0168 | Specificity: 0.9998 | MCC: 0.0147

--- Training on Task 15 (Timesteps: 29 to 30) ---
[INFO] Task 15 class weight: 2.57 -> clipped: 2.57
   -> Focal Loss Alpha: 0.7198
[INFO] Snapshot nodes: 6758 (current task only)

--- [CL Evaluation] Evaluating on all seen tasks (0 to 14) ---
*** CL Metrics @ Task 15 ***
  [Binary]  F1: 0.0070 | Precision: 0.0667 | Recall: 0.0037
  [Macro]   Macro-F1: 0.4706 | Macro-Recall: 0.5017
  [Ranking] AUC-ROC: 0.8629 | AUC-PR: 0.4622
  [Balance] G-Mean: 0.0157 | Specificity: 0.9998 | MCC: 0.0137

--- Training on Task 16 (Timesteps: 31 to 32) ---
[INFO] Task 16 class weight: 5.70 -> clipped: 5.70
   -> Focal Loss Alpha: 0.8507
[INFO] Snapshot nodes: 7341 (current task only)

--- [CL Evaluation] Evaluating on all seen tasks (0 to 15) ---
*** CL Metrics @ Task 16 ***
  [Binary]  F1: 0.0066 | Precision: 0.0625 | Recall: 0.0035
  [Macro]   Macro-F1: 0.4678 | Macro-Recall: 0.5016
  [Ranking] AUC-ROC: 0.8522 | AUC-PR: 0.4650
  [Balance] G-Mean: 0.0147 | Specificity: 0.9998 | MCC: 0.0129

--- Training on Task 17 (Timesteps: 33 to 34) ---
[INFO] Task 17 class weight: 18.17 -> clipped: 10.00
   -> Focal Loss Alpha: 0.9091
[INFO] Snapshot nodes: 5637 (current task only)

--- [CL Evaluation] Evaluating on all seen tasks (0 to 16) ---
*** CL Metrics @ Task 17 ***
  [Binary]  F1: 0.0093 | Precision: 0.1176 | Recall: 0.0049
  [Macro]   Macro-F1: 0.4701 | Macro-Recall: 0.5023
  [Ranking] AUC-ROC: 0.8528 | AUC-PR: 0.4613
  [Balance] G-Mean: 0.0235 | Specificity: 0.9998 | MCC: 0.0214

--- Training on Task 18 (Timesteps: 35 to 36) ---
[INFO] Task 18 class weight: 6.37 -> clipped: 6.37
   -> Focal Loss Alpha: 0.8643
[INFO] Snapshot nodes: 11900 (current task only)

--- [CL Evaluation] Evaluating on all seen tasks (0 to 17) ---
*** CL Metrics @ Task 18 ***
  [Binary]  F1: 0.0088 | Precision: 0.1111 | Recall: 0.0046
  [Macro]   Macro-F1: 0.4715 | Macro-Recall: 0.5021
  [Ranking] AUC-ROC: 0.8522 | AUC-PR: 0.4402
  [Balance] G-Mean: 0.0222 | Specificity: 0.9997 | MCC: 0.0198

--- Training on Task 19 (Timesteps: 37 to 38) ---
[INFO] Task 19 class weight: 11.45 -> clipped: 10.00
   -> Focal Loss Alpha: 0.9091
[INFO] Snapshot nodes: 6197 (current task only)

--- [CL Evaluation] Evaluating on all seen tasks (0 to 18) ---
*** CL Metrics @ Task 19 ***
  [Binary]  F1: 0.0083 | Precision: 0.1053 | Recall: 0.0043
  [Macro]   Macro-F1: 0.4709 | Macro-Recall: 0.5020
  [Ranking] AUC-ROC: 0.8536 | AUC-PR: 0.4411
  [Balance] G-Mean: 0.0211 | Specificity: 0.9997 | MCC: 0.0188

--- Training on Task 20 (Timesteps: 39 to 49) ---
[INFO] Task 20 class weight: 17.27 -> clipped: 10.00
   -> Focal Loss Alpha: 0.9091
[INFO] Snapshot nodes: 49407 (current task only)

--- [CL Evaluation] Evaluating on all seen tasks (0 to 19) ---
*** CL Metrics @ Task 20 ***
  [Binary]  F1: 0.0110 | Precision: 0.1300 | Recall: 0.0058
  [Macro]   Macro-F1: 0.4726 | Macro-Recall: 0.5027
  [Ranking] AUC-ROC: 0.8550 | AUC-PR: 0.4384
  [Balance] G-Mean: 0.0290 | Specificity: 0.9996 | MCC: 0.0240
All tasks trained.
Total time: 46.95s
