nohup: ignoring input

============================================================
 Elliptic++ Actor formal experiments
 2026-05-04 06:20:27
============================================================

  -- Missing fraud baseline --

  [RUN ] elliptic_actor_Naive_PMP
  [CONF] configs/fraud_sota/elliptic_actor/elliptic_actor_Naive_PMP.yaml
  [LOG ] logs/elliptic_actor_Naive_PMP.log
  [FAIL] elliptic_actor_Naive_PMP
      File "/usr/local/miniconda3/envs/py312/lib/python3.12/site-packages/torch/nn/modules/module.py", line 1775, in _wrapped_call_impl
        return self._call_impl(*args, **kwargs)
               ^^^^^^^^^^^^^^^^^^^^^^^^^^^^^^^^
      File "/usr/local/miniconda3/envs/py312/lib/python3.12/site-packages/torch/nn/modules/module.py", line 1786, in _call_impl
        return forward_call(*args, **kwargs)
               ^^^^^^^^^^^^^^^^^^^^^^^^^^^^^
      File "/usr/local/miniconda3/envs/py312/lib/python3.12/site-packages/torch/nn/modules/linear.py", line 134, in forward
        return F.linear(input, self.weight, self.bias)
               ^^^^^^^^^^^^^^^^^^^^^^^^^^^^^^^^^^^^^^^
    torch.OutOfMemoryError: CUDA out of memory. Tried to allocate 158.00 MiB. GPU 0 has a total capacity of 23.56 GiB of which 95.25 MiB is free. Including non-PyTorch memory, this process has 23.46 GiB memory in use. Of the allocated memory 22.83 GiB is allocated by PyTorch, and 332.29 MiB is reserved by PyTorch but unallocated. If reserved but unallocated memory is large try setting PYTORCH_CUDA_ALLOC_CONF=expandable_segments:True to avoid fragmentation.  See documentation for Memory Management  (https://pytorch.org/docs/stable/notes/cuda.html#environment-variables)

  -- Generic CL baselines on ordinary GCN --

  [RUN ] elliptic_actor_EWC_GCN
  [CONF] configs/ours/cl_on_gcn/elliptic_actor_EWC_GCN.yaml
  [LOG ] logs/elliptic_actor_EWC_GCN.log
  [DONE] elliptic_actor_EWC_GCN                   0m36s

  [RUN ] elliptic_actor_LwF_GCN
  [CONF] configs/ours/cl_on_gcn/elliptic_actor_LwF_GCN.yaml
  [LOG ] logs/elliptic_actor_LwF_GCN.log
  [DONE] elliptic_actor_LwF_GCN                   0m39s

  [RUN ] elliptic_actor_ER_GCN
  [CONF] configs/ours/cl_on_gcn/elliptic_actor_ER_GCN.yaml
  [LOG ] logs/elliptic_actor_ER_GCN.log
  [DONE] elliptic_actor_ER_GCN                    0m34s

  -- TASD-CL and ablations --

  [RUN ] elliptic_actor_TASDCL_CGNN
  [CONF] configs/ours/main/elliptic_actor_TASDCL_CGNN.yaml
  [LOG ] logs/elliptic_actor_TASDCL_CGNN.log
  [DONE] elliptic_actor_TASDCL_CGNN               2m03s

  [RUN ] elliptic_actor_TASDCL_noSSF_CGNN
  [CONF] configs/ours/ablation/elliptic_actor_TASDCL_noSSF_CGNN.yaml
  [LOG ] logs/elliptic_actor_TASDCL_noSSF_CGNN.log
  [DONE] elliptic_actor_TASDCL_noSSF_CGNN         1m59s

  [RUN ] elliptic_actor_TASDCL_noSPC_CGNN
  [CONF] configs/ours/ablation/elliptic_actor_TASDCL_noSPC_CGNN.yaml
  [LOG ] logs/elliptic_actor_TASDCL_noSPC_CGNN.log
  [DONE] elliptic_actor_TASDCL_noSPC_CGNN         1m59s

  [RUN ] elliptic_actor_TASDCL_noSCD_CGNN
  [CONF] configs/ours/ablation/elliptic_actor_TASDCL_noSCD_CGNN.yaml
  [LOG ] logs/elliptic_actor_TASDCL_noSCD_CGNN.log
  [DONE] elliptic_actor_TASDCL_noSCD_CGNN         1m38s

============================================================
 Finished: 06:30:23 | Time: 0h9m56s
 Done: 7 | Skipped: 0 | Failed: 1
============================================================
