/usr/local/miniconda3/envs/py312/lib/python3.12/site-packages/torch/optim/lr_scheduler.py:1343: UserWarning: Converting a tensor with requires_grad=True to a scalar may lead to unexpected behavior.
Consider using tensor.detach() first. (Triggered internally at /pytorch/torch/csrc/autograd/generated/python_variable_methods.cpp:836.)
  current = float(metrics)

--- Training on Task 1 (Timesteps: 1 to 5) ---
[ROBUST] train_fraud_ratio=0.75: fraud 76 -> 57, normal kept 5907
[INFO] Task 1 class weight: 103.63 -> clipped: 20.00
   -> Focal Loss Alpha: 0.9524
[INFO] Snapshot nodes: 31541 (current task only)

--- [CL Evaluation] Evaluating on all seen tasks (0 to 0) ---
*** CL Metrics @ Task 1 [WARM-UP, 仅供参考] ***
  [Binary]  F1: 0.1026 | Precision: 0.0645 | Recall: 0.2500
  [Macro]   Macro-F1: 0.5466 | Macro-Recall: 0.6173
  [Ranking] AUC-ROC: 0.9110 | AUC-PR: 0.2769
  [Balance] G-Mean: 0.4961 | Specificity: 0.9845 | MCC: 0.1199

--- Training on Task 2 (Timesteps: 6 to 10) ---
[ROBUST] train_fraud_ratio=0.75: fraud 422 -> 316, normal kept 3209
[INFO] Task 2 class weight: 10.16 -> clipped: 10.00
   -> Focal Loss Alpha: 0.9091
[INFO] Snapshot nodes: 26556 (current task only)

--- [CL Evaluation] Evaluating on all seen tasks (0 to 1) ---
*** CL Metrics @ Task 2 ***
  [Binary]  F1: 0.1107 | Precision: 0.0607 | Recall: 0.8472
  [Macro]   Macro-F1: 0.5098 | Macro-Recall: 0.8407
  [Ranking] AUC-ROC: 0.9268 | AUC-PR: 0.1571
  [Balance] G-Mean: 0.8396 | Specificity: 0.8341 | MCC: 0.1907

--- Training on Task 3 (Timesteps: 11 to 15) ---
[ROBUST] train_fraud_ratio=0.75: fraud 481 -> 361, normal kept 1947
[INFO] Task 3 class weight: 5.39 -> clipped: 5.39
   -> Focal Loss Alpha: 0.8436
[INFO] Snapshot nodes: 16532 (current task only)

--- [CL Evaluation] Evaluating on all seen tasks (0 to 2) ---
*** CL Metrics @ Task 3 ***
  [Binary]  F1: 0.2874 | Precision: 0.2009 | Recall: 0.8845
  [Macro]   Macro-F1: 0.5803 | Macro-Recall: 0.8332
  [Ranking] AUC-ROC: 0.9283 | AUC-PR: 0.3619
  [Balance] G-Mean: 0.8284 | Specificity: 0.7818 | MCC: 0.3080

--- Training on Task 4 (Timesteps: 16 to 20) ---
[ROBUST] train_fraud_ratio=0.75: fraud 359 -> 269, normal kept 2116
[INFO] Task 4 class weight: 7.87 -> clipped: 7.87
   -> Focal Loss Alpha: 0.8872
[INFO] Snapshot nodes: 16133 (current task only)

--- [CL Evaluation] Evaluating on all seen tasks (0 to 3) ---
*** CL Metrics @ Task 4 ***
  [Binary]  F1: 0.3749 | Precision: 0.2746 | Recall: 0.8865
  [Macro]   Macro-F1: 0.6091 | Macro-Recall: 0.8153
  [Ranking] AUC-ROC: 0.9087 | AUC-PR: 0.4197
  [Balance] G-Mean: 0.8089 | Specificity: 0.7442 | MCC: 0.3498

--- Training on Task 5 (Timesteps: 21 to 25) ---
[ROBUST] train_fraud_ratio=0.75: fraud 448 -> 336, normal kept 4269
[INFO] Task 5 class weight: 12.71 -> clipped: 10.00
   -> Focal Loss Alpha: 0.9091
[INFO] Snapshot nodes: 20502 (current task only)

--- [CL Evaluation] Evaluating on all seen tasks (0 to 4) ---
*** CL Metrics @ Task 5 ***
  [Binary]  F1: 0.4362 | Precision: 0.3270 | Recall: 0.8956
  [Macro]   Macro-F1: 0.6435 | Macro-Recall: 0.8255
  [Ranking] AUC-ROC: 0.9132 | AUC-PR: 0.4727
  [Balance] G-Mean: 0.8199 | Specificity: 0.7554 | MCC: 0.4028

--- Training on Task 6 (Timesteps: 26 to 30) ---
[ROBUST] train_fraud_ratio=0.75: fraud 534 -> 400, normal kept 1647
[INFO] Task 6 class weight: 4.12 -> clipped: 4.12
   -> Focal Loss Alpha: 0.8046
[INFO] Snapshot nodes: 12023 (current task only)

--- [CL Evaluation] Evaluating on all seen tasks (0 to 5) ---
*** CL Metrics @ Task 6 ***
  [Binary]  F1: 0.4524 | Precision: 0.3333 | Recall: 0.9110
  [Macro]   Macro-F1: 0.6479 | Macro-Recall: 0.8267
  [Ranking] AUC-ROC: 0.9123 | AUC-PR: 0.4750
  [Balance] G-Mean: 0.8195 | Specificity: 0.7423 | MCC: 0.4174

--- Training on Task 7 (Timesteps: 31 to 35) ---
[ROBUST] train_fraud_ratio=0.75: fraud 508 -> 381, normal kept 2481
[INFO] Task 7 class weight: 6.51 -> clipped: 6.51
   -> Focal Loss Alpha: 0.8669
[INFO] Snapshot nodes: 18485 (current task only)

--- [CL Evaluation] Evaluating on all seen tasks (0 to 6) ---
*** CL Metrics @ Task 7 ***
  [Binary]  F1: 0.4421 | Precision: 0.3199 | Recall: 0.9127
  [Macro]   Macro-F1: 0.6321 | Macro-Recall: 0.8130
  [Ranking] AUC-ROC: 0.8999 | AUC-PR: 0.4544
  [Balance] G-Mean: 0.8032 | Specificity: 0.7133 | MCC: 0.4031

--- Training on Task 8 (Timesteps: 36 to 40) ---
[ROBUST] train_fraud_ratio=0.75: fraud 265 -> 199, normal kept 3880
[INFO] Task 8 class weight: 19.50 -> clipped: 10.00
   -> Focal Loss Alpha: 0.9091
[INFO] Snapshot nodes: 19831 (current task only)

--- [CL Evaluation] Evaluating on all seen tasks (0 to 7) ---
*** CL Metrics @ Task 8 ***
  [Binary]  F1: 0.4129 | Precision: 0.2948 | Recall: 0.9036
  [Macro]   Macro-F1: 0.5994 | Macro-Recall: 0.7868
  [Ranking] AUC-ROC: 0.8638 | AUC-PR: 0.4127
  [Balance] G-Mean: 0.7723 | Specificity: 0.6701 | MCC: 0.3684

--- Training on Task 9 (Timesteps: 41 to 45) ---
[ROBUST] train_fraud_ratio=0.75: fraud 403 -> 302, normal kept 5844
[INFO] Task 9 class weight: 19.35 -> clipped: 10.00
   -> Focal Loss Alpha: 0.9091
[INFO] Snapshot nodes: 28118 (current task only)

--- [CL Evaluation] Evaluating on all seen tasks (0 to 8) ---
*** CL Metrics @ Task 9 ***
  [Binary]  F1: 0.3686 | Precision: 0.2629 | Recall: 0.8698
  [Macro]   Macro-F1: 0.5759 | Macro-Recall: 0.7670
  [Ranking] AUC-ROC: 0.8416 | AUC-PR: 0.3681
  [Balance] G-Mean: 0.7540 | Specificity: 0.6641 | MCC: 0.3308

--- Training on Task 10 (Timesteps: 46 to 49) ---
[ROBUST] train_fraud_ratio=0.75: fraud 60 -> 45, normal kept 1969
[INFO] Task 10 class weight: 43.76 -> clipped: 10.00
   -> Focal Loss Alpha: 0.9091
[INFO] Snapshot nodes: 14048 (current task only)

--- [CL Evaluation] Evaluating on all seen tasks (0 to 9) ---
*** CL Metrics @ Task 10 ***
  [Binary]  F1: 0.3742 | Precision: 0.2644 | Recall: 0.8739
  [Macro]   Macro-F1: 0.5798 | Macro-Recall: 0.7700
  [Ranking] AUC-ROC: 0.8453 | AUC-PR: 0.3694
  [Balance] G-Mean: 0.7575 | Specificity: 0.6661 | MCC: 0.3370
All tasks trained.
Total time: 10.97s
