/usr/local/miniconda3/envs/py312/lib/python3.12/site-packages/torch/optim/lr_scheduler.py:1343: UserWarning: Converting a tensor with requires_grad=True to a scalar may lead to unexpected behavior.
Consider using tensor.detach() first. (Triggered internally at /pytorch/torch/csrc/autograd/generated/python_variable_methods.cpp:836.)
  current = float(metrics)

--- Training on Task 1 (Timesteps: 1 to 2) ---
[INFO] Task 1 class weight: 125.29 -> clipped: 20.00
   -> Focal Loss Alpha: 0.9524
[INFO] Snapshot nodes: 12424 (current task only)

--- [CL Evaluation] Evaluating on all seen tasks (0 to 0) ---
*** CL Metrics @ Task 1 [WARM-UP, 仅供参考] ***
  [Binary]  F1: 0.0000 | Precision: 0.0000 | Recall: 0.0000
  [Macro]   Macro-F1: 0.4959 | Macro-Recall: 0.5000
  [Ranking] AUC-ROC: 0.8903 | AUC-PR: 0.2142
  [Balance] G-Mean: 0.0000 | Specificity: 1.0000 | MCC: 0.0000

--- Training on Task 2 (Timesteps: 3 to 4) ---
[INFO] Task 2 class weight: 115.27 -> clipped: 10.00
   -> Focal Loss Alpha: 0.9091
[INFO] Snapshot nodes: 12314 (current task only)
   [EWC] Updating Fisher Matrix...
   [SPC] Task 2 子空间原型已更新 | 欺诈: 11, 正常: 1268

--- [CL Evaluation] Evaluating on all seen tasks (0 to 1) ---
*** CL Metrics @ Task 2 ***
  [Binary]  F1: 0.0000 | Precision: 0.0000 | Recall: 0.0000
  [Macro]   Macro-F1: 0.4953 | Macro-Recall: 0.5000
  [Ranking] AUC-ROC: 0.8823 | AUC-PR: 0.2177
  [Balance] G-Mean: 0.0000 | Specificity: 1.0000 | MCC: 0.0000

--- Training on Task 3 (Timesteps: 5 to 6) ---
[INFO] Task 3 class weight: 234.25 -> clipped: 10.00
   -> Focal Loss Alpha: 0.9091
[INFO] Snapshot nodes: 11131 (current task only)
   [EWC] Updating Fisher Matrix...
   [SPC] Task 3 子空间原型已更新 | 欺诈: 8, 正常: 1874

--- [CL Evaluation] Evaluating on all seen tasks (0 to 2) ---
*** CL Metrics @ Task 3 ***
  [Binary]  F1: 0.0000 | Precision: 0.0000 | Recall: 0.0000
  [Macro]   Macro-F1: 0.4960 | Macro-Recall: 0.5000
  [Ranking] AUC-ROC: 0.8125 | AUC-PR: 0.1605
  [Balance] G-Mean: 0.0000 | Specificity: 1.0000 | MCC: 0.0000

--- Training on Task 4 (Timesteps: 7 to 8) ---
[INFO] Task 4 class weight: 10.79 -> clipped: 10.00
   -> Focal Loss Alpha: 0.9091
[INFO] Snapshot nodes: 10505 (current task only)
   [EWC] Updating Fisher Matrix...
   [SPC] Task 4 子空间原型已更新 | 欺诈: 102, 正常: 1101

--- [CL Evaluation] Evaluating on all seen tasks (0 to 3) ---
*** CL Metrics @ Task 4 ***
  [Binary]  F1: 0.0000 | Precision: 0.0000 | Recall: 0.0000
  [Macro]   Macro-F1: 0.4933 | Macro-Recall: 0.5000
  [Ranking] AUC-ROC: 0.8238 | AUC-PR: 0.1872
  [Balance] G-Mean: 0.0000 | Specificity: 1.0000 | MCC: 0.0000

--- Training on Task 5 (Timesteps: 9 to 10) ---
[INFO] Task 5 class weight: 2.14 -> clipped: 2.14
   -> Focal Loss Alpha: 0.6812
[INFO] Snapshot nodes: 11723 (current task only)
   [EWC] Updating Fisher Matrix...
   [SPC] Task 5 子空间原型已更新 | 欺诈: 248, 正常: 530

--- [CL Evaluation] Evaluating on all seen tasks (0 to 4) ---
*** CL Metrics @ Task 5 ***
  [Binary]  F1: 0.0000 | Precision: 0.0000 | Recall: 0.0000
  [Macro]   Macro-F1: 0.4937 | Macro-Recall: 0.5000
  [Ranking] AUC-ROC: 0.8264 | AUC-PR: 0.1605
  [Balance] G-Mean: 0.0000 | Specificity: 1.0000 | MCC: 0.0000

--- Training on Task 6 (Timesteps: 11 to 12) ---
[INFO] Task 6 class weight: 4.31 -> clipped: 4.31
   -> Focal Loss Alpha: 0.8118
[INFO] Snapshot nodes: 6343 (current task only)
   [EWC] Updating Fisher Matrix...
   [SPC] Task 6 子空间原型已更新 | 欺诈: 131, 正常: 565

--- [CL Evaluation] Evaluating on all seen tasks (0 to 5) ---
*** CL Metrics @ Task 6 ***
  [Binary]  F1: 0.0000 | Precision: 0.0000 | Recall: 0.0000
  [Macro]   Macro-F1: 0.4934 | Macro-Recall: 0.5000
  [Ranking] AUC-ROC: 0.8440 | AUC-PR: 0.1779
  [Balance] G-Mean: 0.0000 | Specificity: 1.0000 | MCC: 0.0000

--- Training on Task 7 (Timesteps: 13 to 14) ---
[INFO] Task 7 class weight: 1.78 -> clipped: 1.78
   -> Focal Loss Alpha: 0.6403
[INFO] Snapshot nodes: 6550 (current task only)
   [EWC] Updating Fisher Matrix...
   [SPC] Task 7 子空间原型已更新 | 欺诈: 291, 正常: 518

--- [CL Evaluation] Evaluating on all seen tasks (0 to 6) ---
*** CL Metrics @ Task 7 ***
  [Binary]  F1: 0.0000 | Precision: 0.0000 | Recall: 0.0000
  [Macro]   Macro-F1: 0.4905 | Macro-Recall: 0.5000
  [Ranking] AUC-ROC: 0.8503 | AUC-PR: 0.2215
  [Balance] G-Mean: 0.0000 | Specificity: 1.0000 | MCC: 0.0000

--- Training on Task 8 (Timesteps: 15 to 16) ---
[INFO] Task 8 class weight: 3.20 -> clipped: 3.20
   -> Focal Loss Alpha: 0.7621
[INFO] Snapshot nodes: 6614 (current task only)
   [EWC] Updating Fisher Matrix...
   [SPC] Task 8 子空间原型已更新 | 欺诈: 147, 正常: 471

--- [CL Evaluation] Evaluating on all seen tasks (0 to 7) ---
*** CL Metrics @ Task 8 ***
  [Binary]  F1: 0.0000 | Precision: 0.0000 | Recall: 0.0000
  [Macro]   Macro-F1: 0.4831 | Macro-Recall: 0.5000
  [Ranking] AUC-ROC: 0.8481 | AUC-PR: 0.2676
  [Balance] G-Mean: 0.0000 | Specificity: 1.0000 | MCC: 0.0000

--- Training on Task 9 (Timesteps: 17 to 18) ---
[INFO] Task 9 class weight: 7.19 -> clipped: 7.19
   -> Focal Loss Alpha: 0.8779
[INFO] Snapshot nodes: 5361 (current task only)
   [EWC] Updating Fisher Matrix...
   [SPC] Task 9 子空间原型已更新 | 欺诈: 99, 正常: 712

--- [CL Evaluation] Evaluating on all seen tasks (0 to 8) ---
*** CL Metrics @ Task 9 ***
  [Binary]  F1: 0.0000 | Precision: 0.0000 | Recall: 0.0000
  [Macro]   Macro-F1: 0.4810 | Macro-Recall: 0.5000
  [Ranking] AUC-ROC: 0.8582 | AUC-PR: 0.3159
  [Balance] G-Mean: 0.0000 | Specificity: 1.0000 | MCC: 0.0000

--- Training on Task 10 (Timesteps: 19 to 20) ---
[INFO] Task 10 class weight: 8.31 -> clipped: 8.31
   -> Focal Loss Alpha: 0.8926
[INFO] Snapshot nodes: 7797 (current task only)
   [EWC] Updating Fisher Matrix...
   [SPC] Task 10 子空间原型已更新 | 欺诈: 80, 正常: 665

--- [CL Evaluation] Evaluating on all seen tasks (0 to 9) ---
*** CL Metrics @ Task 10 ***
  [Binary]  F1: 0.0000 | Precision: 0.0000 | Recall: 0.0000
  [Macro]   Macro-F1: 0.4744 | Macro-Recall: 0.5000
  [Ranking] AUC-ROC: 0.8599 | AUC-PR: 0.3579
  [Balance] G-Mean: 0.0000 | Specificity: 1.0000 | MCC: 0.0000

--- Training on Task 11 (Timesteps: 21 to 22) ---
[INFO] Task 11 class weight: 5.41 -> clipped: 5.41
   -> Focal Loss Alpha: 0.8440
[INFO] Snapshot nodes: 9431 (current task only)
   [EWC] Updating Fisher Matrix...
   [SPC] Task 11 子空间原型已更新 | 欺诈: 100, 正常: 541

--- [CL Evaluation] Evaluating on all seen tasks (0 to 10) ---
*** CL Metrics @ Task 11 ***
  [Binary]  F1: 0.0000 | Precision: 0.0000 | Recall: 0.0000
  [Macro]   Macro-F1: 0.4746 | Macro-Recall: 0.5000
  [Ranking] AUC-ROC: 0.8654 | AUC-PR: 0.3677
  [Balance] G-Mean: 0.0000 | Specificity: 1.0000 | MCC: 0.0000

--- Training on Task 12 (Timesteps: 23 to 24) ---
[INFO] Task 12 class weight: 21.40 -> clipped: 10.00
   -> Focal Loss Alpha: 0.9091
[INFO] Snapshot nodes: 8757 (current task only)
   [EWC] Updating Fisher Matrix...
   [SPC] Task 12 子空间原型已更新 | 欺诈: 53, 正常: 1134

--- [CL Evaluation] Evaluating on all seen tasks (0 to 11) ---
*** CL Metrics @ Task 12 ***
  [Binary]  F1: 0.0000 | Precision: 0.0000 | Recall: 0.0000
  [Macro]   Macro-F1: 0.4741 | Macro-Recall: 0.5000
  [Ranking] AUC-ROC: 0.8481 | AUC-PR: 0.3543
  [Balance] G-Mean: 0.0000 | Specificity: 1.0000 | MCC: 0.0000

--- Training on Task 13 (Timesteps: 25 to 26) ---
[INFO] Task 13 class weight: 4.03 -> clipped: 4.03
   -> Focal Loss Alpha: 0.8013
[INFO] Snapshot nodes: 4837 (current task only)
   [EWC] Updating Fisher Matrix...
   [SPC] Task 13 子空间原型已更新 | 欺诈: 118, 正常: 476

--- [CL Evaluation] Evaluating on all seen tasks (0 to 12) ---
*** CL Metrics @ Task 13 ***
  [Binary]  F1: 0.0000 | Precision: 0.0000 | Recall: 0.0000
  [Macro]   Macro-F1: 0.4721 | Macro-Recall: 0.5000
  [Ranking] AUC-ROC: 0.8436 | AUC-PR: 0.3628
  [Balance] G-Mean: 0.0000 | Specificity: 1.0000 | MCC: 0.0000

--- Training on Task 14 (Timesteps: 27 to 28) ---
[INFO] Task 14 class weight: 7.58 -> clipped: 7.58
   -> Focal Loss Alpha: 0.8835
[INFO] Snapshot nodes: 2742 (current task only)
   [EWC] Updating Fisher Matrix...
   [SPC] Task 14 子空间原型已更新 | 欺诈: 24, 正常: 182

--- [CL Evaluation] Evaluating on all seen tasks (0 to 13) ---
*** CL Metrics @ Task 14 ***
  [Binary]  F1: 0.0000 | Precision: 0.0000 | Recall: 0.0000
  [Macro]   Macro-F1: 0.4678 | Macro-Recall: 0.5000
  [Ranking] AUC-ROC: 0.8527 | AUC-PR: 0.4051
  [Balance] G-Mean: 0.0000 | Specificity: 1.0000 | MCC: 0.0000

--- Training on Task 15 (Timesteps: 29 to 30) ---
[INFO] Task 15 class weight: 2.57 -> clipped: 2.57
   -> Focal Loss Alpha: 0.7198
[INFO] Snapshot nodes: 6758 (current task only)
   [EWC] Updating Fisher Matrix...
   [SPC] Task 15 子空间原型已更新 | 欺诈: 329, 正常: 845

--- [CL Evaluation] Evaluating on all seen tasks (0 to 14) ---
*** CL Metrics @ Task 15 ***
  [Binary]  F1: 0.0000 | Precision: 0.0000 | Recall: 0.0000
  [Macro]   Macro-F1: 0.4671 | Macro-Recall: 0.5000
  [Ranking] AUC-ROC: 0.8574 | AUC-PR: 0.4170
  [Balance] G-Mean: 0.0000 | Specificity: 1.0000 | MCC: 0.0000

--- Training on Task 16 (Timesteps: 31 to 32) ---
[INFO] Task 16 class weight: 5.70 -> clipped: 5.70
   -> Focal Loss Alpha: 0.8507
[INFO] Snapshot nodes: 7341 (current task only)
   [EWC] Updating Fisher Matrix...
   [SPC] Task 16 子空间原型已更新 | 欺诈: 106, 正常: 604

--- [CL Evaluation] Evaluating on all seen tasks (0 to 15) ---
*** CL Metrics @ Task 16 ***
  [Binary]  F1: 0.0000 | Precision: 0.0000 | Recall: 0.0000
  [Macro]   Macro-F1: 0.4645 | Macro-Recall: 0.5000
  [Ranking] AUC-ROC: 0.8499 | AUC-PR: 0.4313
  [Balance] G-Mean: 0.0000 | Specificity: 1.0000 | MCC: 0.0000

--- Training on Task 17 (Timesteps: 33 to 34) ---
[INFO] Task 17 class weight: 18.17 -> clipped: 10.00
   -> Focal Loss Alpha: 0.9091
[INFO] Snapshot nodes: 5637 (current task only)
   [EWC] Updating Fisher Matrix...
   [SPC] Task 17 子空间原型已更新 | 欺诈: 23, 正常: 418

--- [CL Evaluation] Evaluating on all seen tasks (0 to 16) ---
*** CL Metrics @ Task 17 ***
  [Binary]  F1: 0.0000 | Precision: 0.0000 | Recall: 0.0000
  [Macro]   Macro-F1: 0.4655 | Macro-Recall: 0.5000
  [Ranking] AUC-ROC: 0.8496 | AUC-PR: 0.4217
  [Balance] G-Mean: 0.0000 | Specificity: 1.0000 | MCC: 0.0000

--- Training on Task 18 (Timesteps: 35 to 36) ---
[INFO] Task 18 class weight: 6.37 -> clipped: 6.37
   -> Focal Loss Alpha: 0.8643
[INFO] Snapshot nodes: 11900 (current task only)
   [EWC] Updating Fisher Matrix...
   [SPC] Task 18 子空间原型已更新 | 欺诈: 182, 正常: 1159

--- [CL Evaluation] Evaluating on all seen tasks (0 to 17) ---
*** CL Metrics @ Task 18 ***
  [Binary]  F1: 0.0000 | Precision: 0.0000 | Recall: 0.0000
  [Macro]   Macro-F1: 0.4672 | Macro-Recall: 0.5000
  [Ranking] AUC-ROC: 0.8491 | AUC-PR: 0.4034
  [Balance] G-Mean: 0.0000 | Specificity: 1.0000 | MCC: 0.0000

--- Training on Task 19 (Timesteps: 37 to 38) ---
[INFO] Task 19 class weight: 11.45 -> clipped: 10.00
   -> Focal Loss Alpha: 0.9091
[INFO] Snapshot nodes: 6197 (current task only)
   [EWC] Updating Fisher Matrix...
   [SPC] Task 19 子空间原型已更新 | 欺诈: 40, 正常: 458

--- [CL Evaluation] Evaluating on all seen tasks (0 to 18) ---
*** CL Metrics @ Task 19 ***
  [Binary]  F1: 0.0000 | Precision: 0.0000 | Recall: 0.0000
  [Macro]   Macro-F1: 0.4668 | Macro-Recall: 0.5000
  [Ranking] AUC-ROC: 0.8512 | AUC-PR: 0.4069
  [Balance] G-Mean: 0.0000 | Specificity: 1.0000 | MCC: 0.0000

--- Training on Task 20 (Timesteps: 39 to 49) ---
[INFO] Task 20 class weight: 17.27 -> clipped: 10.00
   -> Focal Loss Alpha: 0.9091
[INFO] Snapshot nodes: 49407 (current task only)
   [EWC] Updating Fisher Matrix...
   [SPC] Task 20 子空间原型已更新 | 欺诈: 625, 正常: 10795

--- [CL Evaluation] Evaluating on all seen tasks (0 to 19) ---
*** CL Metrics @ Task 20 ***
  [Binary]  F1: 0.0000 | Precision: 0.0000 | Recall: 0.0000
  [Macro]   Macro-F1: 0.4672 | Macro-Recall: 0.5000
  [Ranking] AUC-ROC: 0.8543 | AUC-PR: 0.4137
  [Balance] G-Mean: 0.0000 | Specificity: 1.0000 | MCC: 0.0000
All tasks trained.
Total time: 69.22s
