/usr/local/miniconda3/envs/py312/lib/python3.12/site-packages/torch/optim/lr_scheduler.py:1343: UserWarning: Converting a tensor with requires_grad=True to a scalar may lead to unexpected behavior.
Consider using tensor.detach() first. (Triggered internally at /pytorch/torch/csrc/autograd/generated/python_variable_methods.cpp:836.)
  current = float(metrics)

--- Training on Task 1 (Timesteps: 1 to 5) ---
[INFO] Task 1 class weight: 77.72 -> clipped: 20.00
   -> Focal Loss Alpha: 0.9524
[INFO] Snapshot nodes: 31541 (current task only)
   [EWC] Updating Fisher Matrix...

--- [CL Evaluation] Evaluating on all seen tasks (0 to 0) ---
*** CL Metrics @ Task 1 [WARM-UP, 仅供参考] ***
  [Binary]  F1: 0.1000 | Precision: 0.0556 | Recall: 0.5000
  [Macro]   Macro-F1: 0.5402 | Macro-Recall: 0.7319
  [Ranking] AUC-ROC: 0.9414 | AUC-PR: 0.0478
  [Balance] G-Mean: 0.6942 | Specificity: 0.9637 | MCC: 0.1573

--- Training on Task 2 (Timesteps: 6 to 10) ---
[INFO] Task 2 class weight: 7.60 -> clipped: 7.60
   -> Focal Loss Alpha: 0.8838
[INFO] Snapshot nodes: 26556 (current task only)
   [EWC] Updating Fisher Matrix...

--- [CL Evaluation] Evaluating on all seen tasks (0 to 1) ---
*** CL Metrics @ Task 2 ***
  [Binary]  F1: 0.1401 | Precision: 0.0775 | Recall: 0.8125
  [Macro]   Macro-F1: 0.5415 | Macro-Recall: 0.8528
  [Ranking] AUC-ROC: 0.9311 | AUC-PR: 0.2681
  [Balance] G-Mean: 0.8444 | Specificity: 0.8932 | MCC: 0.2278

--- Training on Task 3 (Timesteps: 11 to 15) ---
[INFO] Task 3 class weight: 4.05 -> clipped: 4.05
   -> Focal Loss Alpha: 0.8019
[INFO] Snapshot nodes: 16532 (current task only)
   [EWC] Updating Fisher Matrix...

--- [CL Evaluation] Evaluating on all seen tasks (0 to 2) ---
*** CL Metrics @ Task 3 ***
  [Binary]  F1: 0.3195 | Precision: 0.2293 | Recall: 0.8523
  [Macro]   Macro-F1: 0.6147 | Macro-Recall: 0.8481
  [Ranking] AUC-ROC: 0.9302 | AUC-PR: 0.4382
  [Balance] G-Mean: 0.8407 | Specificity: 0.8439 | MCC: 0.3469

--- Training on Task 4 (Timesteps: 16 to 20) ---
[INFO] Task 4 class weight: 5.89 -> clipped: 5.89
   -> Focal Loss Alpha: 0.8549
[INFO] Snapshot nodes: 16133 (current task only)
   [EWC] Updating Fisher Matrix...

--- [CL Evaluation] Evaluating on all seen tasks (0 to 3) ---
*** CL Metrics @ Task 4 ***
  [Binary]  F1: 0.4050 | Precision: 0.3063 | Recall: 0.8546
  [Macro]   Macro-F1: 0.6432 | Macro-Recall: 0.8311
  [Ranking] AUC-ROC: 0.9076 | AUC-PR: 0.4688
  [Balance] G-Mean: 0.8245 | Specificity: 0.8075 | MCC: 0.3874

--- Training on Task 5 (Timesteps: 21 to 25) ---
[INFO] Task 5 class weight: 9.53 -> clipped: 9.53
   -> Focal Loss Alpha: 0.9050
[INFO] Snapshot nodes: 20502 (current task only)
   [EWC] Updating Fisher Matrix...

--- [CL Evaluation] Evaluating on all seen tasks (0 to 4) ---
*** CL Metrics @ Task 5 ***
  [Binary]  F1: 0.4783 | Precision: 0.3742 | Recall: 0.8752
  [Macro]   Macro-F1: 0.6842 | Macro-Recall: 0.8476
  [Ranking] AUC-ROC: 0.9168 | AUC-PR: 0.5250
  [Balance] G-Mean: 0.8421 | Specificity: 0.8200 | MCC: 0.4548

--- Training on Task 6 (Timesteps: 26 to 30) ---
[INFO] Task 6 class weight: 3.08 -> clipped: 3.08
   -> Focal Loss Alpha: 0.7552
[INFO] Snapshot nodes: 12023 (current task only)
   [EWC] Updating Fisher Matrix...

--- [CL Evaluation] Evaluating on all seen tasks (0 to 5) ---
*** CL Metrics @ Task 6 ***
  [Binary]  F1: 0.4991 | Precision: 0.3854 | Recall: 0.8880
  [Macro]   Macro-F1: 0.6928 | Macro-Recall: 0.8501
  [Ranking] AUC-ROC: 0.9129 | AUC-PR: 0.5138
  [Balance] G-Mean: 0.8447 | Specificity: 0.8122 | MCC: 0.4720

--- Training on Task 7 (Timesteps: 31 to 35) ---
[INFO] Task 7 class weight: 4.88 -> clipped: 4.88
   -> Focal Loss Alpha: 0.8300
[INFO] Snapshot nodes: 18485 (current task only)
   [EWC] Updating Fisher Matrix...

--- [CL Evaluation] Evaluating on all seen tasks (0 to 6) ---
*** CL Metrics @ Task 7 ***
  [Binary]  F1: 0.4951 | Precision: 0.3752 | Recall: 0.8954
  [Macro]   Macro-F1: 0.6848 | Macro-Recall: 0.8442
  [Ranking] AUC-ROC: 0.9080 | AUC-PR: 0.5075
  [Balance] G-Mean: 0.8381 | Specificity: 0.7930 | MCC: 0.4661

--- Training on Task 8 (Timesteps: 36 to 40) ---
[INFO] Task 8 class weight: 14.64 -> clipped: 10.00
   -> Focal Loss Alpha: 0.9091
[INFO] Snapshot nodes: 19831 (current task only)
   [EWC] Updating Fisher Matrix...

--- [CL Evaluation] Evaluating on all seen tasks (0 to 7) ---
*** CL Metrics @ Task 8 ***
  [Binary]  F1: 0.4699 | Precision: 0.3517 | Recall: 0.8683
  [Macro]   Macro-F1: 0.6681 | Macro-Recall: 0.8248
  [Ranking] AUC-ROC: 0.8919 | AUC-PR: 0.4706
  [Balance] G-Mean: 0.8195 | Specificity: 0.7814 | MCC: 0.4369

--- Training on Task 9 (Timesteps: 41 to 45) ---
[INFO] Task 9 class weight: 14.50 -> clipped: 10.00
   -> Focal Loss Alpha: 0.9091
[INFO] Snapshot nodes: 28118 (current task only)
   [EWC] Updating Fisher Matrix...

--- [CL Evaluation] Evaluating on all seen tasks (0 to 8) ---
*** CL Metrics @ Task 9 ***
  [Binary]  F1: 0.4195 | Precision: 0.3136 | Recall: 0.8385
  [Macro]   Macro-F1: 0.6410 | Macro-Recall: 0.8062
  [Ranking] AUC-ROC: 0.8620 | AUC-PR: 0.4192
  [Balance] G-Mean: 0.8012 | Specificity: 0.7739 | MCC: 0.3933

--- Training on Task 10 (Timesteps: 46 to 49) ---
[INFO] Task 10 class weight: 32.82 -> clipped: 10.00
   -> Focal Loss Alpha: 0.9091
[INFO] Snapshot nodes: 14048 (current task only)
   [EWC] Updating Fisher Matrix...

--- [CL Evaluation] Evaluating on all seen tasks (0 to 9) ---
*** CL Metrics @ Task 10 ***
  [Binary]  F1: 0.4244 | Precision: 0.3167 | Recall: 0.8278
  [Macro]   Macro-F1: 0.6444 | Macro-Recall: 0.8029
  [Ranking] AUC-ROC: 0.8597 | AUC-PR: 0.4076
  [Balance] G-Mean: 0.7983 | Specificity: 0.7780 | MCC: 0.3946
All tasks trained.
Total time: 24.45s
