/usr/local/miniconda3/envs/py312/lib/python3.12/site-packages/torch/optim/lr_scheduler.py:1343: UserWarning: Converting a tensor with requires_grad=True to a scalar may lead to unexpected behavior.
Consider using tensor.detach() first. (Triggered internally at /pytorch/torch/csrc/autograd/generated/python_variable_methods.cpp:836.)
  current = float(metrics)

--- Training on Task 1 (Timesteps: 0 to 0) ---
🔧 Task 1 动态权重: 110.96 -> 截断为: 20.00
   -> Focal Loss Alpha: 0.9524
📉 Snapshot 节点数: 189571 (仅当前任务)
>>> [HOGRL] 正在为 Task 1 预计算高阶图...
Pre-computing HOGRL graphs up to order 3 (Force COO)...
  - A^2 computed (COO).
  - A^3 computed (COO).

--- [CL Evaluation] Evaluating on all seen tasks (0 to 0) ---
Pre-computing HOGRL graphs up to order 3 (Force COO)...
  - A^2 computed (COO).
  - A^3 computed (COO).
*** CL Metrics @ Task 1 [WARM-UP, 仅供参考] ***
  [Binary]  F1: 0.0077 | Precision: 0.0045 | Recall: 0.0283
  [Macro]   Macro-F1: 0.4886 | Macro-Recall: 0.4883
  [Ranking] AUC-ROC: 0.4882 | AUC-PR: 0.0080
  [Balance] G-Mean: 0.1638 | Specificity: 0.9483 | MCC: -0.0095

--- Training on Task 2 (Timesteps: 1 to 1) ---
🔧 Task 2 动态权重: 21.43 -> 截断为: 10.00
   -> Focal Loss Alpha: 0.9091
📉 Snapshot 节点数: 160370 (仅当前任务)
>>> [HOGRL] 正在为 Task 2 预计算高阶图...
Pre-computing HOGRL graphs up to order 3 (Force COO)...
  - A^2 computed (COO).
  - A^3 computed (COO).

--- [CL Evaluation] Evaluating on all seen tasks (0 to 1) ---
Pre-computing HOGRL graphs up to order 3 (Force COO)...
  - A^2 computed (COO).
  - A^3 computed (COO).
Pre-computing HOGRL graphs up to order 3 (Force COO)...
  - A^2 computed (COO).
  - A^3 computed (COO).
*** CL Metrics @ Task 2 ***
  [Binary]  F1: 0.1166 | Precision: 0.0671 | Recall: 0.6085
  [Macro]   Macro-F1: 0.4797 | Macro-Recall: 0.6720
  [Ranking] AUC-ROC: 0.6723 | AUC-PR: 0.0550
  [Balance] G-Mean: 0.6671 | Specificity: 0.7354 | MCC: 0.1288

--- Training on Task 3 (Timesteps: 2 to 2) ---
🔧 Task 3 动态权重: 12.37 -> 截断为: 10.00
   -> Focal Loss Alpha: 0.9091
📉 Snapshot 节点数: 100261 (仅当前任务)
>>> [HOGRL] 正在为 Task 3 预计算高阶图...
Pre-computing HOGRL graphs up to order 3 (Force COO)...
  - A^2 computed (COO).
  - A^3 computed (COO).

--- [CL Evaluation] Evaluating on all seen tasks (0 to 2) ---
Pre-computing HOGRL graphs up to order 3 (Force COO)...
  - A^2 computed (COO).
  - A^3 computed (COO).
Pre-computing HOGRL graphs up to order 3 (Force COO)...
  - A^2 computed (COO).
  - A^3 computed (COO).
Pre-computing HOGRL graphs up to order 3 (Force COO)...
  - A^2 computed (COO).
  - A^3 computed (COO).
*** CL Metrics @ Task 3 ***
  [Binary]  F1: 0.2079 | Precision: 0.1331 | Recall: 0.6531
  [Macro]   Macro-F1: 0.5328 | Macro-Recall: 0.7077
  [Ranking] AUC-ROC: 0.7080 | AUC-PR: 0.1095
  [Balance] G-Mean: 0.7042 | Specificity: 0.7623 | MCC: 0.2072

--- Training on Task 4 (Timesteps: 3 to 3) ---
🔧 Task 4 动态权重: 7.97 -> 截断为: 7.97
   -> Focal Loss Alpha: 0.8885
📉 Snapshot 节点数: 96398 (仅当前任务)
>>> [HOGRL] 正在为 Task 4 预计算高阶图...
Pre-computing HOGRL graphs up to order 3 (Force COO)...
  - A^2 computed (COO).
  - A^3 computed (COO).

--- [CL Evaluation] Evaluating on all seen tasks (0 to 3) ---
Pre-computing HOGRL graphs up to order 3 (Force COO)...
  - A^2 computed (COO).
  - A^3 computed (COO).
Pre-computing HOGRL graphs up to order 3 (Force COO)...
  - A^2 computed (COO).
  - A^3 computed (COO).
Pre-computing HOGRL graphs up to order 3 (Force COO)...
  - A^2 computed (COO).
  - A^3 computed (COO).
Pre-computing HOGRL graphs up to order 3 (Force COO)...
  - A^2 computed (COO).
  - A^3 computed (COO).
*** CL Metrics @ Task 4 ***
  [Binary]  F1: 0.2394 | Precision: 0.1557 | Recall: 0.6548
  [Macro]   Macro-F1: 0.5424 | Macro-Recall: 0.7017
  [Ranking] AUC-ROC: 0.7018 | AUC-PR: 0.1284
  [Balance] G-Mean: 0.6990 | Specificity: 0.7486 | MCC: 0.2172

--- Training on Task 5 (Timesteps: 4 to 4) ---
🔧 Task 5 动态权重: 6.70 -> 截断为: 6.70
   -> Focal Loss Alpha: 0.8702
📉 Snapshot 节点数: 148489 (仅当前任务)
>>> [HOGRL] 正在为 Task 5 预计算高阶图...
Pre-computing HOGRL graphs up to order 3 (Force COO)...
  - A^2 computed (COO).
  - A^3 computed (COO).

--- [CL Evaluation] Evaluating on all seen tasks (0 to 4) ---
Pre-computing HOGRL graphs up to order 3 (Force COO)...
  - A^2 computed (COO).
  - A^3 computed (COO).
Pre-computing HOGRL graphs up to order 3 (Force COO)...
  - A^2 computed (COO).
  - A^3 computed (COO).
Pre-computing HOGRL graphs up to order 3 (Force COO)...
  - A^2 computed (COO).
  - A^3 computed (COO).
Pre-computing HOGRL graphs up to order 3 (Force COO)...
  - A^2 computed (COO).
  - A^3 computed (COO).
Pre-computing HOGRL graphs up to order 3 (Force COO)...
  - A^2 computed (COO).
  - A^3 computed (COO).
*** CL Metrics @ Task 5 ***
  [Binary]  F1: 0.2631 | Precision: 0.1775 | Recall: 0.6344
  [Macro]   Macro-F1: 0.5531 | Macro-Recall: 0.6931
  [Ranking] AUC-ROC: 0.6930 | AUC-PR: 0.1439
  [Balance] G-Mean: 0.6892 | Specificity: 0.7518 | MCC: 0.2219

--- Training on Task 6 (Timesteps: 5 to 5) ---
🔧 Task 6 动态权重: 3.81 -> 截断为: 3.81
   -> Focal Loss Alpha: 0.7919
📉 Snapshot 节点数: 72045 (仅当前任务)
>>> [HOGRL] 正在为 Task 6 预计算高阶图...
Pre-computing HOGRL graphs up to order 3 (Force COO)...
  - A^2 computed (COO).
  - A^3 computed (COO).

--- [CL Evaluation] Evaluating on all seen tasks (0 to 5) ---
Pre-computing HOGRL graphs up to order 3 (Force COO)...
  - A^2 computed (COO).
  - A^3 computed (COO).
Pre-computing HOGRL graphs up to order 3 (Force COO)...
  - A^2 computed (COO).
  - A^3 computed (COO).
Pre-computing HOGRL graphs up to order 3 (Force COO)...
  - A^2 computed (COO).
  - A^3 computed (COO).
Pre-computing HOGRL graphs up to order 3 (Force COO)...
  - A^2 computed (COO).
  - A^3 computed (COO).
Pre-computing HOGRL graphs up to order 3 (Force COO)...
  - A^2 computed (COO).
  - A^3 computed (COO).
Pre-computing HOGRL graphs up to order 3 (Force COO)...
  - A^2 computed (COO).
  - A^3 computed (COO).
*** CL Metrics @ Task 6 ***
  [Binary]  F1: 0.2976 | Precision: 0.2079 | Recall: 0.6418
  [Macro]   Macro-F1: 0.5641 | Macro-Recall: 0.6905
  [Ranking] AUC-ROC: 0.6905 | AUC-PR: 0.1720
  [Balance] G-Mean: 0.6872 | Specificity: 0.7392 | MCC: 0.2342

--- Training on Task 7 (Timesteps: 6 to 6) ---
🔧 Task 7 动态权重: 6.63 -> 截断为: 6.63
   -> Focal Loss Alpha: 0.8690
📉 Snapshot 节点数: 106824 (仅当前任务)
>>> [HOGRL] 正在为 Task 7 预计算高阶图...
Pre-computing HOGRL graphs up to order 3 (Force COO)...
  - A^2 computed (COO).
  - A^3 computed (COO).

--- [CL Evaluation] Evaluating on all seen tasks (0 to 6) ---
Pre-computing HOGRL graphs up to order 3 (Force COO)...
  - A^2 computed (COO).
  - A^3 computed (COO).
Pre-computing HOGRL graphs up to order 3 (Force COO)...
  - A^2 computed (COO).
  - A^3 computed (COO).
Pre-computing HOGRL graphs up to order 3 (Force COO)...
  - A^2 computed (COO).
  - A^3 computed (COO).
Pre-computing HOGRL graphs up to order 3 (Force COO)...
  - A^2 computed (COO).
  - A^3 computed (COO).
Pre-computing HOGRL graphs up to order 3 (Force COO)...
  - A^2 computed (COO).
  - A^3 computed (COO).
Pre-computing HOGRL graphs up to order 3 (Force COO)...
  - A^2 computed (COO).
  - A^3 computed (COO).
Pre-computing HOGRL graphs up to order 3 (Force COO)...
  - A^2 computed (COO).
  - A^3 computed (COO).
*** CL Metrics @ Task 7 ***
  [Binary]  F1: 0.3089 | Precision: 0.2161 | Recall: 0.6429
  [Macro]   Macro-F1: 0.5686 | Macro-Recall: 0.6900
  [Ranking] AUC-ROC: 0.6899 | AUC-PR: 0.1787
  [Balance] G-Mean: 0.6871 | Specificity: 0.7371 | MCC: 0.2395

--- Training on Task 8 (Timesteps: 7 to 7) ---
🔧 Task 8 动态权重: 9.60 -> 截断为: 9.60
   -> Focal Loss Alpha: 0.9057
📉 Snapshot 节点数: 138779 (仅当前任务)
>>> [HOGRL] 正在为 Task 8 预计算高阶图...
Pre-computing HOGRL graphs up to order 3 (Force COO)...
  - A^2 computed (COO).
  - A^3 computed (COO).

--- [CL Evaluation] Evaluating on all seen tasks (0 to 7) ---
Pre-computing HOGRL graphs up to order 3 (Force COO)...
  - A^2 computed (COO).
  - A^3 computed (COO).
Pre-computing HOGRL graphs up to order 3 (Force COO)...
  - A^2 computed (COO).
  - A^3 computed (COO).
Pre-computing HOGRL graphs up to order 3 (Force COO)...
  - A^2 computed (COO).
  - A^3 computed (COO).
Pre-computing HOGRL graphs up to order 3 (Force COO)...
  - A^2 computed (COO).
  - A^3 computed (COO).
Pre-computing HOGRL graphs up to order 3 (Force COO)...
  - A^2 computed (COO).
  - A^3 computed (COO).
Pre-computing HOGRL graphs up to order 3 (Force COO)...
  - A^2 computed (COO).
  - A^3 computed (COO).
Pre-computing HOGRL graphs up to order 3 (Force COO)...
  - A^2 computed (COO).
  - A^3 computed (COO).
Pre-computing HOGRL graphs up to order 3 (Force COO)...
  - A^2 computed (COO).
  - A^3 computed (COO).
*** CL Metrics @ Task 8 ***
  [Binary]  F1: 0.3026 | Precision: 0.2090 | Recall: 0.6468
  [Macro]   Macro-F1: 0.5610 | Macro-Recall: 0.6853
  [Ranking] AUC-ROC: 0.6852 | AUC-PR: 0.1737
  [Balance] G-Mean: 0.6827 | Specificity: 0.7238 | MCC: 0.2322

--- Training on Task 9 (Timesteps: 8 to 8) ---
🔧 Task 9 动态权重: 22.55 -> 截断为: 10.00
   -> Focal Loss Alpha: 0.9091
📉 Snapshot 节点数: 166309 (仅当前任务)
>>> [HOGRL] 正在为 Task 9 预计算高阶图...
Pre-computing HOGRL graphs up to order 3 (Force COO)...
  - A^2 computed (COO).
  - A^3 computed (COO).

--- [CL Evaluation] Evaluating on all seen tasks (0 to 8) ---
Pre-computing HOGRL graphs up to order 3 (Force COO)...
  - A^2 computed (COO).
  - A^3 computed (COO).
Pre-computing HOGRL graphs up to order 3 (Force COO)...
  - A^2 computed (COO).
  - A^3 computed (COO).
Pre-computing HOGRL graphs up to order 3 (Force COO)...
  - A^2 computed (COO).
  - A^3 computed (COO).
Pre-computing HOGRL graphs up to order 3 (Force COO)...
  - A^2 computed (COO).
  - A^3 computed (COO).
Pre-computing HOGRL graphs up to order 3 (Force COO)...
  - A^2 computed (COO).
  - A^3 computed (COO).
Pre-computing HOGRL graphs up to order 3 (Force COO)...
  - A^2 computed (COO).
  - A^3 computed (COO).
Pre-computing HOGRL graphs up to order 3 (Force COO)...
  - A^2 computed (COO).
  - A^3 computed (COO).
Pre-computing HOGRL graphs up to order 3 (Force COO)...
  - A^2 computed (COO).
  - A^3 computed (COO).
Pre-computing HOGRL graphs up to order 3 (Force COO)...
  - A^2 computed (COO).
  - A^3 computed (COO).
*** CL Metrics @ Task 9 ***
  [Binary]  F1: 0.2849 | Precision: 0.1949 | Recall: 0.6388
  [Macro]   Macro-F1: 0.5518 | Macro-Recall: 0.6799
  [Ranking] AUC-ROC: 0.6798 | AUC-PR: 0.1617
  [Balance] G-Mean: 0.6772 | Specificity: 0.7210 | MCC: 0.2200

--- Training on Task 10 (Timesteps: 9 to 9) ---
🔧 Task 10 动态权重: 12.37 -> 截断为: 10.00
   -> Focal Loss Alpha: 0.9091
📉 Snapshot 节点数: 89214 (仅当前任务)
>>> [HOGRL] 正在为 Task 10 预计算高阶图...
Pre-computing HOGRL graphs up to order 3 (Force COO)...
  - A^2 computed (COO).
  - A^3 computed (COO).

--- [CL Evaluation] Evaluating on all seen tasks (0 to 9) ---
Pre-computing HOGRL graphs up to order 3 (Force COO)...
  - A^2 computed (COO).
  - A^3 computed (COO).
Pre-computing HOGRL graphs up to order 3 (Force COO)...
  - A^2 computed (COO).
  - A^3 computed (COO).
Pre-computing HOGRL graphs up to order 3 (Force COO)...
  - A^2 computed (COO).
  - A^3 computed (COO).
Pre-computing HOGRL graphs up to order 3 (Force COO)...
  - A^2 computed (COO).
  - A^3 computed (COO).
Pre-computing HOGRL graphs up to order 3 (Force COO)...
  - A^2 computed (COO).
  - A^3 computed (COO).
Pre-computing HOGRL graphs up to order 3 (Force COO)...
  - A^2 computed (COO).
  - A^3 computed (COO).
Pre-computing HOGRL graphs up to order 3 (Force COO)...
  - A^2 computed (COO).
  - A^3 computed (COO).
Pre-computing HOGRL graphs up to order 3 (Force COO)...
  - A^2 computed (COO).
  - A^3 computed (COO).
Pre-computing HOGRL graphs up to order 3 (Force COO)...
  - A^2 computed (COO).
  - A^3 computed (COO).
Pre-computing HOGRL graphs up to order 3 (Force COO)...
  - A^2 computed (COO).
  - A^3 computed (COO).
*** CL Metrics @ Task 10 ***
  [Binary]  F1: 0.2684 | Precision: 0.1836 | Recall: 0.5969
  [Macro]   Macro-F1: 0.5455 | Macro-Recall: 0.6629
  [Ranking] AUC-ROC: 0.6628 | AUC-PR: 0.1532
  [Balance] G-Mean: 0.6515 | Specificity: 0.7288 | MCC: 0.1993
All tasks trained.
Total time: 137.60s
