/usr/local/miniconda3/envs/py312/lib/python3.12/site-packages/torch/optim/lr_scheduler.py:1343: UserWarning: Converting a tensor with requires_grad=True to a scalar may lead to unexpected behavior.
Consider using tensor.detach() first. (Triggered internally at /pytorch/torch/csrc/autograd/generated/python_variable_methods.cpp:836.)
  current = float(metrics)

--- Training on Task 1 (Timesteps: 0 to 0) ---
[INFO] Task 1 class weight: 110.96 -> clipped: 20.00
   -> Focal Loss Alpha: 0.9524
[INFO] Snapshot nodes: 189571 (current task only)

--- [CL Evaluation] Evaluating on all seen tasks (0 to 0) ---
*** CL Metrics @ Task 1 [WARM-UP, 仅供参考] ***
  [Binary]  F1: 0.0000 | Precision: 0.0000 | Recall: 0.0000
  [Macro]   Macro-F1: 0.4980 | Macro-Recall: 0.5000
  [Ranking] AUC-ROC: 0.5000 | AUC-PR: 0.0081
  [Balance] G-Mean: 0.0000 | Specificity: 1.0000 | MCC: 0.0000

--- Training on Task 2 (Timesteps: 1 to 1) ---
[INFO] Task 2 class weight: 21.43 -> clipped: 10.00
   -> Focal Loss Alpha: 0.9091
[INFO] Snapshot nodes: 160370 (current task only)
   [EWC] Updating Fisher Matrix...
   [SPC] Task 2 子空间原型已更新 | 欺诈: 1436, 正常: 30774

--- [CL Evaluation] Evaluating on all seen tasks (0 to 1) ---
*** CL Metrics @ Task 2 ***
  [Binary]  F1: 0.1022 | Precision: 0.0602 | Recall: 0.4310
  [Macro]   Macro-F1: 0.4844 | Macro-Recall: 0.6031
  [Ranking] AUC-ROC: 0.5860 | AUC-PR: 0.0360
  [Balance] G-Mean: 0.5709 | Specificity: 0.7753 | MCC: 0.0905

--- Training on Task 3 (Timesteps: 2 to 2) ---
[INFO] Task 3 class weight: 12.37 -> clipped: 10.00
   -> Focal Loss Alpha: 0.9091
[INFO] Snapshot nodes: 100261 (current task only)
   [EWC] Updating Fisher Matrix...
   [SPC] Task 3 子空间原型已更新 | 欺诈: 1642, 正常: 20312

--- [CL Evaluation] Evaluating on all seen tasks (0 to 2) ---
*** CL Metrics @ Task 3 ***
  [Binary]  F1: 0.1899 | Precision: 0.1254 | Recall: 0.5007
  [Macro]   Macro-F1: 0.5326 | Macro-Recall: 0.6474
  [Ranking] AUC-ROC: 0.6258 | AUC-PR: 0.0698
  [Balance] G-Mean: 0.6239 | Specificity: 0.7942 | MCC: 0.1675

--- Training on Task 4 (Timesteps: 3 to 3) ---
[INFO] Task 4 class weight: 7.97 -> clipped: 7.97
   -> Focal Loss Alpha: 0.8885
[INFO] Snapshot nodes: 96398 (current task only)
   [EWC] Updating Fisher Matrix...
   [SPC] Task 4 子空间原型已更新 | 欺诈: 1760, 正常: 14031

--- [CL Evaluation] Evaluating on all seen tasks (0 to 3) ---
*** CL Metrics @ Task 4 ***
  [Binary]  F1: 0.2266 | Precision: 0.1523 | Recall: 0.5271
  [Macro]   Macro-F1: 0.5453 | Macro-Recall: 0.6545
  [Ranking] AUC-ROC: 0.6306 | AUC-PR: 0.0883
  [Balance] G-Mean: 0.6360 | Specificity: 0.7820 | MCC: 0.1867

--- Training on Task 5 (Timesteps: 4 to 4) ---
[INFO] Task 5 class weight: 6.70 -> clipped: 6.70
   -> Focal Loss Alpha: 0.8702
[INFO] Snapshot nodes: 148489 (current task only)
   [EWC] Updating Fisher Matrix...
   [SPC] Task 5 子空间原型已更新 | 欺诈: 5421, 正常: 36346

--- [CL Evaluation] Evaluating on all seen tasks (0 to 4) ---
*** CL Metrics @ Task 5 ***
  [Binary]  F1: 0.2565 | Precision: 0.1767 | Recall: 0.5411
  [Macro]   Macro-F1: 0.5572 | Macro-Recall: 0.6592
  [Ranking] AUC-ROC: 0.6311 | AUC-PR: 0.1029
  [Balance] G-Mean: 0.6434 | Specificity: 0.7772 | MCC: 0.2026

--- Training on Task 6 (Timesteps: 5 to 5) ---
[INFO] Task 6 class weight: 3.81 -> clipped: 3.81
   -> Focal Loss Alpha: 0.7919
[INFO] Snapshot nodes: 72045 (current task only)
   [EWC] Updating Fisher Matrix...
   [SPC] Task 6 子空间原型已更新 | 欺诈: 2319, 正常: 8825

--- [CL Evaluation] Evaluating on all seen tasks (0 to 5) ---
*** CL Metrics @ Task 6 ***
  [Binary]  F1: 0.2889 | Precision: 0.2089 | Recall: 0.5472
  [Macro]   Macro-F1: 0.5682 | Macro-Recall: 0.6588
  [Ranking] AUC-ROC: 0.6285 | AUC-PR: 0.1252
  [Balance] G-Mean: 0.6448 | Specificity: 0.7704 | MCC: 0.2142

--- Training on Task 7 (Timesteps: 6 to 6) ---
[INFO] Task 7 class weight: 6.63 -> clipped: 6.63
   -> Focal Loss Alpha: 0.8690
[INFO] Snapshot nodes: 106824 (current task only)
   [EWC] Updating Fisher Matrix...
   [SPC] Task 7 子空间原型已更新 | 欺诈: 3553, 正常: 23563

--- [CL Evaluation] Evaluating on all seen tasks (0 to 6) ---
*** CL Metrics @ Task 7 ***
  [Binary]  F1: 0.3056 | Precision: 0.2220 | Recall: 0.5583
  [Macro]   Macro-F1: 0.5766 | Macro-Recall: 0.6648
  [Ranking] AUC-ROC: 0.6360 | AUC-PR: 0.1342
  [Balance] G-Mean: 0.6523 | Specificity: 0.7714 | MCC: 0.2272

--- Training on Task 8 (Timesteps: 7 to 7) ---
[INFO] Task 8 class weight: 9.60 -> clipped: 9.60
   -> Focal Loss Alpha: 0.9057
[INFO] Snapshot nodes: 138779 (current task only)
   [EWC] Updating Fisher Matrix...
   [SPC] Task 8 子空间原型已更新 | 欺诈: 2811, 正常: 26989

--- [CL Evaluation] Evaluating on all seen tasks (0 to 7) ---
*** CL Metrics @ Task 8 ***
  [Binary]  F1: 0.3002 | Precision: 0.2161 | Recall: 0.5542
  [Macro]   Macro-F1: 0.5727 | Macro-Recall: 0.6610
  [Ranking] AUC-ROC: 0.6318 | AUC-PR: 0.1309
  [Balance] G-Mean: 0.6488 | Specificity: 0.7677 | MCC: 0.2205

--- Training on Task 9 (Timesteps: 8 to 8) ---
[INFO] Task 9 class weight: 22.55 -> clipped: 10.00
   -> Focal Loss Alpha: 0.9091
[INFO] Snapshot nodes: 166309 (current task only)
   [EWC] Updating Fisher Matrix...
   [SPC] Task 9 子空间原型已更新 | 欺诈: 1674, 正常: 37750

--- [CL Evaluation] Evaluating on all seen tasks (0 to 8) ---
*** CL Metrics @ Task 9 ***
  [Binary]  F1: 0.2851 | Precision: 0.2028 | Recall: 0.5554
  [Macro]   Macro-F1: 0.5652 | Macro-Recall: 0.6605
  [Ranking] AUC-ROC: 0.6314 | AUC-PR: 0.1225
  [Balance] G-Mean: 0.6490 | Specificity: 0.7656 | MCC: 0.2124

--- Training on Task 10 (Timesteps: 9 to 9) ---
[INFO] Task 10 class weight: 12.37 -> clipped: 10.00
   -> Focal Loss Alpha: 0.9091
[INFO] Snapshot nodes: 89214 (current task only)
   [EWC] Updating Fisher Matrix...
   [SPC] Task 10 子空间原型已更新 | 欺诈: 1682, 正常: 20798

--- [CL Evaluation] Evaluating on all seen tasks (0 to 9) ---
*** CL Metrics @ Task 10 ***
  [Binary]  F1: 0.2667 | Precision: 0.1895 | Recall: 0.5179
  [Macro]   Macro-F1: 0.5568 | Macro-Recall: 0.6438
  [Ranking] AUC-ROC: 0.6149 | AUC-PR: 0.1172
  [Balance] G-Mean: 0.6222 | Specificity: 0.7698 | MCC: 0.1903
All tasks trained.
Total time: 113.41s
