/usr/local/miniconda3/envs/py312/lib/python3.12/site-packages/torch/optim/lr_scheduler.py:1343: UserWarning: Converting a tensor with requires_grad=True to a scalar may lead to unexpected behavior.
Consider using tensor.detach() first. (Triggered internally at /pytorch/torch/csrc/autograd/generated/python_variable_methods.cpp:836.)
  current = float(metrics)

--- Training on Task 1 (Timesteps: 1 to 5) ---
[INFO] Task 1 class weight: 77.72 -> clipped: 20.00
   -> Focal Loss Alpha: 0.9524
[INFO] Snapshot nodes: 31541 (current task only)

--- [CL Evaluation] Evaluating on all seen tasks (0 to 0) ---
*** CL Metrics @ Task 1 [WARM-UP, 仅供参考] ***
  [Binary]  F1: 0.0741 | Precision: 0.0526 | Recall: 0.1250
  [Macro]   Macro-F1: 0.5337 | Macro-Recall: 0.5577
  [Ranking] AUC-ROC: 0.9289 | AUC-PR: 0.0498
  [Balance] G-Mean: 0.3519 | Specificity: 0.9904 | MCC: 0.0751

--- Training on Task 2 (Timesteps: 6 to 10) ---
[INFO] Task 2 class weight: 7.60 -> clipped: 7.60
   -> Focal Loss Alpha: 0.8838
[INFO] Snapshot nodes: 26556 (current task only)

--- [CL Evaluation] Evaluating on all seen tasks (0 to 1) ---
*** CL Metrics @ Task 2 ***
  [Binary]  F1: 0.1236 | Precision: 0.0686 | Recall: 0.6875
  [Macro]   Macro-F1: 0.5309 | Macro-Recall: 0.7863
  [Ranking] AUC-ROC: 0.9127 | AUC-PR: 0.2646
  [Balance] G-Mean: 0.7560 | Specificity: 0.8852 | MCC: 0.1926

--- Training on Task 3 (Timesteps: 11 to 15) ---
[INFO] Task 3 class weight: 4.05 -> clipped: 4.05
   -> Focal Loss Alpha: 0.8019
[INFO] Snapshot nodes: 16532 (current task only)

--- [CL Evaluation] Evaluating on all seen tasks (0 to 2) ---
*** CL Metrics @ Task 3 ***
  [Binary]  F1: 0.3112 | Precision: 0.2253 | Recall: 0.7735
  [Macro]   Macro-F1: 0.6096 | Macro-Recall: 0.8064
  [Ranking] AUC-ROC: 0.9184 | AUC-PR: 0.4385
  [Balance] G-Mean: 0.7842 | Specificity: 0.8392 | MCC: 0.3278

--- Training on Task 4 (Timesteps: 16 to 20) ---
[INFO] Task 4 class weight: 5.89 -> clipped: 5.89
   -> Focal Loss Alpha: 0.8549
[INFO] Snapshot nodes: 16133 (current task only)

--- [CL Evaluation] Evaluating on all seen tasks (0 to 3) ---
*** CL Metrics @ Task 4 ***
  [Binary]  F1: 0.3977 | Precision: 0.3003 | Recall: 0.7994
  [Macro]   Macro-F1: 0.6374 | Macro-Recall: 0.7992
  [Ranking] AUC-ROC: 0.8963 | AUC-PR: 0.4613
  [Balance] G-Mean: 0.7809 | Specificity: 0.7990 | MCC: 0.3718

--- Training on Task 5 (Timesteps: 21 to 25) ---
[INFO] Task 5 class weight: 9.53 -> clipped: 9.53
   -> Focal Loss Alpha: 0.9050
[INFO] Snapshot nodes: 20502 (current task only)

--- [CL Evaluation] Evaluating on all seen tasks (0 to 4) ---
*** CL Metrics @ Task 5 ***
  [Binary]  F1: 0.4708 | Precision: 0.3672 | Recall: 0.8310
  [Macro]   Macro-F1: 0.6784 | Macro-Recall: 0.8214
  [Ranking] AUC-ROC: 0.9058 | AUC-PR: 0.5064
  [Balance] G-Mean: 0.8066 | Specificity: 0.8118 | MCC: 0.4404

--- Training on Task 6 (Timesteps: 26 to 30) ---
[INFO] Task 6 class weight: 3.08 -> clipped: 3.08
   -> Focal Loss Alpha: 0.7552
[INFO] Snapshot nodes: 12023 (current task only)

--- [CL Evaluation] Evaluating on all seen tasks (0 to 5) ---
*** CL Metrics @ Task 6 ***
  [Binary]  F1: 0.4905 | Precision: 0.3774 | Recall: 0.8491
  [Macro]   Macro-F1: 0.6861 | Macro-Recall: 0.8265
  [Ranking] AUC-ROC: 0.9006 | AUC-PR: 0.4930
  [Balance] G-Mean: 0.8134 | Specificity: 0.8038 | MCC: 0.4569

--- Training on Task 7 (Timesteps: 31 to 35) ---
[INFO] Task 7 class weight: 4.88 -> clipped: 4.88
   -> Focal Loss Alpha: 0.8300
[INFO] Snapshot nodes: 18485 (current task only)

--- [CL Evaluation] Evaluating on all seen tasks (0 to 6) ---
*** CL Metrics @ Task 7 ***
  [Binary]  F1: 0.4860 | Precision: 0.3671 | Recall: 0.8605
  [Macro]   Macro-F1: 0.6777 | Macro-Recall: 0.8224
  [Ranking] AUC-ROC: 0.8960 | AUC-PR: 0.4810
  [Balance] G-Mean: 0.8097 | Specificity: 0.7844 | MCC: 0.4509

--- Training on Task 8 (Timesteps: 36 to 40) ---
[INFO] Task 8 class weight: 14.64 -> clipped: 10.00
   -> Focal Loss Alpha: 0.9091
[INFO] Snapshot nodes: 19831 (current task only)

--- [CL Evaluation] Evaluating on all seen tasks (0 to 7) ---
*** CL Metrics @ Task 8 ***
  [Binary]  F1: 0.4614 | Precision: 0.3440 | Recall: 0.8400
  [Macro]   Macro-F1: 0.6609 | Macro-Recall: 0.8058
  [Ranking] AUC-ROC: 0.8776 | AUC-PR: 0.4421
  [Balance] G-Mean: 0.7947 | Specificity: 0.7716 | MCC: 0.4233

--- Training on Task 9 (Timesteps: 41 to 45) ---
[INFO] Task 9 class weight: 14.50 -> clipped: 10.00
   -> Focal Loss Alpha: 0.9091
[INFO] Snapshot nodes: 28118 (current task only)

--- [CL Evaluation] Evaluating on all seen tasks (0 to 8) ---
*** CL Metrics @ Task 9 ***
  [Binary]  F1: 0.4119 | Precision: 0.3067 | Recall: 0.8133
  [Macro]   Macro-F1: 0.6338 | Macro-Recall: 0.7881
  [Ranking] AUC-ROC: 0.8491 | AUC-PR: 0.3940
  [Balance] G-Mean: 0.7780 | Specificity: 0.7629 | MCC: 0.3808

--- Training on Task 10 (Timesteps: 46 to 49) ---
[INFO] Task 10 class weight: 32.82 -> clipped: 10.00
   -> Focal Loss Alpha: 0.9091
[INFO] Snapshot nodes: 14048 (current task only)

--- [CL Evaluation] Evaluating on all seen tasks (0 to 9) ---
*** CL Metrics @ Task 10 ***
  [Binary]  F1: 0.4180 | Precision: 0.3099 | Recall: 0.8106
  [Macro]   Macro-F1: 0.6377 | Macro-Recall: 0.7884
  [Ranking] AUC-ROC: 0.8486 | AUC-PR: 0.3837
  [Balance] G-Mean: 0.7793 | Specificity: 0.7662 | MCC: 0.3847
All tasks trained.
Total time: 22.07s
