/usr/local/miniconda3/envs/py312/lib/python3.12/site-packages/torch/optim/lr_scheduler.py:1343: UserWarning: Converting a tensor with requires_grad=True to a scalar may lead to unexpected behavior.
Consider using tensor.detach() first. (Triggered internally at /pytorch/torch/csrc/autograd/generated/python_variable_methods.cpp:836.)
  current = float(metrics)

--- Training on Task 1 (Timesteps: 1 to 5) ---
[INFO] Task 1 class weight: 77.72 -> clipped: 20.00
   -> Focal Loss Alpha: 0.9524
[INFO] Snapshot nodes: 31541 (current task only)

--- [CL Evaluation] Evaluating on all seen tasks (0 to 0) ---
*** CL Metrics @ Task 1 [WARM-UP, 仅供参考] ***
  [Binary]  F1: 0.0476 | Precision: 0.0294 | Recall: 0.1250
  [Macro]   Macro-F1: 0.5184 | Macro-Recall: 0.5537
  [Ranking] AUC-ROC: 0.9413 | AUC-PR: 0.0491
  [Balance] G-Mean: 0.3504 | Specificity: 0.9824 | MCC: 0.0525

--- Training on Task 2 (Timesteps: 6 to 10) ---
[INFO] Task 2 class weight: 7.60 -> clipped: 7.60
   -> Focal Loss Alpha: 0.8838
[INFO] Snapshot nodes: 26556 (current task only)
   [EWC] Updating Fisher Matrix...
   [SPC] Task 2 子空间原型已更新 | 欺诈: 422, 正常: 3209

--- [CL Evaluation] Evaluating on all seen tasks (0 to 1) ---
*** CL Metrics @ Task 2 ***
  [Binary]  F1: 0.1373 | Precision: 0.0765 | Recall: 0.8125
  [Macro]   Macro-F1: 0.5368 | Macro-Recall: 0.8468
  [Ranking] AUC-ROC: 0.9302 | AUC-PR: 0.2408
  [Balance] G-Mean: 0.8399 | Specificity: 0.8811 | MCC: 0.2209

--- Training on Task 3 (Timesteps: 11 to 15) ---
[INFO] Task 3 class weight: 4.05 -> clipped: 4.05
   -> Focal Loss Alpha: 0.8019
[INFO] Snapshot nodes: 16532 (current task only)
   [EWC] Updating Fisher Matrix...
   [SPC] Task 3 子空间原型已更新 | 欺诈: 481, 正常: 1947

--- [CL Evaluation] Evaluating on all seen tasks (0 to 2) ---
*** CL Metrics @ Task 3 ***
  [Binary]  F1: 0.3165 | Precision: 0.2266 | Recall: 0.8546
  [Macro]   Macro-F1: 0.6102 | Macro-Recall: 0.8438
  [Ranking] AUC-ROC: 0.9273 | AUC-PR: 0.4160
  [Balance] G-Mean: 0.8372 | Specificity: 0.8330 | MCC: 0.3413

--- Training on Task 4 (Timesteps: 16 to 20) ---
[INFO] Task 4 class weight: 5.89 -> clipped: 5.89
   -> Focal Loss Alpha: 0.8549
[INFO] Snapshot nodes: 16133 (current task only)
   [EWC] Updating Fisher Matrix...
   [SPC] Task 4 子空间原型已更新 | 欺诈: 359, 正常: 2116

--- [CL Evaluation] Evaluating on all seen tasks (0 to 3) ---
*** CL Metrics @ Task 4 ***
  [Binary]  F1: 0.3994 | Precision: 0.3002 | Recall: 0.8554
  [Macro]   Macro-F1: 0.6365 | Macro-Recall: 0.8250
  [Ranking] AUC-ROC: 0.9010 | AUC-PR: 0.4418
  [Balance] G-Mean: 0.8187 | Specificity: 0.7946 | MCC: 0.3779

--- Training on Task 5 (Timesteps: 21 to 25) ---
[INFO] Task 5 class weight: 9.53 -> clipped: 9.53
   -> Focal Loss Alpha: 0.9050
[INFO] Snapshot nodes: 20502 (current task only)
   [EWC] Updating Fisher Matrix...
   [SPC] Task 5 子空间原型已更新 | 欺诈: 448, 正常: 4269

--- [CL Evaluation] Evaluating on all seen tasks (0 to 4) ---
*** CL Metrics @ Task 5 ***
  [Binary]  F1: 0.4720 | Precision: 0.3661 | Recall: 0.8775
  [Macro]   Macro-F1: 0.6775 | Macro-Recall: 0.8425
  [Ranking] AUC-ROC: 0.9104 | AUC-PR: 0.4970
  [Balance] G-Mean: 0.8372 | Specificity: 0.8076 | MCC: 0.4454

--- Training on Task 6 (Timesteps: 26 to 30) ---
[INFO] Task 6 class weight: 3.08 -> clipped: 3.08
   -> Focal Loss Alpha: 0.7552
[INFO] Snapshot nodes: 12023 (current task only)
   [EWC] Updating Fisher Matrix...
   [SPC] Task 6 子空间原型已更新 | 欺诈: 534, 正常: 1647

--- [CL Evaluation] Evaluating on all seen tasks (0 to 5) ---
*** CL Metrics @ Task 6 ***
  [Binary]  F1: 0.4921 | Precision: 0.3764 | Recall: 0.8919
  [Macro]   Macro-F1: 0.6855 | Macro-Recall: 0.8456
  [Ranking] AUC-ROC: 0.9050 | AUC-PR: 0.4861
  [Balance] G-Mean: 0.8401 | Specificity: 0.7992 | MCC: 0.4628

--- Training on Task 7 (Timesteps: 31 to 35) ---
[INFO] Task 7 class weight: 4.88 -> clipped: 4.88
   -> Focal Loss Alpha: 0.8300
[INFO] Snapshot nodes: 18485 (current task only)
   [EWC] Updating Fisher Matrix...
   [SPC] Task 7 子空间原型已更新 | 欺诈: 508, 正常: 2481

--- [CL Evaluation] Evaluating on all seen tasks (0 to 6) ---
*** CL Metrics @ Task 7 ***
  [Binary]  F1: 0.4874 | Precision: 0.3661 | Recall: 0.8979
  [Macro]   Macro-F1: 0.6770 | Macro-Recall: 0.8389
  [Ranking] AUC-ROC: 0.9003 | AUC-PR: 0.4767
  [Balance] G-Mean: 0.8326 | Specificity: 0.7799 | MCC: 0.4560

--- Training on Task 8 (Timesteps: 36 to 40) ---
[INFO] Task 8 class weight: 14.64 -> clipped: 10.00
   -> Focal Loss Alpha: 0.9091
[INFO] Snapshot nodes: 19831 (current task only)
   [EWC] Updating Fisher Matrix...
   [SPC] Task 8 子空间原型已更新 | 欺诈: 265, 正常: 3880

--- [CL Evaluation] Evaluating on all seen tasks (0 to 7) ---
*** CL Metrics @ Task 8 ***
  [Binary]  F1: 0.4632 | Precision: 0.3434 | Recall: 0.8761
  [Macro]   Macro-F1: 0.6603 | Macro-Recall: 0.8214
  [Ranking] AUC-ROC: 0.8832 | AUC-PR: 0.4406
  [Balance] G-Mean: 0.8158 | Specificity: 0.7667 | MCC: 0.4290

--- Training on Task 9 (Timesteps: 41 to 45) ---
[INFO] Task 9 class weight: 14.50 -> clipped: 10.00
   -> Focal Loss Alpha: 0.9091
[INFO] Snapshot nodes: 28118 (current task only)
   [EWC] Updating Fisher Matrix...
   [SPC] Task 9 子空间原型已更新 | 欺诈: 403, 正常: 5844

--- [CL Evaluation] Evaluating on all seen tasks (0 to 8) ---
*** CL Metrics @ Task 9 ***
  [Binary]  F1: 0.4135 | Precision: 0.3061 | Recall: 0.8454
  [Macro]   Macro-F1: 0.6329 | Macro-Recall: 0.8015
  [Ranking] AUC-ROC: 0.8543 | AUC-PR: 0.3925
  [Balance] G-Mean: 0.7964 | Specificity: 0.7576 | MCC: 0.3857

--- Training on Task 10 (Timesteps: 46 to 49) ---
[INFO] Task 10 class weight: 32.82 -> clipped: 10.00
   -> Focal Loss Alpha: 0.9091
[INFO] Snapshot nodes: 14048 (current task only)
   [EWC] Updating Fisher Matrix...
   [SPC] Task 10 子空间原型已更新 | 欺诈: 60, 正常: 1969

--- [CL Evaluation] Evaluating on all seen tasks (0 to 9) ---
*** CL Metrics @ Task 10 ***
  [Binary]  F1: 0.4198 | Precision: 0.3093 | Recall: 0.8412
  [Macro]   Macro-F1: 0.6369 | Macro-Recall: 0.8010
  [Ranking] AUC-ROC: 0.8523 | AUC-PR: 0.3803
  [Balance] G-Mean: 0.7964 | Specificity: 0.7609 | MCC: 0.3898
All tasks trained.
Total time: 31.12s
