/usr/local/miniconda3/envs/py312/lib/python3.12/site-packages/torch/optim/lr_scheduler.py:1343: UserWarning: Converting a tensor with requires_grad=True to a scalar may lead to unexpected behavior.
Consider using tensor.detach() first. (Triggered internally at /pytorch/torch/csrc/autograd/generated/python_variable_methods.cpp:836.)
  current = float(metrics)

--- Training on Task 1 (Timesteps: 1 to 5) ---
🔧 Task 1 动态权重: 77.72 -> 截断为: 20.00
   -> Focal Loss Alpha: 0.9524
📉 Snapshot 节点数: 31541 (仅当前任务)

--- [CL Evaluation] Evaluating on all seen tasks (0 to 0) ---
*** CL Metrics @ Task 1 [WARM-UP, 仅供参考] ***
  [Binary]  F1: 0.0769 | Precision: 0.0455 | Recall: 0.2500
  [Macro]   Macro-F1: 0.5320 | Macro-Recall: 0.6138
  [Ranking] AUC-ROC: 0.8415 | AUC-PR: 0.0269
  [Balance] G-Mean: 0.4944 | Specificity: 0.9776 | MCC: 0.0980

--- Training on Task 2 (Timesteps: 6 to 10) ---
🔧 Task 2 动态权重: 7.60 -> 截断为: 7.60
   -> Focal Loss Alpha: 0.8838
📉 Snapshot 节点数: 26556 (仅当前任务)
   [EWC] Updating Fisher Matrix...

--- [CL Evaluation] Evaluating on all seen tasks (0 to 1) ---
*** CL Metrics @ Task 2 ***
  [Binary]  F1: 0.0385 | Precision: 0.0227 | Recall: 0.1250
  [Macro]   Macro-F1: 0.5111 | Macro-Recall: 0.5519
  [Ranking] AUC-ROC: 0.8203 | AUC-PR: 0.0373
  [Balance] G-Mean: 0.2472 | Specificity: 0.9788 | MCC: 0.0393

--- Training on Task 3 (Timesteps: 11 to 15) ---
🔧 Task 3 动态权重: 4.05 -> 截断为: 4.05
   -> Focal Loss Alpha: 0.8019
📉 Snapshot 节点数: 16532 (仅当前任务)
   [EWC] Updating Fisher Matrix...

--- [CL Evaluation] Evaluating on all seen tasks (0 to 2) ---
*** CL Metrics @ Task 3 ***
  [Binary]  F1: 0.0675 | Precision: 0.1461 | Recall: 0.1083
  [Macro]   Macro-F1: 0.5044 | Macro-Recall: 0.5411
  [Ranking] AUC-ROC: 0.8370 | AUC-PR: 0.2064
  [Balance] G-Mean: 0.2543 | Specificity: 0.9739 | MCC: 0.0526

--- Training on Task 4 (Timesteps: 16 to 20) ---
🔧 Task 4 动态权重: 5.89 -> 截断为: 5.89
   -> Focal Loss Alpha: 0.8549
📉 Snapshot 节点数: 16133 (仅当前任务)
   [EWC] Updating Fisher Matrix...

--- [CL Evaluation] Evaluating on all seen tasks (0 to 3) ---
*** CL Metrics @ Task 4 ***
  [Binary]  F1: 0.0723 | Precision: 0.1888 | Recall: 0.0937
  [Macro]   Macro-F1: 0.4911 | Macro-Recall: 0.5316
  [Ranking] AUC-ROC: 0.8277 | AUC-PR: 0.2822
  [Balance] G-Mean: 0.2454 | Specificity: 0.9695 | MCC: 0.0429

--- Training on Task 5 (Timesteps: 21 to 25) ---
🔧 Task 5 动态权重: 9.53 -> 截断为: 9.53
   -> Focal Loss Alpha: 0.9050
📉 Snapshot 节点数: 20502 (仅当前任务)
   [EWC] Updating Fisher Matrix...

--- [CL Evaluation] Evaluating on all seen tasks (0 to 4) ---
*** CL Metrics @ Task 5 ***
  [Binary]  F1: 0.0701 | Precision: 0.2177 | Recall: 0.0817
  [Macro]   Macro-F1: 0.4875 | Macro-Recall: 0.5270
  [Ranking] AUC-ROC: 0.8411 | AUC-PR: 0.3415
  [Balance] G-Mean: 0.2328 | Specificity: 0.9722 | MCC: 0.0440

--- Training on Task 6 (Timesteps: 26 to 30) ---
🔧 Task 6 动态权重: 3.08 -> 截断为: 3.08
   -> Focal Loss Alpha: 0.7552
📉 Snapshot 节点数: 12023 (仅当前任务)
   [EWC] Updating Fisher Matrix...

--- [CL Evaluation] Evaluating on all seen tasks (0 to 5) ---
*** CL Metrics @ Task 6 ***
  [Binary]  F1: 0.0650 | Precision: 0.1990 | Recall: 0.0721
  [Macro]   Macro-F1: 0.4842 | Macro-Recall: 0.5213
  [Ranking] AUC-ROC: 0.8354 | AUC-PR: 0.3346
  [Balance] G-Mean: 0.2194 | Specificity: 0.9704 | MCC: 0.0320

--- Training on Task 7 (Timesteps: 31 to 35) ---
🔧 Task 7 动态权重: 4.88 -> 截断为: 4.88
   -> Focal Loss Alpha: 0.8300
📉 Snapshot 节点数: 18485 (仅当前任务)
   [EWC] Updating Fisher Matrix...

--- [CL Evaluation] Evaluating on all seen tasks (0 to 6) ---
*** CL Metrics @ Task 7 ***
  [Binary]  F1: 0.0584 | Precision: 0.1798 | Recall: 0.0634
  [Macro]   Macro-F1: 0.4818 | Macro-Recall: 0.5172
  [Ranking] AUC-ROC: 0.8223 | AUC-PR: 0.3189
  [Balance] G-Mean: 0.2028 | Specificity: 0.9711 | MCC: 0.0228

--- Training on Task 8 (Timesteps: 36 to 40) ---
🔧 Task 8 动态权重: 14.64 -> 截断为: 10.00
   -> Focal Loss Alpha: 0.9091
📉 Snapshot 节点数: 19831 (仅当前任务)
   [EWC] Updating Fisher Matrix...

--- [CL Evaluation] Evaluating on all seen tasks (0 to 7) ---
*** CL Metrics @ Task 8 ***
  [Binary]  F1: 0.0511 | Precision: 0.1573 | Recall: 0.0555
  [Macro]   Macro-F1: 0.4806 | Macro-Recall: 0.5143
  [Ranking] AUC-ROC: 0.7924 | AUC-PR: 0.2917
  [Balance] G-Mean: 0.1775 | Specificity: 0.9731 | MCC: 0.0157

--- Training on Task 9 (Timesteps: 41 to 45) ---
🔧 Task 9 动态权重: 14.50 -> 截断为: 10.00
   -> Focal Loss Alpha: 0.9091
📉 Snapshot 节点数: 28118 (仅当前任务)
   [EWC] Updating Fisher Matrix...

--- [CL Evaluation] Evaluating on all seen tasks (0 to 8) ---
*** CL Metrics @ Task 9 ***
  [Binary]  F1: 0.0539 | Precision: 0.1451 | Recall: 0.0715
  [Macro]   Macro-F1: 0.4865 | Macro-Recall: 0.5229
  [Ranking] AUC-ROC: 0.7579 | AUC-PR: 0.2619
  [Balance] G-Mean: 0.2070 | Specificity: 0.9743 | MCC: 0.0239

--- Training on Task 10 (Timesteps: 46 to 49) ---
🔧 Task 10 动态权重: 32.82 -> 截断为: 10.00
   -> Focal Loss Alpha: 0.9091
📉 Snapshot 节点数: 14048 (仅当前任务)
   [EWC] Updating Fisher Matrix...

--- [CL Evaluation] Evaluating on all seen tasks (0 to 9) ---
*** CL Metrics @ Task 10 ***
  [Binary]  F1: 0.0485 | Precision: 0.1306 | Recall: 0.0644
  [Macro]   Macro-F1: 0.4840 | Macro-Recall: 0.5192
  [Ranking] AUC-ROC: 0.7503 | AUC-PR: 0.2549
  [Balance] G-Mean: 0.1863 | Specificity: 0.9740 | MCC: 0.0157
All tasks trained.
Total time: 74.72s
