/usr/local/miniconda3/envs/py312/lib/python3.12/site-packages/torch/optim/lr_scheduler.py:1343: UserWarning: Converting a tensor with requires_grad=True to a scalar may lead to unexpected behavior.
Consider using tensor.detach() first. (Triggered internally at /pytorch/torch/csrc/autograd/generated/python_variable_methods.cpp:836.)
  current = float(metrics)

--- Training on Task 1 (Timesteps: 1 to 5) ---
[ROBUST] train_fraud_ratio=0.50: fraud 76 -> 38, normal kept 5907
[INFO] Task 1 class weight: 155.45 -> clipped: 20.00
   -> Focal Loss Alpha: 0.9524
[INFO] Snapshot nodes: 31541 (current task only)

--- [CL Evaluation] Evaluating on all seen tasks (0 to 0) ---
*** CL Metrics @ Task 1 [WARM-UP, 仅供参考] ***
  [Binary]  F1: 0.0000 | Precision: 0.0000 | Recall: 0.0000
  [Macro]   Macro-F1: 0.4989 | Macro-Recall: 0.5000
  [Ranking] AUC-ROC: 0.9377 | AUC-PR: 0.1234
  [Balance] G-Mean: 0.0000 | Specificity: 1.0000 | MCC: 0.0000

--- Training on Task 2 (Timesteps: 6 to 10) ---
[ROBUST] train_fraud_ratio=0.50: fraud 422 -> 211, normal kept 3209
[INFO] Task 2 class weight: 15.21 -> clipped: 10.00
   -> Focal Loss Alpha: 0.9091
[INFO] Snapshot nodes: 26556 (current task only)

--- [CL Evaluation] Evaluating on all seen tasks (0 to 1) ---
*** CL Metrics @ Task 2 ***
  [Binary]  F1: 0.1482 | Precision: 0.0868 | Recall: 0.5694
  [Macro]   Macro-F1: 0.5507 | Macro-Recall: 0.7411
  [Ranking] AUC-ROC: 0.9017 | AUC-PR: 0.2467
  [Balance] G-Mean: 0.6892 | Specificity: 0.9127 | MCC: 0.1974

--- Training on Task 3 (Timesteps: 11 to 15) ---
[ROBUST] train_fraud_ratio=0.50: fraud 481 -> 240, normal kept 1947
[INFO] Task 3 class weight: 8.11 -> clipped: 8.11
   -> Focal Loss Alpha: 0.8903
[INFO] Snapshot nodes: 16532 (current task only)

--- [CL Evaluation] Evaluating on all seen tasks (0 to 2) ---
*** CL Metrics @ Task 3 ***
  [Binary]  F1: 0.3233 | Precision: 0.2779 | Recall: 0.6087
  [Macro]   Macro-F1: 0.6285 | Macro-Recall: 0.7568
  [Ranking] AUC-ROC: 0.9021 | AUC-PR: 0.4027
  [Balance] G-Mean: 0.7201 | Specificity: 0.9050 | MCC: 0.3212

--- Training on Task 4 (Timesteps: 16 to 20) ---
[ROBUST] train_fraud_ratio=0.50: fraud 359 -> 180, normal kept 2116
[INFO] Task 4 class weight: 11.76 -> clipped: 10.00
   -> Focal Loss Alpha: 0.9091
[INFO] Snapshot nodes: 16133 (current task only)

--- [CL Evaluation] Evaluating on all seen tasks (0 to 3) ---
*** CL Metrics @ Task 4 ***
  [Binary]  F1: 0.3756 | Precision: 0.3496 | Recall: 0.5825
  [Macro]   Macro-F1: 0.6410 | Macro-Recall: 0.7359
  [Ranking] AUC-ROC: 0.8829 | AUC-PR: 0.4401
  [Balance] G-Mean: 0.7029 | Specificity: 0.8893 | MCC: 0.3305

--- Training on Task 5 (Timesteps: 21 to 25) ---
[ROBUST] train_fraud_ratio=0.50: fraud 448 -> 224, normal kept 4269
[INFO] Task 5 class weight: 19.06 -> clipped: 10.00
   -> Focal Loss Alpha: 0.9091
[INFO] Snapshot nodes: 20502 (current task only)

--- [CL Evaluation] Evaluating on all seen tasks (0 to 4) ---
*** CL Metrics @ Task 5 ***
  [Binary]  F1: 0.4144 | Precision: 0.4356 | Recall: 0.5558
  [Macro]   Macro-F1: 0.6618 | Macro-Recall: 0.7305
  [Ranking] AUC-ROC: 0.8957 | AUC-PR: 0.4967
  [Balance] G-Mean: 0.6942 | Specificity: 0.9052 | MCC: 0.3691

--- Training on Task 6 (Timesteps: 26 to 30) ---
[ROBUST] train_fraud_ratio=0.50: fraud 534 -> 267, normal kept 1647
[INFO] Task 6 class weight: 6.17 -> clipped: 6.17
   -> Focal Loss Alpha: 0.8605
[INFO] Snapshot nodes: 12023 (current task only)

--- [CL Evaluation] Evaluating on all seen tasks (0 to 5) ---
*** CL Metrics @ Task 6 ***
  [Binary]  F1: 0.3996 | Precision: 0.4391 | Recall: 0.5053
  [Macro]   Macro-F1: 0.6541 | Macro-Recall: 0.7084
  [Ranking] AUC-ROC: 0.8927 | AUC-PR: 0.4846
  [Balance] G-Mean: 0.6600 | Specificity: 0.9115 | MCC: 0.3498

--- Training on Task 7 (Timesteps: 31 to 35) ---
[ROBUST] train_fraud_ratio=0.50: fraud 508 -> 254, normal kept 2481
[INFO] Task 7 class weight: 9.77 -> clipped: 9.77
   -> Focal Loss Alpha: 0.9071
[INFO] Snapshot nodes: 18485 (current task only)

--- [CL Evaluation] Evaluating on all seen tasks (0 to 6) ---
*** CL Metrics @ Task 7 ***
  [Binary]  F1: 0.3675 | Precision: 0.4281 | Recall: 0.4496
  [Macro]   Macro-F1: 0.6388 | Macro-Recall: 0.6846
  [Ranking] AUC-ROC: 0.8891 | AUC-PR: 0.4739
  [Balance] G-Mean: 0.6134 | Specificity: 0.9196 | MCC: 0.3199

--- Training on Task 8 (Timesteps: 36 to 40) ---
[ROBUST] train_fraud_ratio=0.50: fraud 265 -> 132, normal kept 3880
[INFO] Task 8 class weight: 29.39 -> clipped: 10.00
   -> Focal Loss Alpha: 0.9091
[INFO] Snapshot nodes: 19831 (current task only)

--- [CL Evaluation] Evaluating on all seen tasks (0 to 7) ---
*** CL Metrics @ Task 8 ***
  [Binary]  F1: 0.3233 | Precision: 0.3782 | Recall: 0.3945
  [Macro]   Macro-F1: 0.6183 | Macro-Recall: 0.6602
  [Ranking] AUC-ROC: 0.8742 | AUC-PR: 0.4387
  [Balance] G-Mean: 0.5484 | Specificity: 0.9259 | MCC: 0.2753

--- Training on Task 9 (Timesteps: 41 to 45) ---
[ROBUST] train_fraud_ratio=0.50: fraud 403 -> 202, normal kept 5844
[INFO] Task 9 class weight: 28.93 -> clipped: 10.00
   -> Focal Loss Alpha: 0.9091
[INFO] Snapshot nodes: 28118 (current task only)

--- [CL Evaluation] Evaluating on all seen tasks (0 to 8) ---
*** CL Metrics @ Task 9 ***
  [Binary]  F1: 0.2874 | Precision: 0.3362 | Recall: 0.3507
  [Macro]   Macro-F1: 0.6044 | Macro-Recall: 0.6410
  [Ranking] AUC-ROC: 0.8412 | AUC-PR: 0.3906
  [Balance] G-Mean: 0.4875 | Specificity: 0.9314 | MCC: 0.2436

--- Training on Task 10 (Timesteps: 46 to 49) ---
[ROBUST] train_fraud_ratio=0.50: fraud 60 -> 30, normal kept 1969
[INFO] Task 10 class weight: 65.63 -> clipped: 10.00
   -> Focal Loss Alpha: 0.9091
[INFO] Snapshot nodes: 14048 (current task only)

--- [CL Evaluation] Evaluating on all seen tasks (0 to 9) ---
*** CL Metrics @ Task 10 ***
  [Binary]  F1: 0.2587 | Precision: 0.3026 | Recall: 0.3156
  [Macro]   Macro-F1: 0.5907 | Macro-Recall: 0.6267
  [Ranking] AUC-ROC: 0.8423 | AUC-PR: 0.3827
  [Balance] G-Mean: 0.4387 | Specificity: 0.9378 | MCC: 0.2168
All tasks trained.
Total time: 23.01s
