/usr/local/miniconda3/envs/py312/lib/python3.12/site-packages/torch/optim/lr_scheduler.py:1343: UserWarning: Converting a tensor with requires_grad=True to a scalar may lead to unexpected behavior.
Consider using tensor.detach() first. (Triggered internally at /pytorch/torch/csrc/autograd/generated/python_variable_methods.cpp:836.)
  current = float(metrics)

--- Training on Task 1 (Timesteps: 1 to 5) ---
🔧 Task 1 动态权重: 77.72 -> 截断为: 20.00
   -> Focal Loss Alpha: 0.9524
📉 Snapshot 节点数: 31541 (仅当前任务)

--- [CL Evaluation] Evaluating on all seen tasks (0 to 0) ---
*** CL Metrics @ Task 1 [WARM-UP, 仅供参考] ***
  [Binary]  F1: 0.0822 | Precision: 0.0462 | Recall: 0.3750
  [Macro]   Macro-F1: 0.5320 | Macro-Recall: 0.6710
  [Ranking] AUC-ROC: 0.8883 | AUC-PR: 0.1025
  [Balance] G-Mean: 0.6022 | Specificity: 0.9669 | MCC: 0.1218

--- Training on Task 2 (Timesteps: 6 to 10) ---
🔧 Task 2 动态权重: 7.60 -> 截断为: 7.60
   -> Focal Loss Alpha: 0.8838
📉 Snapshot 节点数: 26556 (仅当前任务)
   [EWC] Updating Fisher Matrix...
   [SPC] Task 2 子空间原型已更新 | 欺诈: 422, 正常: 3209

--- [CL Evaluation] Evaluating on all seen tasks (0 to 1) ---
*** CL Metrics @ Task 2 ***
  [Binary]  F1: 0.0919 | Precision: 0.0597 | Recall: 0.2708
  [Macro]   Macro-F1: 0.5344 | Macro-Recall: 0.6172
  [Ranking] AUC-ROC: 0.8707 | AUC-PR: 0.0871
  [Balance] G-Mean: 0.5011 | Specificity: 0.9635 | MCC: 0.1034

--- Training on Task 3 (Timesteps: 11 to 15) ---
🔧 Task 3 动态权重: 4.05 -> 截断为: 4.05
   -> Focal Loss Alpha: 0.8019
📉 Snapshot 节点数: 16532 (仅当前任务)
   [EWC] Updating Fisher Matrix...
   [SPC] Task 3 子空间原型已更新 | 欺诈: 481, 正常: 1947

--- [CL Evaluation] Evaluating on all seen tasks (0 to 2) ---
*** CL Metrics @ Task 3 ***
  [Binary]  F1: 0.1941 | Precision: 0.2158 | Recall: 0.2871
  [Macro]   Macro-F1: 0.5657 | Macro-Recall: 0.6166
  [Ranking] AUC-ROC: 0.8617 | AUC-PR: 0.2233
  [Balance] G-Mean: 0.5139 | Specificity: 0.9460 | MCC: 0.1622

--- Training on Task 4 (Timesteps: 16 to 20) ---
🔧 Task 4 动态权重: 5.89 -> 截断为: 5.89
   -> Focal Loss Alpha: 0.8549
📉 Snapshot 节点数: 16133 (仅当前任务)
   [EWC] Updating Fisher Matrix...
   [SPC] Task 4 子空间原型已更新 | 欺诈: 359, 正常: 2116

--- [CL Evaluation] Evaluating on all seen tasks (0 to 3) ---
*** CL Metrics @ Task 4 ***
  [Binary]  F1: 0.2138 | Precision: 0.2654 | Recall: 0.2663
  [Macro]   Macro-F1: 0.5584 | Macro-Recall: 0.5982
  [Ranking] AUC-ROC: 0.8409 | AUC-PR: 0.2831
  [Balance] G-Mean: 0.4915 | Specificity: 0.9302 | MCC: 0.1497

--- Training on Task 5 (Timesteps: 21 to 25) ---
🔧 Task 5 动态权重: 9.53 -> 截断为: 9.53
   -> Focal Loss Alpha: 0.9050
📉 Snapshot 节点数: 20502 (仅当前任务)
   [EWC] Updating Fisher Matrix...
   [SPC] Task 5 子空间原型已更新 | 欺诈: 448, 正常: 4269

--- [CL Evaluation] Evaluating on all seen tasks (0 to 4) ---
*** CL Metrics @ Task 5 ***
  [Binary]  F1: 0.2639 | Precision: 0.3456 | Recall: 0.2842
  [Macro]   Macro-F1: 0.5835 | Macro-Recall: 0.6098
  [Ranking] AUC-ROC: 0.8571 | AUC-PR: 0.3525
  [Balance] G-Mean: 0.5099 | Specificity: 0.9353 | MCC: 0.2006

--- Training on Task 6 (Timesteps: 26 to 30) ---
🔧 Task 6 动态权重: 3.08 -> 截断为: 3.08
   -> Focal Loss Alpha: 0.7552
📉 Snapshot 节点数: 12023 (仅当前任务)
   [EWC] Updating Fisher Matrix...
   [SPC] Task 6 子空间原型已更新 | 欺诈: 534, 正常: 1647

--- [CL Evaluation] Evaluating on all seen tasks (0 to 5) ---
*** CL Metrics @ Task 6 ***
  [Binary]  F1: 0.2509 | Precision: 0.3260 | Recall: 0.2630
  [Macro]   Macro-F1: 0.5746 | Macro-Recall: 0.5962
  [Ranking] AUC-ROC: 0.8531 | AUC-PR: 0.3499
  [Balance] G-Mean: 0.4875 | Specificity: 0.9295 | MCC: 0.1783

--- Training on Task 7 (Timesteps: 31 to 35) ---
🔧 Task 7 动态权重: 4.88 -> 截断为: 4.88
   -> Focal Loss Alpha: 0.8300
📉 Snapshot 节点数: 18485 (仅当前任务)
   [EWC] Updating Fisher Matrix...
   [SPC] Task 7 子空间原型已更新 | 欺诈: 508, 正常: 2481

--- [CL Evaluation] Evaluating on all seen tasks (0 to 6) ---
*** CL Metrics @ Task 7 ***
  [Binary]  F1: 0.2381 | Precision: 0.3179 | Recall: 0.2419
  [Macro]   Macro-F1: 0.5691 | Macro-Recall: 0.5872
  [Ranking] AUC-ROC: 0.8508 | AUC-PR: 0.3480
  [Balance] G-Mean: 0.4652 | Specificity: 0.9325 | MCC: 0.1666

--- Training on Task 8 (Timesteps: 36 to 40) ---
🔧 Task 8 动态权重: 14.64 -> 截断为: 10.00
   -> Focal Loss Alpha: 0.9091
📉 Snapshot 节点数: 19831 (仅当前任务)
   [EWC] Updating Fisher Matrix...
   [SPC] Task 8 子空间原型已更新 | 欺诈: 265, 正常: 3880

--- [CL Evaluation] Evaluating on all seen tasks (0 to 7) ---
*** CL Metrics @ Task 8 ***
  [Binary]  F1: 0.2228 | Precision: 0.3037 | Recall: 0.2217
  [Macro]   Macro-F1: 0.5638 | Macro-Recall: 0.5793
  [Ranking] AUC-ROC: 0.8301 | AUC-PR: 0.3220
  [Balance] G-Mean: 0.4419 | Specificity: 0.9370 | MCC: 0.1552

--- Training on Task 9 (Timesteps: 41 to 45) ---
🔧 Task 9 动态权重: 14.50 -> 截断为: 10.00
   -> Focal Loss Alpha: 0.9091
📉 Snapshot 节点数: 28118 (仅当前任务)
   [EWC] Updating Fisher Matrix...
   [SPC] Task 9 子空间原型已更新 | 欺诈: 403, 正常: 5844

--- [CL Evaluation] Evaluating on all seen tasks (0 to 8) ---
*** CL Metrics @ Task 9 ***
  [Binary]  F1: 0.2024 | Precision: 0.2724 | Recall: 0.2193
  [Macro]   Macro-F1: 0.5578 | Macro-Recall: 0.5796
  [Ranking] AUC-ROC: 0.8053 | AUC-PR: 0.2895
  [Balance] G-Mean: 0.4415 | Specificity: 0.9399 | MCC: 0.1440

--- Training on Task 10 (Timesteps: 46 to 49) ---
🔧 Task 10 动态权重: 32.82 -> 截断为: 10.00
   -> Focal Loss Alpha: 0.9091
📉 Snapshot 节点数: 14048 (仅当前任务)
   [EWC] Updating Fisher Matrix...
   [SPC] Task 10 子空间原型已更新 | 欺诈: 60, 正常: 1969

--- [CL Evaluation] Evaluating on all seen tasks (0 to 9) ---
*** CL Metrics @ Task 10 ***
  [Binary]  F1: 0.1880 | Precision: 0.2618 | Recall: 0.2009
  [Macro]   Macro-F1: 0.5513 | Macro-Recall: 0.5722
  [Ranking] AUC-ROC: 0.7966 | AUC-PR: 0.2805
  [Balance] G-Mean: 0.4161 | Specificity: 0.9435 | MCC: 0.1321
All tasks trained.
Total time: 63.89s
