/usr/local/miniconda3/envs/py312/lib/python3.12/site-packages/torch/optim/lr_scheduler.py:1343: UserWarning: Converting a tensor with requires_grad=True to a scalar may lead to unexpected behavior.
Consider using tensor.detach() first. (Triggered internally at /pytorch/torch/csrc/autograd/generated/python_variable_methods.cpp:836.)
  current = float(metrics)

--- Training on Task 1 (Timesteps: 0 to 0) ---
🔧 Task 1 动态权重: 111.69 -> 截断为: 20.00
   -> Focal Loss Alpha: 0.9524
📉 Snapshot 节点数: 189571 (仅当前任务)

--- [CL Evaluation] Evaluating on all seen tasks (0 to 0) ---
*** CL Metrics @ Task 1 ***
  [Accuracy]  Avg F1: 0.0165 | AUC-ROC: 0.6820 | G-Mean: 0.1466
  [Stability] Avg Forgetting (↓): 0.0000 | Avg BWT (↑): 0.0000
  > Matrix Row:  [0.0165]

--- Training on Task 2 (Timesteps: 1 to 1) ---
🔧 Task 2 动态权重: 21.12 -> 截断为: 10.00
   -> Focal Loss Alpha: 0.9091
📉 Snapshot 节点数: 160370 (仅当前任务)

--- [CL Evaluation] Evaluating on all seen tasks (0 to 1) ---
*** CL Metrics @ Task 2 ***
  [Accuracy]  Avg F1: 0.0524 | AUC-ROC: 0.5003 | G-Mean: 0.0249
  [Stability] Avg Forgetting (↓): 0.0003 | Avg BWT (↑): -0.0003
  > Matrix Row:  [0.0162 0.0887]

--- Training on Task 3 (Timesteps: 2 to 2) ---
🔧 Task 3 动态权重: 12.34 -> 截断为: 10.00
   -> Focal Loss Alpha: 0.9091
📉 Snapshot 节点数: 100261 (仅当前任务)

--- [CL Evaluation] Evaluating on all seen tasks (0 to 2) ---
*** CL Metrics @ Task 3 ***
  [Accuracy]  Avg F1: 0.0864 | AUC-ROC: 0.5003 | G-Mean: 0.0243
  [Stability] Avg Forgetting (↓): 0.0002 | Avg BWT (↑): -0.0002
  > Matrix Row:  [0.0162 0.0887 0.1543]

--- Training on Task 4 (Timesteps: 3 to 3) ---
🔧 Task 4 动态权重: 7.93 -> 截断为: 7.93
   -> Focal Loss Alpha: 0.8880
📉 Snapshot 节点数: 96398 (仅当前任务)

--- [CL Evaluation] Evaluating on all seen tasks (0 to 3) ---
*** CL Metrics @ Task 4 ***
  [Accuracy]  Avg F1: 0.1148 | AUC-ROC: 0.5005 | G-Mean: 0.0311
  [Stability] Avg Forgetting (↓): 0.0001 | Avg BWT (↑): -0.0001
  > Matrix Row:  [0.0162 0.0887 0.1543 0.1999]

--- Training on Task 5 (Timesteps: 4 to 4) ---
🔧 Task 5 动态权重: 6.70 -> 截断为: 6.70
   -> Focal Loss Alpha: 0.8701
📉 Snapshot 节点数: 148489 (仅当前任务)

--- [CL Evaluation] Evaluating on all seen tasks (0 to 4) ---
*** CL Metrics @ Task 5 ***
  [Accuracy]  Avg F1: 0.1388 | AUC-ROC: 0.5005 | G-Mean: 0.0291
  [Stability] Avg Forgetting (↓): 0.0001 | Avg BWT (↑): -0.0001
  > Matrix Row:  [0.0162 0.0887 0.1543 0.1999 0.2351]

--- Training on Task 6 (Timesteps: 5 to 5) ---
🔧 Task 6 动态权重: 3.78 -> 截断为: 3.78
   -> Focal Loss Alpha: 0.7907
📉 Snapshot 节点数: 72045 (仅当前任务)

--- [CL Evaluation] Evaluating on all seen tasks (0 to 5) ---
*** CL Metrics @ Task 6 ***
  [Accuracy]  Avg F1: 0.1726 | AUC-ROC: 0.5004 | G-Mean: 0.0283
  [Stability] Avg Forgetting (↓): 0.0001 | Avg BWT (↑): -0.0001
  > Matrix Row:  [0.0162 0.0887 0.1543 0.1999 0.2351 0.3414]

--- Training on Task 7 (Timesteps: 6 to 6) ---
🔧 Task 7 动态权重: 6.60 -> 截断为: 6.60
   -> Focal Loss Alpha: 0.8685
📉 Snapshot 节点数: 106824 (仅当前任务)

--- [CL Evaluation] Evaluating on all seen tasks (0 to 6) ---
*** CL Metrics @ Task 7 ***
  [Accuracy]  Avg F1: 0.1810 | AUC-ROC: 0.5004 | G-Mean: 0.0280
  [Stability] Avg Forgetting (↓): 0.0001 | Avg BWT (↑): -0.0001
  > Matrix Row:  [0.0162 0.0887 0.1543 0.1999 0.2351 0.3414 0.2311]

--- Training on Task 8 (Timesteps: 7 to 7) ---
🔧 Task 8 动态权重: 9.62 -> 截断为: 9.62
   -> Focal Loss Alpha: 0.9059
📉 Snapshot 节点数: 138779 (仅当前任务)

--- [CL Evaluation] Evaluating on all seen tasks (0 to 7) ---
*** CL Metrics @ Task 8 ***
  [Accuracy]  Avg F1: 0.1801 | AUC-ROC: 0.5004 | G-Mean: 0.0275
  [Stability] Avg Forgetting (↓): 0.0000 | Avg BWT (↑): -0.0000
  > Matrix Row:  [0.0162 0.0887 0.1543 0.1999 0.2351 0.3414 0.2311 0.1739]

--- Training on Task 9 (Timesteps: 8 to 8) ---
🔧 Task 9 动态权重: 22.40 -> 截断为: 10.00
   -> Focal Loss Alpha: 0.9091
📉 Snapshot 节点数: 166309 (仅当前任务)

--- [CL Evaluation] Evaluating on all seen tasks (0 to 8) ---
*** CL Metrics @ Task 9 ***
  [Accuracy]  Avg F1: 0.1695 | AUC-ROC: 0.5004 | G-Mean: 0.0280
  [Stability] Avg Forgetting (↓): 0.0000 | Avg BWT (↑): -0.0000
  > Matrix Row:  [0.0162 0.0887 0.1543 0.1999 0.2351 0.3414 0.2311 0.1739 0.0845]

--- Training on Task 10 (Timesteps: 9 to 9) ---
🔧 Task 10 动态权重: 12.38 -> 截断为: 10.00
   -> Focal Loss Alpha: 0.9091
📉 Snapshot 节点数: 89214 (仅当前任务)

--- [CL Evaluation] Evaluating on all seen tasks (0 to 9) ---
*** CL Metrics @ Task 10 ***
  [Accuracy]  Avg F1: 0.1666 | AUC-ROC: 0.5004 | G-Mean: 0.0268
  [Stability] Avg Forgetting (↓): 0.0000 | Avg BWT (↑): -0.0000
  > Matrix Row:  [0.0162 0.0887 0.1543 0.1999 0.2351 0.3414 0.2311 0.1739 0.0845 0.1407]
All tasks trained.
Total time: 47.47s
