/usr/local/miniconda3/envs/py312/lib/python3.12/site-packages/torch/optim/lr_scheduler.py:1343: UserWarning: Converting a tensor with requires_grad=True to a scalar may lead to unexpected behavior.
Consider using tensor.detach() first. (Triggered internally at /pytorch/torch/csrc/autograd/generated/python_variable_methods.cpp:836.)
  current = float(metrics)

--- Training on Task 1 (Timesteps: 1 to 5) ---
[INFO] Task 1 class weight: 77.72 -> clipped: 20.00
   -> Focal Loss Alpha: 0.9524
[INFO] Snapshot nodes: 31541 (current task only)

--- [CL Evaluation] Evaluating on all seen tasks (0 to 0) ---
*** CL Metrics @ Task 1 [WARM-UP, 仅供参考] ***
  [Binary]  F1: 0.1143 | Precision: 0.0645 | Recall: 0.5000
  [Macro]   Macro-F1: 0.5488 | Macro-Recall: 0.7345
  [Ranking] AUC-ROC: 0.9705 | AUC-PR: 0.2641
  [Balance] G-Mean: 0.6961 | Specificity: 0.9691 | MCC: 0.1710

--- Training on Task 2 (Timesteps: 1 to 10) ---
[INFO] Task 2 class weight: 40.54 -> clipped: 10.00
   -> Focal Loss Alpha: 0.9091
[INFO] Snapshot nodes: 58097 (current task only)

--- [CL Evaluation] Evaluating on all seen tasks (0 to 1) ---
*** CL Metrics @ Task 2 ***
  [Binary]  F1: 0.3413 | Precision: 0.2550 | Recall: 0.7279
  [Macro]   Macro-F1: 0.6362 | Macro-Recall: 0.8073
  [Ranking] AUC-ROC: 0.9343 | AUC-PR: 0.3878
  [Balance] G-Mean: 0.7990 | Specificity: 0.8867 | MCC: 0.3460

--- Training on Task 3 (Timesteps: 1 to 15) ---
[INFO] Task 3 class weight: 19.37 -> clipped: 10.00
   -> Focal Loss Alpha: 0.9091
[INFO] Snapshot nodes: 74629 (current task only)

--- [CL Evaluation] Evaluating on all seen tasks (0 to 2) ---
*** CL Metrics @ Task 3 ***
  [Binary]  F1: 0.4501 | Precision: 0.3521 | Recall: 0.7715
  [Macro]   Macro-F1: 0.6741 | Macro-Recall: 0.8060
  [Ranking] AUC-ROC: 0.9181 | AUC-PR: 0.4866
  [Balance] G-Mean: 0.7999 | Specificity: 0.8406 | MCC: 0.4113

--- Training on Task 4 (Timesteps: 1 to 20) ---
[INFO] Task 4 class weight: 11.53 -> clipped: 10.00
   -> Focal Loss Alpha: 0.9091
[INFO] Snapshot nodes: 90762 (current task only)

--- [CL Evaluation] Evaluating on all seen tasks (0 to 3) ---
*** CL Metrics @ Task 4 ***
  [Binary]  F1: 0.4846 | Precision: 0.3743 | Recall: 0.7991
  [Macro]   Macro-F1: 0.6861 | Macro-Recall: 0.8106
  [Ranking] AUC-ROC: 0.9113 | AUC-PR: 0.5023
  [Balance] G-Mean: 0.8055 | Specificity: 0.8221 | MCC: 0.4374

--- Training on Task 5 (Timesteps: 1 to 25) ---
[INFO] Task 5 class weight: 9.67 -> clipped: 9.67
   -> Focal Loss Alpha: 0.9062
[INFO] Snapshot nodes: 111264 (current task only)

--- [CL Evaluation] Evaluating on all seen tasks (0 to 4) ---
*** CL Metrics @ Task 5 ***
  [Binary]  F1: 0.4692 | Precision: 0.3547 | Recall: 0.7947
  [Macro]   Macro-F1: 0.6745 | Macro-Recall: 0.8019
  [Ranking] AUC-ROC: 0.8984 | AUC-PR: 0.4805
  [Balance] G-Mean: 0.7978 | Specificity: 0.8091 | MCC: 0.4219

--- Training on Task 6 (Timesteps: 1 to 30) ---
[INFO] Task 6 class weight: 9.64 -> clipped: 9.64
   -> Focal Loss Alpha: 0.9060
[INFO] Snapshot nodes: 123287 (current task only)

--- [CL Evaluation] Evaluating on all seen tasks (0 to 5) ---
*** CL Metrics @ Task 6 ***
  [Binary]  F1: 0.4757 | Precision: 0.3621 | Recall: 0.7791
  [Macro]   Macro-F1: 0.6697 | Macro-Recall: 0.7848
  [Ranking] AUC-ROC: 0.8793 | AUC-PR: 0.4813
  [Balance] G-Mean: 0.7813 | Specificity: 0.7905 | MCC: 0.4081

--- Training on Task 7 (Timesteps: 1 to 35) ---
[INFO] Task 7 class weight: 8.92 -> clipped: 8.92
   -> Focal Loss Alpha: 0.8992
[INFO] Snapshot nodes: 141772 (current task only)

--- [CL Evaluation] Evaluating on all seen tasks (0 to 6) ---
*** CL Metrics @ Task 7 ***
  [Binary]  F1: 0.4592 | Precision: 0.3455 | Recall: 0.7633
  [Macro]   Macro-F1: 0.6476 | Macro-Recall: 0.7592
  [Ranking] AUC-ROC: 0.8524 | AUC-PR: 0.4564
  [Balance] G-Mean: 0.7558 | Specificity: 0.7551 | MCC: 0.3731

--- Training on Task 8 (Timesteps: 1 to 40) ---
[INFO] Task 8 class weight: 7.51 -> clipped: 7.51
   -> Focal Loss Alpha: 0.8824
[INFO] Snapshot nodes: 161603 (current task only)

--- [CL Evaluation] Evaluating on all seen tasks (0 to 7) ---
*** CL Metrics @ Task 8 ***
  [Binary]  F1: 0.4316 | Precision: 0.3193 | Recall: 0.7889
  [Macro]   Macro-F1: 0.6209 | Macro-Recall: 0.7535
  [Ranking] AUC-ROC: 0.8411 | AUC-PR: 0.4178
  [Balance] G-Mean: 0.7446 | Specificity: 0.7181 | MCC: 0.3559

--- Training on Task 9 (Timesteps: 1 to 45) ---
[INFO] Task 9 class weight: 7.96 -> clipped: 7.96
   -> Focal Loss Alpha: 0.8884
[INFO] Snapshot nodes: 189721 (current task only)

--- [CL Evaluation] Evaluating on all seen tasks (0 to 8) ---
*** CL Metrics @ Task 9 ***
  [Binary]  F1: 0.4038 | Precision: 0.2950 | Recall: 0.8074
  [Macro]   Macro-F1: 0.5922 | Macro-Recall: 0.7437
  [Ranking] AUC-ROC: 0.8293 | AUC-PR: 0.3848
  [Balance] G-Mean: 0.7285 | Specificity: 0.6800 | MCC: 0.3358

--- Training on Task 10 (Timesteps: 1 to 49) ---
[INFO] Task 10 class weight: 8.05 -> clipped: 8.05
   -> Focal Loss Alpha: 0.8895
[INFO] Snapshot nodes: 203769 (current task only)

--- [CL Evaluation] Evaluating on all seen tasks (0 to 9) ---
*** CL Metrics @ Task 10 ***
  [Binary]  F1: 0.3784 | Precision: 0.2737 | Recall: 0.8215
  [Macro]   Macro-F1: 0.5665 | Macro-Recall: 0.7344
  [Ranking] AUC-ROC: 0.8170 | AUC-PR: 0.3557
  [Balance] G-Mean: 0.7135 | Specificity: 0.6474 | MCC: 0.3170
All tasks trained.
Total time: 11.95s
