/usr/local/miniconda3/envs/py312/lib/python3.12/site-packages/torch/optim/lr_scheduler.py:1343: UserWarning: Converting a tensor with requires_grad=True to a scalar may lead to unexpected behavior.
Consider using tensor.detach() first. (Triggered internally at /pytorch/torch/csrc/autograd/generated/python_variable_methods.cpp:836.)
  current = float(metrics)

--- Training on Task 1 (Timesteps: 0 to 0) ---
🔧 Task 1 动态权重: 110.96 -> 截断为: 20.00
   -> Focal Loss Alpha: 0.9524
📉 Snapshot 节点数: 189571 (仅当前任务)

--- [CL Evaluation] Evaluating on all seen tasks (0 to 0) ---
*** CL Metrics @ Task 1 [WARM-UP, 仅供参考] ***
  [Binary]  F1: 0.0000 | Precision: 0.0000 | Recall: 0.0000
  [Macro]   Macro-F1: 0.4979 | Macro-Recall: 0.5000
  [Ranking] AUC-ROC: 0.5831 | AUC-PR: 0.0117
  [Balance] G-Mean: 0.0000 | Specificity: 0.9999 | MCC: -0.0008

--- Training on Task 2 (Timesteps: 1 to 1) ---
🔧 Task 2 动态权重: 21.43 -> 截断为: 10.00
   -> Focal Loss Alpha: 0.9091
📉 Snapshot 节点数: 160370 (仅当前任务)
   [EWC] Updating Fisher Matrix...
   [SPC] Task 2 子空间原型已更新 | 欺诈: 1436, 正常: 30774

--- [CL Evaluation] Evaluating on all seen tasks (0 to 1) ---
*** CL Metrics @ Task 2 ***
  [Binary]  F1: 0.1258 | Precision: 0.0756 | Recall: 0.4698
  [Macro]   Macro-F1: 0.5080 | Macro-Recall: 0.6410
  [Ranking] AUC-ROC: 0.7131 | AUC-PR: 0.0709
  [Balance] G-Mean: 0.6089 | Specificity: 0.8122 | MCC: 0.1257

--- Training on Task 3 (Timesteps: 2 to 2) ---
🔧 Task 3 动态权重: 12.37 -> 截断为: 10.00
   -> Focal Loss Alpha: 0.9091
📉 Snapshot 节点数: 100261 (仅当前任务)
   [EWC] Updating Fisher Matrix...
   [SPC] Task 3 子空间原型已更新 | 欺诈: 1642, 正常: 20312

--- [CL Evaluation] Evaluating on all seen tasks (0 to 2) ---
*** CL Metrics @ Task 3 ***
  [Binary]  F1: 0.2168 | Precision: 0.1436 | Recall: 0.5475
  [Macro]   Macro-F1: 0.5550 | Macro-Recall: 0.6844
  [Ranking] AUC-ROC: 0.7565 | AUC-PR: 0.1422
  [Balance] G-Mean: 0.6628 | Specificity: 0.8213 | MCC: 0.2056

--- Training on Task 4 (Timesteps: 3 to 3) ---
🔧 Task 4 动态权重: 7.97 -> 截断为: 7.97
   -> Focal Loss Alpha: 0.8885
📉 Snapshot 节点数: 96398 (仅当前任务)
   [EWC] Updating Fisher Matrix...
   [SPC] Task 4 子空间原型已更新 | 欺诈: 1760, 正常: 14031

--- [CL Evaluation] Evaluating on all seen tasks (0 to 3) ---
*** CL Metrics @ Task 4 ***
  [Binary]  F1: 0.2532 | Precision: 0.1701 | Recall: 0.5762
  [Macro]   Macro-F1: 0.5658 | Macro-Recall: 0.6893
  [Ranking] AUC-ROC: 0.7517 | AUC-PR: 0.1670
  [Balance] G-Mean: 0.6728 | Specificity: 0.8024 | MCC: 0.2247

--- Training on Task 5 (Timesteps: 4 to 4) ---
🔧 Task 5 动态权重: 6.70 -> 截断为: 6.70
   -> Focal Loss Alpha: 0.8702
📉 Snapshot 节点数: 148489 (仅当前任务)
   [EWC] Updating Fisher Matrix...
   [SPC] Task 5 子空间原型已更新 | 欺诈: 5421, 正常: 36346

--- [CL Evaluation] Evaluating on all seen tasks (0 to 4) ---
*** CL Metrics @ Task 5 ***
  [Binary]  F1: 0.2888 | Precision: 0.2019 | Recall: 0.5857
  [Macro]   Macro-F1: 0.5822 | Macro-Recall: 0.6944
  [Ranking] AUC-ROC: 0.7591 | AUC-PR: 0.1998
  [Balance] G-Mean: 0.6800 | Specificity: 0.8030 | MCC: 0.2469

--- Training on Task 6 (Timesteps: 5 to 5) ---
🔧 Task 6 动态权重: 3.81 -> 截断为: 3.81
   -> Focal Loss Alpha: 0.7919
📉 Snapshot 节点数: 72045 (仅当前任务)
   [EWC] Updating Fisher Matrix...
   [SPC] Task 6 子空间原型已更新 | 欺诈: 2319, 正常: 8825

--- [CL Evaluation] Evaluating on all seen tasks (0 to 5) ---
*** CL Metrics @ Task 6 ***
  [Binary]  F1: 0.3224 | Precision: 0.2360 | Recall: 0.5911
  [Macro]   Macro-F1: 0.5939 | Macro-Recall: 0.6933
  [Ranking] AUC-ROC: 0.7545 | AUC-PR: 0.2325
  [Balance] G-Mean: 0.6807 | Specificity: 0.7955 | MCC: 0.2605

--- Training on Task 7 (Timesteps: 6 to 6) ---
🔧 Task 7 动态权重: 6.63 -> 截断为: 6.63
   -> Focal Loss Alpha: 0.8690
📉 Snapshot 节点数: 106824 (仅当前任务)
   [EWC] Updating Fisher Matrix...
   [SPC] Task 7 子空间原型已更新 | 欺诈: 3553, 正常: 23563

--- [CL Evaluation] Evaluating on all seen tasks (0 to 6) ---
*** CL Metrics @ Task 7 ***
  [Binary]  F1: 0.3326 | Precision: 0.2427 | Recall: 0.5993
  [Macro]   Macro-F1: 0.5965 | Macro-Recall: 0.6940
  [Ranking] AUC-ROC: 0.7546 | AUC-PR: 0.2389
  [Balance] G-Mean: 0.6830 | Specificity: 0.7887 | MCC: 0.2650

--- Training on Task 8 (Timesteps: 7 to 7) ---
🔧 Task 8 动态权重: 9.60 -> 截断为: 9.60
   -> Focal Loss Alpha: 0.9057
📉 Snapshot 节点数: 138779 (仅当前任务)
   [EWC] Updating Fisher Matrix...
   [SPC] Task 8 子空间原型已更新 | 欺诈: 2811, 正常: 26989

--- [CL Evaluation] Evaluating on all seen tasks (0 to 7) ---
*** CL Metrics @ Task 8 ***
  [Binary]  F1: 0.3242 | Precision: 0.2341 | Recall: 0.5935
  [Macro]   Macro-F1: 0.5898 | Macro-Recall: 0.6873
  [Ranking] AUC-ROC: 0.7475 | AUC-PR: 0.2300
  [Balance] G-Mean: 0.6769 | Specificity: 0.7811 | MCC: 0.2543

--- Training on Task 9 (Timesteps: 8 to 8) ---
🔧 Task 9 动态权重: 22.55 -> 截断为: 10.00
   -> Focal Loss Alpha: 0.9091
📉 Snapshot 节点数: 166309 (仅当前任务)
   [EWC] Updating Fisher Matrix...
   [SPC] Task 9 子空间原型已更新 | 欺诈: 1674, 正常: 37750

--- [CL Evaluation] Evaluating on all seen tasks (0 to 8) ---
*** CL Metrics @ Task 9 ***
  [Binary]  F1: 0.3051 | Precision: 0.2178 | Recall: 0.5951
  [Macro]   Macro-F1: 0.5780 | Macro-Recall: 0.6836
  [Ranking] AUC-ROC: 0.7409 | AUC-PR: 0.2135
  [Balance] G-Mean: 0.6742 | Specificity: 0.7721 | MCC: 0.2414

--- Training on Task 10 (Timesteps: 9 to 9) ---
🔧 Task 10 动态权重: 12.37 -> 截断为: 10.00
   -> Focal Loss Alpha: 0.9091
📉 Snapshot 节点数: 89214 (仅当前任务)
   [EWC] Updating Fisher Matrix...
   [SPC] Task 10 子空间原型已更新 | 欺诈: 1682, 正常: 20798

--- [CL Evaluation] Evaluating on all seen tasks (0 to 9) ---
*** CL Metrics @ Task 10 ***
  [Binary]  F1: 0.2849 | Precision: 0.2033 | Recall: 0.5539
  [Macro]   Macro-F1: 0.5686 | Macro-Recall: 0.6649
  [Ranking] AUC-ROC: 0.7143 | AUC-PR: 0.1996
  [Balance] G-Mean: 0.6452 | Specificity: 0.7760 | MCC: 0.2168
All tasks trained.
Total time: 69.91s
