/usr/local/miniconda3/envs/py312/lib/python3.12/site-packages/torch/optim/lr_scheduler.py:1343: UserWarning: Converting a tensor with requires_grad=True to a scalar may lead to unexpected behavior.
Consider using tensor.detach() first. (Triggered internally at /pytorch/torch/csrc/autograd/generated/python_variable_methods.cpp:836.)
  current = float(metrics)

--- Training on Task 1 (Timesteps: 1 to 5) ---
🔧 Task 1 动态权重: 93.15 -> 截断为: 20.00
   -> Focal Loss Alpha: 0.9524
📉 Snapshot 节点数: 31541 (仅当前任务)

--- [CL Evaluation] Evaluating on all seen tasks (0 to 0) ---
*** CL Metrics @ Task 1 ***
  [Accuracy]  Avg F1: 0.2647 | AUC-ROC: 0.9340 | G-Mean: 0.8155
  [Stability] Avg Forgetting (↓): 0.0000 | Avg BWT (↑): 0.0000
  > Matrix Row:  [0.2647]

--- Training on Task 2 (Timesteps: 6 to 10) ---
🔧 Task 2 动态权重: 9.69 -> 截断为: 9.69
   -> Focal Loss Alpha: 0.9064
📉 Snapshot 节点数: 26556 (仅当前任务)

--- [CL Evaluation] Evaluating on all seen tasks (0 to 1) ---
*** CL Metrics @ Task 2 ***
  [Accuracy]  Avg F1: 0.1883 | AUC-ROC: 0.9144 | G-Mean: 0.7023
  [Stability] Avg Forgetting (↓): 0.2252 | Avg BWT (↑): -0.2252
  > Matrix Row:  [0.0395 0.3372]

--- Training on Task 3 (Timesteps: 11 to 15) ---
🔧 Task 3 动态权重: 3.73 -> 截断为: 3.73
   -> Focal Loss Alpha: 0.7887
📉 Snapshot 节点数: 16532 (仅当前任务)

--- [CL Evaluation] Evaluating on all seen tasks (0 to 2) ---
*** CL Metrics @ Task 3 ***
  [Accuracy]  Avg F1: 0.2829 | AUC-ROC: 0.9162 | G-Mean: 0.7086
  [Stability] Avg Forgetting (↓): 0.1126 | Avg BWT (↑): -0.1126
  > Matrix Row:  [0.0395 0.3372 0.472 ]

--- Training on Task 4 (Timesteps: 16 to 20) ---
🔧 Task 4 动态权重: 4.60 -> 截断为: 4.60
   -> Focal Loss Alpha: 0.8215
📉 Snapshot 节点数: 16133 (仅当前任务)

--- [CL Evaluation] Evaluating on all seen tasks (0 to 3) ---
*** CL Metrics @ Task 4 ***
  [Accuracy]  Avg F1: 0.3369 | AUC-ROC: 0.9078 | G-Mean: 0.7026
  [Stability] Avg Forgetting (↓): 0.0751 | Avg BWT (↑): -0.0751
  > Matrix Row:  [0.0395 0.3372 0.472  0.4988]

--- Training on Task 5 (Timesteps: 21 to 25) ---
🔧 Task 5 动态权重: 8.42 -> 截断为: 8.42
   -> Focal Loss Alpha: 0.8939
📉 Snapshot 节点数: 20502 (仅当前任务)

--- [CL Evaluation] Evaluating on all seen tasks (0 to 4) ---
*** CL Metrics @ Task 5 ***
  [Accuracy]  Avg F1: 0.3363 | AUC-ROC: 0.8935 | G-Mean: 0.7054
  [Stability] Avg Forgetting (↓): 0.0563 | Avg BWT (↑): -0.0563
  > Matrix Row:  [0.0395 0.3372 0.472  0.4988 0.3341]

--- Training on Task 6 (Timesteps: 26 to 30) ---
🔧 Task 6 动态权重: 3.38 -> 截断为: 3.38
   -> Focal Loss Alpha: 0.7716
📉 Snapshot 节点数: 12023 (仅当前任务)

--- [CL Evaluation] Evaluating on all seen tasks (0 to 5) ---
*** CL Metrics @ Task 6 ***
  [Accuracy]  Avg F1: 0.3476 | AUC-ROC: 0.8687 | G-Mean: 0.6862
  [Stability] Avg Forgetting (↓): 0.0450 | Avg BWT (↑): -0.0450
  > Matrix Row:  [0.0395 0.3372 0.472  0.4988 0.3341 0.404 ]

--- Training on Task 7 (Timesteps: 31 to 35) ---
🔧 Task 7 动态权重: 5.30 -> 截断为: 5.30
   -> Focal Loss Alpha: 0.8413
📉 Snapshot 节点数: 18485 (仅当前任务)

--- [CL Evaluation] Evaluating on all seen tasks (0 to 6) ---
*** CL Metrics @ Task 7 ***
  [Accuracy]  Avg F1: 0.3422 | AUC-ROC: 0.8516 | G-Mean: 0.6655
  [Stability] Avg Forgetting (↓): 0.0377 | Avg BWT (↑): -0.0377
  > Matrix Row:  [0.0395 0.3372 0.472  0.4976 0.3341 0.404  0.3109]

--- Training on Task 8 (Timesteps: 36 to 40) ---
🔧 Task 8 动态权重: 13.36 -> 截断为: 10.00
   -> Focal Loss Alpha: 0.9091
📉 Snapshot 节点数: 19831 (仅当前任务)

--- [CL Evaluation] Evaluating on all seen tasks (0 to 7) ---
*** CL Metrics @ Task 8 ***
  [Accuracy]  Avg F1: 0.3278 | AUC-ROC: 0.8508 | G-Mean: 0.6662
  [Stability] Avg Forgetting (↓): 0.0323 | Avg BWT (↑): -0.0323
  > Matrix Row:  [0.0395 0.3372 0.472  0.4976 0.3341 0.404  0.3109 0.2268]

--- Training on Task 9 (Timesteps: 41 to 45) ---
🔧 Task 9 动态权重: 17.19 -> 截断为: 10.00
   -> Focal Loss Alpha: 0.9091
📉 Snapshot 节点数: 28118 (仅当前任务)

--- [CL Evaluation] Evaluating on all seen tasks (0 to 8) ---
*** CL Metrics @ Task 9 ***
  [Accuracy]  Avg F1: 0.3060 | AUC-ROC: 0.8445 | G-Mean: 0.6515
  [Stability] Avg Forgetting (↓): 0.0283 | Avg BWT (↑): -0.0283
  > Matrix Row:  [0.0395 0.3372 0.472  0.4976 0.3341 0.404  0.3109 0.2268 0.1318]

--- Training on Task 10 (Timesteps: 46 to 49) ---
🔧 Task 10 动态权重: 21.89 -> 截断为: 10.00
   -> Focal Loss Alpha: 0.9091
📉 Snapshot 节点数: 14048 (仅当前任务)

--- [CL Evaluation] Evaluating on all seen tasks (0 to 9) ---
*** CL Metrics @ Task 10 ***
  [Accuracy]  Avg F1: 0.2925 | AUC-ROC: 0.8326 | G-Mean: 0.6481
  [Stability] Avg Forgetting (↓): 0.0252 | Avg BWT (↑): -0.0252
  > Matrix Row:  [0.0395 0.3372 0.472  0.4976 0.3341 0.404  0.3109 0.2268 0.1318 0.1712]
All tasks trained.
Total time: 26.78s
