/usr/local/miniconda3/envs/py312/lib/python3.12/site-packages/torch/optim/lr_scheduler.py:1343: UserWarning: Converting a tensor with requires_grad=True to a scalar may lead to unexpected behavior.
Consider using tensor.detach() first. (Triggered internally at /pytorch/torch/csrc/autograd/generated/python_variable_methods.cpp:836.)
  current = float(metrics)

--- Training on Task 1 (Timesteps: 0 to 0) ---
🔧 Task 1 动态权重: 110.96 -> 截断为: 20.00
   -> Focal Loss Alpha: 0.9524
📉 Snapshot 节点数: 189571 (仅当前任务)

--- [CL Evaluation] Evaluating on all seen tasks (0 to 0) ---
*** CL Metrics @ Task 1 [WARM-UP, 仅供参考] ***
  [Binary]  F1: 0.0000 | Precision: 0.0000 | Recall: 0.0000
  [Macro]   Macro-F1: 0.4980 | Macro-Recall: 0.5000
  [Ranking] AUC-ROC: 0.5000 | AUC-PR: 0.0081
  [Balance] G-Mean: 0.0000 | Specificity: 1.0000 | MCC: 0.0000

--- Training on Task 2 (Timesteps: 1 to 1) ---
🔧 Task 2 动态权重: 21.43 -> 截断为: 10.00
   -> Focal Loss Alpha: 0.9091
📉 Snapshot 节点数: 160370 (仅当前任务)

--- [CL Evaluation] Evaluating on all seen tasks (0 to 1) ---
*** CL Metrics @ Task 2 ***
  [Binary]  F1: 0.0895 | Precision: 0.0488 | Recall: 0.7795
  [Macro]   Macro-F1: 0.4197 | Macro-Recall: 0.6925
  [Ranking] AUC-ROC: 0.6949 | AUC-PR: 0.0441
  [Balance] G-Mean: 0.6870 | Specificity: 0.6054 | MCC: 0.1080

--- Training on Task 3 (Timesteps: 2 to 2) ---
🔧 Task 3 动态权重: 12.37 -> 截断为: 10.00
   -> Focal Loss Alpha: 0.9091
📉 Snapshot 节点数: 100261 (仅当前任务)

--- [CL Evaluation] Evaluating on all seen tasks (0 to 2) ---
*** CL Metrics @ Task 3 ***
  [Binary]  F1: 0.1878 | Precision: 0.1167 | Recall: 0.7878
  [Macro]   Macro-F1: 0.4894 | Macro-Recall: 0.7270
  [Ranking] AUC-ROC: 0.7302 | AUC-PR: 0.1031
  [Balance] G-Mean: 0.7234 | Specificity: 0.6662 | MCC: 0.1953

--- Training on Task 4 (Timesteps: 3 to 3) ---
🔧 Task 4 动态权重: 7.97 -> 截断为: 7.97
   -> Focal Loss Alpha: 0.8885
📉 Snapshot 节点数: 96398 (仅当前任务)

--- [CL Evaluation] Evaluating on all seen tasks (0 to 3) ---
*** CL Metrics @ Task 4 ***
  [Binary]  F1: 0.2183 | Precision: 0.1367 | Recall: 0.7738
  [Macro]   Macro-F1: 0.4993 | Macro-Recall: 0.7140
  [Ranking] AUC-ROC: 0.7178 | AUC-PR: 0.1214
  [Balance] G-Mean: 0.7107 | Specificity: 0.6543 | MCC: 0.2026

--- Training on Task 5 (Timesteps: 4 to 4) ---
🔧 Task 5 动态权重: 6.70 -> 截断为: 6.70
   -> Focal Loss Alpha: 0.8702
📉 Snapshot 节点数: 148489 (仅当前任务)

--- [CL Evaluation] Evaluating on all seen tasks (0 to 4) ---
*** CL Metrics @ Task 5 ***
  [Binary]  F1: 0.2786 | Precision: 0.1848 | Recall: 0.7858
  [Macro]   Macro-F1: 0.5384 | Macro-Recall: 0.7335
  [Ranking] AUC-ROC: 0.7373 | AUC-PR: 0.1649
  [Balance] G-Mean: 0.7308 | Specificity: 0.6813 | MCC: 0.2549

--- Training on Task 6 (Timesteps: 5 to 5) ---
🔧 Task 6 动态权重: 3.81 -> 截断为: 3.81
   -> Focal Loss Alpha: 0.7919
📉 Snapshot 节点数: 72045 (仅当前任务)

--- [CL Evaluation] Evaluating on all seen tasks (0 to 5) ---
*** CL Metrics @ Task 6 ***
  [Binary]  F1: 0.3020 | Precision: 0.2034 | Recall: 0.7740
  [Macro]   Macro-F1: 0.5397 | Macro-Recall: 0.7163
  [Ranking] AUC-ROC: 0.7198 | AUC-PR: 0.1829
  [Balance] G-Mean: 0.7131 | Specificity: 0.6587 | MCC: 0.2479

--- Training on Task 7 (Timesteps: 6 to 6) ---
🔧 Task 7 动态权重: 6.63 -> 截断为: 6.63
   -> Focal Loss Alpha: 0.8690
📉 Snapshot 节点数: 106824 (仅当前任务)

--- [CL Evaluation] Evaluating on all seen tasks (0 to 6) ---
*** CL Metrics @ Task 7 ***
  [Binary]  F1: 0.3073 | Precision: 0.2060 | Recall: 0.7673
  [Macro]   Macro-F1: 0.5394 | Macro-Recall: 0.7093
  [Ranking] AUC-ROC: 0.7109 | AUC-PR: 0.1836
  [Balance] G-Mean: 0.7062 | Specificity: 0.6514 | MCC: 0.2452

--- Training on Task 8 (Timesteps: 7 to 7) ---
🔧 Task 8 动态权重: 9.60 -> 截断为: 9.60
   -> Focal Loss Alpha: 0.9057
📉 Snapshot 节点数: 138779 (仅当前任务)

--- [CL Evaluation] Evaluating on all seen tasks (0 to 7) ---
*** CL Metrics @ Task 8 ***
  [Binary]  F1: 0.2975 | Precision: 0.1968 | Recall: 0.7745
  [Macro]   Macro-F1: 0.5240 | Macro-Recall: 0.6997
  [Ranking] AUC-ROC: 0.7008 | AUC-PR: 0.1762
  [Balance] G-Mean: 0.6931 | Specificity: 0.6249 | MCC: 0.2342

--- Training on Task 9 (Timesteps: 8 to 8) ---
🔧 Task 9 动态权重: 22.55 -> 截断为: 10.00
   -> Focal Loss Alpha: 0.9091
📉 Snapshot 节点数: 166309 (仅当前任务)

--- [CL Evaluation] Evaluating on all seen tasks (0 to 8) ---
*** CL Metrics @ Task 9 ***
  [Binary]  F1: 0.2746 | Precision: 0.1803 | Recall: 0.7609
  [Macro]   Macro-F1: 0.5073 | Macro-Recall: 0.6860
  [Ranking] AUC-ROC: 0.6905 | AUC-PR: 0.1630
  [Balance] G-Mean: 0.6795 | Specificity: 0.6111 | MCC: 0.2133

--- Training on Task 10 (Timesteps: 9 to 9) ---
🔧 Task 10 动态权重: 12.37 -> 截断为: 10.00
   -> Focal Loss Alpha: 0.9091
📉 Snapshot 节点数: 89214 (仅当前任务)

--- [CL Evaluation] Evaluating on all seen tasks (0 to 9) ---
*** CL Metrics @ Task 10 ***
  [Binary]  F1: 0.2696 | Precision: 0.1754 | Recall: 0.7637
  [Macro]   Macro-F1: 0.5035 | Macro-Recall: 0.6850
  [Ranking] AUC-ROC: 0.6919 | AUC-PR: 0.1593
  [Balance] G-Mean: 0.6780 | Specificity: 0.6064 | MCC: 0.2115
All tasks trained.
Total time: 113.08s
