/usr/local/miniconda3/envs/py312/lib/python3.12/site-packages/torch/optim/lr_scheduler.py:1343: UserWarning: Converting a tensor with requires_grad=True to a scalar may lead to unexpected behavior.
Consider using tensor.detach() first. (Triggered internally at /pytorch/torch/csrc/autograd/generated/python_variable_methods.cpp:836.)
  current = float(metrics)

--- Training on Task 1 (Timesteps: 1 to 5) ---
[ROBUST] train_fraud_ratio=0.75: fraud 76 -> 57, normal kept 5907
[INFO] Task 1 class weight: 103.63 -> clipped: 20.00
   -> Focal Loss Alpha: 0.9524
[INFO] Snapshot nodes: 31541 (current task only)

--- [CL Evaluation] Evaluating on all seen tasks (0 to 0) ---
*** CL Metrics @ Task 1 [WARM-UP, 仅供参考] ***
  [Binary]  F1: 0.0000 | Precision: 0.0000 | Recall: 0.0000
  [Macro]   Macro-F1: 0.4989 | Macro-Recall: 0.5000
  [Ranking] AUC-ROC: 0.9098 | AUC-PR: 0.1547
  [Balance] G-Mean: 0.0000 | Specificity: 1.0000 | MCC: 0.0000

--- Training on Task 2 (Timesteps: 6 to 10) ---
[ROBUST] train_fraud_ratio=0.75: fraud 422 -> 316, normal kept 3209
[INFO] Task 2 class weight: 10.16 -> clipped: 10.00
   -> Focal Loss Alpha: 0.9091
[INFO] Snapshot nodes: 26556 (current task only)
   [EWC] Updating Fisher Matrix...
   [SPC] Task 2 子空间原型已更新 | 欺诈: 316, 正常: 3209

--- [CL Evaluation] Evaluating on all seen tasks (0 to 1) ---
*** CL Metrics @ Task 2 ***
  [Binary]  F1: 0.1127 | Precision: 0.0619 | Recall: 0.8125
  [Macro]   Macro-F1: 0.5108 | Macro-Recall: 0.8230
  [Ranking] AUC-ROC: 0.8917 | AUC-PR: 0.1610
  [Balance] G-Mean: 0.8181 | Specificity: 0.8336 | MCC: 0.1896

--- Training on Task 3 (Timesteps: 11 to 15) ---
[ROBUST] train_fraud_ratio=0.75: fraud 481 -> 361, normal kept 1947
[INFO] Task 3 class weight: 5.39 -> clipped: 5.39
   -> Focal Loss Alpha: 0.8436
[INFO] Snapshot nodes: 16532 (current task only)
   [EWC] Updating Fisher Matrix...
   [SPC] Task 3 子空间原型已更新 | 欺诈: 361, 正常: 1947

--- [CL Evaluation] Evaluating on all seen tasks (0 to 2) ---
*** CL Metrics @ Task 3 ***
  [Binary]  F1: 0.2958 | Precision: 0.2116 | Recall: 0.8546
  [Macro]   Macro-F1: 0.5888 | Macro-Recall: 0.8251
  [Ranking] AUC-ROC: 0.8937 | AUC-PR: 0.3304
  [Balance] G-Mean: 0.8194 | Specificity: 0.7956 | MCC: 0.3148

--- Training on Task 4 (Timesteps: 16 to 20) ---
[ROBUST] train_fraud_ratio=0.75: fraud 359 -> 269, normal kept 2116
[INFO] Task 4 class weight: 7.87 -> clipped: 7.87
   -> Focal Loss Alpha: 0.8872
[INFO] Snapshot nodes: 16133 (current task only)
   [EWC] Updating Fisher Matrix...
   [SPC] Task 4 子空间原型已更新 | 欺诈: 269, 正常: 2116

--- [CL Evaluation] Evaluating on all seen tasks (0 to 3) ---
*** CL Metrics @ Task 4 ***
  [Binary]  F1: 0.3845 | Precision: 0.2874 | Recall: 0.8621
  [Macro]   Macro-F1: 0.6197 | Macro-Recall: 0.8120
  [Ranking] AUC-ROC: 0.8727 | AUC-PR: 0.3719
  [Balance] G-Mean: 0.8057 | Specificity: 0.7620 | MCC: 0.3598

--- Training on Task 5 (Timesteps: 21 to 25) ---
[ROBUST] train_fraud_ratio=0.75: fraud 448 -> 336, normal kept 4269
[INFO] Task 5 class weight: 12.71 -> clipped: 10.00
   -> Focal Loss Alpha: 0.9091
[INFO] Snapshot nodes: 20502 (current task only)
   [EWC] Updating Fisher Matrix...
   [SPC] Task 5 子空间原型已更新 | 欺诈: 336, 正常: 4269

--- [CL Evaluation] Evaluating on all seen tasks (0 to 4) ---
*** CL Metrics @ Task 5 ***
  [Binary]  F1: 0.4557 | Precision: 0.3528 | Recall: 0.8761
  [Macro]   Macro-F1: 0.6612 | Macro-Recall: 0.8283
  [Ranking] AUC-ROC: 0.8843 | AUC-PR: 0.4256
  [Balance] G-Mean: 0.8231 | Specificity: 0.7806 | MCC: 0.4247

--- Training on Task 6 (Timesteps: 26 to 30) ---
[ROBUST] train_fraud_ratio=0.75: fraud 534 -> 400, normal kept 1647
[INFO] Task 6 class weight: 4.12 -> clipped: 4.12
   -> Focal Loss Alpha: 0.8046
[INFO] Snapshot nodes: 12023 (current task only)
   [EWC] Updating Fisher Matrix...
   [SPC] Task 6 子空间原型已更新 | 欺诈: 400, 正常: 1647

--- [CL Evaluation] Evaluating on all seen tasks (0 to 5) ---
*** CL Metrics @ Task 6 ***
  [Binary]  F1: 0.4723 | Precision: 0.3597 | Recall: 0.8867
  [Macro]   Macro-F1: 0.6670 | Macro-Recall: 0.8293
  [Ranking] AUC-ROC: 0.8793 | AUC-PR: 0.4167
  [Balance] G-Mean: 0.8238 | Specificity: 0.7718 | MCC: 0.4377

--- Training on Task 7 (Timesteps: 31 to 35) ---
[ROBUST] train_fraud_ratio=0.75: fraud 508 -> 381, normal kept 2481
[INFO] Task 7 class weight: 6.51 -> clipped: 6.51
   -> Focal Loss Alpha: 0.8669
[INFO] Snapshot nodes: 18485 (current task only)
   [EWC] Updating Fisher Matrix...
   [SPC] Task 7 子空间原型已更新 | 欺诈: 381, 正常: 2481

--- [CL Evaluation] Evaluating on all seen tasks (0 to 6) ---
*** CL Metrics @ Task 7 ***
  [Binary]  F1: 0.4696 | Precision: 0.3513 | Recall: 0.8911
  [Macro]   Macro-F1: 0.6608 | Macro-Recall: 0.8239
  [Ranking] AUC-ROC: 0.8771 | AUC-PR: 0.4119
  [Balance] G-Mean: 0.8178 | Specificity: 0.7567 | MCC: 0.4331

--- Training on Task 8 (Timesteps: 36 to 40) ---
[ROBUST] train_fraud_ratio=0.75: fraud 265 -> 199, normal kept 3880
[INFO] Task 8 class weight: 19.50 -> clipped: 10.00
   -> Focal Loss Alpha: 0.9091
[INFO] Snapshot nodes: 19831 (current task only)
   [EWC] Updating Fisher Matrix...
   [SPC] Task 8 子空间原型已更新 | 欺诈: 199, 正常: 3880

--- [CL Evaluation] Evaluating on all seen tasks (0 to 7) ---
*** CL Metrics @ Task 8 ***
  [Binary]  F1: 0.4447 | Precision: 0.3288 | Recall: 0.8601
  [Macro]   Macro-F1: 0.6448 | Macro-Recall: 0.8038
  [Ranking] AUC-ROC: 0.8606 | AUC-PR: 0.3834
  [Balance] G-Mean: 0.7984 | Specificity: 0.7475 | MCC: 0.4038

--- Training on Task 9 (Timesteps: 41 to 45) ---
[ROBUST] train_fraud_ratio=0.75: fraud 403 -> 302, normal kept 5844
[INFO] Task 9 class weight: 19.35 -> clipped: 10.00
   -> Focal Loss Alpha: 0.9091
[INFO] Snapshot nodes: 28118 (current task only)
   [EWC] Updating Fisher Matrix...
   [SPC] Task 9 子空间原型已更新 | 欺诈: 302, 正常: 5844

--- [CL Evaluation] Evaluating on all seen tasks (0 to 8) ---
*** CL Metrics @ Task 9 ***
  [Binary]  F1: 0.3973 | Precision: 0.2933 | Recall: 0.8312
  [Macro]   Macro-F1: 0.6200 | Macro-Recall: 0.7870
  [Ranking] AUC-ROC: 0.8377 | AUC-PR: 0.3419
  [Balance] G-Mean: 0.7820 | Specificity: 0.7428 | MCC: 0.3638

--- Training on Task 10 (Timesteps: 46 to 49) ---
[ROBUST] train_fraud_ratio=0.75: fraud 60 -> 45, normal kept 1969
[INFO] Task 10 class weight: 43.76 -> clipped: 10.00
   -> Focal Loss Alpha: 0.9091
[INFO] Snapshot nodes: 14048 (current task only)
   [EWC] Updating Fisher Matrix...
   [SPC] Task 10 子空间原型已更新 | 欺诈: 45, 正常: 1969

--- [CL Evaluation] Evaluating on all seen tasks (0 to 9) ---
*** CL Metrics @ Task 10 ***
  [Binary]  F1: 0.3988 | Precision: 0.2957 | Recall: 0.8070
  [Macro]   Macro-F1: 0.6227 | Macro-Recall: 0.7793
  [Ranking] AUC-ROC: 0.8376 | AUC-PR: 0.3377
  [Balance] G-Mean: 0.7737 | Specificity: 0.7516 | MCC: 0.3602
All tasks trained.
Total time: 31.93s
