/usr/local/miniconda3/envs/py312/lib/python3.12/site-packages/torch/optim/lr_scheduler.py:1343: UserWarning: Converting a tensor with requires_grad=True to a scalar may lead to unexpected behavior.
Consider using tensor.detach() first. (Triggered internally at /pytorch/torch/csrc/autograd/generated/python_variable_methods.cpp:836.)
  current = float(metrics)

--- Training on Task 1 (Timesteps: 1 to 5) ---
[INFO] Task 1 class weight: 77.72 -> clipped: 20.00
   -> Focal Loss Alpha: 0.9524
[INFO] Snapshot nodes: 31541 (current task only)

--- [CL Evaluation] Evaluating on all seen tasks (0 to 0) ---
*** CL Metrics @ Task 1 [WARM-UP, 仅供参考] ***
  [Binary]  F1: 0.0571 | Precision: 0.0309 | Recall: 0.3750
  [Macro]   Macro-F1: 0.5150 | Macro-Recall: 0.6624
  [Ranking] AUC-ROC: 0.9255 | AUC-PR: 0.0328
  [Balance] G-Mean: 0.5968 | Specificity: 0.9498 | MCC: 0.0956

--- Training on Task 2 (Timesteps: 6 to 10) ---
[INFO] Task 2 class weight: 7.60 -> clipped: 7.60
   -> Focal Loss Alpha: 0.8838
[INFO] Snapshot nodes: 26556 (current task only)
   [EWC] Updating Fisher Matrix...
   [SPC] Task 2 子空间原型已更新 | 欺诈: 422, 正常: 3209

--- [CL Evaluation] Evaluating on all seen tasks (0 to 1) ---
*** CL Metrics @ Task 2 ***
  [Binary]  F1: 0.1160 | Precision: 0.0638 | Recall: 0.6875
  [Macro]   Macro-F1: 0.5262 | Macro-Recall: 0.7848
  [Ranking] AUC-ROC: 0.9189 | AUC-PR: 0.2230
  [Balance] G-Mean: 0.7531 | Specificity: 0.8822 | MCC: 0.1861

--- Training on Task 3 (Timesteps: 11 to 15) ---
[INFO] Task 3 class weight: 4.05 -> clipped: 4.05
   -> Focal Loss Alpha: 0.8019
[INFO] Snapshot nodes: 16532 (current task only)
   [EWC] Updating Fisher Matrix...
   [SPC] Task 3 子空间原型已更新 | 欺诈: 481, 正常: 1947

--- [CL Evaluation] Evaluating on all seen tasks (0 to 2) ---
*** CL Metrics @ Task 3 ***
  [Binary]  F1: 0.3007 | Precision: 0.2168 | Recall: 0.7690
  [Macro]   Macro-F1: 0.6019 | Macro-Recall: 0.8010
  [Ranking] AUC-ROC: 0.9218 | AUC-PR: 0.4110
  [Balance] G-Mean: 0.7778 | Specificity: 0.8330 | MCC: 0.3155

--- Training on Task 4 (Timesteps: 16 to 20) ---
[INFO] Task 4 class weight: 5.89 -> clipped: 5.89
   -> Focal Loss Alpha: 0.8549
[INFO] Snapshot nodes: 16133 (current task only)
   [EWC] Updating Fisher Matrix...
   [SPC] Task 4 子空间原型已更新 | 欺诈: 359, 正常: 2116

--- [CL Evaluation] Evaluating on all seen tasks (0 to 3) ---
*** CL Metrics @ Task 4 ***
  [Binary]  F1: 0.3873 | Precision: 0.2929 | Recall: 0.7902
  [Macro]   Macro-F1: 0.6302 | Macro-Recall: 0.7926
  [Ranking] AUC-ROC: 0.9018 | AUC-PR: 0.4521
  [Balance] G-Mean: 0.7741 | Specificity: 0.7950 | MCC: 0.3580

--- Training on Task 5 (Timesteps: 21 to 25) ---
[INFO] Task 5 class weight: 9.53 -> clipped: 9.53
   -> Focal Loss Alpha: 0.9050
[INFO] Snapshot nodes: 20502 (current task only)
   [EWC] Updating Fisher Matrix...
   [SPC] Task 5 子空间原型已更新 | 欺诈: 448, 正常: 4269

--- [CL Evaluation] Evaluating on all seen tasks (0 to 4) ---
*** CL Metrics @ Task 5 ***
  [Binary]  F1: 0.4628 | Precision: 0.3623 | Recall: 0.8220
  [Macro]   Macro-F1: 0.6729 | Macro-Recall: 0.8158
  [Ranking] AUC-ROC: 0.9110 | AUC-PR: 0.5079
  [Balance] G-Mean: 0.8007 | Specificity: 0.8096 | MCC: 0.4294

--- Training on Task 6 (Timesteps: 26 to 30) ---
[INFO] Task 6 class weight: 3.08 -> clipped: 3.08
   -> Focal Loss Alpha: 0.7552
[INFO] Snapshot nodes: 12023 (current task only)
   [EWC] Updating Fisher Matrix...
   [SPC] Task 6 子空间原型已更新 | 欺诈: 534, 正常: 1647

--- [CL Evaluation] Evaluating on all seen tasks (0 to 5) ---
*** CL Metrics @ Task 6 ***
  [Binary]  F1: 0.4843 | Precision: 0.3739 | Recall: 0.8416
  [Macro]   Macro-F1: 0.6820 | Macro-Recall: 0.8221
  [Ranking] AUC-ROC: 0.9077 | AUC-PR: 0.4999
  [Balance] G-Mean: 0.8088 | Specificity: 0.8025 | MCC: 0.4484

--- Training on Task 7 (Timesteps: 31 to 35) ---
[INFO] Task 7 class weight: 4.88 -> clipped: 4.88
   -> Focal Loss Alpha: 0.8300
[INFO] Snapshot nodes: 18485 (current task only)
   [EWC] Updating Fisher Matrix...
   [SPC] Task 7 子空间原型已更新 | 欺诈: 508, 正常: 2481

--- [CL Evaluation] Evaluating on all seen tasks (0 to 6) ---
*** CL Metrics @ Task 7 ***
  [Binary]  F1: 0.4848 | Precision: 0.3677 | Recall: 0.8548
  [Macro]   Macro-F1: 0.6780 | Macro-Recall: 0.8215
  [Ranking] AUC-ROC: 0.9045 | AUC-PR: 0.4948
  [Balance] G-Mean: 0.8090 | Specificity: 0.7882 | MCC: 0.4483

--- Training on Task 8 (Timesteps: 36 to 40) ---
[INFO] Task 8 class weight: 14.64 -> clipped: 10.00
   -> Focal Loss Alpha: 0.9091
[INFO] Snapshot nodes: 19831 (current task only)
   [EWC] Updating Fisher Matrix...
   [SPC] Task 8 子空间原型已更新 | 欺诈: 265, 正常: 3880

--- [CL Evaluation] Evaluating on all seen tasks (0 to 7) ---
*** CL Metrics @ Task 8 ***
  [Binary]  F1: 0.4594 | Precision: 0.3441 | Recall: 0.8306
  [Macro]   Macro-F1: 0.6608 | Macro-Recall: 0.8033
  [Ranking] AUC-ROC: 0.8871 | AUC-PR: 0.4578
  [Balance] G-Mean: 0.7923 | Specificity: 0.7760 | MCC: 0.4191

--- Training on Task 9 (Timesteps: 41 to 45) ---
[INFO] Task 9 class weight: 14.50 -> clipped: 10.00
   -> Focal Loss Alpha: 0.9091
[INFO] Snapshot nodes: 28118 (current task only)
   [EWC] Updating Fisher Matrix...
   [SPC] Task 9 子空间原型已更新 | 欺诈: 403, 正常: 5844

--- [CL Evaluation] Evaluating on all seen tasks (0 to 8) ---
*** CL Metrics @ Task 9 ***
  [Binary]  F1: 0.4103 | Precision: 0.3068 | Recall: 0.8049
  [Macro]   Macro-F1: 0.6350 | Macro-Recall: 0.7876
  [Ranking] AUC-ROC: 0.8581 | AUC-PR: 0.4078
  [Balance] G-Mean: 0.7775 | Specificity: 0.7703 | MCC: 0.3777

--- Training on Task 10 (Timesteps: 46 to 49) ---
[INFO] Task 10 class weight: 32.82 -> clipped: 10.00
   -> Focal Loss Alpha: 0.9091
[INFO] Snapshot nodes: 14048 (current task only)
   [EWC] Updating Fisher Matrix...
   [SPC] Task 10 子空间原型已更新 | 欺诈: 60, 正常: 1969

--- [CL Evaluation] Evaluating on all seen tasks (0 to 9) ---
*** CL Metrics @ Task 10 ***
  [Binary]  F1: 0.4157 | Precision: 0.3110 | Recall: 0.7941
  [Macro]   Macro-F1: 0.6390 | Macro-Recall: 0.7850
  [Ranking] AUC-ROC: 0.8593 | AUC-PR: 0.4049
  [Balance] G-Mean: 0.7756 | Specificity: 0.7759 | MCC: 0.3796
All tasks trained.
Total time: 33.55s
