/usr/local/miniconda3/envs/py312/lib/python3.12/site-packages/torch/optim/lr_scheduler.py:1343: UserWarning: Converting a tensor with requires_grad=True to a scalar may lead to unexpected behavior.
Consider using tensor.detach() first. (Triggered internally at /pytorch/torch/csrc/autograd/generated/python_variable_methods.cpp:836.)
  current = float(metrics)

--- Training on Task 1 (Timesteps: 1 to 5) ---
🔧 Task 1 动态权重: 93.15 -> 截断为: 20.00
   -> Focal Loss Alpha: 0.9524
📉 Snapshot 节点数: 31541 (仅当前任务)

--- [CL Evaluation] Evaluating on all seen tasks (0 to 0) ---
*** CL Metrics @ Task 1 ***
  [Accuracy]  Avg F1: 0.0349 | AUC-ROC: 0.9013 | G-Mean: 0.6314
  [Stability] Avg Forgetting (↓): 0.0000 | Avg BWT (↑): 0.0000
  > Matrix Row:  [0.0349]

--- Training on Task 2 (Timesteps: 6 to 10) ---
🔧 Task 2 动态权重: 9.69 -> 截断为: 9.69
   -> Focal Loss Alpha: 0.9064
📉 Snapshot 节点数: 26556 (仅当前任务)

--- [CL Evaluation] Evaluating on all seen tasks (0 to 1) ---
*** CL Metrics @ Task 2 ***
  [Accuracy]  Avg F1: 0.1679 | AUC-ROC: 0.8974 | G-Mean: 0.6389
  [Stability] Avg Forgetting (↓): 0.0017 | Avg BWT (↑): -0.0017
  > Matrix Row:  [0.0332 0.3027]

--- Training on Task 3 (Timesteps: 11 to 15) ---
🔧 Task 3 动态权重: 3.73 -> 截断为: 3.73
   -> Focal Loss Alpha: 0.7887
📉 Snapshot 节点数: 16532 (仅当前任务)

--- [CL Evaluation] Evaluating on all seen tasks (0 to 2) ---
*** CL Metrics @ Task 3 ***
  [Accuracy]  Avg F1: 0.2537 | AUC-ROC: 0.9133 | G-Mean: 0.6414
  [Stability] Avg Forgetting (↓): 0.0008 | Avg BWT (↑): -0.0008
  > Matrix Row:  [0.0332 0.3027 0.4252]

--- Training on Task 4 (Timesteps: 16 to 20) ---
🔧 Task 4 动态权重: 4.60 -> 截断为: 4.60
   -> Focal Loss Alpha: 0.8215
📉 Snapshot 节点数: 16133 (仅当前任务)

--- [CL Evaluation] Evaluating on all seen tasks (0 to 3) ---
*** CL Metrics @ Task 4 ***
  [Accuracy]  Avg F1: 0.3030 | AUC-ROC: 0.9094 | G-Mean: 0.6298
  [Stability] Avg Forgetting (↓): 0.0006 | Avg BWT (↑): -0.0006
  > Matrix Row:  [0.0332 0.3027 0.4252 0.4511]

--- Training on Task 5 (Timesteps: 21 to 25) ---
🔧 Task 5 动态权重: 8.42 -> 截断为: 8.42
   -> Focal Loss Alpha: 0.8939
📉 Snapshot 节点数: 20502 (仅当前任务)

--- [CL Evaluation] Evaluating on all seen tasks (0 to 4) ---
*** CL Metrics @ Task 5 ***
  [Accuracy]  Avg F1: 0.3139 | AUC-ROC: 0.9059 | G-Mean: 0.6534
  [Stability] Avg Forgetting (↓): 0.0004 | Avg BWT (↑): -0.0004
  > Matrix Row:  [0.0332 0.3027 0.4252 0.4511 0.3573]

--- Training on Task 6 (Timesteps: 26 to 30) ---
🔧 Task 6 动态权重: 3.38 -> 截断为: 3.38
   -> Focal Loss Alpha: 0.7716
📉 Snapshot 节点数: 12023 (仅当前任务)

--- [CL Evaluation] Evaluating on all seen tasks (0 to 5) ---
*** CL Metrics @ Task 6 ***
  [Accuracy]  Avg F1: 0.3462 | AUC-ROC: 0.8928 | G-Mean: 0.6540
  [Stability] Avg Forgetting (↓): 0.0005 | Avg BWT (↑): -0.0005
  > Matrix Row:  [0.0332 0.3027 0.4252 0.4511 0.3566 0.5083]

--- Training on Task 7 (Timesteps: 31 to 35) ---
🔧 Task 7 动态权重: 5.30 -> 截断为: 5.30
   -> Focal Loss Alpha: 0.8413
📉 Snapshot 节点数: 18485 (仅当前任务)

--- [CL Evaluation] Evaluating on all seen tasks (0 to 6) ---
*** CL Metrics @ Task 7 ***
  [Accuracy]  Avg F1: 0.3499 | AUC-ROC: 0.8836 | G-Mean: 0.6443
  [Stability] Avg Forgetting (↓): 0.0004 | Avg BWT (↑): -0.0004
  > Matrix Row:  [0.0332 0.3027 0.4252 0.4511 0.3566 0.5083 0.3726]

--- Training on Task 8 (Timesteps: 36 to 40) ---
🔧 Task 8 动态权重: 13.36 -> 截断为: 10.00
   -> Focal Loss Alpha: 0.9091
📉 Snapshot 节点数: 19831 (仅当前任务)

--- [CL Evaluation] Evaluating on all seen tasks (0 to 7) ---
*** CL Metrics @ Task 8 ***
  [Accuracy]  Avg F1: 0.3351 | AUC-ROC: 0.8851 | G-Mean: 0.6489
  [Stability] Avg Forgetting (↓): 0.0003 | Avg BWT (↑): -0.0003
  > Matrix Row:  [0.0332 0.3027 0.4252 0.4511 0.3566 0.5083 0.3726 0.2312]

--- Training on Task 9 (Timesteps: 41 to 45) ---
🔧 Task 9 动态权重: 17.19 -> 截断为: 10.00
   -> Focal Loss Alpha: 0.9091
📉 Snapshot 节点数: 28118 (仅当前任务)

--- [CL Evaluation] Evaluating on all seen tasks (0 to 8) ---
*** CL Metrics @ Task 9 ***
  [Accuracy]  Avg F1: 0.3114 | AUC-ROC: 0.8728 | G-Mean: 0.6280
  [Stability] Avg Forgetting (↓): 0.0003 | Avg BWT (↑): -0.0003
  > Matrix Row:  [0.0332 0.3027 0.4252 0.4511 0.3566 0.5083 0.3726 0.2312 0.1221]

--- Training on Task 10 (Timesteps: 46 to 49) ---
🔧 Task 10 动态权重: 21.89 -> 截断为: 10.00
   -> Focal Loss Alpha: 0.9091
📉 Snapshot 节点数: 14048 (仅当前任务)

--- [CL Evaluation] Evaluating on all seen tasks (0 to 9) ---
*** CL Metrics @ Task 10 ***
  [Accuracy]  Avg F1: 0.2974 | AUC-ROC: 0.8592 | G-Mean: 0.6259
  [Stability] Avg Forgetting (↓): 0.0003 | Avg BWT (↑): -0.0003
  > Matrix Row:  [0.0332 0.3027 0.4252 0.4511 0.3566 0.5083 0.3726 0.2312 0.1221 0.171 ]
All tasks trained.
Total time: 19.63s
