/usr/local/miniconda3/envs/py312/lib/python3.12/site-packages/torch/optim/lr_scheduler.py:1343: UserWarning: Converting a tensor with requires_grad=True to a scalar may lead to unexpected behavior.
Consider using tensor.detach() first. (Triggered internally at /pytorch/torch/csrc/autograd/generated/python_variable_methods.cpp:836.)
  current = float(metrics)

--- Training on Task 1 (Timesteps: 1 to 5) ---
[INFO] Task 1 class weight: 77.72 -> clipped: 20.00
   -> Focal Loss Alpha: 0.9524
[INFO] Snapshot nodes: 31541 (current task only)

--- [CL Evaluation] Evaluating on all seen tasks (0 to 0) ---
*** CL Metrics @ Task 1 [WARM-UP, 仅供参考] ***
  [Binary]  F1: 0.0000 | Precision: 0.0000 | Recall: 0.0000
  [Macro]   Macro-F1: 0.4989 | Macro-Recall: 0.5000
  [Ranking] AUC-ROC: 0.9326 | AUC-PR: 0.0453
  [Balance] G-Mean: 0.0000 | Specificity: 1.0000 | MCC: 0.0000

--- Training on Task 2 (Timesteps: 6 to 10) ---
[INFO] Task 2 class weight: 7.60 -> clipped: 7.60
   -> Focal Loss Alpha: 0.8838
[INFO] Snapshot nodes: 26556 (current task only)
   [EWC] Updating Fisher Matrix...
   [SPC] Task 2 子空间原型已更新 | 欺诈: 422, 正常: 3209

--- [CL Evaluation] Evaluating on all seen tasks (0 to 1) ---
*** CL Metrics @ Task 2 ***
  [Binary]  F1: 0.1281 | Precision: 0.0761 | Recall: 0.4583
  [Macro]   Macro-F1: 0.5440 | Macro-Recall: 0.6927
  [Ranking] AUC-ROC: 0.9043 | AUC-PR: 0.1046
  [Balance] G-Mean: 0.6332 | Specificity: 0.9271 | MCC: 0.1618

--- Training on Task 3 (Timesteps: 11 to 15) ---
[INFO] Task 3 class weight: 4.05 -> clipped: 4.05
   -> Focal Loss Alpha: 0.8019
[INFO] Snapshot nodes: 16532 (current task only)
   [EWC] Updating Fisher Matrix...
   [SPC] Task 3 子空间原型已更新 | 欺诈: 481, 正常: 1947

--- [CL Evaluation] Evaluating on all seen tasks (0 to 2) ---
*** CL Metrics @ Task 3 ***
  [Binary]  F1: 0.3167 | Precision: 0.2646 | Recall: 0.5573
  [Macro]   Macro-F1: 0.6271 | Macro-Recall: 0.7324
  [Ranking] AUC-ROC: 0.9026 | AUC-PR: 0.3022
  [Balance] G-Mean: 0.6921 | Specificity: 0.9075 | MCC: 0.3050

--- Training on Task 4 (Timesteps: 16 to 20) ---
[INFO] Task 4 class weight: 5.89 -> clipped: 5.89
   -> Focal Loss Alpha: 0.8549
[INFO] Snapshot nodes: 16133 (current task only)
   [EWC] Updating Fisher Matrix...
   [SPC] Task 4 子空间原型已更新 | 欺诈: 359, 正常: 2116

--- [CL Evaluation] Evaluating on all seen tasks (0 to 3) ---
*** CL Metrics @ Task 4 ***
  [Binary]  F1: 0.3757 | Precision: 0.3336 | Recall: 0.5593
  [Macro]   Macro-F1: 0.6409 | Macro-Recall: 0.7205
  [Ranking] AUC-ROC: 0.8800 | AUC-PR: 0.3595
  [Balance] G-Mean: 0.6877 | Specificity: 0.8818 | MCC: 0.3200

--- Training on Task 5 (Timesteps: 21 to 25) ---
[INFO] Task 5 class weight: 9.53 -> clipped: 9.53
   -> Focal Loss Alpha: 0.9050
[INFO] Snapshot nodes: 20502 (current task only)
   [EWC] Updating Fisher Matrix...
   [SPC] Task 5 子空间原型已更新 | 欺诈: 448, 正常: 4269

--- [CL Evaluation] Evaluating on all seen tasks (0 to 4) ---
*** CL Metrics @ Task 5 ***
  [Binary]  F1: 0.4364 | Precision: 0.4229 | Recall: 0.5678
  [Macro]   Macro-F1: 0.6739 | Macro-Recall: 0.7324
  [Ranking] AUC-ROC: 0.8937 | AUC-PR: 0.4379
  [Balance] G-Mean: 0.7020 | Specificity: 0.8970 | MCC: 0.3800

--- Training on Task 6 (Timesteps: 26 to 30) ---
[INFO] Task 6 class weight: 3.08 -> clipped: 3.08
   -> Focal Loss Alpha: 0.7552
[INFO] Snapshot nodes: 12023 (current task only)
   [EWC] Updating Fisher Matrix...
   [SPC] Task 6 子空间原型已更新 | 欺诈: 534, 正常: 1647

--- [CL Evaluation] Evaluating on all seen tasks (0 to 5) ---
*** CL Metrics @ Task 6 ***
  [Binary]  F1: 0.4321 | Precision: 0.4284 | Recall: 0.5354
  [Macro]   Macro-F1: 0.6708 | Macro-Recall: 0.7178
  [Ranking] AUC-ROC: 0.8897 | AUC-PR: 0.4358
  [Balance] G-Mean: 0.6825 | Specificity: 0.9001 | MCC: 0.3691

--- Training on Task 7 (Timesteps: 31 to 35) ---
[INFO] Task 7 class weight: 4.88 -> clipped: 4.88
   -> Focal Loss Alpha: 0.8300
[INFO] Snapshot nodes: 18485 (current task only)
   [EWC] Updating Fisher Matrix...
   [SPC] Task 7 子空间原型已更新 | 欺诈: 508, 正常: 2481

--- [CL Evaluation] Evaluating on all seen tasks (0 to 6) ---
*** CL Metrics @ Task 7 ***
  [Binary]  F1: 0.4239 | Precision: 0.4306 | Recall: 0.5052
  [Macro]   Macro-F1: 0.6672 | Macro-Recall: 0.7052
  [Ranking] AUC-ROC: 0.8852 | AUC-PR: 0.4323
  [Balance] G-Mean: 0.6637 | Specificity: 0.9053 | MCC: 0.3590

--- Training on Task 8 (Timesteps: 36 to 40) ---
[INFO] Task 8 class weight: 14.64 -> clipped: 10.00
   -> Focal Loss Alpha: 0.9091
[INFO] Snapshot nodes: 19831 (current task only)
   [EWC] Updating Fisher Matrix...
   [SPC] Task 8 子空间原型已更新 | 欺诈: 265, 正常: 3880

--- [CL Evaluation] Evaluating on all seen tasks (0 to 7) ---
*** CL Metrics @ Task 8 ***
  [Binary]  F1: 0.3873 | Precision: 0.4013 | Recall: 0.4543
  [Macro]   Macro-F1: 0.6504 | Macro-Recall: 0.6832
  [Ranking] AUC-ROC: 0.8699 | AUC-PR: 0.4040
  [Balance] G-Mean: 0.6191 | Specificity: 0.9120 | MCC: 0.3240

--- Training on Task 9 (Timesteps: 41 to 45) ---
[INFO] Task 9 class weight: 14.50 -> clipped: 10.00
   -> Focal Loss Alpha: 0.9091
[INFO] Snapshot nodes: 28118 (current task only)
   [EWC] Updating Fisher Matrix...
   [SPC] Task 9 子空间原型已更新 | 欺诈: 403, 正常: 5844

--- [CL Evaluation] Evaluating on all seen tasks (0 to 8) ---
*** CL Metrics @ Task 9 ***
  [Binary]  F1: 0.3442 | Precision: 0.3567 | Recall: 0.4039
  [Macro]   Macro-F1: 0.6318 | Macro-Recall: 0.6592
  [Ranking] AUC-ROC: 0.8389 | AUC-PR: 0.3598
  [Balance] G-Mean: 0.5503 | Specificity: 0.9146 | MCC: 0.2861

--- Training on Task 10 (Timesteps: 46 to 49) ---
[INFO] Task 10 class weight: 32.82 -> clipped: 10.00
   -> Focal Loss Alpha: 0.9091
[INFO] Snapshot nodes: 14048 (current task only)
   [EWC] Updating Fisher Matrix...
   [SPC] Task 10 子空间原型已更新 | 欺诈: 60, 正常: 1969

--- [CL Evaluation] Evaluating on all seen tasks (0 to 9) ---
*** CL Metrics @ Task 10 ***
  [Binary]  F1: 0.3098 | Precision: 0.3210 | Recall: 0.3635
  [Macro]   Macro-F1: 0.6150 | Macro-Recall: 0.6425
  [Ranking] AUC-ROC: 0.8401 | AUC-PR: 0.3544
  [Balance] G-Mean: 0.4953 | Specificity: 0.9215 | MCC: 0.2531
All tasks trained.
Total time: 24.62s
