nohup: ignoring input
/usr/local/miniconda3/envs/py312/lib/python3.12/site-packages/torch/optim/lr_scheduler.py:1343: UserWarning: Converting a tensor with requires_grad=True to a scalar may lead to unexpected behavior.
Consider using tensor.detach() first. (Triggered internally at /pytorch/torch/csrc/autograd/generated/python_variable_methods.cpp:836.)
  current = float(metrics)

--- Training on Task 1 (Timesteps: 1 to 5) ---
🔧 Task 1 动态权重: 77.72 -> 截断为: 20.00
   -> Focal Loss Alpha: 0.9524
📉 Snapshot 节点数: 31541 (仅当前任务)

--- [CL Evaluation] Evaluating on all seen tasks (0 to 0) ---
*** CL Metrics @ Task 1 [WARM-UP, 仅供参考] ***
  [Binary]  F1: 0.0280 | Precision: 0.0144 | Recall: 0.5000
  [Macro]   Macro-F1: 0.4740 | Macro-Recall: 0.6769
  [Ranking] AUC-ROC: 0.8285 | AUC-PR: 0.0572
  [Balance] G-Mean: 0.6534 | Specificity: 0.8538 | MCC: 0.0649

--- Training on Task 2 (Timesteps: 6 to 10) ---
🔧 Task 2 动态权重: 7.60 -> 截断为: 7.60
   -> Focal Loss Alpha: 0.8838
📉 Snapshot 节点数: 26556 (仅当前任务)
   [EWC] Updating Fisher Matrix...
   [SPC] Task 2 子空间原型已更新 | 欺诈: 422, 正常: 3209

--- [CL Evaluation] Evaluating on all seen tasks (0 to 1) ---
*** CL Metrics @ Task 2 ***
  [Binary]  F1: 0.0625 | Precision: 0.0328 | Recall: 0.6944
  [Macro]   Macro-F1: 0.4651 | Macro-Recall: 0.7331
  [Ranking] AUC-ROC: 0.8178 | AUC-PR: 0.0519
  [Balance] G-Mean: 0.7182 | Specificity: 0.7718 | MCC: 0.1160

--- Training on Task 3 (Timesteps: 11 to 15) ---
🔧 Task 3 动态权重: 4.05 -> 截断为: 4.05
   -> Focal Loss Alpha: 0.8019
📉 Snapshot 节点数: 16532 (仅当前任务)
   [EWC] Updating Fisher Matrix...
   [SPC] Task 3 子空间原型已更新 | 欺诈: 481, 正常: 1947

--- [CL Evaluation] Evaluating on all seen tasks (0 to 2) ---
*** CL Metrics @ Task 3 ***
  [Binary]  F1: 0.2490 | Precision: 0.1738 | Recall: 0.7895
  [Macro]   Macro-F1: 0.5427 | Macro-Recall: 0.7578
  [Ranking] AUC-ROC: 0.8229 | AUC-PR: 0.1862
  [Balance] G-Mean: 0.7417 | Specificity: 0.7261 | MCC: 0.2518

--- Training on Task 4 (Timesteps: 16 to 20) ---
🔧 Task 4 动态权重: 5.89 -> 截断为: 5.89
   -> Focal Loss Alpha: 0.8549
📉 Snapshot 节点数: 16133 (仅当前任务)
   [EWC] Updating Fisher Matrix...
   [SPC] Task 4 子空间原型已更新 | 欺诈: 359, 正常: 2116

--- [CL Evaluation] Evaluating on all seen tasks (0 to 3) ---
*** CL Metrics @ Task 4 ***
  [Binary]  F1: 0.3388 | Precision: 0.2465 | Recall: 0.8123
  [Macro]   Macro-F1: 0.5728 | Macro-Recall: 0.7519
  [Ranking] AUC-ROC: 0.8104 | AUC-PR: 0.2540
  [Balance] G-Mean: 0.7361 | Specificity: 0.6915 | MCC: 0.2954

--- Training on Task 5 (Timesteps: 21 to 25) ---
🔧 Task 5 动态权重: 9.53 -> 截断为: 9.53
   -> Focal Loss Alpha: 0.9050
📉 Snapshot 节点数: 20502 (仅当前任务)
   [EWC] Updating Fisher Matrix...
   [SPC] Task 5 子空间原型已更新 | 欺诈: 448, 正常: 4269

--- [CL Evaluation] Evaluating on all seen tasks (0 to 4) ---
*** CL Metrics @ Task 5 ***
  [Binary]  F1: 0.3982 | Precision: 0.2911 | Recall: 0.8465
  [Macro]   Macro-F1: 0.6057 | Macro-Recall: 0.7723
  [Ranking] AUC-ROC: 0.8309 | AUC-PR: 0.3190
  [Balance] G-Mean: 0.7577 | Specificity: 0.6981 | MCC: 0.3509

--- Training on Task 6 (Timesteps: 26 to 30) ---
🔧 Task 6 动态权重: 3.08 -> 截断为: 3.08
   -> Focal Loss Alpha: 0.7552
📉 Snapshot 节点数: 12023 (仅当前任务)
   [EWC] Updating Fisher Matrix...
   [SPC] Task 6 子空间原型已更新 | 欺诈: 534, 正常: 1647

--- [CL Evaluation] Evaluating on all seen tasks (0 to 5) ---
*** CL Metrics @ Task 6 ***
  [Binary]  F1: 0.4167 | Precision: 0.3000 | Recall: 0.8680
  [Macro]   Macro-F1: 0.6127 | Macro-Recall: 0.7791
  [Ranking] AUC-ROC: 0.8303 | AUC-PR: 0.3198
  [Balance] G-Mean: 0.7642 | Specificity: 0.6902 | MCC: 0.3691

--- Training on Task 7 (Timesteps: 31 to 35) ---
🔧 Task 7 动态权重: 4.88 -> 截断为: 4.88
   -> Focal Loss Alpha: 0.8300
📉 Snapshot 节点数: 18485 (仅当前任务)
   [EWC] Updating Fisher Matrix...
   [SPC] Task 7 子空间原型已更新 | 欺诈: 508, 正常: 2481

--- [CL Evaluation] Evaluating on all seen tasks (0 to 6) ---
*** CL Metrics @ Task 7 ***
  [Binary]  F1: 0.4076 | Precision: 0.2879 | Recall: 0.8845
  [Macro]   Macro-F1: 0.5936 | Macro-Recall: 0.7692
  [Ranking] AUC-ROC: 0.8245 | AUC-PR: 0.3100
  [Balance] G-Mean: 0.7486 | Specificity: 0.6539 | MCC: 0.3587

--- Training on Task 8 (Timesteps: 36 to 40) ---
🔧 Task 8 动态权重: 14.64 -> 截断为: 10.00
   -> Focal Loss Alpha: 0.9091
📉 Snapshot 节点数: 19831 (仅当前任务)
   [EWC] Updating Fisher Matrix...
   [SPC] Task 8 子空间原型已更新 | 欺诈: 265, 正常: 3880

--- [CL Evaluation] Evaluating on all seen tasks (0 to 7) ---
*** CL Metrics @ Task 8 ***
  [Binary]  F1: 0.3829 | Precision: 0.2667 | Recall: 0.8889
  [Macro]   Macro-F1: 0.5616 | Macro-Recall: 0.7496
  [Ranking] AUC-ROC: 0.7982 | AUC-PR: 0.2847
  [Balance] G-Mean: 0.7212 | Specificity: 0.6102 | MCC: 0.3319

--- Training on Task 9 (Timesteps: 41 to 45) ---
🔧 Task 9 动态权重: 14.50 -> 截断为: 10.00
   -> Focal Loss Alpha: 0.9091
📉 Snapshot 节点数: 28118 (仅当前任务)
   [EWC] Updating Fisher Matrix...
   [SPC] Task 9 子空间原型已更新 | 欺诈: 403, 正常: 5844

--- [CL Evaluation] Evaluating on all seen tasks (0 to 8) ---
*** CL Metrics @ Task 9 ***
  [Binary]  F1: 0.3415 | Precision: 0.2377 | Recall: 0.8790
  [Macro]   Macro-F1: 0.5294 | Macro-Recall: 0.7309
  [Ranking] AUC-ROC: 0.7826 | AUC-PR: 0.2545
  [Balance] G-Mean: 0.7010 | Specificity: 0.5828 | MCC: 0.2974

--- Training on Task 10 (Timesteps: 46 to 49) ---
🔧 Task 10 动态权重: 32.82 -> 截断为: 10.00
   -> Focal Loss Alpha: 0.9091
📉 Snapshot 节点数: 14048 (仅当前任务)
   [EWC] Updating Fisher Matrix...
   [SPC] Task 10 子空间原型已更新 | 欺诈: 60, 正常: 1969

--- [CL Evaluation] Evaluating on all seen tasks (0 to 9) ---
*** CL Metrics @ Task 10 ***
  [Binary]  F1: 0.3421 | Precision: 0.2350 | Recall: 0.8894
  [Macro]   Macro-F1: 0.5274 | Macro-Recall: 0.7324
  [Ranking] AUC-ROC: 0.7956 | AUC-PR: 0.2857
  [Balance] G-Mean: 0.7015 | Specificity: 0.5754 | MCC: 0.2995
All tasks trained.
Total time: 75.91s
